2026-03-04T17:55:36.759Z - 
============================================================
2026-03-04T17:55:36.764Z - 🔄 MODE UPDATE - 04/03/2026 18:55:36
2026-03-04T17:55:36.764Z - ============================================================
2026-03-04T17:55:36.894Z - 
🔄 AD: Traitement...
2026-03-04T17:55:36.939Z -   ✓ Excel chargé: 0 places
2026-03-04T17:55:36.940Z -   ✓ Master JSON: 0 places
2026-03-04T17:55:36.941Z - 
🔄 AE: Traitement...
2026-03-04T17:55:36.957Z -   ✓ Excel chargé: 8 places
2026-03-04T17:55:36.964Z -   ✓ Master JSON: 8 places
2026-03-04T17:55:37.011Z -   ✓ Excel sauvegardé: 8 places
2026-03-04T17:55:37.012Z - 
🔄 AF: Traitement...
2026-03-04T17:55:37.027Z -   ✓ Excel chargé: 0 places
2026-03-04T17:55:37.028Z -   ✓ Master JSON: 0 places
2026-03-04T17:55:37.029Z - 
🔄 AG: Traitement...
2026-03-04T17:55:37.038Z -   ✓ Excel chargé: 0 places
2026-03-04T17:55:37.039Z -   ✓ Master JSON: 0 places
2026-03-04T17:55:37.040Z - 
🔄 AI: Traitement...
2026-03-04T17:55:37.040Z -   ✓ Excel chargé: 0 places
2026-03-04T17:55:37.041Z -   ✓ Master JSON: 0 places
2026-03-04T17:55:37.042Z - 
🔄 AL: Traitement...
2026-03-04T17:55:37.052Z -   ✓ Excel chargé: 11 places
2026-03-04T17:55:37.055Z -   ✓ Master JSON: 12 places
2026-03-04T17:55:37.055Z -   ✓ 1 nouvelles places ajoutées
2026-03-04T17:55:39.498Z -   ✓ Excel sauvegardé: 12 places
2026-03-04T17:55:39.499Z - 
🔄 AM: Traitement...
2026-03-04T17:55:39.519Z -   ✓ Excel chargé: 8 places
2026-03-04T17:55:39.525Z -   ✓ Master JSON: 8 places
2026-03-04T17:55:39.550Z -   ✓ Excel sauvegardé: 8 places
2026-03-04T17:55:39.551Z - 
🔄 AO: Traitement...
2026-03-04T17:55:39.565Z -   ✓ Excel chargé: 0 places
2026-03-04T17:55:39.567Z -   ✓ Master JSON: 0 places
2026-03-04T17:55:39.569Z - 
🔄 AR: Traitement...
2026-03-04T17:55:39.601Z -   ✓ Excel chargé: 43 places
2026-03-04T17:55:39.609Z -   ✓ Master JSON: 23 places
2026-03-04T17:55:39.610Z -   ✓ 3 nouvelles places ajoutées
2026-03-04T17:55:55.925Z -   ✓ Excel sauvegardé: 46 places
2026-03-04T17:55:55.926Z - 
🔄 AS: Traitement...
2026-03-04T17:55:55.929Z -   ✓ Excel chargé: 0 places
2026-03-04T17:55:55.930Z -   ✓ Master JSON: 0 places
2026-03-04T17:55:55.931Z - 
🔄 AT: Traitement...
2026-03-04T17:55:55.968Z -   ✓ Excel chargé: 44 places
2026-03-04T17:55:55.973Z -   ✓ Master JSON: 43 places
2026-03-04T17:55:55.973Z -   ✓ 1 nouvelles places ajoutées
2026-03-04T17:56:03.408Z -   ✓ Excel sauvegardé: 45 places
2026-03-04T17:56:03.409Z - 
🔄 AU: Traitement...
2026-03-04T17:56:03.457Z -   ✓ Excel chargé: 70 places
2026-03-04T17:56:03.463Z -   ✓ Master JSON: 42 places
2026-03-04T17:56:03.463Z -   ✓ 4 nouvelles places ajoutées
2026-03-04T17:56:45.145Z -   ✓ Excel sauvegardé: 74 places
2026-03-04T17:56:45.146Z - 
🔄 AW: Traitement...
2026-03-04T17:56:45.159Z -   ✓ Excel chargé: 0 places
2026-03-04T17:56:45.160Z -   ✓ Master JSON: 0 places
2026-03-04T17:56:45.161Z - 
🔄 AZ: Traitement...
2026-03-04T17:56:45.170Z -   ✓ Excel chargé: 0 places
2026-03-04T17:56:45.171Z -   ✓ Master JSON: 0 places
2026-03-04T17:56:45.172Z - 
🔄 BA: Traitement...
2026-03-04T17:56:45.180Z -   ✓ Excel chargé: 15 places
2026-03-04T17:56:45.183Z -   ✓ Master JSON: 15 places
2026-03-04T17:56:45.195Z -   ✓ Excel sauvegardé: 15 places
2026-03-04T17:56:45.196Z - 
🔄 BB: Traitement...
2026-03-04T17:56:45.202Z -   ✓ Excel chargé: 6 places
2026-03-04T17:56:45.204Z -   ✓ Master JSON: 6 places
2026-03-04T17:56:45.211Z -   ✓ Excel sauvegardé: 6 places
2026-03-04T17:56:45.212Z - 
🔄 BD: Traitement...
2026-03-04T17:56:45.219Z -   ✓ Excel chargé: 13 places
2026-03-04T17:56:45.221Z -   ✓ Master JSON: 11 places
2026-03-04T17:56:45.232Z -   ✓ Excel sauvegardé: 13 places
2026-03-04T17:56:45.233Z - 
🔄 BE: Traitement...
2026-03-04T17:56:45.241Z -   ✓ Excel chargé: 14 places
2026-03-04T17:56:45.248Z -   ✓ Master JSON: 14 places
2026-03-04T17:56:45.260Z -   ✓ Excel sauvegardé: 14 places
2026-03-04T17:56:45.261Z - 
🔄 BF: Traitement...
2026-03-04T17:56:45.266Z -   ✓ Excel chargé: 0 places
2026-03-04T17:56:45.267Z -   ✓ Master JSON: 0 places
2026-03-04T17:56:45.268Z - 
🔄 BG: Traitement...
2026-03-04T17:56:45.278Z -   ✓ Excel chargé: 23 places
2026-03-04T17:56:45.286Z -   ✓ Master JSON: 22 places
2026-03-04T17:56:45.298Z -   ✓ Excel sauvegardé: 23 places
2026-03-04T17:56:45.298Z - 
🔄 BH: Traitement...
2026-03-04T17:56:45.306Z -   ✓ Excel chargé: 0 places
2026-03-04T17:56:45.306Z -   ✓ Master JSON: 0 places
2026-03-04T17:56:45.307Z - 
🔄 BI: Traitement...
2026-03-04T17:56:45.312Z -   ✓ Excel chargé: 0 places
2026-03-04T17:56:45.312Z -   ✓ Master JSON: 0 places
2026-03-04T17:56:45.313Z - 
🔄 BJ: Traitement...
2026-03-04T17:56:45.318Z -   ✓ Excel chargé: 0 places
2026-03-04T17:56:45.318Z -   ✓ Master JSON: 0 places
2026-03-04T17:56:45.319Z - 
🔄 BL: Traitement...
2026-03-04T17:56:45.325Z -   ✓ Excel chargé: 8 places
2026-03-04T17:56:45.328Z -   ✓ Master JSON: 8 places
2026-03-04T17:56:45.335Z -   ✓ Excel sauvegardé: 8 places
2026-03-04T17:56:45.336Z - 
🔄 BM: Traitement...
2026-03-04T17:56:45.341Z -   ✓ Excel chargé: 0 places
2026-03-04T17:56:45.341Z -   ✓ Master JSON: 0 places
2026-03-04T17:56:45.342Z - 
🔄 BN: Traitement...
2026-03-04T17:56:45.347Z -   ✓ Excel chargé: 0 places
2026-03-04T17:56:45.347Z -   ✓ Master JSON: 0 places
2026-03-04T17:56:45.348Z - 
🔄 BO: Traitement...
2026-03-04T17:56:45.359Z -   ✓ Excel chargé: 17 places
2026-03-04T17:56:45.370Z -   ✓ Master JSON: 17 places
2026-03-04T17:56:45.380Z -   ✓ Excel sauvegardé: 17 places
2026-03-04T17:56:45.380Z - 
🔄 BQ: Traitement...
2026-03-04T17:56:45.381Z -   ✓ Excel chargé: 0 places
2026-03-04T17:56:45.381Z -   ✓ Master JSON: 0 places
2026-03-04T17:56:45.381Z - 
🔄 BR: Traitement...
2026-03-04T17:56:45.392Z -   ✓ Excel chargé: 46 places
2026-03-04T17:56:45.400Z -   ✓ Master JSON: 46 places
2026-03-04T17:56:45.419Z -   ✓ Excel sauvegardé: 46 places
2026-03-04T17:56:45.420Z - 
🔄 BS: Traitement...
2026-03-04T17:56:45.426Z -   ✓ Excel chargé: 9 places
2026-03-04T17:56:45.432Z -   ✓ Master JSON: 9 places
2026-03-04T17:56:45.441Z -   ✓ Excel sauvegardé: 9 places
2026-03-04T17:56:45.442Z - 
🔄 BT: Traitement...
2026-03-04T17:56:45.446Z -   ✓ Excel chargé: 0 places
2026-03-04T17:56:45.447Z -   ✓ Master JSON: 0 places
2026-03-04T17:56:45.447Z - 
🔄 BW: Traitement...
2026-03-04T17:56:45.453Z -   ✓ Excel chargé: 16 places
2026-03-04T17:56:45.460Z -   ✓ Master JSON: 15 places
2026-03-04T17:56:45.469Z -   ✓ Excel sauvegardé: 16 places
2026-03-04T17:56:45.470Z - 
🔄 BY: Traitement...
2026-03-04T17:56:45.475Z -   ✓ Excel chargé: 0 places
2026-03-04T17:56:45.475Z -   ✓ Master JSON: 0 places
2026-03-04T17:56:45.476Z - 
🔄 BZ: Traitement...
2026-03-04T17:56:45.481Z -   ✓ Excel chargé: 5 places
2026-03-04T17:56:45.487Z -   ✓ Master JSON: 5 places
2026-03-04T17:56:45.494Z -   ✓ Excel sauvegardé: 5 places
2026-03-04T17:56:45.495Z - 
🔄 CA: Traitement...
2026-03-04T17:56:45.502Z -   ✓ Excel chargé: 27 places
2026-03-04T17:56:45.509Z -   ✓ Master JSON: 27 places
2026-03-04T17:56:45.522Z -   ✓ Excel sauvegardé: 27 places
2026-03-04T17:56:45.522Z - 
🔄 CD: Traitement...
2026-03-04T17:56:45.527Z -   ✓ Excel chargé: 0 places
2026-03-04T17:56:45.528Z -   ✓ Master JSON: 0 places
2026-03-04T17:56:45.528Z - 
🔄 CF: Traitement...
2026-03-04T17:56:45.533Z -   ✓ Excel chargé: 0 places
2026-03-04T17:56:45.533Z -   ✓ Master JSON: 0 places
2026-03-04T17:56:45.534Z - 
🔄 CG: Traitement...
2026-03-04T17:56:45.540Z -   ✓ Excel chargé: 0 places
2026-03-04T17:56:45.540Z -   ✓ Master JSON: 0 places
2026-03-04T17:56:45.541Z - 
🔄 CH: Traitement...
2026-03-04T17:56:45.551Z -   ✓ Excel chargé: 56 places
2026-03-04T17:56:45.563Z -   ✓ Master JSON: 56 places
2026-03-04T17:56:45.582Z -   ✓ Excel sauvegardé: 56 places
2026-03-04T17:56:45.582Z - 
🔄 CI: Traitement...
2026-03-04T17:56:45.588Z -   ✓ Excel chargé: 0 places
2026-03-04T17:56:45.588Z -   ✓ Master JSON: 0 places
2026-03-04T17:56:45.589Z - 
🔄 CITIES: Traitement...
2026-03-04T17:56:45.594Z -   ✓ Excel chargé: 0 places
2026-03-04T17:56:45.595Z -   ✓ Master JSON: 0 places
2026-03-04T17:56:45.595Z - 
🔄 CK: Traitement...
2026-03-04T17:56:45.596Z -   ✓ Excel chargé: 0 places
2026-03-04T17:56:45.596Z -   ✓ Master JSON: 0 places
2026-03-04T17:56:45.597Z - 
🔄 CL: Traitement...
2026-03-04T17:56:45.602Z -   ✓ Excel chargé: 8 places
2026-03-04T17:56:45.609Z -   ✓ Master JSON: 8 places
2026-03-04T17:56:45.617Z -   ✓ Excel sauvegardé: 8 places
2026-03-04T17:56:45.618Z - 
🔄 CM: Traitement...
2026-03-04T17:56:45.625Z -   ✓ Excel chargé: 0 places
2026-03-04T17:56:45.626Z -   ✓ Master JSON: 0 places
2026-03-04T17:56:45.626Z - 
🔄 CN: Traitement...
2026-03-04T17:56:45.635Z -   ✓ Excel chargé: 34 places
2026-03-04T17:56:45.649Z -   ✓ Master JSON: 33 places
2026-03-04T17:56:45.649Z -   ✓ 1 nouvelles places ajoutées
2026-03-04T17:56:52.175Z -   ✓ Excel sauvegardé: 35 places
2026-03-04T17:56:52.177Z - 
🔄 CO: Traitement...
2026-03-04T17:56:52.198Z -   ✓ Excel chargé: 12 places
2026-03-04T17:56:52.216Z -   ✓ Master JSON: 12 places
2026-03-04T17:56:52.226Z -   ✓ Excel sauvegardé: 12 places
2026-03-04T17:56:52.226Z - 
🔄 CR: Traitement...
2026-03-04T17:56:52.233Z -   ✓ Excel chargé: 4 places
2026-03-04T17:56:52.238Z -   ✓ Master JSON: 4 places
2026-03-04T17:56:52.245Z -   ✓ Excel sauvegardé: 4 places
2026-03-04T17:56:52.246Z - 
🔄 CU: Traitement...
2026-03-04T17:56:52.253Z -   ✓ Excel chargé: 12 places
2026-03-04T17:56:52.267Z -   ✓ Master JSON: 12 places
2026-03-04T17:56:52.276Z -   ✓ Excel sauvegardé: 12 places
2026-03-04T17:56:52.276Z - 
🔄 CV: Traitement...
2026-03-04T17:56:52.282Z -   ✓ Excel chargé: 0 places
2026-03-04T17:56:52.282Z -   ✓ Master JSON: 0 places
2026-03-04T17:56:52.283Z - 
🔄 CY: Traitement...
2026-03-04T17:56:52.287Z -   ✓ Excel chargé: 0 places
2026-03-04T17:56:52.288Z -   ✓ Master JSON: 0 places
2026-03-04T17:56:52.288Z - 
🔄 CZ: Traitement...
2026-03-04T17:56:52.295Z -   ✓ Excel chargé: 19 places
2026-03-04T17:56:52.306Z -   ✓ Master JSON: 19 places
2026-03-04T17:56:52.322Z -   ✓ Excel sauvegardé: 19 places
2026-03-04T17:56:52.323Z - 
🔄 DE: Traitement...
2026-03-04T17:56:52.343Z -   ✓ Excel chargé: 112 places
2026-03-04T17:56:52.361Z -   ✓ Master JSON: 111 places
2026-03-04T17:56:52.397Z -   ✓ Excel sauvegardé: 112 places
2026-03-04T17:56:52.397Z - 
🔄 DJ: Traitement...
2026-03-04T17:56:52.398Z -   ✓ Excel chargé: 0 places
2026-03-04T17:56:52.398Z -   ✓ Master JSON: 0 places
2026-03-04T17:56:52.398Z - 
🔄 DK: Traitement...
2026-03-04T17:56:52.404Z -   ✓ Excel chargé: 14 places
2026-03-04T17:56:52.412Z -   ✓ Master JSON: 14 places
2026-03-04T17:56:52.421Z -   ✓ Excel sauvegardé: 14 places
2026-03-04T17:56:52.422Z - 
🔄 DM: Traitement...
2026-03-04T17:56:52.422Z -   ✓ Excel chargé: 0 places
2026-03-04T17:56:52.423Z -   ✓ Master JSON: 0 places
2026-03-04T17:56:52.423Z - 
🔄 DO: Traitement...
2026-03-04T17:56:52.429Z -   ✓ Excel chargé: 15 places
2026-03-04T17:56:52.436Z -   ✓ Master JSON: 15 places
2026-03-04T17:56:52.445Z -   ✓ Excel sauvegardé: 15 places
2026-03-04T17:56:52.446Z - 
🔄 DZ: Traitement...
2026-03-04T17:56:52.446Z -   ✓ Excel chargé: 0 places
2026-03-04T17:56:52.447Z -   ✓ Master JSON: 0 places
2026-03-04T17:56:52.448Z - 
🔄 EA: Traitement...
2026-03-04T17:56:52.459Z -   ✓ Excel chargé: 23 places
2026-03-04T17:56:52.469Z -   ✓ Master JSON: 23 places
2026-03-04T17:56:52.481Z -   ✓ Excel sauvegardé: 23 places
2026-03-04T17:56:52.481Z - 
🔄 EC: Traitement...
2026-03-04T17:56:52.487Z -   ✓ Excel chargé: 13 places
2026-03-04T17:56:52.495Z -   ✓ Master JSON: 13 places
2026-03-04T17:56:52.503Z -   ✓ Excel sauvegardé: 13 places
2026-03-04T17:56:52.503Z - 
🔄 EE: Traitement...
2026-03-04T17:56:52.504Z -   ✓ Excel chargé: 0 places
2026-03-04T17:56:52.504Z -   ✓ Master JSON: 0 places
2026-03-04T17:56:52.505Z - 
🔄 EG: Traitement...
2026-03-04T17:56:52.512Z -   ✓ Excel chargé: 17 places
2026-03-04T17:56:52.521Z -   ✓ Master JSON: 17 places
2026-03-04T17:56:52.537Z -   ✓ Excel sauvegardé: 17 places
2026-03-04T17:56:52.538Z - 
🔄 ER: Traitement...
2026-03-04T17:56:52.538Z -   ✓ Excel chargé: 0 places
2026-03-04T17:56:52.538Z -   ✓ Master JSON: 0 places
2026-03-04T17:56:52.539Z - 
🔄 ES: Traitement...
2026-03-04T17:56:52.562Z -   ✓ Excel chargé: 202 places
2026-03-04T17:56:52.586Z -   ✓ Master JSON: 182 places
2026-03-04T17:56:52.651Z -   ✓ Excel sauvegardé: 202 places
2026-03-04T17:56:52.652Z - 
🔄 ET: Traitement...
2026-03-04T17:56:52.652Z -   ✓ Excel chargé: 0 places
2026-03-04T17:56:52.653Z -   ✓ Master JSON: 0 places
2026-03-04T17:56:52.653Z - 
🔄 FI: Traitement...
2026-03-04T17:56:52.662Z -   ✓ Excel chargé: 9 places
2026-03-04T17:56:52.668Z -   ✓ Master JSON: 9 places
2026-03-04T17:56:52.679Z -   ✓ Excel sauvegardé: 9 places
2026-03-04T17:56:52.679Z - 
🔄 FJ: Traitement...
2026-03-04T17:56:52.680Z -   ✓ Excel chargé: 0 places
2026-03-04T17:56:52.680Z -   ✓ Master JSON: 0 places
2026-03-04T17:56:52.681Z - 
🔄 FM: Traitement...
2026-03-04T17:56:52.682Z -   ✓ Excel chargé: 0 places
2026-03-04T17:56:52.682Z -   ✓ Master JSON: 0 places
2026-03-04T17:56:52.682Z - 
🔄 FR: Traitement...
2026-03-04T17:56:52.778Z -   ✓ Excel chargé: 1265 places
2026-03-04T17:56:52.936Z -   ✓ Master JSON: 1182 places
2026-03-04T17:56:53.267Z -   ✓ Excel sauvegardé: 1265 places
2026-03-04T17:56:53.268Z - 
🔄 GA: Traitement...
2026-03-04T17:56:53.269Z -   ✓ Excel chargé: 0 places
2026-03-04T17:56:53.269Z -   ✓ Master JSON: 0 places
2026-03-04T17:56:53.270Z - 
🔄 GB: Traitement...
2026-03-04T17:56:53.290Z -   ✓ Excel chargé: 175 places
2026-03-04T17:56:53.321Z -   ✓ Master JSON: 171 places
2026-03-04T17:56:53.384Z -   ✓ Excel sauvegardé: 175 places
2026-03-04T17:56:53.385Z - 
🔄 GD: Traitement...
2026-03-04T17:56:53.386Z -   ✓ Excel chargé: 0 places
2026-03-04T17:56:53.386Z -   ✓ Master JSON: 0 places
2026-03-04T17:56:53.387Z - 
🔄 GE: Traitement...
2026-03-04T17:56:53.395Z -   ✓ Excel chargé: 19 places
2026-03-04T17:56:53.401Z -   ✓ Master JSON: 19 places
2026-03-04T17:56:53.414Z -   ✓ Excel sauvegardé: 19 places
2026-03-04T17:56:53.414Z - 
🔄 GF: Traitement...
2026-03-04T17:56:53.420Z -   ✓ Excel chargé: 5 places
2026-03-04T17:56:53.433Z -   ✓ Master JSON: 5 places
2026-03-04T17:57:11.576Z -   ✓ Excel sauvegardé: 5 places
2026-03-04T17:57:11.578Z - 
🔄 GH: Traitement...
2026-03-04T17:57:11.580Z -   ✓ Excel chargé: 0 places
2026-03-04T17:57:11.581Z -   ✓ Master JSON: 0 places
2026-03-04T17:57:11.583Z - 
🔄 GM: Traitement...
2026-03-04T17:57:11.585Z -   ✓ Excel chargé: 0 places
2026-03-04T17:57:11.587Z -   ✓ Master JSON: 0 places
2026-03-04T17:57:11.589Z - 
🔄 GN: Traitement...
2026-03-04T17:57:11.591Z -   ✓ Excel chargé: 0 places
2026-03-04T17:57:11.593Z -   ✓ Master JSON: 0 places
2026-03-04T17:57:11.595Z - 
🔄 GP: Traitement...
2026-03-04T17:57:11.631Z -   ✓ Excel chargé: 8 places
2026-03-04T17:57:11.646Z -   ✓ Master JSON: 8 places
2026-03-04T17:57:11.668Z -   ✓ Excel sauvegardé: 8 places
2026-03-04T17:57:11.670Z - 
🔄 GQ: Traitement...
2026-03-04T17:57:11.671Z -   ✓ Excel chargé: 0 places
2026-03-04T17:57:11.673Z -   ✓ Master JSON: 0 places
2026-03-04T17:57:11.674Z - 
🔄 GR: Traitement...
2026-03-04T17:57:11.739Z -   ✓ Excel chargé: 106 places
2026-03-04T17:57:11.772Z -   ✓ Master JSON: 105 places
2026-03-04T17:57:11.833Z -   ✓ Excel sauvegardé: 106 places
2026-03-04T17:57:11.834Z - 
🔄 GT: Traitement...
2026-03-04T17:57:11.844Z -   ✓ Excel chargé: 6 places
2026-03-04T17:57:11.855Z -   ✓ Master JSON: 6 places
2026-03-04T17:57:11.865Z -   ✓ Excel sauvegardé: 6 places
2026-03-04T17:57:11.866Z - 
🔄 GW: Traitement...
2026-03-04T17:57:11.866Z -   ✓ Excel chargé: 0 places
2026-03-04T17:57:11.866Z -   ✓ Master JSON: 0 places
2026-03-04T17:57:11.867Z - 
🔄 GY: Traitement...
2026-03-04T17:57:11.867Z -   ✓ Excel chargé: 0 places
2026-03-04T17:57:11.868Z -   ✓ Master JSON: 0 places
2026-03-04T17:57:11.868Z - 
🔄 HN: Traitement...
2026-03-04T17:57:11.869Z -   ✓ Excel chargé: 0 places
2026-03-04T17:57:11.869Z -   ✓ Master JSON: 0 places
2026-03-04T17:57:11.869Z - 
🔄 HR: Traitement...
2026-03-04T17:57:11.886Z -   ✓ Excel chargé: 88 places
2026-03-04T17:57:11.914Z -   ✓ Master JSON: 71 places
2026-03-04T17:57:11.950Z -   ✓ Excel sauvegardé: 88 places
2026-03-04T17:57:11.951Z - 
🔄 HT: Traitement...
2026-03-04T17:57:11.951Z -   ✓ Excel chargé: 0 places
2026-03-04T17:57:11.952Z -   ✓ Master JSON: 0 places
2026-03-04T17:57:11.953Z - 
🔄 HU: Traitement...
2026-03-04T17:57:11.965Z -   ✓ Excel chargé: 34 places
2026-03-04T17:57:11.982Z -   ✓ Master JSON: 34 places
2026-03-04T17:57:11.996Z -   ✓ Excel sauvegardé: 34 places
2026-03-04T17:57:11.997Z - 
🔄 ID: Traitement...
2026-03-04T17:57:12.008Z -   ✓ Excel chargé: 72 places
2026-03-04T17:57:12.020Z -   ✓ Master JSON: 72 places
2026-03-04T17:57:12.054Z -   ✓ Excel sauvegardé: 72 places
2026-03-04T17:57:12.054Z - 
🔄 IE: Traitement...
2026-03-04T17:57:12.062Z -   ✓ Excel chargé: 31 places
2026-03-04T17:57:12.072Z -   ✓ Master JSON: 31 places
2026-03-04T17:57:12.085Z -   ✓ Excel sauvegardé: 31 places
2026-03-04T17:57:12.086Z - 
🔄 IL: Traitement...
2026-03-04T17:57:12.092Z -   ✓ Excel chargé: 12 places
2026-03-04T17:57:12.099Z -   ✓ Master JSON: 12 places
2026-03-04T17:57:12.107Z -   ✓ Excel sauvegardé: 12 places
2026-03-04T17:57:12.108Z - 
🔄 IN: Traitement...
2026-03-04T17:57:12.117Z -   ✓ Excel chargé: 56 places
2026-03-04T17:57:12.130Z -   ✓ Master JSON: 56 places
2026-03-04T17:57:12.155Z -   ✓ Excel sauvegardé: 56 places
2026-03-04T17:57:12.156Z - 
🔄 IQ: Traitement...
2026-03-04T17:57:12.156Z -   ✓ Excel chargé: 0 places
2026-03-04T17:57:12.157Z -   ✓ Master JSON: 0 places
2026-03-04T17:57:12.158Z - 
🔄 IR: Traitement...
2026-03-04T17:57:12.159Z -   ✓ Excel chargé: 0 places
2026-03-04T17:57:12.160Z -   ✓ Master JSON: 0 places
2026-03-04T17:57:12.160Z - 
🔄 IS: Traitement...
2026-03-04T17:57:12.169Z -   ✓ Excel chargé: 11 places
2026-03-04T17:57:12.178Z -   ✓ Master JSON: 11 places
2026-03-04T17:57:12.187Z -   ✓ Excel sauvegardé: 11 places
2026-03-04T17:57:12.189Z - 
🔄 IT: Traitement...
2026-03-04T17:57:12.236Z -   ✓ Excel chargé: 503 places
2026-03-04T17:57:12.302Z -   ✓ Master JSON: 447 places
2026-03-04T17:57:12.440Z -   ✓ Excel sauvegardé: 503 places
2026-03-04T17:57:12.441Z - 
🔄 JM: Traitement...
2026-03-04T17:57:12.442Z -   ✓ Excel chargé: 0 places
2026-03-04T17:57:12.442Z -   ✓ Master JSON: 0 places
2026-03-04T17:57:12.443Z - 
🔄 JO: Traitement...
2026-03-04T17:57:12.449Z -   ✓ Excel chargé: 7 places
2026-03-04T17:57:12.454Z -   ✓ Master JSON: 7 places
2026-03-04T17:57:12.463Z -   ✓ Excel sauvegardé: 7 places
2026-03-04T17:57:12.463Z - 
🔄 JP: Traitement...
2026-03-04T17:57:12.475Z -   ✓ Excel chargé: 113 places
2026-03-04T17:57:12.492Z -   ✓ Master JSON: 113 places
2026-03-04T17:57:12.518Z -   ✓ Excel sauvegardé: 113 places
2026-03-04T17:57:12.519Z - 
🔄 KE: Traitement...
2026-03-04T17:57:12.519Z -   ✓ Excel chargé: 0 places
2026-03-04T17:57:12.519Z -   ✓ Master JSON: 0 places
2026-03-04T17:57:12.520Z - 
🔄 KG: Traitement...
2026-03-04T17:57:12.521Z -   ✓ Excel chargé: 0 places
2026-03-04T17:57:12.521Z -   ✓ Master JSON: 0 places
2026-03-04T17:57:12.521Z - 
🔄 KH: Traitement...
2026-03-04T17:57:12.527Z -   ✓ Excel chargé: 9 places
2026-03-04T17:57:12.533Z -   ✓ Master JSON: 8 places
2026-03-04T17:57:12.539Z -   ✓ Excel sauvegardé: 9 places
2026-03-04T17:57:12.539Z - 
🔄 KI: Traitement...
2026-03-04T17:57:12.540Z -   ✓ Excel chargé: 0 places
2026-03-04T17:57:12.540Z -   ✓ Master JSON: 0 places
2026-03-04T17:57:12.541Z - 
🔄 KM: Traitement...
2026-03-04T17:57:12.541Z -   ✓ Excel chargé: 0 places
2026-03-04T17:57:12.541Z -   ✓ Master JSON: 0 places
2026-03-04T17:57:12.542Z - 
🔄 KN: Traitement...
2026-03-04T17:57:12.542Z -   ✓ Excel chargé: 0 places
2026-03-04T17:57:12.542Z -   ✓ Master JSON: 0 places
2026-03-04T17:57:12.543Z - 
🔄 KP: Traitement...
2026-03-04T17:57:12.543Z -   ✓ Excel chargé: 0 places
2026-03-04T17:57:12.543Z -   ✓ Master JSON: 0 places
2026-03-04T17:57:12.544Z - 
🔄 KR: Traitement...
2026-03-04T17:57:12.548Z -   ✓ Excel chargé: 5 places
2026-03-04T17:57:12.554Z -   ✓ Master JSON: 5 places
2026-03-04T17:57:12.560Z -   ✓ Excel sauvegardé: 5 places
2026-03-04T17:57:12.560Z - 
🔄 KW: Traitement...
2026-03-04T17:57:12.561Z -   ✓ Excel chargé: 0 places
2026-03-04T17:57:12.561Z -   ✓ Master JSON: 0 places
2026-03-04T17:57:12.562Z - 
🔄 KZ: Traitement...
2026-03-04T17:57:12.577Z -   ✓ Excel chargé: 19 places
2026-03-04T17:57:12.583Z -   ✓ Master JSON: 19 places
2026-03-04T17:57:12.594Z -   ✓ Excel sauvegardé: 19 places
2026-03-04T17:57:12.594Z - 
🔄 LA: Traitement...
2026-03-04T17:57:12.601Z -   ✓ Excel chargé: 43 places
2026-03-04T17:57:12.611Z -   ✓ Master JSON: 21 places
2026-03-04T17:57:12.625Z -   ✓ Excel sauvegardé: 43 places
2026-03-04T17:57:12.626Z - 
🔄 LB: Traitement...
2026-03-04T17:57:12.626Z -   ✓ Excel chargé: 0 places
2026-03-04T17:57:12.626Z -   ✓ Master JSON: 0 places
2026-03-04T17:57:12.627Z - 
🔄 LC: Traitement...
2026-03-04T17:57:12.627Z -   ✓ Excel chargé: 0 places
2026-03-04T17:57:12.627Z -   ✓ Master JSON: 0 places
2026-03-04T17:57:12.628Z - 
🔄 LI: Traitement...
2026-03-04T17:57:12.628Z -   ✓ Excel chargé: 0 places
2026-03-04T17:57:12.628Z -   ✓ Master JSON: 0 places
2026-03-04T17:57:12.629Z - 
🔄 LK: Traitement...
2026-03-04T17:57:12.635Z -   ✓ Excel chargé: 34 places
2026-03-04T17:57:12.645Z -   ✓ Master JSON: 34 places
2026-03-04T17:57:12.659Z -   ✓ Excel sauvegardé: 34 places
2026-03-04T17:57:12.660Z - 
🔄 LR: Traitement...
2026-03-04T17:57:12.661Z -   ✓ Excel chargé: 0 places
2026-03-04T17:57:12.661Z -   ✓ Master JSON: 0 places
2026-03-04T17:57:12.662Z - 
🔄 LS: Traitement...
2026-03-04T17:57:12.666Z -   ✓ Excel chargé: 0 places
2026-03-04T17:57:12.667Z -   ✓ Master JSON: 0 places
2026-03-04T17:57:12.668Z - 
🔄 LT: Traitement...
2026-03-04T17:57:12.675Z -   ✓ Excel chargé: 4 places
2026-03-04T17:57:12.680Z -   ✓ Master JSON: 4 places
2026-03-04T17:57:12.686Z -   ✓ Excel sauvegardé: 4 places
2026-03-04T17:57:12.687Z - 
🔄 LU: Traitement...
2026-03-04T17:57:12.687Z -   ✓ Excel chargé: 0 places
2026-03-04T17:57:12.688Z -   ✓ Master JSON: 0 places
2026-03-04T17:57:12.688Z - 
🔄 LV: Traitement...
2026-03-04T17:57:12.694Z -   ✓ Excel chargé: 11 places
2026-03-04T17:57:12.700Z -   ✓ Master JSON: 11 places
2026-03-04T17:57:12.708Z -   ✓ Excel sauvegardé: 11 places
2026-03-04T17:57:12.708Z - 
🔄 LY: Traitement...
2026-03-04T17:57:12.709Z -   ✓ Excel chargé: 0 places
2026-03-04T17:57:12.709Z -   ✓ Master JSON: 0 places
2026-03-04T17:57:12.709Z - 
🔄 MA: Traitement...
2026-03-04T17:57:12.714Z -   ✓ Excel chargé: 5 places
2026-03-04T17:57:12.720Z -   ✓ Master JSON: 5 places
2026-03-04T17:57:12.726Z -   ✓ Excel sauvegardé: 5 places
2026-03-04T17:57:12.727Z - 
🔄 MC: Traitement...
2026-03-04T17:57:12.727Z -   ✓ Excel chargé: 0 places
2026-03-04T17:57:12.727Z -   ✓ Master JSON: 0 places
2026-03-04T17:57:12.728Z - 
🔄 MD: Traitement...
2026-03-04T17:57:12.735Z -   ✓ Excel chargé: 6 places
2026-03-04T17:57:12.747Z -   ✓ Master JSON: 6 places
2026-03-04T17:57:12.753Z -   ✓ Excel sauvegardé: 6 places
2026-03-04T17:57:12.753Z - 
🔄 ME: Traitement...
2026-03-04T17:57:12.760Z -   ✓ Excel chargé: 12 places
2026-03-04T17:57:12.766Z -   ✓ Master JSON: 12 places
2026-03-04T17:57:12.774Z -   ✓ Excel sauvegardé: 12 places
2026-03-04T17:57:12.775Z - 
🔄 MF: Traitement...
2026-03-04T17:57:12.779Z -   ✓ Excel chargé: 4 places
2026-03-04T17:57:12.784Z -   ✓ Master JSON: 4 places
2026-03-04T17:57:16.490Z -   ✓ Excel sauvegardé: 4 places
2026-03-04T17:57:16.491Z - 
🔄 MG: Traitement...
2026-03-04T17:57:16.508Z -   ✓ Excel chargé: 19 places
2026-03-04T17:57:16.524Z -   ✓ Master JSON: 19 places
2026-03-04T17:57:16.541Z -   ✓ Excel sauvegardé: 19 places
2026-03-04T17:57:16.543Z - 
🔄 MH: Traitement...
2026-03-04T17:57:16.544Z -   ✓ Excel chargé: 0 places
2026-03-04T17:57:16.545Z -   ✓ Master JSON: 0 places
2026-03-04T17:57:16.546Z - 
🔄 MK: Traitement...
2026-03-04T17:57:16.546Z -   ✓ Excel chargé: 0 places
2026-03-04T17:57:16.547Z -   ✓ Master JSON: 0 places
2026-03-04T17:57:16.547Z - 
🔄 ML: Traitement...
2026-03-04T17:57:16.548Z -   ✓ Excel chargé: 0 places
2026-03-04T17:57:16.548Z -   ✓ Master JSON: 0 places
2026-03-04T17:57:16.548Z - 
🔄 MM: Traitement...
2026-03-04T17:57:16.549Z -   ✓ Excel chargé: 0 places
2026-03-04T17:57:16.549Z -   ✓ Master JSON: 0 places
2026-03-04T17:57:16.550Z - 
🔄 MN: Traitement...
2026-03-04T17:57:16.555Z -   ✓ Excel chargé: 24 places
2026-03-04T17:57:16.563Z -   ✓ Master JSON: 24 places
2026-03-04T17:57:16.574Z -   ✓ Excel sauvegardé: 24 places
2026-03-04T17:57:16.575Z - 
🔄 MQ: Traitement...
2026-03-04T17:57:16.583Z -   ✓ Excel chargé: 5 places
2026-03-04T17:57:16.597Z -   ✓ Master JSON: 5 places
2026-03-04T17:57:16.604Z -   ✓ Excel sauvegardé: 5 places
2026-03-04T17:57:16.605Z - 
🔄 MR: Traitement...
2026-03-04T17:57:16.606Z -   ✓ Excel chargé: 0 places
2026-03-04T17:57:16.607Z -   ✓ Master JSON: 0 places
2026-03-04T17:57:16.607Z - 
🔄 MT: Traitement...
2026-03-04T17:57:16.608Z -   ✓ Excel chargé: 0 places
2026-03-04T17:57:16.609Z -   ✓ Master JSON: 0 places
2026-03-04T17:57:16.610Z - 
🔄 MU: Traitement...
2026-03-04T17:57:16.616Z -   ✓ Excel chargé: 14 places
2026-03-04T17:57:16.627Z -   ✓ Master JSON: 14 places
2026-03-04T17:57:16.634Z -   ✓ Excel sauvegardé: 14 places
2026-03-04T17:57:16.635Z - 
🔄 MV: Traitement...
2026-03-04T17:57:16.635Z -   ✓ Excel chargé: 0 places
2026-03-04T17:57:16.635Z -   ✓ Master JSON: 0 places
2026-03-04T17:57:16.636Z - 
🔄 MW: Traitement...
2026-03-04T17:57:16.636Z -   ✓ Excel chargé: 0 places
2026-03-04T17:57:16.636Z -   ✓ Master JSON: 0 places
2026-03-04T17:57:16.637Z - 
🔄 MX: Traitement...
2026-03-04T17:57:16.644Z -   ✓ Excel chargé: 27 places
2026-03-04T17:57:16.659Z -   ✓ Master JSON: 27 places
2026-03-04T17:57:16.672Z -   ✓ Excel sauvegardé: 27 places
2026-03-04T17:57:16.672Z - 
🔄 MY: Traitement...
2026-03-04T17:57:16.679Z -   ✓ Excel chargé: 6 places
2026-03-04T17:57:16.684Z -   ✓ Master JSON: 6 places
2026-03-04T17:57:16.691Z -   ✓ Excel sauvegardé: 6 places
2026-03-04T17:57:16.691Z - 
🔄 MZ: Traitement...
2026-03-04T17:57:16.692Z -   ✓ Excel chargé: 0 places
2026-03-04T17:57:16.693Z -   ✓ Master JSON: 0 places
2026-03-04T17:57:16.693Z - 
🔄 NA: Traitement...
2026-03-04T17:57:16.700Z -   ✓ Excel chargé: 49 places
2026-03-04T17:57:16.716Z -   ✓ Master JSON: 27 places
2026-03-04T17:57:16.732Z -   ✓ Excel sauvegardé: 49 places
2026-03-04T17:57:16.733Z - 
🔄 NC: Traitement...
2026-03-04T17:57:16.738Z -   ✓ Excel chargé: 5 places
2026-03-04T17:57:16.744Z -   ✓ Master JSON: 5 places
2026-03-04T17:57:16.749Z -   ✓ Excel sauvegardé: 5 places
2026-03-04T17:57:16.749Z - 
🔄 NE: Traitement...
2026-03-04T17:57:16.750Z -   ✓ Excel chargé: 0 places
2026-03-04T17:57:16.750Z -   ✓ Master JSON: 0 places
2026-03-04T17:57:16.750Z - 
🔄 NG: Traitement...
2026-03-04T17:57:16.751Z -   ✓ Excel chargé: 0 places
2026-03-04T17:57:16.751Z -   ✓ Master JSON: 0 places
2026-03-04T17:57:16.751Z - 
🔄 NI: Traitement...
2026-03-04T17:57:16.759Z -   ✓ Excel chargé: 45 places
2026-03-04T17:57:16.773Z -   ✓ Master JSON: 19 places
2026-03-04T17:57:16.787Z -   ✓ Excel sauvegardé: 45 places
2026-03-04T17:57:16.788Z - 
🔄 NL: Traitement...
2026-03-04T17:57:16.795Z -   ✓ Excel chargé: 28 places
2026-03-04T17:57:16.802Z -   ✓ Master JSON: 28 places
2026-03-04T17:57:16.812Z -   ✓ Excel sauvegardé: 28 places
2026-03-04T17:57:16.813Z - 
🔄 NO: Traitement...
2026-03-04T17:57:16.818Z -   ✓ Excel chargé: 16 places
2026-03-04T17:57:16.822Z -   ✓ Master JSON: 4 places
2026-03-04T17:57:16.831Z -   ✓ Excel sauvegardé: 16 places
2026-03-04T17:57:16.831Z - 
🔄 NP: Traitement...
2026-03-04T17:57:16.831Z -   ✓ Excel chargé: 0 places
2026-03-04T17:57:16.832Z -   ✓ Master JSON: 0 places
2026-03-04T17:57:16.832Z - 
🔄 NR: Traitement...
2026-03-04T17:57:16.833Z -   ✓ Excel chargé: 0 places
2026-03-04T17:57:16.833Z -   ✓ Master JSON: 0 places
2026-03-04T17:57:16.833Z - 
🔄 NZ: Traitement...
2026-03-04T17:57:16.841Z -   ✓ Excel chargé: 44 places
2026-03-04T17:57:16.855Z -   ✓ Master JSON: 33 places
2026-03-04T17:57:16.871Z -   ✓ Excel sauvegardé: 44 places
2026-03-04T17:57:16.871Z - 
🔄 OM: Traitement...
2026-03-04T17:57:16.878Z -   ✓ Excel chargé: 5 places
2026-03-04T17:57:16.882Z -   ✓ Master JSON: 5 places
2026-03-04T17:57:16.888Z -   ✓ Excel sauvegardé: 5 places
2026-03-04T17:57:16.889Z - 
🔄 PA: Traitement...
2026-03-04T17:57:16.895Z -   ✓ Excel chargé: 9 places
2026-03-04T17:57:16.907Z -   ✓ Master JSON: 8 places
2026-03-04T17:57:16.914Z -   ✓ Excel sauvegardé: 9 places
2026-03-04T17:57:16.915Z - 
🔄 PE: Traitement...
2026-03-04T17:57:16.921Z -   ✓ Excel chargé: 19 places
2026-03-04T17:57:16.927Z -   ✓ Master JSON: 19 places
2026-03-04T17:57:16.935Z -   ✓ Excel sauvegardé: 19 places
2026-03-04T17:57:16.936Z - 
🔄 PF: Traitement...
2026-03-04T17:57:16.944Z -   ✓ Excel chargé: 32 places
2026-03-04T17:57:16.957Z -   ✓ Master JSON: 31 places
2026-03-04T17:57:16.968Z -   ✓ Excel sauvegardé: 32 places
2026-03-04T17:57:16.969Z - 
🔄 PG: Traitement...
2026-03-04T17:57:16.969Z -   ✓ Excel chargé: 0 places
2026-03-04T17:57:16.969Z -   ✓ Master JSON: 0 places
2026-03-04T17:57:16.970Z - 
🔄 PH: Traitement...
2026-03-04T17:57:16.975Z -   ✓ Excel chargé: 11 places
2026-03-04T17:57:16.981Z -   ✓ Master JSON: 11 places
2026-03-04T17:57:16.987Z -   ✓ Excel sauvegardé: 11 places
2026-03-04T17:57:16.988Z - 
🔄 PK: Traitement...
2026-03-04T17:57:16.989Z -   ✓ Excel chargé: 0 places
2026-03-04T17:57:16.989Z -   ✓ Master JSON: 0 places
2026-03-04T17:57:16.990Z - 
🔄 PL: Traitement...
2026-03-04T17:57:17.000Z -   ✓ Excel chargé: 35 places
2026-03-04T17:57:17.014Z -   ✓ Master JSON: 35 places
2026-03-04T17:57:17.026Z -   ✓ Excel sauvegardé: 35 places
2026-03-04T17:57:17.027Z - 
🔄 PM: Traitement...
2026-03-04T17:57:17.028Z -   ✓ Excel chargé: 0 places
2026-03-04T17:57:17.028Z -   ✓ Master JSON: 0 places
2026-03-04T17:57:17.029Z - 
🔄 PT: Traitement...
2026-03-04T17:57:17.036Z -   ✓ Excel chargé: 66 places
2026-03-04T17:57:17.048Z -   ✓ Master JSON: 49 places
2026-03-04T17:57:17.065Z -   ✓ Excel sauvegardé: 66 places
2026-03-04T17:57:17.066Z - 
🔄 PW: Traitement...
2026-03-04T17:57:17.066Z -   ✓ Excel chargé: 0 places
2026-03-04T17:57:17.066Z -   ✓ Master JSON: 0 places
2026-03-04T17:57:17.067Z - 
🔄 PY: Traitement...
2026-03-04T17:57:17.071Z -   ✓ Excel chargé: 4 places
2026-03-04T17:57:17.077Z -   ✓ Master JSON: 4 places
2026-03-04T17:57:17.082Z -   ✓ Excel sauvegardé: 4 places
2026-03-04T17:57:17.083Z - 
🔄 QA: Traitement...
2026-03-04T17:57:17.083Z -   ✓ Excel chargé: 0 places
2026-03-04T17:57:17.084Z -   ✓ Master JSON: 0 places
2026-03-04T17:57:17.084Z - 
🔄 RE: Traitement...
2026-03-04T17:57:17.084Z -   ✓ Excel chargé: 0 places
2026-03-04T17:57:17.085Z -   ✓ Master JSON: 0 places
2026-03-04T17:57:17.085Z - 
🔄 RO: Traitement...
2026-03-04T17:57:17.094Z -   ✓ Excel chargé: 15 places
2026-03-04T17:57:17.106Z -   ✓ Master JSON: 13 places
2026-03-04T17:57:17.113Z -   ✓ Excel sauvegardé: 15 places
2026-03-04T17:57:17.114Z - 
🔄 RS: Traitement...
2026-03-04T17:57:17.119Z -   ✓ Excel chargé: 14 places
2026-03-04T17:57:17.125Z -   ✓ Master JSON: 14 places
2026-03-04T17:57:17.132Z -   ✓ Excel sauvegardé: 14 places
2026-03-04T17:57:17.133Z - 
🔄 RT IMPORTÉS: Traitement...
2026-03-04T17:57:17.133Z -   ✓ Excel chargé: 0 places
2026-03-04T17:57:17.134Z -   ✓ Master JSON: 0 places
2026-03-04T17:57:17.134Z - 
🔄 RU: Traitement...
2026-03-04T17:57:17.135Z -   ✓ Excel chargé: 0 places
2026-03-04T17:57:17.135Z -   ✓ Master JSON: 0 places
2026-03-04T17:57:17.135Z - 
🔄 RW: Traitement...
2026-03-04T17:57:17.136Z -   ✓ Excel chargé: 0 places
2026-03-04T17:57:17.136Z -   ✓ Master JSON: 0 places
2026-03-04T17:57:17.136Z - 
🔄 SA: Traitement...
2026-03-04T17:57:17.137Z -   ✓ Excel chargé: 0 places
2026-03-04T17:57:17.137Z -   ✓ Master JSON: 0 places
2026-03-04T17:57:17.137Z - 
🔄 SB: Traitement...
2026-03-04T17:57:17.138Z -   ✓ Excel chargé: 0 places
2026-03-04T17:57:17.138Z -   ✓ Master JSON: 0 places
2026-03-04T17:57:17.139Z - 
🔄 SC: Traitement...
2026-03-04T17:57:17.139Z -   ✓ Excel chargé: 0 places
2026-03-04T17:57:17.139Z -   ✓ Master JSON: 0 places
2026-03-04T17:57:17.140Z - 
🔄 SD: Traitement...
2026-03-04T17:57:17.140Z -   ✓ Excel chargé: 0 places
2026-03-04T17:57:17.140Z -   ✓ Master JSON: 0 places
2026-03-04T17:57:17.141Z - 
🔄 SE: Traitement...
2026-03-04T17:57:17.148Z -   ✓ Excel chargé: 42 places
2026-03-04T17:57:17.155Z -   ✓ Master JSON: 42 places
2026-03-04T17:57:17.168Z -   ✓ Excel sauvegardé: 42 places
2026-03-04T17:57:17.169Z - 
🔄 SG: Traitement...
2026-03-04T17:57:17.169Z -   ✓ Excel chargé: 0 places
2026-03-04T17:57:17.170Z -   ✓ Master JSON: 0 places
2026-03-04T17:57:17.170Z - 
🔄 SI: Traitement...
2026-03-04T17:57:17.175Z -   ✓ Excel chargé: 9 places
2026-03-04T17:57:17.181Z -   ✓ Master JSON: 9 places
2026-03-04T17:57:17.188Z -   ✓ Excel sauvegardé: 9 places
2026-03-04T17:57:17.189Z - 
🔄 SK: Traitement...
2026-03-04T17:57:17.199Z -   ✓ Excel chargé: 11 places
2026-03-04T17:57:17.212Z -   ✓ Master JSON: 11 places
2026-03-04T17:57:17.219Z -   ✓ Excel sauvegardé: 11 places
2026-03-04T17:57:17.220Z - 
🔄 SL: Traitement...
2026-03-04T17:57:17.220Z -   ✓ Excel chargé: 0 places
2026-03-04T17:57:17.221Z -   ✓ Master JSON: 0 places
2026-03-04T17:57:17.221Z - 
🔄 SM: Traitement...
2026-03-04T17:57:17.221Z -   ✓ Excel chargé: 0 places
2026-03-04T17:57:17.222Z -   ✓ Master JSON: 0 places
2026-03-04T17:57:17.222Z - 
🔄 SN: Traitement...
2026-03-04T17:57:17.228Z -   ✓ Excel chargé: 8 places
2026-03-04T17:57:17.233Z -   ✓ Master JSON: 8 places
2026-03-04T17:57:17.240Z -   ✓ Excel sauvegardé: 8 places
2026-03-04T17:57:17.240Z - 
🔄 SO: Traitement...
2026-03-04T17:57:17.241Z -   ✓ Excel chargé: 0 places
2026-03-04T17:57:17.241Z -   ✓ Master JSON: 0 places
2026-03-04T17:57:17.242Z - 
🔄 SR: Traitement...
2026-03-04T17:57:17.247Z -   ✓ Excel chargé: 10 places
2026-03-04T17:57:17.247Z -   ✓ Master JSON: 0 places
2026-03-04T17:57:17.254Z -   ✓ Excel sauvegardé: 10 places
2026-03-04T17:57:17.255Z - 
🔄 SS: Traitement...
2026-03-04T17:57:17.255Z -   ✓ Excel chargé: 0 places
2026-03-04T17:57:17.255Z -   ✓ Master JSON: 0 places
2026-03-04T17:57:17.256Z - 
🔄 ST: Traitement...
2026-03-04T17:57:17.256Z -   ✓ Excel chargé: 0 places
2026-03-04T17:57:17.257Z -   ✓ Master JSON: 0 places
2026-03-04T17:57:17.257Z - 
🔄 SV: Traitement...
2026-03-04T17:57:17.264Z -   ✓ Excel chargé: 9 places
2026-03-04T17:57:17.276Z -   ✓ Master JSON: 9 places
2026-03-04T17:57:17.283Z -   ✓ Excel sauvegardé: 9 places
2026-03-04T17:57:17.284Z - 
🔄 SY: Traitement...
2026-03-04T17:57:17.284Z -   ✓ Excel chargé: 0 places
2026-03-04T17:57:17.285Z -   ✓ Master JSON: 0 places
2026-03-04T17:57:17.285Z - 
🔄 SZ: Traitement...
2026-03-04T17:57:17.285Z -   ✓ Excel chargé: 0 places
2026-03-04T17:57:17.286Z -   ✓ Master JSON: 0 places
2026-03-04T17:57:17.286Z - 
🔄 TD: Traitement...
2026-03-04T17:57:17.286Z -   ✓ Excel chargé: 0 places
2026-03-04T17:57:17.287Z -   ✓ Master JSON: 0 places
2026-03-04T17:57:17.287Z - 
🔄 TG: Traitement...
2026-03-04T17:57:17.287Z -   ✓ Excel chargé: 0 places
2026-03-04T17:57:17.288Z -   ✓ Master JSON: 0 places
2026-03-04T17:57:17.288Z - 
🔄 TH: Traitement...
2026-03-04T17:57:17.295Z -   ✓ Excel chargé: 24 places
2026-03-04T17:57:17.302Z -   ✓ Master JSON: 24 places
2026-03-04T17:57:17.311Z -   ✓ Excel sauvegardé: 24 places
2026-03-04T17:57:17.312Z - 
🔄 TJ: Traitement...
2026-03-04T17:57:17.312Z -   ✓ Excel chargé: 0 places
2026-03-04T17:57:17.313Z -   ✓ Master JSON: 0 places
2026-03-04T17:57:17.313Z - 
🔄 TL: Traitement...
2026-03-04T17:57:17.313Z -   ✓ Excel chargé: 0 places
2026-03-04T17:57:17.314Z -   ✓ Master JSON: 0 places
2026-03-04T17:57:17.314Z - 
🔄 TM: Traitement...
2026-03-04T17:57:17.319Z -   ✓ Excel chargé: 8 places
2026-03-04T17:57:17.323Z -   ✓ Master JSON: 8 places
2026-03-04T17:57:17.329Z -   ✓ Excel sauvegardé: 8 places
2026-03-04T17:57:17.330Z - 
🔄 TN: Traitement...
2026-03-04T17:57:17.330Z -   ✓ Excel chargé: 0 places
2026-03-04T17:57:17.331Z -   ✓ Master JSON: 0 places
2026-03-04T17:57:17.331Z - 
🔄 TO: Traitement...
2026-03-04T17:57:17.332Z -   ✓ Excel chargé: 0 places
2026-03-04T17:57:17.332Z -   ✓ Master JSON: 0 places
2026-03-04T17:57:17.333Z - 
🔄 TR: Traitement...
2026-03-04T17:57:17.349Z -   ✓ Excel chargé: 61 places
2026-03-04T17:57:17.357Z -   ✓ Master JSON: 60 places
2026-03-04T17:57:17.375Z -   ✓ Excel sauvegardé: 61 places
2026-03-04T17:57:17.376Z - 
🔄 TT: Traitement...
2026-03-04T17:57:17.376Z -   ✓ Excel chargé: 0 places
2026-03-04T17:57:17.377Z -   ✓ Master JSON: 0 places
2026-03-04T17:57:17.377Z - 
🔄 TV: Traitement...
2026-03-04T17:57:17.378Z -   ✓ Excel chargé: 0 places
2026-03-04T17:57:17.378Z -   ✓ Master JSON: 0 places
2026-03-04T17:57:17.378Z - 
🔄 TZ: Traitement...
2026-03-04T17:57:17.383Z -   ✓ Excel chargé: 17 places
2026-03-04T17:57:17.389Z -   ✓ Master JSON: 17 places
2026-03-04T17:57:17.399Z -   ✓ Excel sauvegardé: 17 places
2026-03-04T17:57:17.400Z - 
🔄 UA: Traitement...
2026-03-04T17:57:17.400Z -   ✓ Excel chargé: 0 places
2026-03-04T17:57:17.401Z -   ✓ Master JSON: 0 places
2026-03-04T17:57:17.401Z - 
🔄 UG: Traitement...
2026-03-04T17:57:17.401Z -   ✓ Excel chargé: 0 places
2026-03-04T17:57:17.402Z -   ✓ Master JSON: 0 places
2026-03-04T17:57:17.402Z - 
🔄 US: Traitement...
2026-03-04T17:57:17.433Z -   ✓ Excel chargé: 540 places
2026-03-04T17:57:17.490Z -   ✓ Master JSON: 412 places
2026-03-04T17:57:17.605Z -   ✓ Excel sauvegardé: 540 places
2026-03-04T17:57:17.606Z - 
🔄 UY: Traitement...
2026-03-04T17:57:17.606Z -   ✓ Excel chargé: 0 places
2026-03-04T17:57:17.607Z -   ✓ Master JSON: 0 places
2026-03-04T17:57:17.608Z - 
🔄 UZ: Traitement...
2026-03-04T17:57:17.615Z -   ✓ Excel chargé: 6 places
2026-03-04T17:57:17.624Z -   ✓ Master JSON: 6 places
2026-03-04T17:57:17.629Z -   ✓ Excel sauvegardé: 6 places
2026-03-04T17:57:17.630Z - 
🔄 VA: Traitement...
2026-03-04T17:57:17.631Z -   ✓ Excel chargé: 0 places
2026-03-04T17:57:17.631Z -   ✓ Master JSON: 0 places
2026-03-04T17:57:17.632Z - 
🔄 VC: Traitement...
2026-03-04T17:57:17.632Z -   ✓ Excel chargé: 0 places
2026-03-04T17:57:17.633Z -   ✓ Master JSON: 0 places
2026-03-04T17:57:17.633Z - 
🔄 VE: Traitement...
2026-03-04T17:57:17.634Z -   ✓ Excel chargé: 0 places
2026-03-04T17:57:17.634Z -   ✓ Master JSON: 0 places
2026-03-04T17:57:17.634Z - 
🔄 VN: Traitement...
2026-03-04T17:57:17.646Z -   ✓ Excel chargé: 27 places
2026-03-04T17:57:17.662Z -   ✓ Master JSON: 26 places
2026-03-04T17:57:17.672Z -   ✓ Excel sauvegardé: 27 places
2026-03-04T17:57:17.673Z - 
🔄 VU: Traitement...
2026-03-04T17:57:17.673Z -   ✓ Excel chargé: 0 places
2026-03-04T17:57:17.674Z -   ✓ Master JSON: 0 places
2026-03-04T17:57:17.674Z - 
🔄 WF: Traitement...
2026-03-04T17:57:17.675Z -   ✓ Excel chargé: 0 places
2026-03-04T17:57:17.675Z -   ✓ Master JSON: 0 places
2026-03-04T17:57:17.676Z - 
🔄 WS: Traitement...
2026-03-04T17:57:17.676Z -   ✓ Excel chargé: 0 places
2026-03-04T17:57:17.677Z -   ✓ Master JSON: 0 places
2026-03-04T17:57:17.677Z - 
🔄 XX: Traitement...
2026-03-04T17:57:17.678Z -   ✓ Excel chargé: 0 places
2026-03-04T17:57:17.678Z -   ✓ Master JSON: 0 places
2026-03-04T17:57:17.679Z - 
🔄 YE: Traitement...
2026-03-04T17:57:17.679Z -   ✓ Excel chargé: 0 places
2026-03-04T17:57:17.680Z -   ✓ Master JSON: 0 places
2026-03-04T17:57:17.680Z - 
🔄 YT: Traitement...
2026-03-04T17:57:17.685Z -   ✓ Excel chargé: 5 places
2026-03-04T17:57:17.690Z -   ✓ Master JSON: 5 places
2026-03-04T17:57:17.695Z -   ✓ Excel sauvegardé: 5 places
2026-03-04T17:57:17.695Z - 
🔄 ZA: Traitement...
2026-03-04T17:57:17.706Z -   ✓ Excel chargé: 114 places
2026-03-04T17:57:17.720Z -   ✓ Master JSON: 85 places
2026-03-04T17:57:17.757Z -   ✓ Excel sauvegardé: 114 places
2026-03-04T17:57:17.758Z - 
🔄 ZM: Traitement...
2026-03-04T17:57:17.759Z -   ✓ Excel chargé: 0 places
2026-03-04T17:57:17.760Z -   ✓ Master JSON: 0 places
2026-03-04T17:57:17.760Z - 
🔄 ZW: Traitement...
2026-03-04T17:57:17.761Z -   ✓ Excel chargé: 0 places
2026-03-04T17:57:17.761Z -   ✓ Master JSON: 0 places
2026-03-04T17:57:17.761Z - 
🔄 _TR_CACHE: Traitement...
2026-03-04T17:57:17.767Z -   ✓ Excel chargé: 0 places
2026-03-04T17:57:17.767Z -   ✓ Master JSON: 0 places
