2026-02-13T16:09:35.210Z - 
============================================================
2026-02-13T16:09:35.230Z - 🔄 MODE UPDATE - 13/02/2026 17:09:35
2026-02-13T16:09:35.230Z - ============================================================
2026-02-13T16:09:35.422Z - 
🔄 AD: Traitement...
2026-02-13T16:09:35.494Z -   ✓ Excel chargé: 0 places
2026-02-13T16:09:35.495Z -   ✓ Master JSON: 0 places
2026-02-13T16:09:35.496Z - 
🔄 AE: Traitement...
2026-02-13T16:09:35.510Z -   ✓ Excel chargé: 8 places
2026-02-13T16:09:35.514Z -   ✓ Master JSON: 8 places
2026-02-13T16:09:35.554Z -   ✓ Excel sauvegardé: 8 places
2026-02-13T16:09:35.555Z - 
🔄 AF: Traitement...
2026-02-13T16:09:35.567Z -   ✓ Excel chargé: 0 places
2026-02-13T16:09:35.568Z -   ✓ Master JSON: 0 places
2026-02-13T16:09:35.568Z - 
🔄 AG: Traitement...
2026-02-13T16:09:35.576Z -   ✓ Excel chargé: 0 places
2026-02-13T16:09:35.577Z -   ✓ Master JSON: 0 places
2026-02-13T16:09:35.578Z - 
🔄 AI: Traitement...
2026-02-13T16:09:35.579Z -   ✓ Excel chargé: 0 places
2026-02-13T16:09:35.580Z -   ✓ Master JSON: 0 places
2026-02-13T16:09:35.580Z - 
🔄 AL: Traitement...
2026-02-13T16:09:35.588Z -   ✓ Excel chargé: 11 places
2026-02-13T16:09:35.594Z -   ✓ Master JSON: 11 places
2026-02-13T16:09:35.605Z -   ✓ Excel sauvegardé: 11 places
2026-02-13T16:09:35.606Z - 
🔄 AM: Traitement...
2026-02-13T16:09:35.614Z -   ✓ Excel chargé: 8 places
2026-02-13T16:09:35.618Z -   ✓ Master JSON: 8 places
2026-02-13T16:09:35.631Z -   ✓ Excel sauvegardé: 8 places
2026-02-13T16:09:35.632Z - 
🔄 AO: Traitement...
2026-02-13T16:09:35.639Z -   ✓ Excel chargé: 0 places
2026-02-13T16:09:35.640Z -   ✓ Master JSON: 0 places
2026-02-13T16:09:35.642Z - 
🔄 AR: Traitement...
2026-02-13T16:09:35.660Z -   ✓ Excel chargé: 43 places
2026-02-13T16:09:35.675Z -   ✓ Master JSON: 34 places
2026-02-13T16:09:35.708Z -   ✓ Excel sauvegardé: 43 places
2026-02-13T16:09:35.709Z - 
🔄 AS: Traitement...
2026-02-13T16:09:35.709Z -   ✓ Excel chargé: 0 places
2026-02-13T16:09:35.710Z -   ✓ Master JSON: 0 places
2026-02-13T16:09:35.710Z - 
🔄 AT: Traitement...
2026-02-13T16:09:35.727Z -   ✓ Excel chargé: 44 places
2026-02-13T16:09:35.733Z -   ✓ Master JSON: 44 places
2026-02-13T16:09:35.752Z -   ✓ Excel sauvegardé: 44 places
2026-02-13T16:09:35.753Z - 
🔄 AU: Traitement...
2026-02-13T16:09:35.770Z -   ✓ Excel chargé: 70 places
2026-02-13T16:09:35.780Z -   ✓ Master JSON: 43 places
2026-02-13T16:09:35.810Z -   ✓ Excel sauvegardé: 70 places
2026-02-13T16:09:35.811Z - 
🔄 AW: Traitement...
2026-02-13T16:09:35.817Z -   ✓ Excel chargé: 0 places
2026-02-13T16:09:35.818Z -   ✓ Master JSON: 0 places
2026-02-13T16:09:35.819Z - 
🔄 AZ: Traitement...
2026-02-13T16:09:35.825Z -   ✓ Excel chargé: 0 places
2026-02-13T16:09:35.826Z -   ✓ Master JSON: 0 places
2026-02-13T16:09:35.827Z - 
🔄 BA: Traitement...
2026-02-13T16:09:35.837Z -   ✓ Excel chargé: 15 places
2026-02-13T16:09:35.843Z -   ✓ Master JSON: 15 places
2026-02-13T16:09:35.857Z -   ✓ Excel sauvegardé: 15 places
2026-02-13T16:09:35.858Z - 
🔄 BB: Traitement...
2026-02-13T16:09:35.867Z -   ✓ Excel chargé: 6 places
2026-02-13T16:09:35.874Z -   ✓ Master JSON: 6 places
2026-02-13T16:09:35.886Z -   ✓ Excel sauvegardé: 6 places
2026-02-13T16:09:35.887Z - 
🔄 BD: Traitement...
2026-02-13T16:09:35.897Z -   ✓ Excel chargé: 13 places
2026-02-13T16:09:35.906Z -   ✓ Master JSON: 13 places
2026-02-13T16:09:35.939Z -   ✓ Excel sauvegardé: 13 places
2026-02-13T16:09:35.941Z - 
🔄 BE: Traitement...
2026-02-13T16:09:35.956Z -   ✓ Excel chargé: 14 places
2026-02-13T16:09:35.966Z -   ✓ Master JSON: 14 places
2026-02-13T16:09:35.981Z -   ✓ Excel sauvegardé: 14 places
2026-02-13T16:09:35.982Z - 
🔄 BF: Traitement...
2026-02-13T16:09:35.989Z -   ✓ Excel chargé: 0 places
2026-02-13T16:09:35.990Z -   ✓ Master JSON: 0 places
2026-02-13T16:09:35.992Z - 
🔄 BG: Traitement...
2026-02-13T16:09:36.003Z -   ✓ Excel chargé: 23 places
2026-02-13T16:09:36.010Z -   ✓ Master JSON: 22 places
2026-02-13T16:09:36.026Z -   ✓ Excel sauvegardé: 23 places
2026-02-13T16:09:36.027Z - 
🔄 BH: Traitement...
2026-02-13T16:09:36.032Z -   ✓ Excel chargé: 0 places
2026-02-13T16:09:36.033Z -   ✓ Master JSON: 0 places
2026-02-13T16:09:36.033Z - 
🔄 BI: Traitement...
2026-02-13T16:09:36.038Z -   ✓ Excel chargé: 0 places
2026-02-13T16:09:36.039Z -   ✓ Master JSON: 0 places
2026-02-13T16:09:36.041Z - 
🔄 BJ: Traitement...
2026-02-13T16:09:36.045Z -   ✓ Excel chargé: 0 places
2026-02-13T16:09:36.046Z -   ✓ Master JSON: 0 places
2026-02-13T16:09:36.047Z - 
🔄 BL: Traitement...
2026-02-13T16:09:36.052Z -   ✓ Excel chargé: 8 places
2026-02-13T16:09:36.054Z -   ✓ Master JSON: 8 places
2026-02-13T16:09:36.062Z -   ✓ Excel sauvegardé: 8 places
2026-02-13T16:09:36.062Z - 
🔄 BM: Traitement...
2026-02-13T16:09:36.069Z -   ✓ Excel chargé: 0 places
2026-02-13T16:09:36.070Z -   ✓ Master JSON: 0 places
2026-02-13T16:09:36.071Z - 
🔄 BN: Traitement...
2026-02-13T16:09:36.076Z -   ✓ Excel chargé: 0 places
2026-02-13T16:09:36.077Z -   ✓ Master JSON: 0 places
2026-02-13T16:09:36.077Z - 
🔄 BO: Traitement...
2026-02-13T16:09:36.083Z -   ✓ Excel chargé: 17 places
2026-02-13T16:09:36.088Z -   ✓ Master JSON: 17 places
2026-02-13T16:09:36.098Z -   ✓ Excel sauvegardé: 17 places
2026-02-13T16:09:36.098Z - 
🔄 BQ: Traitement...
2026-02-13T16:09:36.099Z -   ✓ Excel chargé: 0 places
2026-02-13T16:09:36.099Z -   ✓ Master JSON: 0 places
2026-02-13T16:09:36.100Z - 
🔄 BR: Traitement...
2026-02-13T16:09:36.111Z -   ✓ Excel chargé: 46 places
2026-02-13T16:09:36.118Z -   ✓ Master JSON: 46 places
2026-02-13T16:09:36.135Z -   ✓ Excel sauvegardé: 46 places
2026-02-13T16:09:36.135Z - 
🔄 BS: Traitement...
2026-02-13T16:09:36.142Z -   ✓ Excel chargé: 9 places
2026-02-13T16:09:36.146Z -   ✓ Master JSON: 9 places
2026-02-13T16:09:36.154Z -   ✓ Excel sauvegardé: 9 places
2026-02-13T16:09:36.155Z - 
🔄 BT: Traitement...
2026-02-13T16:09:36.160Z -   ✓ Excel chargé: 0 places
2026-02-13T16:09:36.161Z -   ✓ Master JSON: 0 places
2026-02-13T16:09:36.162Z - 
🔄 BW: Traitement...
2026-02-13T16:09:36.167Z -   ✓ Excel chargé: 16 places
2026-02-13T16:09:36.171Z -   ✓ Master JSON: 15 places
2026-02-13T16:09:36.181Z -   ✓ Excel sauvegardé: 16 places
2026-02-13T16:09:36.182Z - 
🔄 BY: Traitement...
2026-02-13T16:09:36.187Z -   ✓ Excel chargé: 0 places
2026-02-13T16:09:36.187Z -   ✓ Master JSON: 0 places
2026-02-13T16:09:36.188Z - 
🔄 BZ: Traitement...
2026-02-13T16:09:36.193Z -   ✓ Excel chargé: 5 places
2026-02-13T16:09:36.197Z -   ✓ Master JSON: 5 places
2026-02-13T16:09:36.207Z -   ✓ Excel sauvegardé: 5 places
2026-02-13T16:09:36.208Z - 
🔄 CA: Traitement...
2026-02-13T16:09:36.215Z -   ✓ Excel chargé: 27 places
2026-02-13T16:09:36.220Z -   ✓ Master JSON: 27 places
2026-02-13T16:09:36.232Z -   ✓ Excel sauvegardé: 27 places
2026-02-13T16:09:36.232Z - 
🔄 CD: Traitement...
2026-02-13T16:09:36.237Z -   ✓ Excel chargé: 0 places
2026-02-13T16:09:36.237Z -   ✓ Master JSON: 0 places
2026-02-13T16:09:36.238Z - 
🔄 CF: Traitement...
2026-02-13T16:09:36.243Z -   ✓ Excel chargé: 0 places
2026-02-13T16:09:36.244Z -   ✓ Master JSON: 0 places
2026-02-13T16:09:36.245Z - 
🔄 CG: Traitement...
2026-02-13T16:09:36.249Z -   ✓ Excel chargé: 0 places
2026-02-13T16:09:36.250Z -   ✓ Master JSON: 0 places
2026-02-13T16:09:36.251Z - 
🔄 CH: Traitement...
2026-02-13T16:09:36.260Z -   ✓ Excel chargé: 56 places
2026-02-13T16:09:36.269Z -   ✓ Master JSON: 56 places
2026-02-13T16:09:36.287Z -   ✓ Excel sauvegardé: 56 places
2026-02-13T16:09:36.288Z - 
🔄 CI: Traitement...
2026-02-13T16:09:36.295Z -   ✓ Excel chargé: 0 places
2026-02-13T16:09:36.296Z -   ✓ Master JSON: 0 places
2026-02-13T16:09:36.297Z - 
🔄 CITIES: Traitement...
2026-02-13T16:09:36.302Z -   ✓ Excel chargé: 0 places
2026-02-13T16:09:36.303Z -   ✓ Master JSON: 0 places
2026-02-13T16:09:36.304Z - 
🔄 CK: Traitement...
2026-02-13T16:09:36.304Z -   ✓ Excel chargé: 0 places
2026-02-13T16:09:36.305Z -   ✓ Master JSON: 0 places
2026-02-13T16:09:36.305Z - 
🔄 CL: Traitement...
2026-02-13T16:09:36.312Z -   ✓ Excel chargé: 8 places
2026-02-13T16:09:36.316Z -   ✓ Master JSON: 8 places
2026-02-13T16:09:36.324Z -   ✓ Excel sauvegardé: 8 places
2026-02-13T16:09:36.325Z - 
🔄 CM: Traitement...
2026-02-13T16:09:36.329Z -   ✓ Excel chargé: 0 places
2026-02-13T16:09:36.330Z -   ✓ Master JSON: 0 places
2026-02-13T16:09:36.330Z - 
🔄 CN: Traitement...
2026-02-13T16:09:36.336Z -   ✓ Excel chargé: 34 places
2026-02-13T16:09:36.346Z -   ✓ Master JSON: 33 places
2026-02-13T16:09:36.347Z -   ✓ 1 nouvelles places ajoutées
2026-02-13T16:09:42.667Z -   ✓ Excel sauvegardé: 35 places
2026-02-13T16:09:42.669Z - 
🔄 CO: Traitement...
2026-02-13T16:09:42.684Z -   ✓ Excel chargé: 12 places
2026-02-13T16:09:42.699Z -   ✓ Master JSON: 12 places
2026-02-13T16:09:42.721Z -   ✓ Excel sauvegardé: 12 places
2026-02-13T16:09:42.722Z - 
🔄 CR: Traitement...
2026-02-13T16:09:42.732Z -   ✓ Excel chargé: 4 places
2026-02-13T16:09:42.745Z -   ✓ Master JSON: 4 places
2026-02-13T16:09:42.765Z -   ✓ Excel sauvegardé: 4 places
2026-02-13T16:09:42.766Z - 
🔄 CU: Traitement...
2026-02-13T16:09:42.775Z -   ✓ Excel chargé: 12 places
2026-02-13T16:09:42.781Z -   ✓ Master JSON: 12 places
2026-02-13T16:09:42.790Z -   ✓ Excel sauvegardé: 12 places
2026-02-13T16:09:42.791Z - 
🔄 CV: Traitement...
2026-02-13T16:09:42.796Z -   ✓ Excel chargé: 0 places
2026-02-13T16:09:42.797Z -   ✓ Master JSON: 0 places
2026-02-13T16:09:42.798Z - 
🔄 CY: Traitement...
2026-02-13T16:09:42.802Z -   ✓ Excel chargé: 0 places
2026-02-13T16:09:42.803Z -   ✓ Master JSON: 0 places
2026-02-13T16:09:42.804Z - 
🔄 CZ: Traitement...
2026-02-13T16:09:42.810Z -   ✓ Excel chargé: 19 places
2026-02-13T16:09:42.816Z -   ✓ Master JSON: 19 places
2026-02-13T16:09:42.826Z -   ✓ Excel sauvegardé: 19 places
2026-02-13T16:09:42.827Z - 
🔄 DE: Traitement...
2026-02-13T16:09:42.842Z -   ✓ Excel chargé: 112 places
2026-02-13T16:09:42.855Z -   ✓ Master JSON: 111 places
2026-02-13T16:09:42.891Z -   ✓ Excel sauvegardé: 112 places
2026-02-13T16:09:42.892Z - 
🔄 DJ: Traitement...
2026-02-13T16:09:42.893Z -   ✓ Excel chargé: 0 places
2026-02-13T16:09:42.894Z -   ✓ Master JSON: 0 places
2026-02-13T16:09:42.894Z - 
🔄 DK: Traitement...
2026-02-13T16:09:42.900Z -   ✓ Excel chargé: 14 places
2026-02-13T16:09:42.904Z -   ✓ Master JSON: 14 places
2026-02-13T16:09:42.913Z -   ✓ Excel sauvegardé: 14 places
2026-02-13T16:09:42.914Z - 
🔄 DM: Traitement...
2026-02-13T16:09:42.914Z -   ✓ Excel chargé: 0 places
2026-02-13T16:09:42.915Z -   ✓ Master JSON: 0 places
2026-02-13T16:09:42.915Z - 
🔄 DO: Traitement...
2026-02-13T16:09:42.920Z -   ✓ Excel chargé: 15 places
2026-02-13T16:09:42.925Z -   ✓ Master JSON: 15 places
2026-02-13T16:09:42.934Z -   ✓ Excel sauvegardé: 15 places
2026-02-13T16:09:42.935Z - 
🔄 DZ: Traitement...
2026-02-13T16:09:42.935Z -   ✓ Excel chargé: 0 places
2026-02-13T16:09:42.936Z -   ✓ Master JSON: 0 places
2026-02-13T16:09:42.937Z - 
🔄 EA: Traitement...
2026-02-13T16:09:42.942Z -   ✓ Excel chargé: 23 places
2026-02-13T16:09:42.947Z -   ✓ Master JSON: 23 places
2026-02-13T16:09:42.959Z -   ✓ Excel sauvegardé: 23 places
2026-02-13T16:09:42.960Z - 
🔄 EC: Traitement...
2026-02-13T16:09:42.965Z -   ✓ Excel chargé: 13 places
2026-02-13T16:09:42.970Z -   ✓ Master JSON: 13 places
2026-02-13T16:09:42.978Z -   ✓ Excel sauvegardé: 13 places
2026-02-13T16:09:42.979Z - 
🔄 EE: Traitement...
2026-02-13T16:09:42.979Z -   ✓ Excel chargé: 0 places
2026-02-13T16:09:42.980Z -   ✓ Master JSON: 0 places
2026-02-13T16:09:42.980Z - 
🔄 EG: Traitement...
2026-02-13T16:09:42.986Z -   ✓ Excel chargé: 17 places
2026-02-13T16:09:42.990Z -   ✓ Master JSON: 17 places
2026-02-13T16:09:43.001Z -   ✓ Excel sauvegardé: 17 places
2026-02-13T16:09:43.002Z - 
🔄 ER: Traitement...
2026-02-13T16:09:43.002Z -   ✓ Excel chargé: 0 places
2026-02-13T16:09:43.003Z -   ✓ Master JSON: 0 places
2026-02-13T16:09:43.004Z - 
🔄 ES: Traitement...
2026-02-13T16:09:43.022Z -   ✓ Excel chargé: 202 places
2026-02-13T16:09:43.036Z -   ✓ Master JSON: 182 places
2026-02-13T16:09:43.093Z -   ✓ Excel sauvegardé: 202 places
2026-02-13T16:09:43.094Z - 
🔄 ET: Traitement...
2026-02-13T16:09:43.095Z -   ✓ Excel chargé: 0 places
2026-02-13T16:09:43.096Z -   ✓ Master JSON: 0 places
2026-02-13T16:09:43.097Z - 
🔄 FI: Traitement...
2026-02-13T16:09:43.101Z -   ✓ Excel chargé: 9 places
2026-02-13T16:09:43.106Z -   ✓ Master JSON: 9 places
2026-02-13T16:09:43.114Z -   ✓ Excel sauvegardé: 9 places
2026-02-13T16:09:43.114Z - 
🔄 FJ: Traitement...
2026-02-13T16:09:43.115Z -   ✓ Excel chargé: 0 places
2026-02-13T16:09:43.115Z -   ✓ Master JSON: 0 places
2026-02-13T16:09:43.116Z - 
🔄 FM: Traitement...
2026-02-13T16:09:43.116Z -   ✓ Excel chargé: 0 places
2026-02-13T16:09:43.117Z -   ✓ Master JSON: 0 places
2026-02-13T16:09:43.117Z - 
🔄 FR: Traitement...
2026-02-13T16:09:43.205Z -   ✓ Excel chargé: 1264 places
2026-02-13T16:09:43.332Z -   ✓ Master JSON: 1182 places
2026-02-13T16:09:43.333Z -   ✓ 1 nouvelles places ajoutées
2026-02-13T16:09:58.338Z -   ✓ Excel sauvegardé: 1265 places
2026-02-13T16:09:58.341Z - 
🔄 GA: Traitement...
2026-02-13T16:09:58.342Z -   ✓ Excel chargé: 0 places
2026-02-13T16:09:58.343Z -   ✓ Master JSON: 0 places
2026-02-13T16:09:58.345Z - 
🔄 GB: Traitement...
2026-02-13T16:09:58.385Z -   ✓ Excel chargé: 175 places
2026-02-13T16:09:58.433Z -   ✓ Master JSON: 171 places
2026-02-13T16:09:58.503Z -   ✓ Excel sauvegardé: 175 places
2026-02-13T16:09:58.504Z - 
🔄 GD: Traitement...
2026-02-13T16:09:58.506Z -   ✓ Excel chargé: 0 places
2026-02-13T16:09:58.507Z -   ✓ Master JSON: 0 places
2026-02-13T16:09:58.508Z - 
🔄 GE: Traitement...
2026-02-13T16:09:58.517Z -   ✓ Excel chargé: 19 places
2026-02-13T16:09:58.523Z -   ✓ Master JSON: 19 places
2026-02-13T16:09:58.534Z -   ✓ Excel sauvegardé: 19 places
2026-02-13T16:09:58.535Z - 
🔄 GF: Traitement...
2026-02-13T16:09:58.535Z -   ✓ Excel chargé: 0 places
2026-02-13T16:09:58.541Z -   ✓ Master JSON: 5 places
2026-02-13T16:09:58.542Z -   ✓ 5 nouvelles places ajoutées
2026-02-13T16:10:30.056Z -   ✓ Excel sauvegardé: 5 places
2026-02-13T16:10:30.058Z - 
🔄 GH: Traitement...
2026-02-13T16:10:30.061Z -   ✓ Excel chargé: 0 places
2026-02-13T16:10:30.065Z -   ✓ Master JSON: 0 places
2026-02-13T16:10:30.067Z - 
🔄 GM: Traitement...
2026-02-13T16:10:30.068Z -   ✓ Excel chargé: 0 places
2026-02-13T16:10:30.070Z -   ✓ Master JSON: 0 places
2026-02-13T16:10:30.071Z - 
🔄 GN: Traitement...
2026-02-13T16:10:30.073Z -   ✓ Excel chargé: 0 places
2026-02-13T16:10:30.074Z -   ✓ Master JSON: 0 places
2026-02-13T16:10:30.076Z - 
🔄 GP: Traitement...
2026-02-13T16:10:30.121Z -   ✓ Excel chargé: 8 places
2026-02-13T16:10:30.133Z -   ✓ Master JSON: 8 places
2026-02-13T16:10:30.158Z -   ✓ Excel sauvegardé: 8 places
2026-02-13T16:10:30.160Z - 
🔄 GQ: Traitement...
2026-02-13T16:10:30.163Z -   ✓ Excel chargé: 0 places
2026-02-13T16:10:30.164Z -   ✓ Master JSON: 0 places
2026-02-13T16:10:30.166Z - 
🔄 GR: Traitement...
2026-02-13T16:10:30.227Z -   ✓ Excel chargé: 106 places
2026-02-13T16:10:30.245Z -   ✓ Master JSON: 105 places
2026-02-13T16:10:30.294Z -   ✓ Excel sauvegardé: 106 places
2026-02-13T16:10:30.295Z - 
🔄 GT: Traitement...
2026-02-13T16:10:30.304Z -   ✓ Excel chargé: 6 places
2026-02-13T16:10:30.315Z -   ✓ Master JSON: 6 places
2026-02-13T16:10:30.323Z -   ✓ Excel sauvegardé: 6 places
2026-02-13T16:10:30.324Z - 
🔄 GW: Traitement...
2026-02-13T16:10:30.325Z -   ✓ Excel chargé: 0 places
2026-02-13T16:10:30.327Z -   ✓ Master JSON: 0 places
2026-02-13T16:10:30.329Z - 
🔄 GY: Traitement...
2026-02-13T16:10:30.329Z -   ✓ Excel chargé: 0 places
2026-02-13T16:10:30.330Z -   ✓ Master JSON: 0 places
2026-02-13T16:10:30.331Z - 
🔄 HN: Traitement...
2026-02-13T16:10:30.332Z -   ✓ Excel chargé: 0 places
2026-02-13T16:10:30.333Z -   ✓ Master JSON: 0 places
2026-02-13T16:10:30.334Z - 
🔄 HR: Traitement...
2026-02-13T16:10:30.350Z -   ✓ Excel chargé: 88 places
2026-02-13T16:10:30.366Z -   ✓ Master JSON: 71 places
2026-02-13T16:10:30.398Z -   ✓ Excel sauvegardé: 88 places
2026-02-13T16:10:30.399Z - 
🔄 HT: Traitement...
2026-02-13T16:10:30.399Z -   ✓ Excel chargé: 0 places
2026-02-13T16:10:30.400Z -   ✓ Master JSON: 0 places
2026-02-13T16:10:30.401Z - 
🔄 HU: Traitement...
2026-02-13T16:10:30.407Z -   ✓ Excel chargé: 34 places
2026-02-13T16:10:30.415Z -   ✓ Master JSON: 34 places
2026-02-13T16:10:30.426Z -   ✓ Excel sauvegardé: 34 places
2026-02-13T16:10:30.428Z - 
🔄 ID: Traitement...
2026-02-13T16:10:30.437Z -   ✓ Excel chargé: 72 places
2026-02-13T16:10:30.454Z -   ✓ Master JSON: 72 places
2026-02-13T16:10:30.482Z -   ✓ Excel sauvegardé: 72 places
2026-02-13T16:10:30.483Z - 
🔄 IE: Traitement...
2026-02-13T16:10:30.489Z -   ✓ Excel chargé: 31 places
2026-02-13T16:10:30.497Z -   ✓ Master JSON: 31 places
2026-02-13T16:10:30.513Z -   ✓ Excel sauvegardé: 31 places
2026-02-13T16:10:30.514Z - 
🔄 IL: Traitement...
2026-02-13T16:10:30.531Z -   ✓ Excel chargé: 12 places
2026-02-13T16:10:30.550Z -   ✓ Master JSON: 12 places
2026-02-13T16:10:30.567Z -   ✓ Excel sauvegardé: 12 places
2026-02-13T16:10:30.568Z - 
🔄 IN: Traitement...
2026-02-13T16:10:30.587Z -   ✓ Excel chargé: 56 places
2026-02-13T16:10:30.605Z -   ✓ Master JSON: 56 places
2026-02-13T16:10:30.632Z -   ✓ Excel sauvegardé: 56 places
2026-02-13T16:10:30.633Z - 
🔄 IQ: Traitement...
2026-02-13T16:10:30.633Z -   ✓ Excel chargé: 0 places
2026-02-13T16:10:30.634Z -   ✓ Master JSON: 0 places
2026-02-13T16:10:30.634Z - 
🔄 IR: Traitement...
2026-02-13T16:10:30.635Z -   ✓ Excel chargé: 0 places
2026-02-13T16:10:30.635Z -   ✓ Master JSON: 0 places
2026-02-13T16:10:30.636Z - 
🔄 IS: Traitement...
2026-02-13T16:10:30.641Z -   ✓ Excel chargé: 11 places
2026-02-13T16:10:30.648Z -   ✓ Master JSON: 11 places
2026-02-13T16:10:30.658Z -   ✓ Excel sauvegardé: 11 places
2026-02-13T16:10:30.659Z - 
🔄 IT: Traitement...
2026-02-13T16:10:30.717Z -   ✓ Excel chargé: 503 places
2026-02-13T16:10:30.781Z -   ✓ Master JSON: 447 places
2026-02-13T16:10:30.968Z -   ✓ Excel sauvegardé: 503 places
2026-02-13T16:10:30.969Z - 
🔄 JM: Traitement...
2026-02-13T16:10:30.970Z -   ✓ Excel chargé: 0 places
2026-02-13T16:10:30.970Z -   ✓ Master JSON: 0 places
2026-02-13T16:10:30.971Z - 
🔄 JO: Traitement...
2026-02-13T16:10:30.982Z -   ✓ Excel chargé: 7 places
2026-02-13T16:10:30.988Z -   ✓ Master JSON: 7 places
2026-02-13T16:10:31.003Z -   ✓ Excel sauvegardé: 7 places
2026-02-13T16:10:31.005Z - 
🔄 JP: Traitement...
2026-02-13T16:10:31.034Z -   ✓ Excel chargé: 113 places
2026-02-13T16:10:31.070Z -   ✓ Master JSON: 113 places
2026-02-13T16:10:31.105Z -   ✓ Excel sauvegardé: 113 places
2026-02-13T16:10:31.106Z - 
🔄 KE: Traitement...
2026-02-13T16:10:31.106Z -   ✓ Excel chargé: 0 places
2026-02-13T16:10:31.107Z -   ✓ Master JSON: 0 places
2026-02-13T16:10:31.107Z - 
🔄 KG: Traitement...
2026-02-13T16:10:31.108Z -   ✓ Excel chargé: 0 places
2026-02-13T16:10:31.108Z -   ✓ Master JSON: 0 places
2026-02-13T16:10:31.109Z - 
🔄 KH: Traitement...
2026-02-13T16:10:31.115Z -   ✓ Excel chargé: 9 places
2026-02-13T16:10:31.119Z -   ✓ Master JSON: 8 places
2026-02-13T16:10:31.130Z -   ✓ Excel sauvegardé: 9 places
2026-02-13T16:10:31.130Z - 
🔄 KI: Traitement...
2026-02-13T16:10:31.131Z -   ✓ Excel chargé: 0 places
2026-02-13T16:10:31.131Z -   ✓ Master JSON: 0 places
2026-02-13T16:10:31.132Z - 
🔄 KM: Traitement...
2026-02-13T16:10:31.132Z -   ✓ Excel chargé: 0 places
2026-02-13T16:10:31.133Z -   ✓ Master JSON: 0 places
2026-02-13T16:10:31.133Z - 
🔄 KN: Traitement...
2026-02-13T16:10:31.134Z -   ✓ Excel chargé: 0 places
2026-02-13T16:10:31.134Z -   ✓ Master JSON: 0 places
2026-02-13T16:10:31.135Z - 
🔄 KP: Traitement...
2026-02-13T16:10:31.136Z -   ✓ Excel chargé: 0 places
2026-02-13T16:10:31.136Z -   ✓ Master JSON: 0 places
2026-02-13T16:10:31.137Z - 
🔄 KR: Traitement...
2026-02-13T16:10:31.144Z -   ✓ Excel chargé: 5 places
2026-02-13T16:10:31.148Z -   ✓ Master JSON: 5 places
2026-02-13T16:10:31.153Z -   ✓ Excel sauvegardé: 5 places
2026-02-13T16:10:31.154Z - 
🔄 KW: Traitement...
2026-02-13T16:10:31.154Z -   ✓ Excel chargé: 0 places
2026-02-13T16:10:31.155Z -   ✓ Master JSON: 0 places
2026-02-13T16:10:31.156Z - 
🔄 KZ: Traitement...
2026-02-13T16:10:31.167Z -   ✓ Excel chargé: 19 places
2026-02-13T16:10:31.176Z -   ✓ Master JSON: 19 places
2026-02-13T16:10:31.188Z -   ✓ Excel sauvegardé: 19 places
2026-02-13T16:10:31.189Z - 
🔄 LA: Traitement...
2026-02-13T16:10:31.197Z -   ✓ Excel chargé: 43 places
2026-02-13T16:10:31.206Z -   ✓ Master JSON: 21 places
2026-02-13T16:10:31.223Z -   ✓ Excel sauvegardé: 43 places
2026-02-13T16:10:31.224Z - 
🔄 LB: Traitement...
2026-02-13T16:10:31.225Z -   ✓ Excel chargé: 0 places
2026-02-13T16:10:31.226Z -   ✓ Master JSON: 0 places
2026-02-13T16:10:31.229Z - 
🔄 LC: Traitement...
2026-02-13T16:10:31.229Z -   ✓ Excel chargé: 0 places
2026-02-13T16:10:31.230Z -   ✓ Master JSON: 0 places
2026-02-13T16:10:31.231Z - 
🔄 LI: Traitement...
2026-02-13T16:10:31.231Z -   ✓ Excel chargé: 0 places
2026-02-13T16:10:31.232Z -   ✓ Master JSON: 0 places
2026-02-13T16:10:31.233Z - 
🔄 LK: Traitement...
2026-02-13T16:10:31.239Z -   ✓ Excel chargé: 34 places
2026-02-13T16:10:31.248Z -   ✓ Master JSON: 34 places
2026-02-13T16:10:31.263Z -   ✓ Excel sauvegardé: 34 places
2026-02-13T16:10:31.264Z - 
🔄 LR: Traitement...
2026-02-13T16:10:31.265Z -   ✓ Excel chargé: 0 places
2026-02-13T16:10:31.266Z -   ✓ Master JSON: 0 places
2026-02-13T16:10:31.267Z - 
🔄 LS: Traitement...
2026-02-13T16:10:31.268Z -   ✓ Excel chargé: 0 places
2026-02-13T16:10:31.269Z -   ✓ Master JSON: 0 places
2026-02-13T16:10:31.270Z - 
🔄 LT: Traitement...
2026-02-13T16:10:31.287Z -   ✓ Excel chargé: 4 places
2026-02-13T16:10:31.300Z -   ✓ Master JSON: 4 places
2026-02-13T16:10:31.308Z -   ✓ Excel sauvegardé: 4 places
2026-02-13T16:10:31.309Z - 
🔄 LU: Traitement...
2026-02-13T16:10:31.309Z -   ✓ Excel chargé: 0 places
2026-02-13T16:10:31.310Z -   ✓ Master JSON: 0 places
2026-02-13T16:10:31.312Z - 
🔄 LV: Traitement...
2026-02-13T16:10:31.318Z -   ✓ Excel chargé: 11 places
2026-02-13T16:10:31.323Z -   ✓ Master JSON: 11 places
2026-02-13T16:10:31.334Z -   ✓ Excel sauvegardé: 11 places
2026-02-13T16:10:31.334Z - 
🔄 LY: Traitement...
2026-02-13T16:10:31.335Z -   ✓ Excel chargé: 0 places
2026-02-13T16:10:31.335Z -   ✓ Master JSON: 0 places
2026-02-13T16:10:31.336Z - 
🔄 MA: Traitement...
2026-02-13T16:10:31.341Z -   ✓ Excel chargé: 5 places
2026-02-13T16:10:31.348Z -   ✓ Master JSON: 5 places
2026-02-13T16:10:31.354Z -   ✓ Excel sauvegardé: 5 places
2026-02-13T16:10:31.355Z - 
🔄 MC: Traitement...
2026-02-13T16:10:31.355Z -   ✓ Excel chargé: 0 places
2026-02-13T16:10:31.356Z -   ✓ Master JSON: 0 places
2026-02-13T16:10:31.357Z - 
🔄 MD: Traitement...
2026-02-13T16:10:31.363Z -   ✓ Excel chargé: 6 places
2026-02-13T16:10:31.367Z -   ✓ Master JSON: 6 places
2026-02-13T16:10:31.375Z -   ✓ Excel sauvegardé: 6 places
2026-02-13T16:10:31.379Z - 
🔄 ME: Traitement...
2026-02-13T16:10:31.390Z -   ✓ Excel chargé: 12 places
2026-02-13T16:10:31.396Z -   ✓ Master JSON: 12 places
2026-02-13T16:10:31.403Z -   ✓ Excel sauvegardé: 12 places
2026-02-13T16:10:31.404Z - 
🔄 MF: Traitement...
2026-02-13T16:10:31.404Z -   ✓ Excel chargé: 0 places
2026-02-13T16:10:31.408Z -   ✓ Master JSON: 4 places
2026-02-13T16:10:31.408Z -   ✓ 4 nouvelles places ajoutées
2026-02-13T16:11:00.854Z -   ✓ Excel sauvegardé: 4 places
2026-02-13T16:11:00.856Z - 
🔄 MG: Traitement...
2026-02-13T16:11:00.884Z -   ✓ Excel chargé: 19 places
2026-02-13T16:11:00.910Z -   ✓ Master JSON: 19 places
2026-02-13T16:11:00.925Z -   ✓ Excel sauvegardé: 19 places
2026-02-13T16:11:00.926Z - 
🔄 MH: Traitement...
2026-02-13T16:11:00.927Z -   ✓ Excel chargé: 0 places
2026-02-13T16:11:00.928Z -   ✓ Master JSON: 0 places
2026-02-13T16:11:00.930Z - 
🔄 MK: Traitement...
2026-02-13T16:11:00.931Z -   ✓ Excel chargé: 0 places
2026-02-13T16:11:00.932Z -   ✓ Master JSON: 0 places
2026-02-13T16:11:00.933Z - 
🔄 ML: Traitement...
2026-02-13T16:11:00.934Z -   ✓ Excel chargé: 0 places
2026-02-13T16:11:00.935Z -   ✓ Master JSON: 0 places
2026-02-13T16:11:00.935Z - 
🔄 MM: Traitement...
2026-02-13T16:11:00.936Z -   ✓ Excel chargé: 0 places
2026-02-13T16:11:00.936Z -   ✓ Master JSON: 0 places
2026-02-13T16:11:00.937Z - 
🔄 MN: Traitement...
2026-02-13T16:11:00.942Z -   ✓ Excel chargé: 24 places
2026-02-13T16:11:00.947Z -   ✓ Master JSON: 24 places
2026-02-13T16:11:00.957Z -   ✓ Excel sauvegardé: 24 places
2026-02-13T16:11:00.958Z - 
🔄 MQ: Traitement...
2026-02-13T16:11:00.962Z -   ✓ Excel chargé: 5 places
2026-02-13T16:11:00.968Z -   ✓ Master JSON: 5 places
2026-02-13T16:11:00.973Z -   ✓ Excel sauvegardé: 5 places
2026-02-13T16:11:00.974Z - 
🔄 MR: Traitement...
2026-02-13T16:11:00.974Z -   ✓ Excel chargé: 0 places
2026-02-13T16:11:00.975Z -   ✓ Master JSON: 0 places
2026-02-13T16:11:00.975Z - 
🔄 MT: Traitement...
2026-02-13T16:11:00.976Z -   ✓ Excel chargé: 0 places
2026-02-13T16:11:00.976Z -   ✓ Master JSON: 0 places
2026-02-13T16:11:00.977Z - 
🔄 MU: Traitement...
2026-02-13T16:11:00.983Z -   ✓ Excel chargé: 14 places
2026-02-13T16:11:00.988Z -   ✓ Master JSON: 14 places
2026-02-13T16:11:01.000Z -   ✓ Excel sauvegardé: 14 places
2026-02-13T16:11:01.002Z - 
🔄 MV: Traitement...
2026-02-13T16:11:01.003Z -   ✓ Excel chargé: 0 places
2026-02-13T16:11:01.004Z -   ✓ Master JSON: 0 places
2026-02-13T16:11:01.010Z - 
🔄 MW: Traitement...
2026-02-13T16:11:01.011Z -   ✓ Excel chargé: 0 places
2026-02-13T16:11:01.014Z -   ✓ Master JSON: 0 places
2026-02-13T16:11:01.017Z - 
🔄 MX: Traitement...
2026-02-13T16:11:01.029Z -   ✓ Excel chargé: 27 places
2026-02-13T16:11:01.045Z -   ✓ Master JSON: 27 places
2026-02-13T16:11:01.073Z -   ✓ Excel sauvegardé: 27 places
2026-02-13T16:11:01.075Z - 
🔄 MY: Traitement...
2026-02-13T16:11:01.087Z -   ✓ Excel chargé: 6 places
2026-02-13T16:11:01.095Z -   ✓ Master JSON: 6 places
2026-02-13T16:11:01.119Z -   ✓ Excel sauvegardé: 6 places
2026-02-13T16:11:01.121Z - 
🔄 MZ: Traitement...
2026-02-13T16:11:01.123Z -   ✓ Excel chargé: 0 places
2026-02-13T16:11:01.125Z -   ✓ Master JSON: 0 places
2026-02-13T16:11:01.127Z - 
🔄 NA: Traitement...
2026-02-13T16:11:01.159Z -   ✓ Excel chargé: 49 places
2026-02-13T16:11:01.172Z -   ✓ Master JSON: 27 places
2026-02-13T16:11:01.192Z -   ✓ Excel sauvegardé: 49 places
2026-02-13T16:11:01.192Z - 
🔄 NC: Traitement...
2026-02-13T16:11:01.193Z -   ✓ Excel chargé: 0 places
2026-02-13T16:11:01.197Z -   ✓ Master JSON: 5 places
2026-02-13T16:11:01.197Z -   ✓ 5 nouvelles places ajoutées
2026-02-13T16:11:22.028Z -   ✓ Excel sauvegardé: 5 places
2026-02-13T16:11:22.030Z - 
🔄 NE: Traitement...
2026-02-13T16:11:22.032Z -   ✓ Excel chargé: 0 places
2026-02-13T16:11:22.033Z -   ✓ Master JSON: 0 places
2026-02-13T16:11:22.035Z - 
🔄 NG: Traitement...
2026-02-13T16:11:22.037Z -   ✓ Excel chargé: 0 places
2026-02-13T16:11:22.038Z -   ✓ Master JSON: 0 places
2026-02-13T16:11:22.040Z - 
🔄 NI: Traitement...
2026-02-13T16:11:22.059Z -   ✓ Excel chargé: 45 places
2026-02-13T16:11:22.071Z -   ✓ Master JSON: 19 places
2026-02-13T16:11:22.093Z -   ✓ Excel sauvegardé: 45 places
2026-02-13T16:11:22.095Z - 
🔄 NL: Traitement...
2026-02-13T16:11:22.103Z -   ✓ Excel chargé: 28 places
2026-02-13T16:11:22.108Z -   ✓ Master JSON: 28 places
2026-02-13T16:11:22.121Z -   ✓ Excel sauvegardé: 28 places
2026-02-13T16:11:22.121Z - 
🔄 NO: Traitement...
2026-02-13T16:11:22.127Z -   ✓ Excel chargé: 16 places
2026-02-13T16:11:22.133Z -   ✓ Master JSON: 4 places
2026-02-13T16:11:22.147Z -   ✓ Excel sauvegardé: 16 places
2026-02-13T16:11:22.148Z - 
🔄 NORMANDIE-15J: Traitement...
2026-02-13T16:11:22.149Z -   ✓ Excel chargé: 0 places
2026-02-13T16:11:22.150Z -   ✓ Master JSON: 0 places
2026-02-13T16:11:22.153Z - 
🔄 NP: Traitement...
2026-02-13T16:11:22.154Z -   ✓ Excel chargé: 0 places
2026-02-13T16:11:22.155Z -   ✓ Master JSON: 0 places
2026-02-13T16:11:22.155Z - 
🔄 NR: Traitement...
2026-02-13T16:11:22.156Z -   ✓ Excel chargé: 0 places
2026-02-13T16:11:22.157Z -   ✓ Master JSON: 0 places
2026-02-13T16:11:22.157Z - 
🔄 NZ: Traitement...
2026-02-13T16:11:22.166Z -   ✓ Excel chargé: 44 places
2026-02-13T16:11:22.172Z -   ✓ Master JSON: 33 places
2026-02-13T16:11:22.190Z -   ✓ Excel sauvegardé: 44 places
2026-02-13T16:11:22.190Z - 
🔄 OM: Traitement...
2026-02-13T16:11:22.195Z -   ✓ Excel chargé: 5 places
2026-02-13T16:11:22.200Z -   ✓ Master JSON: 5 places
2026-02-13T16:11:22.207Z -   ✓ Excel sauvegardé: 5 places
2026-02-13T16:11:22.208Z - 
🔄 PA: Traitement...
2026-02-13T16:11:22.222Z -   ✓ Excel chargé: 9 places
2026-02-13T16:11:22.226Z -   ✓ Master JSON: 8 places
2026-02-13T16:11:22.236Z -   ✓ Excel sauvegardé: 9 places
2026-02-13T16:11:22.237Z - 
🔄 PE: Traitement...
2026-02-13T16:11:22.243Z -   ✓ Excel chargé: 19 places
2026-02-13T16:11:22.251Z -   ✓ Master JSON: 19 places
2026-02-13T16:11:22.264Z -   ✓ Excel sauvegardé: 19 places
2026-02-13T16:11:22.264Z - 
🔄 PF: Traitement...
2026-02-13T16:11:22.274Z -   ✓ Excel chargé: 31 places
2026-02-13T16:11:22.287Z -   ✓ Master JSON: 31 places
2026-02-13T16:11:22.287Z -   ✓ 1 nouvelles places ajoutées
2026-02-13T16:11:24.987Z -   ✓ Excel sauvegardé: 32 places
2026-02-13T16:11:24.988Z - 
🔄 PG: Traitement...
2026-02-13T16:11:24.989Z -   ✓ Excel chargé: 0 places
2026-02-13T16:11:24.990Z -   ✓ Master JSON: 0 places
2026-02-13T16:11:24.991Z - 
🔄 PH: Traitement...
2026-02-13T16:11:25.002Z -   ✓ Excel chargé: 11 places
2026-02-13T16:11:25.009Z -   ✓ Master JSON: 11 places
2026-02-13T16:11:25.028Z -   ✓ Excel sauvegardé: 11 places
2026-02-13T16:11:25.033Z - 
🔄 PK: Traitement...
2026-02-13T16:11:25.034Z -   ✓ Excel chargé: 0 places
2026-02-13T16:11:25.040Z -   ✓ Master JSON: 0 places
2026-02-13T16:11:25.041Z - 
🔄 PL: Traitement...
2026-02-13T16:11:25.054Z -   ✓ Excel chargé: 35 places
2026-02-13T16:11:25.064Z -   ✓ Master JSON: 35 places
2026-02-13T16:11:25.080Z -   ✓ Excel sauvegardé: 35 places
2026-02-13T16:11:25.081Z - 
🔄 PM: Traitement...
2026-02-13T16:11:25.082Z -   ✓ Excel chargé: 0 places
2026-02-13T16:11:25.083Z -   ✓ Master JSON: 0 places
2026-02-13T16:11:25.084Z - 
🔄 PT: Traitement...
2026-02-13T16:11:25.095Z -   ✓ Excel chargé: 66 places
2026-02-13T16:11:25.109Z -   ✓ Master JSON: 49 places
2026-02-13T16:11:25.143Z -   ✓ Excel sauvegardé: 66 places
2026-02-13T16:11:25.145Z - 
🔄 PW: Traitement...
2026-02-13T16:11:25.146Z -   ✓ Excel chargé: 0 places
2026-02-13T16:11:25.152Z -   ✓ Master JSON: 0 places
2026-02-13T16:11:25.155Z - 
🔄 PY: Traitement...
2026-02-13T16:11:25.166Z -   ✓ Excel chargé: 4 places
2026-02-13T16:11:25.173Z -   ✓ Master JSON: 4 places
2026-02-13T16:11:25.181Z -   ✓ Excel sauvegardé: 4 places
2026-02-13T16:11:25.182Z - 
🔄 QA: Traitement...
2026-02-13T16:11:25.183Z -   ✓ Excel chargé: 0 places
2026-02-13T16:11:25.184Z -   ✓ Master JSON: 0 places
2026-02-13T16:11:25.185Z - 
🔄 RE: Traitement...
2026-02-13T16:11:25.186Z -   ✓ Excel chargé: 0 places
2026-02-13T16:11:25.187Z -   ✓ Master JSON: 0 places
2026-02-13T16:11:25.189Z - 
🔄 RO: Traitement...
2026-02-13T16:11:25.199Z -   ✓ Excel chargé: 15 places
2026-02-13T16:11:25.209Z -   ✓ Master JSON: 13 places
2026-02-13T16:11:25.231Z -   ✓ Excel sauvegardé: 15 places
2026-02-13T16:11:25.233Z - 
🔄 RS: Traitement...
2026-02-13T16:11:25.242Z -   ✓ Excel chargé: 14 places
2026-02-13T16:11:25.247Z -   ✓ Master JSON: 14 places
2026-02-13T16:11:25.271Z -   ✓ Excel sauvegardé: 14 places
2026-02-13T16:11:25.275Z - 
🔄 RT IMPORTÉS: Traitement...
2026-02-13T16:11:25.276Z -   ✓ Excel chargé: 0 places
2026-02-13T16:11:25.277Z -   ✓ Master JSON: 0 places
2026-02-13T16:11:25.278Z - 
🔄 RU: Traitement...
2026-02-13T16:11:25.279Z -   ✓ Excel chargé: 0 places
2026-02-13T16:11:25.280Z -   ✓ Master JSON: 0 places
2026-02-13T16:11:25.281Z - 
🔄 RW: Traitement...
2026-02-13T16:11:25.282Z -   ✓ Excel chargé: 0 places
2026-02-13T16:11:25.283Z -   ✓ Master JSON: 0 places
2026-02-13T16:11:25.284Z - 
🔄 SA: Traitement...
2026-02-13T16:11:25.284Z -   ✓ Excel chargé: 0 places
2026-02-13T16:11:25.285Z -   ✓ Master JSON: 0 places
2026-02-13T16:11:25.286Z - 
🔄 SB: Traitement...
2026-02-13T16:11:25.287Z -   ✓ Excel chargé: 0 places
2026-02-13T16:11:25.289Z -   ✓ Master JSON: 0 places
2026-02-13T16:11:25.291Z - 
🔄 SC: Traitement...
2026-02-13T16:11:25.292Z -   ✓ Excel chargé: 0 places
2026-02-13T16:11:25.293Z -   ✓ Master JSON: 0 places
2026-02-13T16:11:25.295Z - 
🔄 SD: Traitement...
2026-02-13T16:11:25.296Z -   ✓ Excel chargé: 0 places
2026-02-13T16:11:25.298Z -   ✓ Master JSON: 0 places
2026-02-13T16:11:25.299Z - 
🔄 SE: Traitement...
2026-02-13T16:11:25.320Z -   ✓ Excel chargé: 42 places
2026-02-13T16:11:25.334Z -   ✓ Master JSON: 42 places
2026-02-13T16:11:25.359Z -   ✓ Excel sauvegardé: 42 places
2026-02-13T16:11:25.360Z - 
🔄 SG: Traitement...
2026-02-13T16:11:25.360Z -   ✓ Excel chargé: 0 places
2026-02-13T16:11:25.361Z -   ✓ Master JSON: 0 places
2026-02-13T16:11:25.362Z - 
🔄 SI: Traitement...
2026-02-13T16:11:25.372Z -   ✓ Excel chargé: 9 places
2026-02-13T16:11:25.380Z -   ✓ Master JSON: 9 places
2026-02-13T16:11:25.388Z -   ✓ Excel sauvegardé: 9 places
2026-02-13T16:11:25.389Z - 
🔄 SK: Traitement...
2026-02-13T16:11:25.401Z -   ✓ Excel chargé: 11 places
2026-02-13T16:11:25.411Z -   ✓ Master JSON: 11 places
2026-02-13T16:11:25.418Z -   ✓ Excel sauvegardé: 11 places
2026-02-13T16:11:25.419Z - 
🔄 SL: Traitement...
2026-02-13T16:11:25.420Z -   ✓ Excel chargé: 0 places
2026-02-13T16:11:25.421Z -   ✓ Master JSON: 0 places
2026-02-13T16:11:25.421Z - 
🔄 SM: Traitement...
2026-02-13T16:11:25.422Z -   ✓ Excel chargé: 0 places
2026-02-13T16:11:25.423Z -   ✓ Master JSON: 0 places
2026-02-13T16:11:25.423Z - 
🔄 SN: Traitement...
2026-02-13T16:11:25.428Z -   ✓ Excel chargé: 8 places
2026-02-13T16:11:25.449Z -   ✓ Master JSON: 8 places
2026-02-13T16:11:25.460Z -   ✓ Excel sauvegardé: 8 places
2026-02-13T16:11:25.461Z - 
🔄 SO: Traitement...
2026-02-13T16:11:25.461Z -   ✓ Excel chargé: 0 places
2026-02-13T16:11:25.462Z -   ✓ Master JSON: 0 places
2026-02-13T16:11:25.463Z - 
🔄 SR: Traitement...
2026-02-13T16:11:25.471Z -   ✓ Excel chargé: 10 places
2026-02-13T16:11:25.472Z -   ✓ Master JSON: 0 places
2026-02-13T16:11:25.490Z -   ✓ Excel sauvegardé: 10 places
2026-02-13T16:11:25.491Z - 
🔄 SS: Traitement...
2026-02-13T16:11:25.492Z -   ✓ Excel chargé: 0 places
2026-02-13T16:11:25.493Z -   ✓ Master JSON: 0 places
2026-02-13T16:11:25.495Z - 
🔄 ST: Traitement...
2026-02-13T16:11:25.495Z -   ✓ Excel chargé: 0 places
2026-02-13T16:11:25.497Z -   ✓ Master JSON: 0 places
2026-02-13T16:11:25.498Z - 
🔄 SV: Traitement...
2026-02-13T16:11:25.505Z -   ✓ Excel chargé: 9 places
2026-02-13T16:11:25.510Z -   ✓ Master JSON: 9 places
2026-02-13T16:11:25.519Z -   ✓ Excel sauvegardé: 9 places
2026-02-13T16:11:25.520Z - 
🔄 SY: Traitement...
2026-02-13T16:11:25.520Z -   ✓ Excel chargé: 0 places
2026-02-13T16:11:25.521Z -   ✓ Master JSON: 0 places
2026-02-13T16:11:25.521Z - 
🔄 SZ: Traitement...
2026-02-13T16:11:25.522Z -   ✓ Excel chargé: 0 places
2026-02-13T16:11:25.522Z -   ✓ Master JSON: 0 places
2026-02-13T16:11:25.523Z - 
🔄 TD: Traitement...
2026-02-13T16:11:25.523Z -   ✓ Excel chargé: 0 places
2026-02-13T16:11:25.524Z -   ✓ Master JSON: 0 places
2026-02-13T16:11:25.525Z - 
🔄 TG: Traitement...
2026-02-13T16:11:25.525Z -   ✓ Excel chargé: 0 places
2026-02-13T16:11:25.526Z -   ✓ Master JSON: 0 places
2026-02-13T16:11:25.527Z - 
🔄 TH: Traitement...
2026-02-13T16:11:25.534Z -   ✓ Excel chargé: 24 places
2026-02-13T16:11:25.542Z -   ✓ Master JSON: 24 places
2026-02-13T16:11:25.558Z -   ✓ Excel sauvegardé: 24 places
2026-02-13T16:11:25.559Z - 
🔄 TJ: Traitement...
2026-02-13T16:11:25.560Z -   ✓ Excel chargé: 0 places
2026-02-13T16:11:25.562Z -   ✓ Master JSON: 0 places
2026-02-13T16:11:25.565Z - 
🔄 TL: Traitement...
2026-02-13T16:11:25.566Z -   ✓ Excel chargé: 0 places
2026-02-13T16:11:25.567Z -   ✓ Master JSON: 0 places
2026-02-13T16:11:25.568Z - 
🔄 TM: Traitement...
2026-02-13T16:11:25.580Z -   ✓ Excel chargé: 8 places
2026-02-13T16:11:25.586Z -   ✓ Master JSON: 8 places
2026-02-13T16:11:25.595Z -   ✓ Excel sauvegardé: 8 places
2026-02-13T16:11:25.596Z - 
🔄 TN: Traitement...
2026-02-13T16:11:25.596Z -   ✓ Excel chargé: 0 places
2026-02-13T16:11:25.597Z -   ✓ Master JSON: 0 places
2026-02-13T16:11:25.598Z - 
🔄 TO: Traitement...
2026-02-13T16:11:25.599Z -   ✓ Excel chargé: 0 places
2026-02-13T16:11:25.600Z -   ✓ Master JSON: 0 places
2026-02-13T16:11:25.600Z - 
🔄 TR: Traitement...
2026-02-13T16:11:25.620Z -   ✓ Excel chargé: 61 places
2026-02-13T16:11:25.650Z -   ✓ Master JSON: 60 places
2026-02-13T16:11:25.679Z -   ✓ Excel sauvegardé: 61 places
2026-02-13T16:11:25.681Z - 
🔄 TT: Traitement...
2026-02-13T16:11:25.681Z -   ✓ Excel chargé: 0 places
2026-02-13T16:11:25.682Z -   ✓ Master JSON: 0 places
2026-02-13T16:11:25.683Z - 
🔄 TV: Traitement...
2026-02-13T16:11:25.684Z -   ✓ Excel chargé: 0 places
2026-02-13T16:11:25.684Z -   ✓ Master JSON: 0 places
2026-02-13T16:11:25.685Z - 
🔄 TZ: Traitement...
2026-02-13T16:11:25.691Z -   ✓ Excel chargé: 17 places
2026-02-13T16:11:25.699Z -   ✓ Master JSON: 17 places
2026-02-13T16:11:25.717Z -   ✓ Excel sauvegardé: 17 places
2026-02-13T16:11:25.727Z - 
🔄 UA: Traitement...
2026-02-13T16:11:25.729Z -   ✓ Excel chargé: 0 places
2026-02-13T16:11:25.734Z -   ✓ Master JSON: 0 places
2026-02-13T16:11:25.735Z - 
🔄 UG: Traitement...
2026-02-13T16:11:25.736Z -   ✓ Excel chargé: 0 places
2026-02-13T16:11:25.737Z -   ✓ Master JSON: 0 places
2026-02-13T16:11:25.738Z - 
🔄 US: Traitement...
2026-02-13T16:11:25.795Z -   ✓ Excel chargé: 540 places
2026-02-13T16:11:25.878Z -   ✓ Master JSON: 412 places
2026-02-13T16:11:26.116Z -   ✓ Excel sauvegardé: 540 places
2026-02-13T16:11:26.118Z - 
🔄 UY: Traitement...
2026-02-13T16:11:26.120Z -   ✓ Excel chargé: 0 places
2026-02-13T16:11:26.121Z -   ✓ Master JSON: 0 places
2026-02-13T16:11:26.123Z - 
🔄 UZ: Traitement...
2026-02-13T16:11:26.131Z -   ✓ Excel chargé: 6 places
2026-02-13T16:11:26.144Z -   ✓ Master JSON: 6 places
2026-02-13T16:11:26.188Z -   ✓ Excel sauvegardé: 6 places
2026-02-13T16:11:26.208Z - 
🔄 VA: Traitement...
2026-02-13T16:11:26.211Z -   ✓ Excel chargé: 0 places
2026-02-13T16:11:26.213Z -   ✓ Master JSON: 0 places
2026-02-13T16:11:26.215Z - 
🔄 VAL-DE-MARNE-10-JOURS: Traitement...
2026-02-13T16:11:26.215Z -   ✓ Excel chargé: 0 places
2026-02-13T16:11:26.217Z -   ✓ Master JSON: 0 places
2026-02-13T16:11:26.218Z - 
🔄 VC: Traitement...
2026-02-13T16:11:26.219Z -   ✓ Excel chargé: 0 places
2026-02-13T16:11:26.220Z -   ✓ Master JSON: 0 places
2026-02-13T16:11:26.223Z - 
🔄 VE: Traitement...
2026-02-13T16:11:26.223Z -   ✓ Excel chargé: 0 places
2026-02-13T16:11:26.224Z -   ✓ Master JSON: 0 places
2026-02-13T16:11:26.226Z - 
🔄 VN: Traitement...
2026-02-13T16:11:26.246Z -   ✓ Excel chargé: 27 places
2026-02-13T16:11:26.257Z -   ✓ Master JSON: 26 places
2026-02-13T16:11:26.280Z -   ✓ Excel sauvegardé: 27 places
2026-02-13T16:11:26.281Z - 
🔄 VU: Traitement...
2026-02-13T16:11:26.283Z -   ✓ Excel chargé: 0 places
2026-02-13T16:11:26.284Z -   ✓ Master JSON: 0 places
2026-02-13T16:11:26.286Z - 
🔄 WF: Traitement...
2026-02-13T16:11:26.286Z -   ✓ Excel chargé: 0 places
2026-02-13T16:11:26.287Z -   ✓ Master JSON: 0 places
2026-02-13T16:11:26.288Z - 
🔄 WS: Traitement...
2026-02-13T16:11:26.289Z -   ✓ Excel chargé: 0 places
2026-02-13T16:11:26.290Z -   ✓ Master JSON: 0 places
2026-02-13T16:11:26.291Z - 
🔄 XX: Traitement...
2026-02-13T16:11:26.292Z -   ✓ Excel chargé: 0 places
2026-02-13T16:11:26.295Z -   ✓ Master JSON: 0 places
2026-02-13T16:11:26.297Z - 
🔄 YE: Traitement...
2026-02-13T16:11:26.299Z -   ✓ Excel chargé: 0 places
2026-02-13T16:11:26.300Z -   ✓ Master JSON: 0 places
2026-02-13T16:11:26.301Z - 
🔄 YT: Traitement...
2026-02-13T16:11:26.305Z -   ✓ Excel chargé: 5 places
2026-02-13T16:11:26.312Z -   ✓ Master JSON: 5 places
2026-02-13T16:11:26.327Z -   ✓ Excel sauvegardé: 5 places
2026-02-13T16:11:26.328Z - 
🔄 ZA: Traitement...
2026-02-13T16:11:26.349Z -   ✓ Excel chargé: 114 places
2026-02-13T16:11:26.375Z -   ✓ Master JSON: 85 places
2026-02-13T16:11:26.422Z -   ✓ Excel sauvegardé: 114 places
2026-02-13T16:11:26.423Z - 
🔄 ZM: Traitement...
2026-02-13T16:11:26.423Z -   ✓ Excel chargé: 0 places
2026-02-13T16:11:26.424Z -   ✓ Master JSON: 0 places
2026-02-13T16:11:26.425Z - 
🔄 ZW: Traitement...
2026-02-13T16:11:26.426Z -   ✓ Excel chargé: 0 places
2026-02-13T16:11:26.427Z -   ✓ Master JSON: 0 places
2026-02-13T16:11:26.429Z - 
🔄 _BACKUPS: Traitement...
2026-02-13T16:11:26.429Z -   ✓ Excel chargé: 0 places
2026-02-13T16:11:26.431Z -   ✓ Master JSON: 0 places
2026-02-13T16:11:26.433Z - 
🔄 _TR_CACHE: Traitement...
2026-02-13T16:11:26.442Z -   ✓ Excel chargé: 0 places
2026-02-13T16:11:26.443Z -   ✓ Master JSON: 0 places
