2026-03-09T08:03:55.995Z - 
============================================================
2026-03-09T08:03:56.003Z - 🔄 MODE UPDATE - 09/03/2026 09:03:55
2026-03-09T08:03:56.003Z - ============================================================
2026-03-09T08:03:56.141Z - 
🔄 AD: Traitement...
2026-03-09T08:03:56.186Z -   ✓ Excel chargé: 0 places
2026-03-09T08:03:56.187Z -   ✓ Master JSON: 0 places
2026-03-09T08:03:56.188Z - 
🔄 AE: Traitement...
2026-03-09T08:03:56.203Z -   ✓ Excel chargé: 8 places
2026-03-09T08:03:56.208Z -   ✓ Master JSON: 8 places
2026-03-09T08:03:56.249Z -   ✓ Excel sauvegardé: 8 places
2026-03-09T08:03:56.250Z - 
🔄 AF: Traitement...
2026-03-09T08:03:56.262Z -   ✓ Excel chargé: 0 places
2026-03-09T08:03:56.263Z -   ✓ Master JSON: 0 places
2026-03-09T08:03:56.264Z - 
🔄 AG: Traitement...
2026-03-09T08:03:56.271Z -   ✓ Excel chargé: 0 places
2026-03-09T08:03:56.272Z -   ✓ Master JSON: 0 places
2026-03-09T08:03:56.273Z - 
🔄 AI: Traitement...
2026-03-09T08:03:56.273Z -   ✓ Excel chargé: 0 places
2026-03-09T08:03:56.274Z -   ✓ Master JSON: 0 places
2026-03-09T08:03:56.275Z - 
🔄 AL: Traitement...
2026-03-09T08:03:56.285Z -   ✓ Excel chargé: 12 places
2026-03-09T08:03:56.290Z -   ✓ Master JSON: 12 places
2026-03-09T08:03:56.303Z -   ✓ Excel sauvegardé: 12 places
2026-03-09T08:03:56.304Z - 
🔄 AM: Traitement...
2026-03-09T08:03:56.314Z -   ✓ Excel chargé: 8 places
2026-03-09T08:03:56.319Z -   ✓ Master JSON: 8 places
2026-03-09T08:03:56.332Z -   ✓ Excel sauvegardé: 8 places
2026-03-09T08:03:56.333Z - 
🔄 AO: Traitement...
2026-03-09T08:03:56.339Z -   ✓ Excel chargé: 0 places
2026-03-09T08:03:56.339Z -   ✓ Master JSON: 0 places
2026-03-09T08:03:56.340Z - 
🔄 AR: Traitement...
2026-03-09T08:03:56.364Z -   ✓ Excel chargé: 46 places
2026-03-09T08:03:56.386Z -   ✓ Master JSON: 23 places
2026-03-09T08:03:56.413Z -   ✓ Excel sauvegardé: 46 places
2026-03-09T08:03:56.414Z - 
🔄 AS: Traitement...
2026-03-09T08:03:56.415Z -   ✓ Excel chargé: 0 places
2026-03-09T08:03:56.415Z -   ✓ Master JSON: 0 places
2026-03-09T08:03:56.416Z - 
🔄 AT: Traitement...
2026-03-09T08:03:56.441Z -   ✓ Excel chargé: 45 places
2026-03-09T08:03:56.457Z -   ✓ Master JSON: 43 places
2026-03-09T08:03:56.481Z -   ✓ Excel sauvegardé: 45 places
2026-03-09T08:03:56.481Z - 
🔄 AU: Traitement...
2026-03-09T08:03:56.505Z -   ✓ Excel chargé: 74 places
2026-03-09T08:03:56.523Z -   ✓ Master JSON: 42 places
2026-03-09T08:03:56.555Z -   ✓ Excel sauvegardé: 74 places
2026-03-09T08:03:56.556Z - 
🔄 AW: Traitement...
2026-03-09T08:03:56.563Z -   ✓ Excel chargé: 0 places
2026-03-09T08:03:56.563Z -   ✓ Master JSON: 0 places
2026-03-09T08:03:56.564Z - 
🔄 AZ: Traitement...
2026-03-09T08:03:56.570Z -   ✓ Excel chargé: 0 places
2026-03-09T08:03:56.571Z -   ✓ Master JSON: 0 places
2026-03-09T08:03:56.572Z - 
🔄 BA: Traitement...
2026-03-09T08:03:56.584Z -   ✓ Excel chargé: 15 places
2026-03-09T08:03:56.595Z -   ✓ Master JSON: 15 places
2026-03-09T08:03:56.615Z -   ✓ Excel sauvegardé: 15 places
2026-03-09T08:03:56.616Z - 
🔄 BB: Traitement...
2026-03-09T08:03:56.627Z -   ✓ Excel chargé: 6 places
2026-03-09T08:03:56.638Z -   ✓ Master JSON: 6 places
2026-03-09T08:03:56.658Z -   ✓ Excel sauvegardé: 6 places
2026-03-09T08:03:56.660Z - 
🔄 BD: Traitement...
2026-03-09T08:03:56.679Z -   ✓ Excel chargé: 17 places
2026-03-09T08:03:56.690Z -   ✓ Master JSON: 14 places
2026-03-09T08:03:56.708Z -   ✓ Excel sauvegardé: 17 places
2026-03-09T08:03:56.709Z - 
🔄 BE: Traitement...
2026-03-09T08:03:56.723Z -   ✓ Excel chargé: 24 places
2026-03-09T08:03:56.737Z -   ✓ Master JSON: 23 places
2026-03-09T08:03:56.771Z -   ✓ Excel sauvegardé: 24 places
2026-03-09T08:03:56.772Z - 
🔄 BF: Traitement...
2026-03-09T08:03:56.786Z -   ✓ Excel chargé: 0 places
2026-03-09T08:03:56.787Z -   ✓ Master JSON: 0 places
2026-03-09T08:03:56.788Z - 
🔄 BG: Traitement...
2026-03-09T08:03:56.805Z -   ✓ Excel chargé: 29 places
2026-03-09T08:03:56.823Z -   ✓ Master JSON: 21 places
2026-03-09T08:03:56.866Z -   ✓ Excel sauvegardé: 29 places
2026-03-09T08:03:56.868Z - 
🔄 BH: Traitement...
2026-03-09T08:03:56.881Z -   ✓ Excel chargé: 0 places
2026-03-09T08:03:56.882Z -   ✓ Master JSON: 0 places
2026-03-09T08:03:56.884Z - 
🔄 BI: Traitement...
2026-03-09T08:03:56.902Z -   ✓ Excel chargé: 0 places
2026-03-09T08:03:56.903Z -   ✓ Master JSON: 0 places
2026-03-09T08:03:56.904Z - 
🔄 BJ: Traitement...
2026-03-09T08:03:56.916Z -   ✓ Excel chargé: 0 places
2026-03-09T08:03:56.918Z -   ✓ Master JSON: 0 places
2026-03-09T08:03:56.919Z - 
🔄 BL: Traitement...
2026-03-09T08:03:56.933Z -   ✓ Excel chargé: 8 places
2026-03-09T08:03:56.937Z -   ✓ Master JSON: 8 places
2026-03-09T08:03:56.959Z -   ✓ Excel sauvegardé: 8 places
2026-03-09T08:03:56.961Z - 
🔄 BM: Traitement...
2026-03-09T08:03:56.980Z -   ✓ Excel chargé: 0 places
2026-03-09T08:03:56.982Z -   ✓ Master JSON: 0 places
2026-03-09T08:03:56.984Z - 
🔄 BN: Traitement...
2026-03-09T08:03:56.999Z -   ✓ Excel chargé: 0 places
2026-03-09T08:03:57.000Z -   ✓ Master JSON: 0 places
2026-03-09T08:03:57.002Z - 
🔄 BO: Traitement...
2026-03-09T08:03:57.025Z -   ✓ Excel chargé: 17 places
2026-03-09T08:03:57.030Z -   ✓ Master JSON: 17 places
2026-03-09T08:03:57.048Z -   ✓ Excel sauvegardé: 17 places
2026-03-09T08:03:57.049Z - 
🔄 BQ: Traitement...
2026-03-09T08:03:57.050Z -   ✓ Excel chargé: 0 places
2026-03-09T08:03:57.051Z -   ✓ Master JSON: 0 places
2026-03-09T08:03:57.052Z - 
🔄 BR: Traitement...
2026-03-09T08:03:57.061Z -   ✓ Excel chargé: 55 places
2026-03-09T08:03:57.064Z -   ✓ Master JSON: 50 places
2026-03-09T08:03:57.082Z -   ✓ Excel sauvegardé: 55 places
2026-03-09T08:03:57.083Z - 
🔄 BS: Traitement...
2026-03-09T08:03:57.090Z -   ✓ Excel chargé: 9 places
2026-03-09T08:03:57.091Z -   ✓ Master JSON: 9 places
2026-03-09T08:03:57.100Z -   ✓ Excel sauvegardé: 9 places
2026-03-09T08:03:57.101Z - 
🔄 BT: Traitement...
2026-03-09T08:03:57.105Z -   ✓ Excel chargé: 0 places
2026-03-09T08:03:57.106Z -   ✓ Master JSON: 0 places
2026-03-09T08:03:57.106Z - 
🔄 BW: Traitement...
2026-03-09T08:03:57.114Z -   ✓ Excel chargé: 16 places
2026-03-09T08:03:57.119Z -   ✓ Master JSON: 15 places
2026-03-09T08:03:57.129Z -   ✓ Excel sauvegardé: 16 places
2026-03-09T08:03:57.129Z - 
🔄 BY: Traitement...
2026-03-09T08:03:57.134Z -   ✓ Excel chargé: 0 places
2026-03-09T08:03:57.135Z -   ✓ Master JSON: 0 places
2026-03-09T08:03:57.135Z - 
🔄 BZ: Traitement...
2026-03-09T08:03:57.140Z -   ✓ Excel chargé: 5 places
2026-03-09T08:03:57.142Z -   ✓ Master JSON: 6 places
2026-03-09T08:03:57.143Z -   ✓ 1 nouvelles places ajoutées
2026-03-09T08:04:07.137Z -   ✓ Excel sauvegardé: 6 places
2026-03-09T08:04:07.139Z - 
🔄 CA: Traitement...
2026-03-09T08:04:07.154Z -   ✓ Excel chargé: 27 places
2026-03-09T08:04:07.159Z -   ✓ Master JSON: 54 places
2026-03-09T08:04:07.159Z -   ✓ 33 nouvelles places ajoutées
2026-03-09T08:09:16.406Z -   ✓ Excel sauvegardé: 60 places
2026-03-09T08:09:16.407Z - 
🔄 CD: Traitement...
2026-03-09T08:09:16.423Z -   ✓ Excel chargé: 0 places
2026-03-09T08:09:16.424Z -   ✓ Master JSON: 0 places
2026-03-09T08:09:16.424Z - 
🔄 CF: Traitement...
2026-03-09T08:09:16.435Z -   ✓ Excel chargé: 0 places
2026-03-09T08:09:16.435Z -   ✓ Master JSON: 0 places
2026-03-09T08:09:16.436Z - 
🔄 CG: Traitement...
2026-03-09T08:09:16.444Z -   ✓ Excel chargé: 0 places
2026-03-09T08:09:16.445Z -   ✓ Master JSON: 0 places
2026-03-09T08:09:16.447Z - 
🔄 CH: Traitement...
2026-03-09T08:09:16.471Z -   ✓ Excel chargé: 56 places
2026-03-09T08:09:16.489Z -   ✓ Master JSON: 56 places
2026-03-09T08:09:16.523Z -   ✓ Excel sauvegardé: 56 places
2026-03-09T08:09:16.524Z - 
🔄 CI: Traitement...
2026-03-09T08:09:16.531Z -   ✓ Excel chargé: 0 places
2026-03-09T08:09:16.531Z -   ✓ Master JSON: 0 places
2026-03-09T08:09:16.532Z - 
🔄 CK: Traitement...
2026-03-09T08:09:16.534Z -   ✓ Excel chargé: 0 places
2026-03-09T08:09:16.534Z -   ✓ Master JSON: 0 places
2026-03-09T08:09:16.535Z - 
🔄 CL: Traitement...
2026-03-09T08:09:16.541Z -   ✓ Excel chargé: 8 places
2026-03-09T08:09:16.543Z -   ✓ Master JSON: 7 places
2026-03-09T08:09:16.554Z -   ✓ Excel sauvegardé: 8 places
2026-03-09T08:09:16.555Z - 
🔄 CM: Traitement...
2026-03-09T08:09:16.561Z -   ✓ Excel chargé: 0 places
2026-03-09T08:09:16.563Z -   ✓ Master JSON: 0 places
2026-03-09T08:09:16.564Z - 
🔄 CN: Traitement...
2026-03-09T08:09:16.582Z -   ✓ Excel chargé: 34 places
2026-03-09T08:09:16.591Z -   ✓ Master JSON: 56 places
2026-03-09T08:09:16.591Z -   ✓ 27 nouvelles places ajoutées
2026-03-09T08:11:33.498Z -   ✓ Excel sauvegardé: 61 places
2026-03-09T08:11:33.499Z - 
🔄 CO: Traitement...
2026-03-09T08:11:33.511Z -   ✓ Excel chargé: 12 places
2026-03-09T08:11:33.525Z -   ✓ Master JSON: 12 places
2026-03-09T08:11:33.537Z -   ✓ Excel sauvegardé: 12 places
2026-03-09T08:11:33.538Z - 
🔄 CR: Traitement...
2026-03-09T08:11:33.545Z -   ✓ Excel chargé: 8 places
2026-03-09T08:11:33.552Z -   ✓ Master JSON: 8 places
2026-03-09T08:11:33.562Z -   ✓ Excel sauvegardé: 8 places
2026-03-09T08:11:33.563Z - 
🔄 CU: Traitement...
2026-03-09T08:11:33.568Z -   ✓ Excel chargé: 12 places
2026-03-09T08:11:33.574Z -   ✓ Master JSON: 12 places
2026-03-09T08:11:33.586Z -   ✓ Excel sauvegardé: 12 places
2026-03-09T08:11:33.589Z - 
🔄 CV: Traitement...
2026-03-09T08:11:33.600Z -   ✓ Excel chargé: 0 places
2026-03-09T08:11:33.601Z -   ✓ Master JSON: 0 places
2026-03-09T08:11:33.602Z - 
🔄 CY: Traitement...
2026-03-09T08:11:33.609Z -   ✓ Excel chargé: 0 places
2026-03-09T08:11:33.609Z -   ✓ Master JSON: 0 places
2026-03-09T08:11:33.610Z - 
🔄 CZ: Traitement...
2026-03-09T08:11:33.615Z -   ✓ Excel chargé: 19 places
2026-03-09T08:11:33.620Z -   ✓ Master JSON: 19 places
2026-03-09T08:11:33.633Z -   ✓ Excel sauvegardé: 19 places
2026-03-09T08:11:33.634Z - 
🔄 DE: Traitement...
2026-03-09T08:11:33.667Z -   ✓ Excel chargé: 112 places
2026-03-09T08:11:33.686Z -   ✓ Master JSON: 111 places
2026-03-09T08:11:33.727Z -   ✓ Excel sauvegardé: 112 places
2026-03-09T08:11:33.728Z - 
🔄 DJ: Traitement...
2026-03-09T08:11:33.729Z -   ✓ Excel chargé: 0 places
2026-03-09T08:11:33.729Z -   ✓ Master JSON: 0 places
2026-03-09T08:11:33.730Z - 
🔄 DK: Traitement...
2026-03-09T08:11:33.736Z -   ✓ Excel chargé: 14 places
2026-03-09T08:11:33.743Z -   ✓ Master JSON: 14 places
2026-03-09T08:11:33.754Z -   ✓ Excel sauvegardé: 14 places
2026-03-09T08:11:33.757Z - 
🔄 DM: Traitement...
2026-03-09T08:11:33.759Z -   ✓ Excel chargé: 0 places
2026-03-09T08:11:33.760Z -   ✓ Master JSON: 0 places
2026-03-09T08:11:33.764Z - 
🔄 DO: Traitement...
2026-03-09T08:11:33.774Z -   ✓ Excel chargé: 15 places
2026-03-09T08:11:33.780Z -   ✓ Master JSON: 15 places
2026-03-09T08:11:33.793Z -   ✓ Excel sauvegardé: 15 places
2026-03-09T08:11:33.793Z - 
🔄 DZ: Traitement...
2026-03-09T08:11:33.794Z -   ✓ Excel chargé: 0 places
2026-03-09T08:11:33.794Z -   ✓ Master JSON: 0 places
2026-03-09T08:11:33.795Z - 
🔄 EA: Traitement...
2026-03-09T08:11:33.802Z -   ✓ Excel chargé: 23 places
2026-03-09T08:11:33.809Z -   ✓ Master JSON: 23 places
2026-03-09T08:11:33.820Z -   ✓ Excel sauvegardé: 23 places
2026-03-09T08:11:33.821Z - 
🔄 EC: Traitement...
2026-03-09T08:11:33.834Z -   ✓ Excel chargé: 13 places
2026-03-09T08:11:33.849Z -   ✓ Master JSON: 13 places
2026-03-09T08:11:33.860Z -   ✓ Excel sauvegardé: 13 places
2026-03-09T08:11:33.861Z - 
🔄 EE: Traitement...
2026-03-09T08:11:33.861Z -   ✓ Excel chargé: 0 places
2026-03-09T08:11:33.862Z -   ✓ Master JSON: 0 places
2026-03-09T08:11:33.862Z - 
🔄 EG: Traitement...
2026-03-09T08:11:33.868Z -   ✓ Excel chargé: 17 places
2026-03-09T08:11:33.875Z -   ✓ Master JSON: 17 places
2026-03-09T08:11:33.885Z -   ✓ Excel sauvegardé: 17 places
2026-03-09T08:11:33.886Z - 
🔄 ER: Traitement...
2026-03-09T08:11:33.886Z -   ✓ Excel chargé: 0 places
2026-03-09T08:11:33.887Z -   ✓ Master JSON: 0 places
2026-03-09T08:11:33.887Z - 
🔄 ES: Traitement...
2026-03-09T08:11:33.914Z -   ✓ Excel chargé: 202 places
2026-03-09T08:11:33.946Z -   ✓ Master JSON: 182 places
2026-03-09T08:11:34.015Z -   ✓ Excel sauvegardé: 202 places
2026-03-09T08:11:34.016Z - 
🔄 ET: Traitement...
2026-03-09T08:11:34.016Z -   ✓ Excel chargé: 0 places
2026-03-09T08:11:34.017Z -   ✓ Master JSON: 0 places
2026-03-09T08:11:34.017Z - 
🔄 FI: Traitement...
2026-03-09T08:11:34.027Z -   ✓ Excel chargé: 9 places
2026-03-09T08:11:34.031Z -   ✓ Master JSON: 9 places
2026-03-09T08:11:34.039Z -   ✓ Excel sauvegardé: 9 places
2026-03-09T08:11:34.040Z - 
🔄 FJ: Traitement...
2026-03-09T08:11:34.041Z -   ✓ Excel chargé: 0 places
2026-03-09T08:11:34.043Z -   ✓ Master JSON: 0 places
2026-03-09T08:11:34.044Z - 
🔄 FM: Traitement...
2026-03-09T08:11:34.044Z -   ✓ Excel chargé: 0 places
2026-03-09T08:11:34.045Z -   ✓ Master JSON: 0 places
2026-03-09T08:11:34.046Z - 
🔄 FR: Traitement...
2026-03-09T08:11:34.162Z -   ✓ Excel chargé: 1279 places
2026-03-09T08:11:34.385Z -   ✓ Master JSON: 1178 places
2026-03-09T08:11:34.752Z -   ✓ Excel sauvegardé: 1279 places
2026-03-09T08:11:34.753Z - 
🔄 GA: Traitement...
2026-03-09T08:11:34.754Z -   ✓ Excel chargé: 0 places
2026-03-09T08:11:34.755Z -   ✓ Master JSON: 0 places
2026-03-09T08:11:34.756Z - 
🔄 GB: Traitement...
2026-03-09T08:11:34.777Z -   ✓ Excel chargé: 175 places
2026-03-09T08:11:34.799Z -   ✓ Master JSON: 171 places
2026-03-09T08:11:34.849Z -   ✓ Excel sauvegardé: 175 places
2026-03-09T08:11:34.849Z - 
🔄 GD: Traitement...
2026-03-09T08:11:34.850Z -   ✓ Excel chargé: 0 places
2026-03-09T08:11:34.851Z -   ✓ Master JSON: 0 places
2026-03-09T08:11:34.851Z - 
🔄 GE: Traitement...
2026-03-09T08:11:34.859Z -   ✓ Excel chargé: 19 places
2026-03-09T08:11:34.863Z -   ✓ Master JSON: 19 places
2026-03-09T08:11:34.875Z -   ✓ Excel sauvegardé: 19 places
2026-03-09T08:11:34.875Z - 
🔄 GF: Traitement...
2026-03-09T08:11:34.880Z -   ✓ Excel chargé: 5 places
2026-03-09T08:11:34.884Z -   ✓ Master JSON: 5 places
2026-03-09T08:11:34.892Z -   ✓ Excel sauvegardé: 5 places
2026-03-09T08:11:34.893Z - 
🔄 GH: Traitement...
2026-03-09T08:11:34.894Z -   ✓ Excel chargé: 0 places
2026-03-09T08:11:34.894Z -   ✓ Master JSON: 0 places
2026-03-09T08:11:34.895Z - 
🔄 GM: Traitement...
2026-03-09T08:11:34.895Z -   ✓ Excel chargé: 0 places
2026-03-09T08:11:34.896Z -   ✓ Master JSON: 0 places
2026-03-09T08:11:34.896Z - 
🔄 GN: Traitement...
2026-03-09T08:11:34.897Z -   ✓ Excel chargé: 0 places
2026-03-09T08:11:34.897Z -   ✓ Master JSON: 0 places
2026-03-09T08:11:34.898Z - 
🔄 GP: Traitement...
2026-03-09T08:11:34.904Z -   ✓ Excel chargé: 8 places
2026-03-09T08:11:34.910Z -   ✓ Master JSON: 8 places
2026-03-09T08:11:34.917Z -   ✓ Excel sauvegardé: 8 places
2026-03-09T08:11:34.918Z - 
🔄 GQ: Traitement...
2026-03-09T08:11:34.918Z -   ✓ Excel chargé: 0 places
2026-03-09T08:11:34.919Z -   ✓ Master JSON: 0 places
2026-03-09T08:11:34.919Z - 
🔄 GR: Traitement...
2026-03-09T08:11:34.932Z -   ✓ Excel chargé: 106 places
2026-03-09T08:11:34.948Z -   ✓ Master JSON: 105 places
2026-03-09T08:11:34.978Z -   ✓ Excel sauvegardé: 106 places
2026-03-09T08:11:34.979Z - 
🔄 GT: Traitement...
2026-03-09T08:11:34.984Z -   ✓ Excel chargé: 6 places
2026-03-09T08:11:34.987Z -   ✓ Master JSON: 6 places
2026-03-09T08:11:34.994Z -   ✓ Excel sauvegardé: 6 places
2026-03-09T08:11:34.995Z - 
🔄 GW: Traitement...
2026-03-09T08:11:34.996Z -   ✓ Excel chargé: 0 places
2026-03-09T08:11:34.996Z -   ✓ Master JSON: 0 places
2026-03-09T08:11:34.997Z - 
🔄 GY: Traitement...
2026-03-09T08:11:34.997Z -   ✓ Excel chargé: 0 places
2026-03-09T08:11:34.998Z -   ✓ Master JSON: 0 places
2026-03-09T08:11:34.998Z - 
🔄 HN: Traitement...
2026-03-09T08:11:34.999Z -   ✓ Excel chargé: 0 places
2026-03-09T08:11:34.999Z -   ✓ Master JSON: 0 places
2026-03-09T08:11:35.000Z - 
🔄 HR: Traitement...
2026-03-09T08:11:35.010Z -   ✓ Excel chargé: 88 places
2026-03-09T08:11:35.026Z -   ✓ Master JSON: 71 places
2026-03-09T08:11:35.052Z -   ✓ Excel sauvegardé: 88 places
2026-03-09T08:11:35.052Z - 
🔄 HT: Traitement...
2026-03-09T08:11:35.053Z -   ✓ Excel chargé: 0 places
2026-03-09T08:11:35.053Z -   ✓ Master JSON: 0 places
2026-03-09T08:11:35.054Z - 
🔄 HU: Traitement...
2026-03-09T08:11:35.063Z -   ✓ Excel chargé: 34 places
2026-03-09T08:11:35.069Z -   ✓ Master JSON: 34 places
2026-03-09T08:11:35.086Z -   ✓ Excel sauvegardé: 34 places
2026-03-09T08:11:35.087Z - 
🔄 ID: Traitement...
2026-03-09T08:11:35.099Z -   ✓ Excel chargé: 72 places
2026-03-09T08:11:35.116Z -   ✓ Master JSON: 72 places
2026-03-09T08:11:35.143Z -   ✓ Excel sauvegardé: 72 places
2026-03-09T08:11:35.144Z - 
🔄 IE: Traitement...
2026-03-09T08:11:35.152Z -   ✓ Excel chargé: 31 places
2026-03-09T08:11:35.161Z -   ✓ Master JSON: 31 places
2026-03-09T08:11:35.179Z -   ✓ Excel sauvegardé: 31 places
2026-03-09T08:11:35.179Z - 
🔄 IL: Traitement...
2026-03-09T08:11:35.186Z -   ✓ Excel chargé: 12 places
2026-03-09T08:11:35.194Z -   ✓ Master JSON: 12 places
2026-03-09T08:11:35.206Z -   ✓ Excel sauvegardé: 12 places
2026-03-09T08:11:35.207Z - 
🔄 IN: Traitement...
2026-03-09T08:11:35.220Z -   ✓ Excel chargé: 56 places
2026-03-09T08:11:35.234Z -   ✓ Master JSON: 56 places
2026-03-09T08:11:35.258Z -   ✓ Excel sauvegardé: 56 places
2026-03-09T08:11:35.259Z - 
🔄 IQ: Traitement...
2026-03-09T08:11:35.260Z -   ✓ Excel chargé: 0 places
2026-03-09T08:11:35.260Z -   ✓ Master JSON: 0 places
2026-03-09T08:11:35.261Z - 
🔄 IR: Traitement...
2026-03-09T08:11:35.262Z -   ✓ Excel chargé: 0 places
2026-03-09T08:11:35.263Z -   ✓ Master JSON: 0 places
2026-03-09T08:11:35.264Z - 
🔄 IS: Traitement...
2026-03-09T08:11:35.271Z -   ✓ Excel chargé: 11 places
2026-03-09T08:11:35.282Z -   ✓ Master JSON: 11 places
2026-03-09T08:11:35.297Z -   ✓ Excel sauvegardé: 11 places
2026-03-09T08:11:35.298Z - 
🔄 IT: Traitement...
2026-03-09T08:11:35.357Z -   ✓ Excel chargé: 503 places
2026-03-09T08:11:35.421Z -   ✓ Master JSON: 447 places
2026-03-09T08:11:35.562Z -   ✓ Excel sauvegardé: 503 places
2026-03-09T08:11:35.563Z - 
🔄 JM: Traitement...
2026-03-09T08:11:35.564Z -   ✓ Excel chargé: 0 places
2026-03-09T08:11:35.564Z -   ✓ Master JSON: 0 places
2026-03-09T08:11:35.565Z - 
🔄 JO: Traitement...
2026-03-09T08:11:35.571Z -   ✓ Excel chargé: 7 places
2026-03-09T08:11:35.578Z -   ✓ Master JSON: 7 places
2026-03-09T08:11:35.584Z -   ✓ Excel sauvegardé: 7 places
2026-03-09T08:11:35.585Z - 
🔄 JP: Traitement...
2026-03-09T08:11:35.596Z -   ✓ Excel chargé: 113 places
2026-03-09T08:11:35.611Z -   ✓ Master JSON: 113 places
2026-03-09T08:11:35.639Z -   ✓ Excel sauvegardé: 113 places
2026-03-09T08:11:35.639Z - 
🔄 KE: Traitement...
2026-03-09T08:11:35.640Z -   ✓ Excel chargé: 0 places
2026-03-09T08:11:35.641Z -   ✓ Master JSON: 0 places
2026-03-09T08:11:35.642Z - 
🔄 KG: Traitement...
2026-03-09T08:11:35.642Z -   ✓ Excel chargé: 0 places
2026-03-09T08:11:35.643Z -   ✓ Master JSON: 0 places
2026-03-09T08:11:35.644Z - 
🔄 KH: Traitement...
2026-03-09T08:11:35.650Z -   ✓ Excel chargé: 9 places
2026-03-09T08:11:35.654Z -   ✓ Master JSON: 8 places
2026-03-09T08:11:35.662Z -   ✓ Excel sauvegardé: 9 places
2026-03-09T08:11:35.662Z - 
🔄 KI: Traitement...
2026-03-09T08:11:35.663Z -   ✓ Excel chargé: 0 places
2026-03-09T08:11:35.663Z -   ✓ Master JSON: 0 places
2026-03-09T08:11:35.664Z - 
🔄 KM: Traitement...
2026-03-09T08:11:35.665Z -   ✓ Excel chargé: 0 places
2026-03-09T08:11:35.665Z -   ✓ Master JSON: 0 places
2026-03-09T08:11:35.666Z - 
🔄 KN: Traitement...
2026-03-09T08:11:35.667Z -   ✓ Excel chargé: 0 places
2026-03-09T08:11:35.667Z -   ✓ Master JSON: 0 places
2026-03-09T08:11:35.668Z - 
🔄 KP: Traitement...
2026-03-09T08:11:35.668Z -   ✓ Excel chargé: 0 places
2026-03-09T08:11:35.669Z -   ✓ Master JSON: 0 places
2026-03-09T08:11:35.670Z - 
🔄 KR: Traitement...
2026-03-09T08:11:35.675Z -   ✓ Excel chargé: 5 places
2026-03-09T08:11:35.680Z -   ✓ Master JSON: 5 places
2026-03-09T08:11:35.685Z -   ✓ Excel sauvegardé: 5 places
2026-03-09T08:11:35.686Z - 
🔄 KW: Traitement...
2026-03-09T08:11:35.686Z -   ✓ Excel chargé: 0 places
2026-03-09T08:11:35.687Z -   ✓ Master JSON: 0 places
2026-03-09T08:11:35.688Z - 
🔄 KZ: Traitement...
2026-03-09T08:11:35.694Z -   ✓ Excel chargé: 19 places
2026-03-09T08:11:35.699Z -   ✓ Master JSON: 19 places
2026-03-09T08:11:35.708Z -   ✓ Excel sauvegardé: 19 places
2026-03-09T08:11:35.709Z - 
🔄 LA: Traitement...
2026-03-09T08:11:35.716Z -   ✓ Excel chargé: 43 places
2026-03-09T08:11:35.727Z -   ✓ Master JSON: 21 places
2026-03-09T08:11:35.746Z -   ✓ Excel sauvegardé: 43 places
2026-03-09T08:11:35.747Z - 
🔄 LB: Traitement...
2026-03-09T08:11:35.747Z -   ✓ Excel chargé: 0 places
2026-03-09T08:11:35.748Z -   ✓ Master JSON: 0 places
2026-03-09T08:11:35.748Z - 
🔄 LC: Traitement...
2026-03-09T08:11:35.748Z -   ✓ Excel chargé: 0 places
2026-03-09T08:11:35.749Z -   ✓ Master JSON: 0 places
2026-03-09T08:11:35.749Z - 
🔄 LI: Traitement...
2026-03-09T08:11:35.750Z -   ✓ Excel chargé: 0 places
2026-03-09T08:11:35.750Z -   ✓ Master JSON: 0 places
2026-03-09T08:11:35.750Z - 
🔄 LK: Traitement...
2026-03-09T08:11:35.759Z -   ✓ Excel chargé: 34 places
2026-03-09T08:11:35.766Z -   ✓ Master JSON: 34 places
2026-03-09T08:11:35.778Z -   ✓ Excel sauvegardé: 34 places
2026-03-09T08:11:35.779Z - 
🔄 LR: Traitement...
2026-03-09T08:11:35.779Z -   ✓ Excel chargé: 0 places
2026-03-09T08:11:35.780Z -   ✓ Master JSON: 0 places
2026-03-09T08:11:35.780Z - 
🔄 LS: Traitement...
2026-03-09T08:11:35.781Z -   ✓ Excel chargé: 0 places
2026-03-09T08:11:35.781Z -   ✓ Master JSON: 0 places
2026-03-09T08:11:35.782Z - 
🔄 LT: Traitement...
2026-03-09T08:11:35.785Z -   ✓ Excel chargé: 4 places
2026-03-09T08:11:35.791Z -   ✓ Master JSON: 4 places
2026-03-09T08:11:35.796Z -   ✓ Excel sauvegardé: 4 places
2026-03-09T08:11:35.797Z - 
🔄 LU: Traitement...
2026-03-09T08:11:35.797Z -   ✓ Excel chargé: 0 places
2026-03-09T08:11:35.798Z -   ✓ Master JSON: 0 places
2026-03-09T08:11:35.798Z - 
🔄 LV: Traitement...
2026-03-09T08:11:35.802Z -   ✓ Excel chargé: 11 places
2026-03-09T08:11:35.808Z -   ✓ Master JSON: 11 places
2026-03-09T08:11:35.815Z -   ✓ Excel sauvegardé: 11 places
2026-03-09T08:11:35.816Z - 
🔄 LY: Traitement...
2026-03-09T08:11:35.816Z -   ✓ Excel chargé: 0 places
2026-03-09T08:11:35.817Z -   ✓ Master JSON: 0 places
2026-03-09T08:11:35.817Z - 
🔄 MA: Traitement...
2026-03-09T08:11:35.822Z -   ✓ Excel chargé: 5 places
2026-03-09T08:11:35.828Z -   ✓ Master JSON: 5 places
2026-03-09T08:11:35.835Z -   ✓ Excel sauvegardé: 5 places
2026-03-09T08:11:35.836Z - 
🔄 MC: Traitement...
2026-03-09T08:11:35.836Z -   ✓ Excel chargé: 0 places
2026-03-09T08:11:35.837Z -   ✓ Master JSON: 0 places
2026-03-09T08:11:35.837Z - 
🔄 MD: Traitement...
2026-03-09T08:11:35.843Z -   ✓ Excel chargé: 6 places
2026-03-09T08:11:35.847Z -   ✓ Master JSON: 6 places
2026-03-09T08:11:35.856Z -   ✓ Excel sauvegardé: 6 places
2026-03-09T08:11:35.858Z - 
🔄 ME: Traitement...
2026-03-09T08:11:35.866Z -   ✓ Excel chargé: 12 places
2026-03-09T08:11:35.875Z -   ✓ Master JSON: 12 places
2026-03-09T08:11:35.884Z -   ✓ Excel sauvegardé: 12 places
2026-03-09T08:11:35.884Z - 
🔄 MF: Traitement...
2026-03-09T08:11:35.889Z -   ✓ Excel chargé: 4 places
2026-03-09T08:11:35.895Z -   ✓ Master JSON: 4 places
2026-03-09T08:11:35.900Z -   ✓ Excel sauvegardé: 4 places
2026-03-09T08:11:35.901Z - 
🔄 MG: Traitement...
2026-03-09T08:11:35.906Z -   ✓ Excel chargé: 19 places
2026-03-09T08:11:35.913Z -   ✓ Master JSON: 19 places
2026-03-09T08:11:35.926Z -   ✓ Excel sauvegardé: 19 places
2026-03-09T08:11:35.927Z - 
🔄 MH: Traitement...
2026-03-09T08:11:35.928Z -   ✓ Excel chargé: 0 places
2026-03-09T08:11:35.929Z -   ✓ Master JSON: 0 places
2026-03-09T08:11:35.929Z - 
🔄 MK: Traitement...
2026-03-09T08:11:35.930Z -   ✓ Excel chargé: 0 places
2026-03-09T08:11:35.931Z -   ✓ Master JSON: 0 places
2026-03-09T08:11:35.932Z - 
🔄 ML: Traitement...
2026-03-09T08:11:35.932Z -   ✓ Excel chargé: 0 places
2026-03-09T08:11:35.933Z -   ✓ Master JSON: 0 places
2026-03-09T08:11:35.933Z - 
🔄 MM: Traitement...
2026-03-09T08:11:35.934Z -   ✓ Excel chargé: 0 places
2026-03-09T08:11:35.934Z -   ✓ Master JSON: 0 places
2026-03-09T08:11:35.935Z - 
🔄 MN: Traitement...
2026-03-09T08:11:35.942Z -   ✓ Excel chargé: 24 places
2026-03-09T08:11:35.947Z -   ✓ Master JSON: 24 places
2026-03-09T08:11:35.957Z -   ✓ Excel sauvegardé: 24 places
2026-03-09T08:11:35.958Z - 
🔄 MQ: Traitement...
2026-03-09T08:11:35.963Z -   ✓ Excel chargé: 5 places
2026-03-09T08:11:35.967Z -   ✓ Master JSON: 5 places
2026-03-09T08:11:35.974Z -   ✓ Excel sauvegardé: 5 places
2026-03-09T08:11:35.975Z - 
🔄 MR: Traitement...
2026-03-09T08:11:35.976Z -   ✓ Excel chargé: 0 places
2026-03-09T08:11:35.976Z -   ✓ Master JSON: 0 places
2026-03-09T08:11:35.977Z - 
🔄 MT: Traitement...
2026-03-09T08:11:35.978Z -   ✓ Excel chargé: 0 places
2026-03-09T08:11:35.978Z -   ✓ Master JSON: 0 places
2026-03-09T08:11:35.979Z - 
🔄 MU: Traitement...
2026-03-09T08:11:35.986Z -   ✓ Excel chargé: 14 places
2026-03-09T08:11:35.992Z -   ✓ Master JSON: 14 places
2026-03-09T08:11:36.004Z -   ✓ Excel sauvegardé: 14 places
2026-03-09T08:11:36.004Z - 
🔄 MV: Traitement...
2026-03-09T08:11:36.005Z -   ✓ Excel chargé: 0 places
2026-03-09T08:11:36.006Z -   ✓ Master JSON: 0 places
2026-03-09T08:11:36.007Z - 
🔄 MW: Traitement...
2026-03-09T08:11:36.008Z -   ✓ Excel chargé: 0 places
2026-03-09T08:11:36.009Z -   ✓ Master JSON: 0 places
2026-03-09T08:11:36.010Z - 
🔄 MX: Traitement...
2026-03-09T08:11:36.018Z -   ✓ Excel chargé: 27 places
2026-03-09T08:11:36.028Z -   ✓ Master JSON: 27 places
2026-03-09T08:11:36.042Z -   ✓ Excel sauvegardé: 27 places
2026-03-09T08:11:36.042Z - 
🔄 MY: Traitement...
2026-03-09T08:11:36.047Z -   ✓ Excel chargé: 6 places
2026-03-09T08:11:36.051Z -   ✓ Master JSON: 6 places
2026-03-09T08:11:36.061Z -   ✓ Excel sauvegardé: 6 places
2026-03-09T08:11:36.062Z - 
🔄 MZ: Traitement...
2026-03-09T08:11:36.063Z -   ✓ Excel chargé: 0 places
2026-03-09T08:11:36.063Z -   ✓ Master JSON: 0 places
2026-03-09T08:11:36.064Z - 
🔄 NA: Traitement...
2026-03-09T08:11:36.074Z -   ✓ Excel chargé: 49 places
2026-03-09T08:11:36.083Z -   ✓ Master JSON: 27 places
2026-03-09T08:11:36.103Z -   ✓ Excel sauvegardé: 49 places
2026-03-09T08:11:36.104Z - 
🔄 NC: Traitement...
2026-03-09T08:11:36.110Z -   ✓ Excel chargé: 5 places
2026-03-09T08:11:36.116Z -   ✓ Master JSON: 5 places
2026-03-09T08:11:36.124Z -   ✓ Excel sauvegardé: 5 places
2026-03-09T08:11:36.125Z - 
🔄 NE: Traitement...
2026-03-09T08:11:36.126Z -   ✓ Excel chargé: 0 places
2026-03-09T08:11:36.127Z -   ✓ Master JSON: 0 places
2026-03-09T08:11:36.128Z - 
🔄 NG: Traitement...
2026-03-09T08:11:36.128Z -   ✓ Excel chargé: 0 places
2026-03-09T08:11:36.129Z -   ✓ Master JSON: 0 places
2026-03-09T08:11:36.130Z - 
🔄 NI: Traitement...
2026-03-09T08:11:36.137Z -   ✓ Excel chargé: 45 places
2026-03-09T08:11:36.147Z -   ✓ Master JSON: 19 places
2026-03-09T08:11:36.163Z -   ✓ Excel sauvegardé: 45 places
2026-03-09T08:11:36.164Z - 
🔄 NL: Traitement...
2026-03-09T08:11:36.169Z -   ✓ Excel chargé: 28 places
2026-03-09T08:11:36.176Z -   ✓ Master JSON: 28 places
2026-03-09T08:11:36.187Z -   ✓ Excel sauvegardé: 28 places
2026-03-09T08:11:36.188Z - 
🔄 NO: Traitement...
2026-03-09T08:11:36.195Z -   ✓ Excel chargé: 16 places
2026-03-09T08:11:36.199Z -   ✓ Master JSON: 4 places
2026-03-09T08:11:36.206Z -   ✓ Excel sauvegardé: 16 places
2026-03-09T08:11:36.207Z - 
🔄 NP: Traitement...
2026-03-09T08:11:36.207Z -   ✓ Excel chargé: 0 places
2026-03-09T08:11:36.209Z -   ✓ Master JSON: 0 places
2026-03-09T08:11:36.210Z - 
🔄 NR: Traitement...
2026-03-09T08:11:36.211Z -   ✓ Excel chargé: 0 places
2026-03-09T08:11:36.212Z -   ✓ Master JSON: 0 places
2026-03-09T08:11:36.213Z - 
🔄 NZ: Traitement...
2026-03-09T08:11:36.219Z -   ✓ Excel chargé: 44 places
2026-03-09T08:11:36.225Z -   ✓ Master JSON: 33 places
2026-03-09T08:11:36.239Z -   ✓ Excel sauvegardé: 44 places
2026-03-09T08:11:36.240Z - 
🔄 OM: Traitement...
2026-03-09T08:11:36.246Z -   ✓ Excel chargé: 5 places
2026-03-09T08:11:36.249Z -   ✓ Master JSON: 5 places
2026-03-09T08:11:36.254Z -   ✓ Excel sauvegardé: 5 places
2026-03-09T08:11:36.255Z - 
🔄 PA: Traitement...
2026-03-09T08:11:36.262Z -   ✓ Excel chargé: 9 places
2026-03-09T08:11:36.266Z -   ✓ Master JSON: 8 places
2026-03-09T08:11:36.275Z -   ✓ Excel sauvegardé: 9 places
2026-03-09T08:11:36.276Z - 
🔄 PE: Traitement...
2026-03-09T08:11:36.282Z -   ✓ Excel chargé: 19 places
2026-03-09T08:11:36.287Z -   ✓ Master JSON: 19 places
2026-03-09T08:11:36.296Z -   ✓ Excel sauvegardé: 19 places
2026-03-09T08:11:36.297Z - 
🔄 PF: Traitement...
2026-03-09T08:11:36.303Z -   ✓ Excel chargé: 32 places
2026-03-09T08:11:36.311Z -   ✓ Master JSON: 31 places
2026-03-09T08:11:36.321Z -   ✓ Excel sauvegardé: 32 places
2026-03-09T08:11:36.322Z - 
🔄 PG: Traitement...
2026-03-09T08:11:36.322Z -   ✓ Excel chargé: 0 places
2026-03-09T08:11:36.323Z -   ✓ Master JSON: 0 places
2026-03-09T08:11:36.324Z - 
🔄 PH: Traitement...
2026-03-09T08:11:36.330Z -   ✓ Excel chargé: 11 places
2026-03-09T08:11:36.334Z -   ✓ Master JSON: 11 places
2026-03-09T08:11:36.340Z -   ✓ Excel sauvegardé: 11 places
2026-03-09T08:11:36.341Z - 
🔄 PK: Traitement...
2026-03-09T08:11:36.342Z -   ✓ Excel chargé: 0 places
2026-03-09T08:11:36.343Z -   ✓ Master JSON: 0 places
2026-03-09T08:11:36.343Z - 
🔄 PL: Traitement...
2026-03-09T08:11:36.350Z -   ✓ Excel chargé: 35 places
2026-03-09T08:11:36.359Z -   ✓ Master JSON: 35 places
2026-03-09T08:11:36.377Z -   ✓ Excel sauvegardé: 35 places
2026-03-09T08:11:36.377Z - 
🔄 PM: Traitement...
2026-03-09T08:11:36.378Z -   ✓ Excel chargé: 0 places
2026-03-09T08:11:36.378Z -   ✓ Master JSON: 0 places
2026-03-09T08:11:36.379Z - 
🔄 PT: Traitement...
2026-03-09T08:11:36.386Z -   ✓ Excel chargé: 66 places
2026-03-09T08:11:36.398Z -   ✓ Master JSON: 49 places
2026-03-09T08:11:36.418Z -   ✓ Excel sauvegardé: 66 places
2026-03-09T08:11:36.419Z - 
🔄 PW: Traitement...
2026-03-09T08:11:36.419Z -   ✓ Excel chargé: 0 places
2026-03-09T08:11:36.419Z -   ✓ Master JSON: 0 places
2026-03-09T08:11:36.420Z - 
🔄 PY: Traitement...
2026-03-09T08:11:36.425Z -   ✓ Excel chargé: 4 places
2026-03-09T08:11:36.430Z -   ✓ Master JSON: 4 places
2026-03-09T08:11:36.436Z -   ✓ Excel sauvegardé: 4 places
2026-03-09T08:11:36.437Z - 
🔄 QA: Traitement...
2026-03-09T08:11:36.437Z -   ✓ Excel chargé: 0 places
2026-03-09T08:11:36.438Z -   ✓ Master JSON: 0 places
2026-03-09T08:11:36.438Z - 
🔄 RE: Traitement...
2026-03-09T08:11:36.439Z -   ✓ Excel chargé: 0 places
2026-03-09T08:11:36.439Z -   ✓ Master JSON: 0 places
2026-03-09T08:11:36.440Z - 
🔄 RO: Traitement...
2026-03-09T08:11:36.447Z -   ✓ Excel chargé: 15 places
2026-03-09T08:11:36.452Z -   ✓ Master JSON: 13 places
2026-03-09T08:11:36.462Z -   ✓ Excel sauvegardé: 15 places
2026-03-09T08:11:36.462Z - 
🔄 RS: Traitement...
2026-03-09T08:11:36.469Z -   ✓ Excel chargé: 14 places
2026-03-09T08:11:36.474Z -   ✓ Master JSON: 14 places
2026-03-09T08:11:36.483Z -   ✓ Excel sauvegardé: 14 places
2026-03-09T08:11:36.484Z - 
🔄 RT IMPORTÉS: Traitement...
2026-03-09T08:11:36.484Z -   ✓ Excel chargé: 0 places
2026-03-09T08:11:36.485Z -   ✓ Master JSON: 0 places
2026-03-09T08:11:36.485Z - 
🔄 RU: Traitement...
2026-03-09T08:11:36.485Z -   ✓ Excel chargé: 0 places
2026-03-09T08:11:36.486Z -   ✓ Master JSON: 0 places
2026-03-09T08:11:36.486Z - 
🔄 RW: Traitement...
2026-03-09T08:11:36.487Z -   ✓ Excel chargé: 0 places
2026-03-09T08:11:36.487Z -   ✓ Master JSON: 0 places
2026-03-09T08:11:36.488Z - 
🔄 SA: Traitement...
2026-03-09T08:11:36.489Z -   ✓ Excel chargé: 0 places
2026-03-09T08:11:36.491Z -   ✓ Master JSON: 0 places
2026-03-09T08:11:36.492Z - 
🔄 SB: Traitement...
2026-03-09T08:11:36.493Z -   ✓ Excel chargé: 0 places
2026-03-09T08:11:36.494Z -   ✓ Master JSON: 0 places
2026-03-09T08:11:36.494Z - 
🔄 SC: Traitement...
2026-03-09T08:11:36.495Z -   ✓ Excel chargé: 0 places
2026-03-09T08:11:36.496Z -   ✓ Master JSON: 0 places
2026-03-09T08:11:36.496Z - 
🔄 SD: Traitement...
2026-03-09T08:11:36.497Z -   ✓ Excel chargé: 0 places
2026-03-09T08:11:36.497Z -   ✓ Master JSON: 0 places
2026-03-09T08:11:36.498Z - 
🔄 SE: Traitement...
2026-03-09T08:11:36.504Z -   ✓ Excel chargé: 42 places
2026-03-09T08:11:36.512Z -   ✓ Master JSON: 42 places
2026-03-09T08:11:36.527Z -   ✓ Excel sauvegardé: 42 places
2026-03-09T08:11:36.528Z - 
🔄 SG: Traitement...
2026-03-09T08:11:36.528Z -   ✓ Excel chargé: 0 places
2026-03-09T08:11:36.529Z -   ✓ Master JSON: 0 places
2026-03-09T08:11:36.529Z - 
🔄 SI: Traitement...
2026-03-09T08:11:36.534Z -   ✓ Excel chargé: 9 places
2026-03-09T08:11:36.538Z -   ✓ Master JSON: 9 places
2026-03-09T08:11:36.546Z -   ✓ Excel sauvegardé: 9 places
2026-03-09T08:11:36.547Z - 
🔄 SK: Traitement...
2026-03-09T08:11:36.552Z -   ✓ Excel chargé: 11 places
2026-03-09T08:11:36.557Z -   ✓ Master JSON: 11 places
2026-03-09T08:11:36.565Z -   ✓ Excel sauvegardé: 11 places
2026-03-09T08:11:36.566Z - 
🔄 SL: Traitement...
2026-03-09T08:11:36.566Z -   ✓ Excel chargé: 0 places
2026-03-09T08:11:36.567Z -   ✓ Master JSON: 0 places
2026-03-09T08:11:36.568Z - 
🔄 SM: Traitement...
2026-03-09T08:11:36.568Z -   ✓ Excel chargé: 0 places
2026-03-09T08:11:36.568Z -   ✓ Master JSON: 0 places
2026-03-09T08:11:36.569Z - 
🔄 SN: Traitement...
2026-03-09T08:11:36.575Z -   ✓ Excel chargé: 8 places
2026-03-09T08:11:36.580Z -   ✓ Master JSON: 8 places
2026-03-09T08:11:36.585Z -   ✓ Excel sauvegardé: 8 places
2026-03-09T08:11:36.586Z - 
🔄 SO: Traitement...
2026-03-09T08:11:36.586Z -   ✓ Excel chargé: 0 places
2026-03-09T08:11:36.587Z -   ✓ Master JSON: 0 places
2026-03-09T08:11:36.587Z - 
🔄 SR: Traitement...
2026-03-09T08:11:36.593Z -   ✓ Excel chargé: 10 places
2026-03-09T08:11:36.594Z -   ✓ Master JSON: 0 places
2026-03-09T08:11:36.600Z -   ✓ Excel sauvegardé: 10 places
2026-03-09T08:11:36.601Z - 
🔄 SS: Traitement...
2026-03-09T08:11:36.601Z -   ✓ Excel chargé: 0 places
2026-03-09T08:11:36.601Z -   ✓ Master JSON: 0 places
2026-03-09T08:11:36.602Z - 
🔄 ST: Traitement...
2026-03-09T08:11:36.602Z -   ✓ Excel chargé: 0 places
2026-03-09T08:11:36.602Z -   ✓ Master JSON: 0 places
2026-03-09T08:11:36.603Z - 
🔄 SV: Traitement...
2026-03-09T08:11:36.609Z -   ✓ Excel chargé: 9 places
2026-03-09T08:11:36.614Z -   ✓ Master JSON: 9 places
2026-03-09T08:11:36.619Z -   ✓ Excel sauvegardé: 9 places
2026-03-09T08:11:36.620Z - 
🔄 SY: Traitement...
2026-03-09T08:11:36.620Z -   ✓ Excel chargé: 0 places
2026-03-09T08:11:36.621Z -   ✓ Master JSON: 0 places
2026-03-09T08:11:36.622Z - 
🔄 SZ: Traitement...
2026-03-09T08:11:36.622Z -   ✓ Excel chargé: 0 places
2026-03-09T08:11:36.623Z -   ✓ Master JSON: 0 places
2026-03-09T08:11:36.624Z - 
🔄 TD: Traitement...
2026-03-09T08:11:36.624Z -   ✓ Excel chargé: 0 places
2026-03-09T08:11:36.625Z -   ✓ Master JSON: 0 places
2026-03-09T08:11:36.626Z - 
🔄 TG: Traitement...
2026-03-09T08:11:36.627Z -   ✓ Excel chargé: 0 places
2026-03-09T08:11:36.627Z -   ✓ Master JSON: 0 places
2026-03-09T08:11:36.628Z - 
🔄 TH: Traitement...
2026-03-09T08:11:36.634Z -   ✓ Excel chargé: 24 places
2026-03-09T08:11:36.641Z -   ✓ Master JSON: 24 places
2026-03-09T08:11:36.656Z -   ✓ Excel sauvegardé: 24 places
2026-03-09T08:11:36.657Z - 
🔄 TJ: Traitement...
2026-03-09T08:11:36.657Z -   ✓ Excel chargé: 0 places
2026-03-09T08:11:36.658Z -   ✓ Master JSON: 0 places
2026-03-09T08:11:36.659Z - 
🔄 TL: Traitement...
2026-03-09T08:11:36.660Z -   ✓ Excel chargé: 0 places
2026-03-09T08:11:36.660Z -   ✓ Master JSON: 0 places
2026-03-09T08:11:36.661Z - 
🔄 TM: Traitement...
2026-03-09T08:11:36.665Z -   ✓ Excel chargé: 8 places
2026-03-09T08:11:36.669Z -   ✓ Master JSON: 8 places
2026-03-09T08:11:36.679Z -   ✓ Excel sauvegardé: 8 places
2026-03-09T08:11:36.679Z - 
🔄 TN: Traitement...
2026-03-09T08:11:36.680Z -   ✓ Excel chargé: 0 places
2026-03-09T08:11:36.681Z -   ✓ Master JSON: 0 places
2026-03-09T08:11:36.681Z - 
🔄 TO: Traitement...
2026-03-09T08:11:36.682Z -   ✓ Excel chargé: 0 places
2026-03-09T08:11:36.682Z -   ✓ Master JSON: 0 places
2026-03-09T08:11:36.683Z - 
🔄 TR: Traitement...
2026-03-09T08:11:36.693Z -   ✓ Excel chargé: 61 places
2026-03-09T08:11:36.700Z -   ✓ Master JSON: 60 places
2026-03-09T08:11:36.724Z -   ✓ Excel sauvegardé: 61 places
2026-03-09T08:11:36.725Z - 
🔄 TT: Traitement...
2026-03-09T08:11:36.725Z -   ✓ Excel chargé: 0 places
2026-03-09T08:11:36.726Z -   ✓ Master JSON: 0 places
2026-03-09T08:11:36.727Z - 
🔄 TV: Traitement...
2026-03-09T08:11:36.727Z -   ✓ Excel chargé: 0 places
2026-03-09T08:11:36.728Z -   ✓ Master JSON: 0 places
2026-03-09T08:11:36.729Z - 
🔄 TZ: Traitement...
2026-03-09T08:11:36.733Z -   ✓ Excel chargé: 17 places
2026-03-09T08:11:36.737Z -   ✓ Master JSON: 17 places
2026-03-09T08:11:36.745Z -   ✓ Excel sauvegardé: 17 places
2026-03-09T08:11:36.745Z - 
🔄 UA: Traitement...
2026-03-09T08:11:36.746Z -   ✓ Excel chargé: 0 places
2026-03-09T08:11:36.746Z -   ✓ Master JSON: 0 places
2026-03-09T08:11:36.746Z - 
🔄 UG: Traitement...
2026-03-09T08:11:36.747Z -   ✓ Excel chargé: 0 places
2026-03-09T08:11:36.747Z -   ✓ Master JSON: 0 places
2026-03-09T08:11:36.748Z - 
🔄 US: Traitement...
2026-03-09T08:11:36.779Z -   ✓ Excel chargé: 540 places
2026-03-09T08:11:36.832Z -   ✓ Master JSON: 412 places
2026-03-09T08:11:36.985Z -   ✓ Excel sauvegardé: 540 places
2026-03-09T08:11:36.986Z - 
🔄 UY: Traitement...
2026-03-09T08:11:36.987Z -   ✓ Excel chargé: 0 places
2026-03-09T08:11:36.988Z -   ✓ Master JSON: 0 places
2026-03-09T08:11:36.989Z - 
🔄 UZ: Traitement...
2026-03-09T08:11:36.999Z -   ✓ Excel chargé: 6 places
2026-03-09T08:11:37.008Z -   ✓ Master JSON: 6 places
2026-03-09T08:11:37.027Z -   ✓ Excel sauvegardé: 6 places
2026-03-09T08:11:37.028Z - 
🔄 VA: Traitement...
2026-03-09T08:11:37.029Z -   ✓ Excel chargé: 0 places
2026-03-09T08:11:37.030Z -   ✓ Master JSON: 0 places
2026-03-09T08:11:37.032Z - 
🔄 VC: Traitement...
2026-03-09T08:11:37.033Z -   ✓ Excel chargé: 0 places
2026-03-09T08:11:37.034Z -   ✓ Master JSON: 0 places
2026-03-09T08:11:37.036Z - 
🔄 VE: Traitement...
2026-03-09T08:11:37.036Z -   ✓ Excel chargé: 0 places
2026-03-09T08:11:37.037Z -   ✓ Master JSON: 0 places
2026-03-09T08:11:37.038Z - 
🔄 VN: Traitement...
2026-03-09T08:11:37.051Z -   ✓ Excel chargé: 27 places
2026-03-09T08:11:37.061Z -   ✓ Master JSON: 26 places
2026-03-09T08:11:37.071Z -   ✓ Excel sauvegardé: 27 places
2026-03-09T08:11:37.071Z - 
🔄 VU: Traitement...
2026-03-09T08:11:37.072Z -   ✓ Excel chargé: 0 places
2026-03-09T08:11:37.072Z -   ✓ Master JSON: 0 places
2026-03-09T08:11:37.073Z - 
🔄 WF: Traitement...
2026-03-09T08:11:37.073Z -   ✓ Excel chargé: 0 places
2026-03-09T08:11:37.074Z -   ✓ Master JSON: 0 places
2026-03-09T08:11:37.075Z - 
🔄 WS: Traitement...
2026-03-09T08:11:37.075Z -   ✓ Excel chargé: 0 places
2026-03-09T08:11:37.076Z -   ✓ Master JSON: 0 places
2026-03-09T08:11:37.077Z - 
🔄 XX: Traitement...
2026-03-09T08:11:37.077Z -   ✓ Excel chargé: 0 places
2026-03-09T08:11:37.079Z -   ✓ Master JSON: 0 places
2026-03-09T08:11:37.079Z - 
🔄 YE: Traitement...
2026-03-09T08:11:37.080Z -   ✓ Excel chargé: 0 places
2026-03-09T08:11:37.080Z -   ✓ Master JSON: 0 places
2026-03-09T08:11:37.081Z - 
🔄 YT: Traitement...
2026-03-09T08:11:37.085Z -   ✓ Excel chargé: 5 places
2026-03-09T08:11:37.089Z -   ✓ Master JSON: 5 places
2026-03-09T08:11:37.096Z -   ✓ Excel sauvegardé: 5 places
2026-03-09T08:11:37.097Z - 
🔄 ZA: Traitement...
2026-03-09T08:11:37.109Z -   ✓ Excel chargé: 114 places
2026-03-09T08:11:37.126Z -   ✓ Master JSON: 85 places
2026-03-09T08:11:37.160Z -   ✓ Excel sauvegardé: 114 places
2026-03-09T08:11:37.161Z - 
🔄 ZM: Traitement...
2026-03-09T08:11:37.161Z -   ✓ Excel chargé: 0 places
2026-03-09T08:11:37.162Z -   ✓ Master JSON: 0 places
2026-03-09T08:11:37.162Z - 
🔄 ZW: Traitement...
2026-03-09T08:11:37.163Z -   ✓ Excel chargé: 0 places
2026-03-09T08:11:37.163Z -   ✓ Master JSON: 0 places
2026-03-09T08:11:37.164Z - 
🔄 _TR_CACHE: Traitement...
2026-03-09T08:11:37.168Z -   ✓ Excel chargé: 0 places
2026-03-09T08:11:37.169Z -   ✓ Master JSON: 0 places
