2026-03-07T14:21:41.167Z - 
============================================================
2026-03-07T14:21:41.184Z - 🔄 MODE UPDATE - 07/03/2026 15:21:41
2026-03-07T14:21:41.184Z - ============================================================
2026-03-07T14:21:41.324Z - 
🔄 .RATINGS_BACKUPS: Traitement...
2026-03-07T14:21:41.326Z -   ✓ Excel chargé: 0 places
2026-03-07T14:21:41.328Z -   ✓ Master JSON: 0 places
2026-03-07T14:21:41.328Z - 
🔄 AD: Traitement...
2026-03-07T14:21:41.376Z -   ✓ Excel chargé: 0 places
2026-03-07T14:21:41.377Z -   ✓ Master JSON: 0 places
2026-03-07T14:21:41.378Z - 
🔄 AE: Traitement...
2026-03-07T14:21:41.392Z -   ✓ Excel chargé: 8 places
2026-03-07T14:21:41.397Z -   ✓ Master JSON: 8 places
2026-03-07T14:21:41.439Z -   ✓ Excel sauvegardé: 8 places
2026-03-07T14:21:41.441Z - 
🔄 AF: Traitement...
2026-03-07T14:21:41.454Z -   ✓ Excel chargé: 0 places
2026-03-07T14:21:41.454Z -   ✓ Master JSON: 0 places
2026-03-07T14:21:41.455Z - 
🔄 AG: Traitement...
2026-03-07T14:21:41.465Z -   ✓ Excel chargé: 0 places
2026-03-07T14:21:41.466Z -   ✓ Master JSON: 0 places
2026-03-07T14:21:41.467Z - 
🔄 AI: Traitement...
2026-03-07T14:21:41.468Z -   ✓ Excel chargé: 0 places
2026-03-07T14:21:41.468Z -   ✓ Master JSON: 0 places
2026-03-07T14:21:41.469Z - 
🔄 AL: Traitement...
2026-03-07T14:21:41.480Z -   ✓ Excel chargé: 12 places
2026-03-07T14:21:41.486Z -   ✓ Master JSON: 12 places
2026-03-07T14:21:41.499Z -   ✓ Excel sauvegardé: 12 places
2026-03-07T14:21:41.500Z - 
🔄 AM: Traitement...
2026-03-07T14:21:41.508Z -   ✓ Excel chargé: 8 places
2026-03-07T14:21:41.514Z -   ✓ Master JSON: 8 places
2026-03-07T14:21:41.525Z -   ✓ Excel sauvegardé: 8 places
2026-03-07T14:21:41.526Z - 
🔄 AO: Traitement...
2026-03-07T14:21:41.533Z -   ✓ Excel chargé: 0 places
2026-03-07T14:21:41.533Z -   ✓ Master JSON: 0 places
2026-03-07T14:21:41.534Z - 
🔄 AR: Traitement...
2026-03-07T14:21:41.554Z -   ✓ Excel chargé: 46 places
2026-03-07T14:21:41.574Z -   ✓ Master JSON: 23 places
2026-03-07T14:21:41.600Z -   ✓ Excel sauvegardé: 46 places
2026-03-07T14:21:41.601Z - 
🔄 AS: Traitement...
2026-03-07T14:21:41.601Z -   ✓ Excel chargé: 0 places
2026-03-07T14:21:41.602Z -   ✓ Master JSON: 0 places
2026-03-07T14:21:41.602Z - 
🔄 AT: Traitement...
2026-03-07T14:21:41.621Z -   ✓ Excel chargé: 45 places
2026-03-07T14:21:41.631Z -   ✓ Master JSON: 43 places
2026-03-07T14:21:41.653Z -   ✓ Excel sauvegardé: 45 places
2026-03-07T14:21:41.654Z - 
🔄 AU: Traitement...
2026-03-07T14:21:41.671Z -   ✓ Excel chargé: 74 places
2026-03-07T14:21:41.686Z -   ✓ Master JSON: 42 places
2026-03-07T14:21:54.935Z -   ✓ Excel sauvegardé: 74 places
2026-03-07T14:21:54.937Z - 
🔄 AW: Traitement...
2026-03-07T14:21:54.954Z -   ✓ Excel chargé: 0 places
2026-03-07T14:21:54.955Z -   ✓ Master JSON: 0 places
2026-03-07T14:21:54.957Z - 
🔄 AZ: Traitement...
2026-03-07T14:21:54.975Z -   ✓ Excel chargé: 0 places
2026-03-07T14:21:54.977Z -   ✓ Master JSON: 0 places
2026-03-07T14:21:54.979Z - 
🔄 BA: Traitement...
2026-03-07T14:21:54.994Z -   ✓ Excel chargé: 15 places
2026-03-07T14:21:55.004Z -   ✓ Master JSON: 15 places
2026-03-07T14:21:55.026Z -   ✓ Excel sauvegardé: 15 places
2026-03-07T14:21:55.028Z - 
🔄 BB: Traitement...
2026-03-07T14:21:55.045Z -   ✓ Excel chargé: 6 places
2026-03-07T14:21:55.058Z -   ✓ Master JSON: 6 places
2026-03-07T14:21:55.079Z -   ✓ Excel sauvegardé: 6 places
2026-03-07T14:21:55.080Z - 
🔄 BD: Traitement...
2026-03-07T14:21:55.097Z -   ✓ Excel chargé: 17 places
2026-03-07T14:21:55.112Z -   ✓ Master JSON: 14 places
2026-03-07T14:21:55.152Z -   ✓ Excel sauvegardé: 17 places
2026-03-07T14:21:55.154Z - 
🔄 BE: Traitement...
2026-03-07T14:21:55.175Z -   ✓ Excel chargé: 24 places
2026-03-07T14:21:55.193Z -   ✓ Master JSON: 23 places
2026-03-07T14:22:22.150Z -   ✓ Excel sauvegardé: 24 places
2026-03-07T14:22:22.152Z - 
🔄 BF: Traitement...
2026-03-07T14:22:22.179Z -   ✓ Excel chargé: 0 places
2026-03-07T14:22:22.180Z -   ✓ Master JSON: 0 places
2026-03-07T14:22:22.181Z - 
🔄 BG: Traitement...
2026-03-07T14:22:22.199Z -   ✓ Excel chargé: 29 places
2026-03-07T14:22:22.207Z -   ✓ Master JSON: 21 places
2026-03-07T14:22:32.187Z -   ✓ Excel sauvegardé: 29 places
2026-03-07T14:22:32.193Z - 
🔄 BH: Traitement...
2026-03-07T14:22:32.227Z -   ✓ Excel chargé: 0 places
2026-03-07T14:22:32.229Z -   ✓ Master JSON: 0 places
2026-03-07T14:22:32.231Z - 
🔄 BI: Traitement...
2026-03-07T14:22:32.249Z -   ✓ Excel chargé: 0 places
2026-03-07T14:22:32.250Z -   ✓ Master JSON: 0 places
2026-03-07T14:22:32.252Z - 
🔄 BJ: Traitement...
2026-03-07T14:22:32.267Z -   ✓ Excel chargé: 0 places
2026-03-07T14:22:32.268Z -   ✓ Master JSON: 0 places
2026-03-07T14:22:32.269Z - 
🔄 BL: Traitement...
2026-03-07T14:22:32.279Z -   ✓ Excel chargé: 8 places
2026-03-07T14:22:32.281Z -   ✓ Master JSON: 8 places
2026-03-07T14:22:32.293Z -   ✓ Excel sauvegardé: 8 places
2026-03-07T14:22:32.294Z - 
🔄 BM: Traitement...
2026-03-07T14:22:32.304Z -   ✓ Excel chargé: 0 places
2026-03-07T14:22:32.305Z -   ✓ Master JSON: 0 places
2026-03-07T14:22:32.306Z - 
🔄 BN: Traitement...
2026-03-07T14:22:32.316Z -   ✓ Excel chargé: 0 places
2026-03-07T14:22:32.317Z -   ✓ Master JSON: 0 places
2026-03-07T14:22:32.318Z - 
🔄 BO: Traitement...
2026-03-07T14:22:32.328Z -   ✓ Excel chargé: 17 places
2026-03-07T14:22:32.331Z -   ✓ Master JSON: 17 places
2026-03-07T14:22:32.345Z -   ✓ Excel sauvegardé: 17 places
2026-03-07T14:22:32.346Z - 
🔄 BQ: Traitement...
2026-03-07T14:22:32.347Z -   ✓ Excel chargé: 0 places
2026-03-07T14:22:32.347Z -   ✓ Master JSON: 0 places
2026-03-07T14:22:32.348Z - 
🔄 BR: Traitement...
2026-03-07T14:22:32.363Z -   ✓ Excel chargé: 46 places
2026-03-07T14:22:32.371Z -   ✓ Master JSON: 50 places
2026-03-07T14:22:32.372Z -   ✓ 9 nouvelles places ajoutées
2026-03-07T14:24:21.017Z -   ✓ Excel sauvegardé: 55 places
2026-03-07T14:24:21.018Z - 
🔄 BS: Traitement...
2026-03-07T14:24:21.051Z -   ✓ Excel chargé: 9 places
2026-03-07T14:24:21.054Z -   ✓ Master JSON: 9 places
2026-03-07T14:24:21.066Z -   ✓ Excel sauvegardé: 9 places
2026-03-07T14:24:21.066Z - 
🔄 BT: Traitement...
2026-03-07T14:24:21.075Z -   ✓ Excel chargé: 0 places
2026-03-07T14:24:21.077Z -   ✓ Master JSON: 0 places
2026-03-07T14:24:21.078Z - 
🔄 BW: Traitement...
2026-03-07T14:24:21.086Z -   ✓ Excel chargé: 16 places
2026-03-07T14:24:21.094Z -   ✓ Master JSON: 15 places
2026-03-07T14:24:21.104Z -   ✓ Excel sauvegardé: 16 places
2026-03-07T14:24:21.105Z - 
🔄 BY: Traitement...
2026-03-07T14:24:21.112Z -   ✓ Excel chargé: 0 places
2026-03-07T14:24:21.113Z -   ✓ Master JSON: 0 places
2026-03-07T14:24:21.113Z - 
🔄 BZ: Traitement...
2026-03-07T14:24:21.123Z -   ✓ Excel chargé: 5 places
2026-03-07T14:24:21.131Z -   ✓ Master JSON: 5 places
2026-03-07T14:24:21.140Z -   ✓ Excel sauvegardé: 5 places
2026-03-07T14:24:21.141Z - 
🔄 CA: Traitement...
2026-03-07T14:24:21.151Z -   ✓ Excel chargé: 27 places
2026-03-07T14:24:21.156Z -   ✓ Master JSON: 27 places
2026-03-07T14:24:21.171Z -   ✓ Excel sauvegardé: 27 places
2026-03-07T14:24:21.172Z - 
🔄 CD: Traitement...
2026-03-07T14:24:21.180Z -   ✓ Excel chargé: 0 places
2026-03-07T14:24:21.181Z -   ✓ Master JSON: 0 places
2026-03-07T14:24:21.181Z - 
🔄 CF: Traitement...
2026-03-07T14:24:21.187Z -   ✓ Excel chargé: 0 places
2026-03-07T14:24:21.187Z -   ✓ Master JSON: 0 places
2026-03-07T14:24:21.188Z - 
🔄 CG: Traitement...
2026-03-07T14:24:21.194Z -   ✓ Excel chargé: 0 places
2026-03-07T14:24:21.195Z -   ✓ Master JSON: 0 places
2026-03-07T14:24:21.195Z - 
🔄 CH: Traitement...
2026-03-07T14:24:21.210Z -   ✓ Excel chargé: 56 places
2026-03-07T14:24:21.223Z -   ✓ Master JSON: 56 places
2026-03-07T14:24:21.244Z -   ✓ Excel sauvegardé: 56 places
2026-03-07T14:24:21.245Z - 
🔄 CI: Traitement...
2026-03-07T14:24:21.250Z -   ✓ Excel chargé: 0 places
2026-03-07T14:24:21.251Z -   ✓ Master JSON: 0 places
2026-03-07T14:24:21.252Z - 
🔄 CK: Traitement...
2026-03-07T14:24:21.252Z -   ✓ Excel chargé: 0 places
2026-03-07T14:24:21.252Z -   ✓ Master JSON: 0 places
2026-03-07T14:24:21.253Z - 
🔄 CL: Traitement...
2026-03-07T14:24:21.259Z -   ✓ Excel chargé: 8 places
2026-03-07T14:24:21.265Z -   ✓ Master JSON: 8 places
2026-03-07T14:24:21.278Z -   ✓ Excel sauvegardé: 8 places
2026-03-07T14:24:21.279Z - 
🔄 CM: Traitement...
2026-03-07T14:24:21.291Z -   ✓ Excel chargé: 0 places
2026-03-07T14:24:21.293Z -   ✓ Master JSON: 0 places
2026-03-07T14:24:21.294Z - 
🔄 CN: Traitement...
2026-03-07T14:24:21.302Z -   ✓ Excel chargé: 34 places
2026-03-07T14:24:21.312Z -   ✓ Master JSON: 33 places
2026-03-07T14:24:21.312Z -   ✓ 1 nouvelles places ajoutées
2026-03-07T14:24:25.305Z -   ✓ Excel sauvegardé: 35 places
2026-03-07T14:24:25.307Z - 
🔄 CO: Traitement...
2026-03-07T14:24:25.321Z -   ✓ Excel chargé: 12 places
2026-03-07T14:24:25.333Z -   ✓ Master JSON: 12 places
2026-03-07T14:24:25.353Z -   ✓ Excel sauvegardé: 12 places
2026-03-07T14:24:25.354Z - 
🔄 CR: Traitement...
2026-03-07T14:24:25.364Z -   ✓ Excel chargé: 8 places
2026-03-07T14:24:25.374Z -   ✓ Master JSON: 8 places
2026-03-07T14:24:25.385Z -   ✓ Excel sauvegardé: 8 places
2026-03-07T14:24:25.386Z - 
🔄 CU: Traitement...
2026-03-07T14:24:25.394Z -   ✓ Excel chargé: 12 places
2026-03-07T14:24:25.402Z -   ✓ Master JSON: 12 places
2026-03-07T14:24:25.412Z -   ✓ Excel sauvegardé: 12 places
2026-03-07T14:24:25.414Z - 
🔄 CV: Traitement...
2026-03-07T14:24:25.419Z -   ✓ Excel chargé: 0 places
2026-03-07T14:24:25.420Z -   ✓ Master JSON: 0 places
2026-03-07T14:24:25.421Z - 
🔄 CY: Traitement...
2026-03-07T14:24:25.428Z -   ✓ Excel chargé: 0 places
2026-03-07T14:24:25.429Z -   ✓ Master JSON: 0 places
2026-03-07T14:24:25.430Z - 
🔄 CZ: Traitement...
2026-03-07T14:24:25.436Z -   ✓ Excel chargé: 19 places
2026-03-07T14:24:25.442Z -   ✓ Master JSON: 19 places
2026-03-07T14:24:25.461Z -   ✓ Excel sauvegardé: 19 places
2026-03-07T14:24:25.463Z - 
🔄 DE: Traitement...
2026-03-07T14:24:25.482Z -   ✓ Excel chargé: 112 places
2026-03-07T14:24:25.497Z -   ✓ Master JSON: 111 places
2026-03-07T14:24:25.532Z -   ✓ Excel sauvegardé: 112 places
2026-03-07T14:24:25.533Z - 
🔄 DJ: Traitement...
2026-03-07T14:24:25.534Z -   ✓ Excel chargé: 0 places
2026-03-07T14:24:25.534Z -   ✓ Master JSON: 0 places
2026-03-07T14:24:25.535Z - 
🔄 DK: Traitement...
2026-03-07T14:24:25.541Z -   ✓ Excel chargé: 14 places
2026-03-07T14:24:25.546Z -   ✓ Master JSON: 14 places
2026-03-07T14:24:25.557Z -   ✓ Excel sauvegardé: 14 places
2026-03-07T14:24:25.558Z - 
🔄 DM: Traitement...
2026-03-07T14:24:25.558Z -   ✓ Excel chargé: 0 places
2026-03-07T14:24:25.559Z -   ✓ Master JSON: 0 places
2026-03-07T14:24:25.559Z - 
🔄 DO: Traitement...
2026-03-07T14:24:25.565Z -   ✓ Excel chargé: 15 places
2026-03-07T14:24:25.570Z -   ✓ Master JSON: 15 places
2026-03-07T14:24:25.579Z -   ✓ Excel sauvegardé: 15 places
2026-03-07T14:24:25.580Z - 
🔄 DZ: Traitement...
2026-03-07T14:24:25.581Z -   ✓ Excel chargé: 0 places
2026-03-07T14:24:25.581Z -   ✓ Master JSON: 0 places
2026-03-07T14:24:25.582Z - 
🔄 EA: Traitement...
2026-03-07T14:24:25.588Z -   ✓ Excel chargé: 23 places
2026-03-07T14:24:25.600Z -   ✓ Master JSON: 23 places
2026-03-07T14:24:25.615Z -   ✓ Excel sauvegardé: 23 places
2026-03-07T14:24:25.615Z - 
🔄 EC: Traitement...
2026-03-07T14:24:25.623Z -   ✓ Excel chargé: 13 places
2026-03-07T14:24:25.627Z -   ✓ Master JSON: 13 places
2026-03-07T14:24:25.637Z -   ✓ Excel sauvegardé: 13 places
2026-03-07T14:24:25.638Z - 
🔄 EE: Traitement...
2026-03-07T14:24:25.638Z -   ✓ Excel chargé: 0 places
2026-03-07T14:24:25.639Z -   ✓ Master JSON: 0 places
2026-03-07T14:24:25.639Z - 
🔄 EG: Traitement...
2026-03-07T14:24:25.645Z -   ✓ Excel chargé: 17 places
2026-03-07T14:24:25.652Z -   ✓ Master JSON: 17 places
2026-03-07T14:24:25.664Z -   ✓ Excel sauvegardé: 17 places
2026-03-07T14:24:25.665Z - 
🔄 ER: Traitement...
2026-03-07T14:24:25.666Z -   ✓ Excel chargé: 0 places
2026-03-07T14:24:25.667Z -   ✓ Master JSON: 0 places
2026-03-07T14:24:25.670Z - 
🔄 ES: Traitement...
2026-03-07T14:24:25.696Z -   ✓ Excel chargé: 202 places
2026-03-07T14:24:25.723Z -   ✓ Master JSON: 182 places
2026-03-07T14:24:25.788Z -   ✓ Excel sauvegardé: 202 places
2026-03-07T14:24:25.789Z - 
🔄 ET: Traitement...
2026-03-07T14:24:25.789Z -   ✓ Excel chargé: 0 places
2026-03-07T14:24:25.790Z -   ✓ Master JSON: 0 places
2026-03-07T14:24:25.791Z - 
🔄 FI: Traitement...
2026-03-07T14:24:25.796Z -   ✓ Excel chargé: 9 places
2026-03-07T14:24:25.800Z -   ✓ Master JSON: 9 places
2026-03-07T14:24:25.809Z -   ✓ Excel sauvegardé: 9 places
2026-03-07T14:24:25.809Z - 
🔄 FJ: Traitement...
2026-03-07T14:24:25.810Z -   ✓ Excel chargé: 0 places
2026-03-07T14:24:25.810Z -   ✓ Master JSON: 0 places
2026-03-07T14:24:25.811Z - 
🔄 FM: Traitement...
2026-03-07T14:24:25.812Z -   ✓ Excel chargé: 0 places
2026-03-07T14:24:25.812Z -   ✓ Master JSON: 0 places
2026-03-07T14:24:25.813Z - 
🔄 FR: Traitement...
2026-03-07T14:24:25.937Z -   ✓ Excel chargé: 1265 places
2026-03-07T14:24:26.086Z -   ✓ Master JSON: 1201 places
2026-03-07T14:24:26.087Z -   ✓ 14 nouvelles places ajoutées
2026-03-07T14:26:50.043Z -   ✓ Excel sauvegardé: 1279 places
2026-03-07T14:26:50.044Z - 
🔄 GA: Traitement...
2026-03-07T14:26:50.045Z -   ✓ Excel chargé: 0 places
2026-03-07T14:26:50.046Z -   ✓ Master JSON: 0 places
2026-03-07T14:26:50.047Z - 
🔄 GB: Traitement...
2026-03-07T14:26:50.128Z -   ✓ Excel chargé: 175 places
2026-03-07T14:26:50.153Z -   ✓ Master JSON: 171 places
2026-03-07T14:26:50.216Z -   ✓ Excel sauvegardé: 175 places
2026-03-07T14:26:50.217Z - 
🔄 GD: Traitement...
2026-03-07T14:26:50.217Z -   ✓ Excel chargé: 0 places
2026-03-07T14:26:50.218Z -   ✓ Master JSON: 0 places
2026-03-07T14:26:50.219Z - 
🔄 GE: Traitement...
2026-03-07T14:26:50.228Z -   ✓ Excel chargé: 19 places
2026-03-07T14:26:50.233Z -   ✓ Master JSON: 19 places
2026-03-07T14:26:50.243Z -   ✓ Excel sauvegardé: 19 places
2026-03-07T14:26:50.244Z - 
🔄 GF: Traitement...
2026-03-07T14:26:50.249Z -   ✓ Excel chargé: 5 places
2026-03-07T14:26:50.253Z -   ✓ Master JSON: 5 places
2026-03-07T14:26:50.262Z -   ✓ Excel sauvegardé: 5 places
2026-03-07T14:26:50.263Z - 
🔄 GH: Traitement...
2026-03-07T14:26:50.263Z -   ✓ Excel chargé: 0 places
2026-03-07T14:26:50.264Z -   ✓ Master JSON: 0 places
2026-03-07T14:26:50.265Z - 
🔄 GM: Traitement...
2026-03-07T14:26:50.265Z -   ✓ Excel chargé: 0 places
2026-03-07T14:26:50.266Z -   ✓ Master JSON: 0 places
2026-03-07T14:26:50.266Z - 
🔄 GN: Traitement...
2026-03-07T14:26:50.266Z -   ✓ Excel chargé: 0 places
2026-03-07T14:26:50.267Z -   ✓ Master JSON: 0 places
2026-03-07T14:26:50.267Z - 
🔄 GP: Traitement...
2026-03-07T14:26:50.273Z -   ✓ Excel chargé: 8 places
2026-03-07T14:26:50.279Z -   ✓ Master JSON: 8 places
2026-03-07T14:26:50.287Z -   ✓ Excel sauvegardé: 8 places
2026-03-07T14:26:50.288Z - 
🔄 GQ: Traitement...
2026-03-07T14:26:50.288Z -   ✓ Excel chargé: 0 places
2026-03-07T14:26:50.289Z -   ✓ Master JSON: 0 places
2026-03-07T14:26:50.291Z - 
🔄 GR: Traitement...
2026-03-07T14:26:50.317Z -   ✓ Excel chargé: 106 places
2026-03-07T14:26:50.353Z -   ✓ Master JSON: 105 places
2026-03-07T14:26:50.393Z -   ✓ Excel sauvegardé: 106 places
2026-03-07T14:26:50.394Z - 
🔄 GT: Traitement...
2026-03-07T14:26:50.403Z -   ✓ Excel chargé: 6 places
2026-03-07T14:26:50.408Z -   ✓ Master JSON: 6 places
2026-03-07T14:26:50.416Z -   ✓ Excel sauvegardé: 6 places
2026-03-07T14:26:50.417Z - 
🔄 GW: Traitement...
2026-03-07T14:26:50.417Z -   ✓ Excel chargé: 0 places
2026-03-07T14:26:50.418Z -   ✓ Master JSON: 0 places
2026-03-07T14:26:50.418Z - 
🔄 GY: Traitement...
2026-03-07T14:26:50.419Z -   ✓ Excel chargé: 0 places
2026-03-07T14:26:50.419Z -   ✓ Master JSON: 0 places
2026-03-07T14:26:50.420Z - 
🔄 HN: Traitement...
2026-03-07T14:26:50.420Z -   ✓ Excel chargé: 0 places
2026-03-07T14:26:50.421Z -   ✓ Master JSON: 0 places
2026-03-07T14:26:50.422Z - 
🔄 HR: Traitement...
2026-03-07T14:26:50.435Z -   ✓ Excel chargé: 88 places
2026-03-07T14:26:50.454Z -   ✓ Master JSON: 71 places
2026-03-07T14:26:50.481Z -   ✓ Excel sauvegardé: 88 places
2026-03-07T14:26:50.482Z - 
🔄 HT: Traitement...
2026-03-07T14:26:50.482Z -   ✓ Excel chargé: 0 places
2026-03-07T14:26:50.483Z -   ✓ Master JSON: 0 places
2026-03-07T14:26:50.484Z - 
🔄 HU: Traitement...
2026-03-07T14:26:50.493Z -   ✓ Excel chargé: 34 places
2026-03-07T14:26:50.503Z -   ✓ Master JSON: 34 places
2026-03-07T14:26:50.517Z -   ✓ Excel sauvegardé: 34 places
2026-03-07T14:26:50.517Z - 
🔄 ID: Traitement...
2026-03-07T14:26:50.529Z -   ✓ Excel chargé: 72 places
2026-03-07T14:26:50.549Z -   ✓ Master JSON: 72 places
2026-03-07T14:26:50.577Z -   ✓ Excel sauvegardé: 72 places
2026-03-07T14:26:50.578Z - 
🔄 IE: Traitement...
2026-03-07T14:26:50.584Z -   ✓ Excel chargé: 31 places
2026-03-07T14:26:50.589Z -   ✓ Master JSON: 31 places
2026-03-07T14:26:50.603Z -   ✓ Excel sauvegardé: 31 places
2026-03-07T14:26:50.604Z - 
🔄 IL: Traitement...
2026-03-07T14:26:50.611Z -   ✓ Excel chargé: 12 places
2026-03-07T14:26:50.618Z -   ✓ Master JSON: 12 places
2026-03-07T14:26:50.631Z -   ✓ Excel sauvegardé: 12 places
2026-03-07T14:26:50.631Z - 
🔄 IN: Traitement...
2026-03-07T14:26:50.643Z -   ✓ Excel chargé: 56 places
2026-03-07T14:26:50.651Z -   ✓ Master JSON: 56 places
2026-03-07T14:26:50.670Z -   ✓ Excel sauvegardé: 56 places
2026-03-07T14:26:50.670Z - 
🔄 IQ: Traitement...
2026-03-07T14:26:50.671Z -   ✓ Excel chargé: 0 places
2026-03-07T14:26:50.671Z -   ✓ Master JSON: 0 places
2026-03-07T14:26:50.672Z - 
🔄 IR: Traitement...
2026-03-07T14:26:50.672Z -   ✓ Excel chargé: 0 places
2026-03-07T14:26:50.673Z -   ✓ Master JSON: 0 places
2026-03-07T14:26:50.674Z - 
🔄 IS: Traitement...
2026-03-07T14:26:50.680Z -   ✓ Excel chargé: 11 places
2026-03-07T14:26:50.685Z -   ✓ Master JSON: 11 places
2026-03-07T14:26:50.694Z -   ✓ Excel sauvegardé: 11 places
2026-03-07T14:26:50.695Z - 
🔄 IT: Traitement...
2026-03-07T14:26:50.744Z -   ✓ Excel chargé: 503 places
2026-03-07T14:26:50.790Z -   ✓ Master JSON: 447 places
2026-03-07T14:26:50.931Z -   ✓ Excel sauvegardé: 503 places
2026-03-07T14:26:50.932Z - 
🔄 JM: Traitement...
2026-03-07T14:26:50.933Z -   ✓ Excel chargé: 0 places
2026-03-07T14:26:50.934Z -   ✓ Master JSON: 0 places
2026-03-07T14:26:50.934Z - 
🔄 JO: Traitement...
2026-03-07T14:26:50.945Z -   ✓ Excel chargé: 7 places
2026-03-07T14:26:50.949Z -   ✓ Master JSON: 7 places
2026-03-07T14:26:50.958Z -   ✓ Excel sauvegardé: 7 places
2026-03-07T14:26:50.959Z - 
🔄 JP: Traitement...
2026-03-07T14:26:50.971Z -   ✓ Excel chargé: 113 places
2026-03-07T14:26:50.987Z -   ✓ Master JSON: 113 places
2026-03-07T14:26:51.020Z -   ✓ Excel sauvegardé: 113 places
2026-03-07T14:26:51.021Z - 
🔄 KE: Traitement...
2026-03-07T14:26:51.021Z -   ✓ Excel chargé: 0 places
2026-03-07T14:26:51.021Z -   ✓ Master JSON: 0 places
2026-03-07T14:26:51.022Z - 
🔄 KG: Traitement...
2026-03-07T14:26:51.022Z -   ✓ Excel chargé: 0 places
2026-03-07T14:26:51.023Z -   ✓ Master JSON: 0 places
2026-03-07T14:26:51.025Z - 
🔄 KH: Traitement...
2026-03-07T14:26:51.033Z -   ✓ Excel chargé: 9 places
2026-03-07T14:26:51.038Z -   ✓ Master JSON: 8 places
2026-03-07T14:26:51.046Z -   ✓ Excel sauvegardé: 9 places
2026-03-07T14:26:51.047Z - 
🔄 KI: Traitement...
2026-03-07T14:26:51.047Z -   ✓ Excel chargé: 0 places
2026-03-07T14:26:51.048Z -   ✓ Master JSON: 0 places
2026-03-07T14:26:51.049Z - 
🔄 KM: Traitement...
2026-03-07T14:26:51.049Z -   ✓ Excel chargé: 0 places
2026-03-07T14:26:51.049Z -   ✓ Master JSON: 0 places
2026-03-07T14:26:51.050Z - 
🔄 KN: Traitement...
2026-03-07T14:26:51.050Z -   ✓ Excel chargé: 0 places
2026-03-07T14:26:51.051Z -   ✓ Master JSON: 0 places
2026-03-07T14:26:51.051Z - 
🔄 KP: Traitement...
2026-03-07T14:26:51.052Z -   ✓ Excel chargé: 0 places
2026-03-07T14:26:51.052Z -   ✓ Master JSON: 0 places
2026-03-07T14:26:51.053Z - 
🔄 KR: Traitement...
2026-03-07T14:26:51.058Z -   ✓ Excel chargé: 5 places
2026-03-07T14:26:51.063Z -   ✓ Master JSON: 5 places
2026-03-07T14:26:51.069Z -   ✓ Excel sauvegardé: 5 places
2026-03-07T14:26:51.070Z - 
🔄 KW: Traitement...
2026-03-07T14:26:51.071Z -   ✓ Excel chargé: 0 places
2026-03-07T14:26:51.071Z -   ✓ Master JSON: 0 places
2026-03-07T14:26:51.072Z - 
🔄 KZ: Traitement...
2026-03-07T14:26:51.078Z -   ✓ Excel chargé: 19 places
2026-03-07T14:26:51.082Z -   ✓ Master JSON: 19 places
2026-03-07T14:26:51.091Z -   ✓ Excel sauvegardé: 19 places
2026-03-07T14:26:51.092Z - 
🔄 LA: Traitement...
2026-03-07T14:26:51.100Z -   ✓ Excel chargé: 43 places
2026-03-07T14:26:51.114Z -   ✓ Master JSON: 21 places
2026-03-07T14:26:51.132Z -   ✓ Excel sauvegardé: 43 places
2026-03-07T14:26:51.133Z - 
🔄 LB: Traitement...
2026-03-07T14:26:51.133Z -   ✓ Excel chargé: 0 places
2026-03-07T14:26:51.134Z -   ✓ Master JSON: 0 places
2026-03-07T14:26:51.134Z - 
🔄 LC: Traitement...
2026-03-07T14:26:51.135Z -   ✓ Excel chargé: 0 places
2026-03-07T14:26:51.135Z -   ✓ Master JSON: 0 places
2026-03-07T14:26:51.136Z - 
🔄 LI: Traitement...
2026-03-07T14:26:51.136Z -   ✓ Excel chargé: 0 places
2026-03-07T14:26:51.137Z -   ✓ Master JSON: 0 places
2026-03-07T14:26:51.137Z - 
🔄 LK: Traitement...
2026-03-07T14:26:51.147Z -   ✓ Excel chargé: 34 places
2026-03-07T14:26:51.154Z -   ✓ Master JSON: 34 places
2026-03-07T14:26:51.169Z -   ✓ Excel sauvegardé: 34 places
2026-03-07T14:26:51.169Z - 
🔄 LR: Traitement...
2026-03-07T14:26:51.170Z -   ✓ Excel chargé: 0 places
2026-03-07T14:26:51.170Z -   ✓ Master JSON: 0 places
2026-03-07T14:26:51.171Z - 
🔄 LS: Traitement...
2026-03-07T14:26:51.171Z -   ✓ Excel chargé: 0 places
2026-03-07T14:26:51.171Z -   ✓ Master JSON: 0 places
2026-03-07T14:26:51.172Z - 
🔄 LT: Traitement...
2026-03-07T14:26:51.178Z -   ✓ Excel chargé: 4 places
2026-03-07T14:26:51.182Z -   ✓ Master JSON: 4 places
2026-03-07T14:26:51.188Z -   ✓ Excel sauvegardé: 4 places
2026-03-07T14:26:51.189Z - 
🔄 LU: Traitement...
2026-03-07T14:26:51.189Z -   ✓ Excel chargé: 0 places
2026-03-07T14:26:51.190Z -   ✓ Master JSON: 0 places
2026-03-07T14:26:51.191Z - 
🔄 LV: Traitement...
2026-03-07T14:26:51.197Z -   ✓ Excel chargé: 11 places
2026-03-07T14:26:51.201Z -   ✓ Master JSON: 11 places
2026-03-07T14:26:51.212Z -   ✓ Excel sauvegardé: 11 places
2026-03-07T14:26:51.213Z - 
🔄 LY: Traitement...
2026-03-07T14:26:51.214Z -   ✓ Excel chargé: 0 places
2026-03-07T14:26:51.214Z -   ✓ Master JSON: 0 places
2026-03-07T14:26:51.215Z - 
🔄 MA: Traitement...
2026-03-07T14:26:51.219Z -   ✓ Excel chargé: 5 places
2026-03-07T14:26:51.223Z -   ✓ Master JSON: 5 places
2026-03-07T14:26:51.231Z -   ✓ Excel sauvegardé: 5 places
2026-03-07T14:26:51.232Z - 
🔄 MC: Traitement...
2026-03-07T14:26:51.232Z -   ✓ Excel chargé: 0 places
2026-03-07T14:26:51.233Z -   ✓ Master JSON: 0 places
2026-03-07T14:26:51.233Z - 
🔄 MD: Traitement...
2026-03-07T14:26:51.238Z -   ✓ Excel chargé: 6 places
2026-03-07T14:26:51.244Z -   ✓ Master JSON: 6 places
2026-03-07T14:26:51.250Z -   ✓ Excel sauvegardé: 6 places
2026-03-07T14:26:51.251Z - 
🔄 ME: Traitement...
2026-03-07T14:26:51.256Z -   ✓ Excel chargé: 12 places
2026-03-07T14:26:51.265Z -   ✓ Master JSON: 12 places
2026-03-07T14:26:51.272Z -   ✓ Excel sauvegardé: 12 places
2026-03-07T14:26:51.273Z - 
🔄 MF: Traitement...
2026-03-07T14:26:51.278Z -   ✓ Excel chargé: 4 places
2026-03-07T14:26:51.282Z -   ✓ Master JSON: 4 places
2026-03-07T14:26:51.288Z -   ✓ Excel sauvegardé: 4 places
2026-03-07T14:26:51.289Z - 
🔄 MG: Traitement...
2026-03-07T14:26:51.297Z -   ✓ Excel chargé: 19 places
2026-03-07T14:26:51.304Z -   ✓ Master JSON: 19 places
2026-03-07T14:26:51.316Z -   ✓ Excel sauvegardé: 19 places
2026-03-07T14:26:51.317Z - 
🔄 MH: Traitement...
2026-03-07T14:26:51.318Z -   ✓ Excel chargé: 0 places
2026-03-07T14:26:51.319Z -   ✓ Master JSON: 0 places
2026-03-07T14:26:51.319Z - 
🔄 MK: Traitement...
2026-03-07T14:26:51.320Z -   ✓ Excel chargé: 0 places
2026-03-07T14:26:51.320Z -   ✓ Master JSON: 0 places
2026-03-07T14:26:51.321Z - 
🔄 ML: Traitement...
2026-03-07T14:26:51.321Z -   ✓ Excel chargé: 0 places
2026-03-07T14:26:51.322Z -   ✓ Master JSON: 0 places
2026-03-07T14:26:51.323Z - 
🔄 MM: Traitement...
2026-03-07T14:26:51.323Z -   ✓ Excel chargé: 0 places
2026-03-07T14:26:51.324Z -   ✓ Master JSON: 0 places
2026-03-07T14:26:51.325Z - 
🔄 MN: Traitement...
2026-03-07T14:26:51.335Z -   ✓ Excel chargé: 24 places
2026-03-07T14:26:51.340Z -   ✓ Master JSON: 24 places
2026-03-07T14:26:51.352Z -   ✓ Excel sauvegardé: 24 places
2026-03-07T14:26:51.353Z - 
🔄 MQ: Traitement...
2026-03-07T14:26:51.358Z -   ✓ Excel chargé: 5 places
2026-03-07T14:26:51.364Z -   ✓ Master JSON: 5 places
2026-03-07T14:26:51.369Z -   ✓ Excel sauvegardé: 5 places
2026-03-07T14:26:51.370Z - 
🔄 MR: Traitement...
2026-03-07T14:26:51.370Z -   ✓ Excel chargé: 0 places
2026-03-07T14:26:51.371Z -   ✓ Master JSON: 0 places
2026-03-07T14:26:51.371Z - 
🔄 MT: Traitement...
2026-03-07T14:26:51.372Z -   ✓ Excel chargé: 0 places
2026-03-07T14:26:51.372Z -   ✓ Master JSON: 0 places
2026-03-07T14:26:51.373Z - 
🔄 MU: Traitement...
2026-03-07T14:26:51.379Z -   ✓ Excel chargé: 14 places
2026-03-07T14:26:51.384Z -   ✓ Master JSON: 14 places
2026-03-07T14:26:51.391Z -   ✓ Excel sauvegardé: 14 places
2026-03-07T14:26:51.392Z - 
🔄 MV: Traitement...
2026-03-07T14:26:51.393Z -   ✓ Excel chargé: 0 places
2026-03-07T14:26:51.393Z -   ✓ Master JSON: 0 places
2026-03-07T14:26:51.394Z - 
🔄 MW: Traitement...
2026-03-07T14:26:51.395Z -   ✓ Excel chargé: 0 places
2026-03-07T14:26:51.395Z -   ✓ Master JSON: 0 places
2026-03-07T14:26:51.396Z - 
🔄 MX: Traitement...
2026-03-07T14:26:51.401Z -   ✓ Excel chargé: 27 places
2026-03-07T14:26:51.407Z -   ✓ Master JSON: 27 places
2026-03-07T14:26:51.417Z -   ✓ Excel sauvegardé: 27 places
2026-03-07T14:26:51.418Z - 
🔄 MY: Traitement...
2026-03-07T14:26:51.422Z -   ✓ Excel chargé: 6 places
2026-03-07T14:26:51.427Z -   ✓ Master JSON: 6 places
2026-03-07T14:26:51.434Z -   ✓ Excel sauvegardé: 6 places
2026-03-07T14:26:51.435Z - 
🔄 MZ: Traitement...
2026-03-07T14:26:51.435Z -   ✓ Excel chargé: 0 places
2026-03-07T14:26:51.435Z -   ✓ Master JSON: 0 places
2026-03-07T14:26:51.436Z - 
🔄 NA: Traitement...
2026-03-07T14:26:51.444Z -   ✓ Excel chargé: 49 places
2026-03-07T14:26:51.452Z -   ✓ Master JSON: 27 places
2026-03-07T14:26:51.468Z -   ✓ Excel sauvegardé: 49 places
2026-03-07T14:26:51.468Z - 
🔄 NC: Traitement...
2026-03-07T14:26:51.472Z -   ✓ Excel chargé: 5 places
2026-03-07T14:26:51.479Z -   ✓ Master JSON: 5 places
2026-03-07T14:26:51.484Z -   ✓ Excel sauvegardé: 5 places
2026-03-07T14:26:51.485Z - 
🔄 NE: Traitement...
2026-03-07T14:26:51.486Z -   ✓ Excel chargé: 0 places
2026-03-07T14:26:51.486Z -   ✓ Master JSON: 0 places
2026-03-07T14:26:51.486Z - 
🔄 NG: Traitement...
2026-03-07T14:26:51.487Z -   ✓ Excel chargé: 0 places
2026-03-07T14:26:51.487Z -   ✓ Master JSON: 0 places
2026-03-07T14:26:51.488Z - 
🔄 NI: Traitement...
2026-03-07T14:26:51.495Z -   ✓ Excel chargé: 45 places
2026-03-07T14:26:51.502Z -   ✓ Master JSON: 19 places
2026-03-07T14:26:51.516Z -   ✓ Excel sauvegardé: 45 places
2026-03-07T14:26:51.517Z - 
🔄 NL: Traitement...
2026-03-07T14:26:51.522Z -   ✓ Excel chargé: 28 places
2026-03-07T14:26:51.530Z -   ✓ Master JSON: 28 places
2026-03-07T14:26:51.541Z -   ✓ Excel sauvegardé: 28 places
2026-03-07T14:26:51.542Z - 
🔄 NO: Traitement...
2026-03-07T14:26:51.547Z -   ✓ Excel chargé: 16 places
2026-03-07T14:26:51.551Z -   ✓ Master JSON: 4 places
2026-03-07T14:26:51.559Z -   ✓ Excel sauvegardé: 16 places
2026-03-07T14:26:51.560Z - 
🔄 NP: Traitement...
2026-03-07T14:26:51.561Z -   ✓ Excel chargé: 0 places
2026-03-07T14:26:51.561Z -   ✓ Master JSON: 0 places
2026-03-07T14:26:51.562Z - 
🔄 NR: Traitement...
2026-03-07T14:26:51.562Z -   ✓ Excel chargé: 0 places
2026-03-07T14:26:51.563Z -   ✓ Master JSON: 0 places
2026-03-07T14:26:51.563Z - 
🔄 NZ: Traitement...
2026-03-07T14:26:51.570Z -   ✓ Excel chargé: 44 places
2026-03-07T14:26:51.578Z -   ✓ Master JSON: 33 places
2026-03-07T14:26:51.592Z -   ✓ Excel sauvegardé: 44 places
2026-03-07T14:26:51.593Z - 
🔄 OM: Traitement...
2026-03-07T14:26:51.597Z -   ✓ Excel chargé: 5 places
2026-03-07T14:26:51.601Z -   ✓ Master JSON: 5 places
2026-03-07T14:26:51.606Z -   ✓ Excel sauvegardé: 5 places
2026-03-07T14:26:51.607Z - 
🔄 PA: Traitement...
2026-03-07T14:26:51.612Z -   ✓ Excel chargé: 9 places
2026-03-07T14:26:51.616Z -   ✓ Master JSON: 8 places
2026-03-07T14:26:51.623Z -   ✓ Excel sauvegardé: 9 places
2026-03-07T14:26:51.624Z - 
🔄 PE: Traitement...
2026-03-07T14:26:51.630Z -   ✓ Excel chargé: 19 places
2026-03-07T14:26:51.635Z -   ✓ Master JSON: 19 places
2026-03-07T14:26:51.644Z -   ✓ Excel sauvegardé: 19 places
2026-03-07T14:26:51.645Z - 
🔄 PF: Traitement...
2026-03-07T14:26:51.650Z -   ✓ Excel chargé: 32 places
2026-03-07T14:26:51.656Z -   ✓ Master JSON: 31 places
2026-03-07T14:26:51.669Z -   ✓ Excel sauvegardé: 32 places
2026-03-07T14:26:51.669Z - 
🔄 PG: Traitement...
2026-03-07T14:26:51.670Z -   ✓ Excel chargé: 0 places
2026-03-07T14:26:51.670Z -   ✓ Master JSON: 0 places
2026-03-07T14:26:51.671Z - 
🔄 PH: Traitement...
2026-03-07T14:26:51.677Z -   ✓ Excel chargé: 11 places
2026-03-07T14:26:51.681Z -   ✓ Master JSON: 11 places
2026-03-07T14:26:51.688Z -   ✓ Excel sauvegardé: 11 places
2026-03-07T14:26:51.688Z - 
🔄 PK: Traitement...
2026-03-07T14:26:51.689Z -   ✓ Excel chargé: 0 places
2026-03-07T14:26:51.689Z -   ✓ Master JSON: 0 places
2026-03-07T14:26:51.690Z - 
🔄 PL: Traitement...
2026-03-07T14:26:51.696Z -   ✓ Excel chargé: 35 places
2026-03-07T14:26:51.705Z -   ✓ Master JSON: 35 places
2026-03-07T14:26:51.721Z -   ✓ Excel sauvegardé: 35 places
2026-03-07T14:26:51.721Z - 
🔄 PM: Traitement...
2026-03-07T14:26:51.722Z -   ✓ Excel chargé: 0 places
2026-03-07T14:26:51.722Z -   ✓ Master JSON: 0 places
2026-03-07T14:26:51.723Z - 
🔄 PT: Traitement...
2026-03-07T14:26:51.732Z -   ✓ Excel chargé: 66 places
2026-03-07T14:26:51.742Z -   ✓ Master JSON: 49 places
2026-03-07T14:26:51.761Z -   ✓ Excel sauvegardé: 66 places
2026-03-07T14:26:51.762Z - 
🔄 PW: Traitement...
2026-03-07T14:26:51.762Z -   ✓ Excel chargé: 0 places
2026-03-07T14:26:51.762Z -   ✓ Master JSON: 0 places
2026-03-07T14:26:51.763Z - 
🔄 PY: Traitement...
2026-03-07T14:26:51.767Z -   ✓ Excel chargé: 4 places
2026-03-07T14:26:51.770Z -   ✓ Master JSON: 4 places
2026-03-07T14:26:51.777Z -   ✓ Excel sauvegardé: 4 places
2026-03-07T14:26:51.778Z - 
🔄 QA: Traitement...
2026-03-07T14:26:51.779Z -   ✓ Excel chargé: 0 places
2026-03-07T14:26:51.779Z -   ✓ Master JSON: 0 places
2026-03-07T14:26:51.780Z - 
🔄 RE: Traitement...
2026-03-07T14:26:51.780Z -   ✓ Excel chargé: 0 places
2026-03-07T14:26:51.780Z -   ✓ Master JSON: 0 places
2026-03-07T14:26:51.781Z - 
🔄 RO: Traitement...
2026-03-07T14:26:51.786Z -   ✓ Excel chargé: 15 places
2026-03-07T14:26:51.790Z -   ✓ Master JSON: 13 places
2026-03-07T14:26:51.799Z -   ✓ Excel sauvegardé: 15 places
2026-03-07T14:26:51.799Z - 
🔄 RS: Traitement...
2026-03-07T14:26:51.805Z -   ✓ Excel chargé: 14 places
2026-03-07T14:26:51.810Z -   ✓ Master JSON: 14 places
2026-03-07T14:26:51.816Z -   ✓ Excel sauvegardé: 14 places
2026-03-07T14:26:51.817Z - 
🔄 RT IMPORTÉS: Traitement...
2026-03-07T14:26:51.817Z -   ✓ Excel chargé: 0 places
2026-03-07T14:26:51.818Z -   ✓ Master JSON: 0 places
2026-03-07T14:26:51.818Z - 
🔄 RU: Traitement...
2026-03-07T14:26:51.819Z -   ✓ Excel chargé: 0 places
2026-03-07T14:26:51.819Z -   ✓ Master JSON: 0 places
2026-03-07T14:26:51.819Z - 
🔄 RW: Traitement...
2026-03-07T14:26:51.820Z -   ✓ Excel chargé: 0 places
2026-03-07T14:26:51.820Z -   ✓ Master JSON: 0 places
2026-03-07T14:26:51.821Z - 
🔄 SA: Traitement...
2026-03-07T14:26:51.821Z -   ✓ Excel chargé: 0 places
2026-03-07T14:26:51.821Z -   ✓ Master JSON: 0 places
2026-03-07T14:26:51.822Z - 
🔄 SB: Traitement...
2026-03-07T14:26:51.822Z -   ✓ Excel chargé: 0 places
2026-03-07T14:26:51.823Z -   ✓ Master JSON: 0 places
2026-03-07T14:26:51.823Z - 
🔄 SC: Traitement...
2026-03-07T14:26:51.824Z -   ✓ Excel chargé: 0 places
2026-03-07T14:26:51.825Z -   ✓ Master JSON: 0 places
2026-03-07T14:26:51.826Z - 
🔄 SD: Traitement...
2026-03-07T14:26:51.827Z -   ✓ Excel chargé: 0 places
2026-03-07T14:26:51.827Z -   ✓ Master JSON: 0 places
2026-03-07T14:26:51.828Z - 
🔄 SE: Traitement...
2026-03-07T14:26:51.833Z -   ✓ Excel chargé: 42 places
2026-03-07T14:26:51.839Z -   ✓ Master JSON: 42 places
2026-03-07T14:26:51.852Z -   ✓ Excel sauvegardé: 42 places
2026-03-07T14:26:51.852Z - 
🔄 SG: Traitement...
2026-03-07T14:26:51.853Z -   ✓ Excel chargé: 0 places
2026-03-07T14:26:51.853Z -   ✓ Master JSON: 0 places
2026-03-07T14:26:51.854Z - 
🔄 SI: Traitement...
2026-03-07T14:26:51.860Z -   ✓ Excel chargé: 9 places
2026-03-07T14:26:51.864Z -   ✓ Master JSON: 9 places
2026-03-07T14:26:51.869Z -   ✓ Excel sauvegardé: 9 places
2026-03-07T14:26:51.870Z - 
🔄 SK: Traitement...
2026-03-07T14:26:51.875Z -   ✓ Excel chargé: 11 places
2026-03-07T14:26:51.880Z -   ✓ Master JSON: 11 places
2026-03-07T14:26:51.886Z -   ✓ Excel sauvegardé: 11 places
2026-03-07T14:26:51.886Z - 
🔄 SL: Traitement...
2026-03-07T14:26:51.887Z -   ✓ Excel chargé: 0 places
2026-03-07T14:26:51.887Z -   ✓ Master JSON: 0 places
2026-03-07T14:26:51.888Z - 
🔄 SM: Traitement...
2026-03-07T14:26:51.888Z -   ✓ Excel chargé: 0 places
2026-03-07T14:26:51.889Z -   ✓ Master JSON: 0 places
2026-03-07T14:26:51.889Z - 
🔄 SN: Traitement...
2026-03-07T14:26:51.895Z -   ✓ Excel chargé: 8 places
2026-03-07T14:26:51.899Z -   ✓ Master JSON: 8 places
2026-03-07T14:26:51.905Z -   ✓ Excel sauvegardé: 8 places
2026-03-07T14:26:51.905Z - 
🔄 SO: Traitement...
2026-03-07T14:26:51.906Z -   ✓ Excel chargé: 0 places
2026-03-07T14:26:51.906Z -   ✓ Master JSON: 0 places
2026-03-07T14:26:51.907Z - 
🔄 SR: Traitement...
2026-03-07T14:26:51.912Z -   ✓ Excel chargé: 10 places
2026-03-07T14:26:51.912Z -   ✓ Master JSON: 0 places
2026-03-07T14:26:51.917Z -   ✓ Excel sauvegardé: 10 places
2026-03-07T14:26:51.918Z - 
🔄 SS: Traitement...
2026-03-07T14:26:51.918Z -   ✓ Excel chargé: 0 places
2026-03-07T14:26:51.919Z -   ✓ Master JSON: 0 places
2026-03-07T14:26:51.920Z - 
🔄 ST: Traitement...
2026-03-07T14:26:51.920Z -   ✓ Excel chargé: 0 places
2026-03-07T14:26:51.921Z -   ✓ Master JSON: 0 places
2026-03-07T14:26:51.921Z - 
🔄 SV: Traitement...
2026-03-07T14:26:51.926Z -   ✓ Excel chargé: 9 places
2026-03-07T14:26:51.930Z -   ✓ Master JSON: 9 places
2026-03-07T14:26:51.936Z -   ✓ Excel sauvegardé: 9 places
2026-03-07T14:26:51.937Z - 
🔄 SY: Traitement...
2026-03-07T14:26:51.938Z -   ✓ Excel chargé: 0 places
2026-03-07T14:26:51.938Z -   ✓ Master JSON: 0 places
2026-03-07T14:26:51.939Z - 
🔄 SZ: Traitement...
2026-03-07T14:26:51.940Z -   ✓ Excel chargé: 0 places
2026-03-07T14:26:51.940Z -   ✓ Master JSON: 0 places
2026-03-07T14:26:51.941Z - 
🔄 TD: Traitement...
2026-03-07T14:26:51.941Z -   ✓ Excel chargé: 0 places
2026-03-07T14:26:51.942Z -   ✓ Master JSON: 0 places
2026-03-07T14:26:51.943Z - 
🔄 TG: Traitement...
2026-03-07T14:26:51.943Z -   ✓ Excel chargé: 0 places
2026-03-07T14:26:51.943Z -   ✓ Master JSON: 0 places
2026-03-07T14:26:51.944Z - 
🔄 TH: Traitement...
2026-03-07T14:26:51.949Z -   ✓ Excel chargé: 24 places
2026-03-07T14:26:51.954Z -   ✓ Master JSON: 24 places
2026-03-07T14:26:51.963Z -   ✓ Excel sauvegardé: 24 places
2026-03-07T14:26:51.964Z - 
🔄 TJ: Traitement...
2026-03-07T14:26:51.964Z -   ✓ Excel chargé: 0 places
2026-03-07T14:26:51.965Z -   ✓ Master JSON: 0 places
2026-03-07T14:26:51.965Z - 
🔄 TL: Traitement...
2026-03-07T14:26:51.965Z -   ✓ Excel chargé: 0 places
2026-03-07T14:26:51.966Z -   ✓ Master JSON: 0 places
2026-03-07T14:26:51.966Z - 
🔄 TM: Traitement...
2026-03-07T14:26:51.970Z -   ✓ Excel chargé: 8 places
2026-03-07T14:26:51.974Z -   ✓ Master JSON: 8 places
2026-03-07T14:26:51.981Z -   ✓ Excel sauvegardé: 8 places
2026-03-07T14:26:51.981Z - 
🔄 TN: Traitement...
2026-03-07T14:26:51.982Z -   ✓ Excel chargé: 0 places
2026-03-07T14:26:51.982Z -   ✓ Master JSON: 0 places
2026-03-07T14:26:51.982Z - 
🔄 TO: Traitement...
2026-03-07T14:26:51.983Z -   ✓ Excel chargé: 0 places
2026-03-07T14:26:51.984Z -   ✓ Master JSON: 0 places
2026-03-07T14:26:51.984Z - 
🔄 TR: Traitement...
2026-03-07T14:26:51.992Z -   ✓ Excel chargé: 61 places
2026-03-07T14:26:51.999Z -   ✓ Master JSON: 60 places
2026-03-07T14:26:52.018Z -   ✓ Excel sauvegardé: 61 places
2026-03-07T14:26:52.019Z - 
🔄 TT: Traitement...
2026-03-07T14:26:52.019Z -   ✓ Excel chargé: 0 places
2026-03-07T14:26:52.020Z -   ✓ Master JSON: 0 places
2026-03-07T14:26:52.020Z - 
🔄 TV: Traitement...
2026-03-07T14:26:52.020Z -   ✓ Excel chargé: 0 places
2026-03-07T14:26:52.021Z -   ✓ Master JSON: 0 places
2026-03-07T14:26:52.021Z - 
🔄 TZ: Traitement...
2026-03-07T14:26:52.026Z -   ✓ Excel chargé: 17 places
2026-03-07T14:26:52.030Z -   ✓ Master JSON: 17 places
2026-03-07T14:26:52.038Z -   ✓ Excel sauvegardé: 17 places
2026-03-07T14:26:52.038Z - 
🔄 UA: Traitement...
2026-03-07T14:26:52.039Z -   ✓ Excel chargé: 0 places
2026-03-07T14:26:52.039Z -   ✓ Master JSON: 0 places
2026-03-07T14:26:52.040Z - 
🔄 UG: Traitement...
2026-03-07T14:26:52.040Z -   ✓ Excel chargé: 0 places
2026-03-07T14:26:52.041Z -   ✓ Master JSON: 0 places
2026-03-07T14:26:52.042Z - 
🔄 US: Traitement...
2026-03-07T14:26:52.072Z -   ✓ Excel chargé: 540 places
2026-03-07T14:26:52.125Z -   ✓ Master JSON: 412 places
2026-03-07T14:26:52.245Z -   ✓ Excel sauvegardé: 540 places
2026-03-07T14:26:52.245Z - 
🔄 UY: Traitement...
2026-03-07T14:26:52.246Z -   ✓ Excel chargé: 0 places
2026-03-07T14:26:52.247Z -   ✓ Master JSON: 0 places
2026-03-07T14:26:52.247Z - 
🔄 UZ: Traitement...
2026-03-07T14:26:52.251Z -   ✓ Excel chargé: 6 places
2026-03-07T14:26:52.256Z -   ✓ Master JSON: 6 places
2026-03-07T14:26:52.261Z -   ✓ Excel sauvegardé: 6 places
2026-03-07T14:26:52.262Z - 
🔄 VA: Traitement...
2026-03-07T14:26:52.262Z -   ✓ Excel chargé: 0 places
2026-03-07T14:26:52.262Z -   ✓ Master JSON: 0 places
2026-03-07T14:26:52.263Z - 
🔄 VC: Traitement...
2026-03-07T14:26:52.263Z -   ✓ Excel chargé: 0 places
2026-03-07T14:26:52.264Z -   ✓ Master JSON: 0 places
2026-03-07T14:26:52.264Z - 
🔄 VE: Traitement...
2026-03-07T14:26:52.264Z -   ✓ Excel chargé: 0 places
2026-03-07T14:26:52.265Z -   ✓ Master JSON: 0 places
2026-03-07T14:26:52.265Z - 
🔄 VN: Traitement...
2026-03-07T14:26:52.273Z -   ✓ Excel chargé: 27 places
2026-03-07T14:26:52.280Z -   ✓ Master JSON: 26 places
2026-03-07T14:26:52.289Z -   ✓ Excel sauvegardé: 27 places
2026-03-07T14:26:52.289Z - 
🔄 VU: Traitement...
2026-03-07T14:26:52.290Z -   ✓ Excel chargé: 0 places
2026-03-07T14:26:52.290Z -   ✓ Master JSON: 0 places
2026-03-07T14:26:52.291Z - 
🔄 WF: Traitement...
2026-03-07T14:26:52.292Z -   ✓ Excel chargé: 0 places
2026-03-07T14:26:52.293Z -   ✓ Master JSON: 0 places
2026-03-07T14:26:52.293Z - 
🔄 WS: Traitement...
2026-03-07T14:26:52.294Z -   ✓ Excel chargé: 0 places
2026-03-07T14:26:52.294Z -   ✓ Master JSON: 0 places
2026-03-07T14:26:52.294Z - 
🔄 XX: Traitement...
2026-03-07T14:26:52.295Z -   ✓ Excel chargé: 0 places
2026-03-07T14:26:52.296Z -   ✓ Master JSON: 0 places
2026-03-07T14:26:52.296Z - 
🔄 YE: Traitement...
2026-03-07T14:26:52.297Z -   ✓ Excel chargé: 0 places
2026-03-07T14:26:52.297Z -   ✓ Master JSON: 0 places
2026-03-07T14:26:52.297Z - 
🔄 YT: Traitement...
2026-03-07T14:26:52.301Z -   ✓ Excel chargé: 5 places
2026-03-07T14:26:52.305Z -   ✓ Master JSON: 5 places
2026-03-07T14:26:52.310Z -   ✓ Excel sauvegardé: 5 places
2026-03-07T14:26:52.311Z - 
🔄 ZA: Traitement...
2026-03-07T14:26:52.321Z -   ✓ Excel chargé: 114 places
2026-03-07T14:26:52.332Z -   ✓ Master JSON: 85 places
2026-03-07T14:26:52.360Z -   ✓ Excel sauvegardé: 114 places
2026-03-07T14:26:52.360Z - 
🔄 ZM: Traitement...
2026-03-07T14:26:52.361Z -   ✓ Excel chargé: 0 places
2026-03-07T14:26:52.361Z -   ✓ Master JSON: 0 places
2026-03-07T14:26:52.362Z - 
🔄 ZW: Traitement...
2026-03-07T14:26:52.362Z -   ✓ Excel chargé: 0 places
2026-03-07T14:26:52.362Z -   ✓ Master JSON: 0 places
2026-03-07T14:26:52.363Z - 
🔄 _BACKUPS: Traitement...
2026-03-07T14:26:52.363Z -   ✓ Excel chargé: 0 places
2026-03-07T14:26:52.364Z -   ✓ Master JSON: 0 places
2026-03-07T14:26:52.364Z - 
🔄 _TR_CACHE: Traitement...
2026-03-07T14:26:52.369Z -   ✓ Excel chargé: 0 places
2026-03-07T14:26:52.369Z -   ✓ Master JSON: 0 places
2026-03-07T14:46:05.646Z - 
============================================================
2026-03-07T14:46:05.652Z - 🔄 MODE UPDATE - 07/03/2026 15:46:05
2026-03-07T14:46:05.652Z - ============================================================
2026-03-07T14:46:05.788Z - 
🔄 .RATINGS_BACKUPS: Traitement...
2026-03-07T14:46:05.789Z -   ✓ Excel chargé: 0 places
2026-03-07T14:46:05.790Z -   ✓ Master JSON: 0 places
2026-03-07T14:46:05.791Z - 
🔄 AD: Traitement...
2026-03-07T14:46:05.834Z -   ✓ Excel chargé: 0 places
2026-03-07T14:46:05.836Z -   ✓ Master JSON: 0 places
2026-03-07T14:46:05.836Z - 
🔄 AE: Traitement...
2026-03-07T14:46:05.851Z -   ✓ Excel chargé: 8 places
2026-03-07T14:46:05.855Z -   ✓ Master JSON: 8 places
2026-03-07T14:46:05.895Z -   ✓ Excel sauvegardé: 8 places
2026-03-07T14:46:05.896Z - 
🔄 AF: Traitement...
2026-03-07T14:46:05.911Z -   ✓ Excel chargé: 0 places
2026-03-07T14:46:05.912Z -   ✓ Master JSON: 0 places
2026-03-07T14:46:05.913Z - 
🔄 AG: Traitement...
2026-03-07T14:46:05.924Z -   ✓ Excel chargé: 0 places
2026-03-07T14:46:05.925Z -   ✓ Master JSON: 0 places
2026-03-07T14:46:05.926Z - 
🔄 AI: Traitement...
2026-03-07T14:46:05.927Z -   ✓ Excel chargé: 0 places
2026-03-07T14:46:05.927Z -   ✓ Master JSON: 0 places
2026-03-07T14:46:05.928Z - 
🔄 AL: Traitement...
2026-03-07T14:46:05.938Z -   ✓ Excel chargé: 12 places
2026-03-07T14:46:05.946Z -   ✓ Master JSON: 12 places
2026-03-07T14:46:05.960Z -   ✓ Excel sauvegardé: 12 places
2026-03-07T14:46:05.960Z - 
🔄 AM: Traitement...
2026-03-07T14:46:05.970Z -   ✓ Excel chargé: 8 places
2026-03-07T14:46:05.977Z -   ✓ Master JSON: 8 places
2026-03-07T14:46:05.989Z -   ✓ Excel sauvegardé: 8 places
2026-03-07T14:46:05.989Z - 
🔄 AO: Traitement...
2026-03-07T14:46:05.998Z -   ✓ Excel chargé: 0 places
2026-03-07T14:46:05.998Z -   ✓ Master JSON: 0 places
2026-03-07T14:46:05.999Z - 
🔄 AR: Traitement...
2026-03-07T14:46:06.021Z -   ✓ Excel chargé: 46 places
2026-03-07T14:46:06.045Z -   ✓ Master JSON: 23 places
2026-03-07T14:46:06.075Z -   ✓ Excel sauvegardé: 46 places
2026-03-07T14:46:06.077Z - 
🔄 AS: Traitement...
2026-03-07T14:46:06.077Z -   ✓ Excel chargé: 0 places
2026-03-07T14:46:06.078Z -   ✓ Master JSON: 0 places
2026-03-07T14:46:06.079Z - 
🔄 AT: Traitement...
2026-03-07T14:46:06.100Z -   ✓ Excel chargé: 45 places
2026-03-07T14:46:06.110Z -   ✓ Master JSON: 43 places
2026-03-07T14:46:06.134Z -   ✓ Excel sauvegardé: 45 places
2026-03-07T14:46:06.135Z - 
🔄 AU: Traitement...
2026-03-07T14:46:06.152Z -   ✓ Excel chargé: 74 places
2026-03-07T14:46:06.165Z -   ✓ Master JSON: 42 places
2026-03-07T14:46:06.199Z -   ✓ Excel sauvegardé: 74 places
2026-03-07T14:46:06.200Z - 
🔄 AW: Traitement...
2026-03-07T14:46:06.206Z -   ✓ Excel chargé: 0 places
2026-03-07T14:46:06.207Z -   ✓ Master JSON: 0 places
2026-03-07T14:46:06.209Z - 
🔄 AZ: Traitement...
2026-03-07T14:46:06.216Z -   ✓ Excel chargé: 0 places
2026-03-07T14:46:06.217Z -   ✓ Master JSON: 0 places
2026-03-07T14:46:06.218Z - 
🔄 BA: Traitement...
2026-03-07T14:46:06.227Z -   ✓ Excel chargé: 15 places
2026-03-07T14:46:06.234Z -   ✓ Master JSON: 15 places
2026-03-07T14:46:06.247Z -   ✓ Excel sauvegardé: 15 places
2026-03-07T14:46:06.248Z - 
🔄 BB: Traitement...
2026-03-07T14:46:06.254Z -   ✓ Excel chargé: 6 places
2026-03-07T14:46:06.260Z -   ✓ Master JSON: 6 places
2026-03-07T14:46:06.269Z -   ✓ Excel sauvegardé: 6 places
2026-03-07T14:46:06.269Z - 
🔄 BD: Traitement...
2026-03-07T14:46:06.281Z -   ✓ Excel chargé: 17 places
2026-03-07T14:46:06.286Z -   ✓ Master JSON: 14 places
2026-03-07T14:46:06.303Z -   ✓ Excel sauvegardé: 17 places
2026-03-07T14:46:06.304Z - 
🔄 BE: Traitement...
2026-03-07T14:46:06.313Z -   ✓ Excel chargé: 24 places
2026-03-07T14:46:06.321Z -   ✓ Master JSON: 23 places
2026-03-07T14:46:09.732Z -   ✓ Excel sauvegardé: 24 places
2026-03-07T14:46:09.734Z - 
🔄 BF: Traitement...
2026-03-07T14:46:09.739Z -   ✓ Excel chargé: 0 places
2026-03-07T14:46:09.740Z -   ✓ Master JSON: 0 places
2026-03-07T14:46:09.742Z - 
🔄 BG: Traitement...
2026-03-07T14:46:09.750Z -   ✓ Excel chargé: 29 places
2026-03-07T14:46:09.758Z -   ✓ Master JSON: 21 places
2026-03-07T14:46:09.774Z -   ✓ Excel sauvegardé: 29 places
2026-03-07T14:46:09.774Z - 
🔄 BH: Traitement...
2026-03-07T14:46:09.780Z -   ✓ Excel chargé: 0 places
2026-03-07T14:46:09.781Z -   ✓ Master JSON: 0 places
2026-03-07T14:46:09.782Z - 
🔄 BI: Traitement...
2026-03-07T14:46:09.787Z -   ✓ Excel chargé: 0 places
2026-03-07T14:46:09.788Z -   ✓ Master JSON: 0 places
2026-03-07T14:46:09.789Z - 
🔄 BJ: Traitement...
2026-03-07T14:46:09.795Z -   ✓ Excel chargé: 0 places
2026-03-07T14:46:09.795Z -   ✓ Master JSON: 0 places
2026-03-07T14:46:09.796Z - 
🔄 BL: Traitement...
2026-03-07T14:46:09.803Z -   ✓ Excel chargé: 8 places
2026-03-07T14:46:09.806Z -   ✓ Master JSON: 8 places
2026-03-07T14:46:09.816Z -   ✓ Excel sauvegardé: 8 places
2026-03-07T14:46:09.817Z - 
🔄 BM: Traitement...
2026-03-07T14:46:09.822Z -   ✓ Excel chargé: 0 places
2026-03-07T14:46:09.822Z -   ✓ Master JSON: 0 places
2026-03-07T14:46:09.823Z - 
🔄 BN: Traitement...
2026-03-07T14:46:09.828Z -   ✓ Excel chargé: 0 places
2026-03-07T14:46:09.830Z -   ✓ Master JSON: 0 places
2026-03-07T14:46:09.831Z - 
🔄 BO: Traitement...
2026-03-07T14:46:09.837Z -   ✓ Excel chargé: 17 places
2026-03-07T14:46:09.838Z -   ✓ Master JSON: 17 places
2026-03-07T14:46:09.849Z -   ✓ Excel sauvegardé: 17 places
2026-03-07T14:46:09.850Z - 
🔄 BQ: Traitement...
2026-03-07T14:46:09.850Z -   ✓ Excel chargé: 0 places
2026-03-07T14:46:09.851Z -   ✓ Master JSON: 0 places
2026-03-07T14:46:09.852Z - 
🔄 BR: Traitement...
2026-03-07T14:46:09.859Z -   ✓ Excel chargé: 55 places
2026-03-07T14:46:09.864Z -   ✓ Master JSON: 50 places
2026-03-07T14:46:15.910Z -   ✓ Excel sauvegardé: 55 places
2026-03-07T14:46:15.912Z - 
🔄 BS: Traitement...
2026-03-07T14:46:15.927Z -   ✓ Excel chargé: 9 places
2026-03-07T14:46:15.934Z -   ✓ Master JSON: 9 places
2026-03-07T14:46:15.958Z -   ✓ Excel sauvegardé: 9 places
2026-03-07T14:46:15.959Z - 
🔄 BT: Traitement...
2026-03-07T14:46:15.972Z -   ✓ Excel chargé: 0 places
2026-03-07T14:46:15.974Z -   ✓ Master JSON: 0 places
2026-03-07T14:46:15.975Z - 
🔄 BW: Traitement...
2026-03-07T14:46:15.991Z -   ✓ Excel chargé: 16 places
2026-03-07T14:46:16.005Z -   ✓ Master JSON: 15 places
2026-03-07T14:46:16.033Z -   ✓ Excel sauvegardé: 16 places
2026-03-07T14:46:16.034Z - 
🔄 BY: Traitement...
2026-03-07T14:46:16.046Z -   ✓ Excel chargé: 0 places
2026-03-07T14:46:16.047Z -   ✓ Master JSON: 0 places
2026-03-07T14:46:16.049Z - 
🔄 BZ: Traitement...
2026-03-07T14:46:16.059Z -   ✓ Excel chargé: 5 places
2026-03-07T14:46:16.066Z -   ✓ Master JSON: 5 places
2026-03-07T14:46:16.080Z -   ✓ Excel sauvegardé: 5 places
2026-03-07T14:46:16.081Z - 
🔄 CA: Traitement...
2026-03-07T14:46:16.092Z -   ✓ Excel chargé: 27 places
2026-03-07T14:46:16.101Z -   ✓ Master JSON: 27 places
2026-03-07T14:46:16.124Z -   ✓ Excel sauvegardé: 27 places
2026-03-07T14:46:16.125Z - 
🔄 CD: Traitement...
2026-03-07T14:46:16.135Z -   ✓ Excel chargé: 0 places
2026-03-07T14:46:16.136Z -   ✓ Master JSON: 0 places
2026-03-07T14:46:16.138Z - 
🔄 CF: Traitement...
2026-03-07T14:46:16.145Z -   ✓ Excel chargé: 0 places
2026-03-07T14:46:16.145Z -   ✓ Master JSON: 0 places
2026-03-07T14:46:16.146Z - 
🔄 CG: Traitement...
2026-03-07T14:46:16.154Z -   ✓ Excel chargé: 0 places
2026-03-07T14:46:16.154Z -   ✓ Master JSON: 0 places
2026-03-07T14:46:16.155Z - 
🔄 CH: Traitement...
2026-03-07T14:46:16.168Z -   ✓ Excel chargé: 56 places
2026-03-07T14:46:16.178Z -   ✓ Master JSON: 56 places
2026-03-07T14:46:16.200Z -   ✓ Excel sauvegardé: 56 places
2026-03-07T14:46:16.201Z - 
🔄 CI: Traitement...
2026-03-07T14:46:16.205Z -   ✓ Excel chargé: 0 places
2026-03-07T14:46:16.206Z -   ✓ Master JSON: 0 places
2026-03-07T14:46:16.206Z - 
🔄 CK: Traitement...
2026-03-07T14:46:16.207Z -   ✓ Excel chargé: 0 places
2026-03-07T14:46:16.207Z -   ✓ Master JSON: 0 places
2026-03-07T14:46:16.208Z - 
🔄 CL: Traitement...
2026-03-07T14:46:16.212Z -   ✓ Excel chargé: 8 places
2026-03-07T14:46:16.218Z -   ✓ Master JSON: 8 places
2026-03-07T14:46:16.225Z -   ✓ Excel sauvegardé: 8 places
2026-03-07T14:46:16.226Z - 
🔄 CM: Traitement...
2026-03-07T14:46:16.230Z -   ✓ Excel chargé: 0 places
2026-03-07T14:46:16.232Z -   ✓ Master JSON: 0 places
2026-03-07T14:46:16.233Z - 
🔄 CN: Traitement...
2026-03-07T14:46:16.239Z -   ✓ Excel chargé: 34 places
2026-03-07T14:46:16.248Z -   ✓ Master JSON: 33 places
2026-03-07T14:46:16.248Z -   ✓ 1 nouvelles places ajoutées
2026-03-07T14:46:18.373Z -   ✓ Excel sauvegardé: 35 places
2026-03-07T14:46:18.374Z - 
🔄 CO: Traitement...
2026-03-07T14:46:18.379Z -   ✓ Excel chargé: 12 places
2026-03-07T14:46:18.386Z -   ✓ Master JSON: 12 places
2026-03-07T14:46:18.395Z -   ✓ Excel sauvegardé: 12 places
2026-03-07T14:46:18.396Z - 
🔄 CR: Traitement...
2026-03-07T14:46:18.404Z -   ✓ Excel chargé: 8 places
2026-03-07T14:46:18.410Z -   ✓ Master JSON: 8 places
2026-03-07T14:46:18.419Z -   ✓ Excel sauvegardé: 8 places
2026-03-07T14:46:18.420Z - 
🔄 CU: Traitement...
2026-03-07T14:46:18.425Z -   ✓ Excel chargé: 12 places
2026-03-07T14:46:18.430Z -   ✓ Master JSON: 12 places
2026-03-07T14:46:18.440Z -   ✓ Excel sauvegardé: 12 places
2026-03-07T14:46:18.440Z - 
🔄 CV: Traitement...
2026-03-07T14:46:18.446Z -   ✓ Excel chargé: 0 places
2026-03-07T14:46:18.447Z -   ✓ Master JSON: 0 places
2026-03-07T14:46:18.447Z - 
🔄 CY: Traitement...
2026-03-07T14:46:18.456Z -   ✓ Excel chargé: 0 places
2026-03-07T14:46:18.456Z -   ✓ Master JSON: 0 places
2026-03-07T14:46:18.457Z - 
🔄 CZ: Traitement...
2026-03-07T14:46:18.464Z -   ✓ Excel chargé: 19 places
2026-03-07T14:46:18.471Z -   ✓ Master JSON: 19 places
2026-03-07T14:46:18.481Z -   ✓ Excel sauvegardé: 19 places
2026-03-07T14:46:18.482Z - 
🔄 DE: Traitement...
2026-03-07T14:46:18.502Z -   ✓ Excel chargé: 112 places
2026-03-07T14:46:18.526Z -   ✓ Master JSON: 111 places
2026-03-07T14:46:18.573Z -   ✓ Excel sauvegardé: 112 places
2026-03-07T14:46:18.574Z - 
🔄 DJ: Traitement...
2026-03-07T14:46:18.574Z -   ✓ Excel chargé: 0 places
2026-03-07T14:46:18.575Z -   ✓ Master JSON: 0 places
2026-03-07T14:46:18.576Z - 
🔄 DK: Traitement...
2026-03-07T14:46:18.583Z -   ✓ Excel chargé: 14 places
2026-03-07T14:46:18.590Z -   ✓ Master JSON: 14 places
2026-03-07T14:46:18.601Z -   ✓ Excel sauvegardé: 14 places
2026-03-07T14:46:18.602Z - 
🔄 DM: Traitement...
2026-03-07T14:46:18.603Z -   ✓ Excel chargé: 0 places
2026-03-07T14:46:18.604Z -   ✓ Master JSON: 0 places
2026-03-07T14:46:18.605Z - 
🔄 DO: Traitement...
2026-03-07T14:46:18.612Z -   ✓ Excel chargé: 15 places
2026-03-07T14:46:18.620Z -   ✓ Master JSON: 15 places
2026-03-07T14:46:18.632Z -   ✓ Excel sauvegardé: 15 places
2026-03-07T14:46:18.634Z - 
🔄 DZ: Traitement...
2026-03-07T14:46:18.636Z -   ✓ Excel chargé: 0 places
2026-03-07T14:46:18.637Z -   ✓ Master JSON: 0 places
2026-03-07T14:46:18.638Z - 
🔄 EA: Traitement...
2026-03-07T14:46:18.646Z -   ✓ Excel chargé: 23 places
2026-03-07T14:46:18.655Z -   ✓ Master JSON: 23 places
2026-03-07T14:46:18.675Z -   ✓ Excel sauvegardé: 23 places
2026-03-07T14:46:18.676Z - 
🔄 EC: Traitement...
2026-03-07T14:46:18.685Z -   ✓ Excel chargé: 13 places
2026-03-07T14:46:18.691Z -   ✓ Master JSON: 13 places
2026-03-07T14:46:18.703Z -   ✓ Excel sauvegardé: 13 places
2026-03-07T14:46:18.704Z - 
🔄 EE: Traitement...
2026-03-07T14:46:18.704Z -   ✓ Excel chargé: 0 places
2026-03-07T14:46:18.705Z -   ✓ Master JSON: 0 places
2026-03-07T14:46:18.706Z - 
🔄 EG: Traitement...
2026-03-07T14:46:18.717Z -   ✓ Excel chargé: 17 places
2026-03-07T14:46:18.724Z -   ✓ Master JSON: 17 places
2026-03-07T14:46:18.739Z -   ✓ Excel sauvegardé: 17 places
2026-03-07T14:46:18.740Z - 
🔄 ER: Traitement...
2026-03-07T14:46:18.740Z -   ✓ Excel chargé: 0 places
2026-03-07T14:46:18.741Z -   ✓ Master JSON: 0 places
2026-03-07T14:46:18.742Z - 
🔄 ES: Traitement...
2026-03-07T14:46:18.771Z -   ✓ Excel chargé: 202 places
2026-03-07T14:46:18.805Z -   ✓ Master JSON: 182 places
2026-03-07T14:46:18.921Z -   ✓ Excel sauvegardé: 202 places
2026-03-07T14:46:18.923Z - 
🔄 ET: Traitement...
2026-03-07T14:46:18.924Z -   ✓ Excel chargé: 0 places
2026-03-07T14:46:18.925Z -   ✓ Master JSON: 0 places
2026-03-07T14:46:18.927Z - 
🔄 FI: Traitement...
2026-03-07T14:46:18.938Z -   ✓ Excel chargé: 9 places
2026-03-07T14:46:18.944Z -   ✓ Master JSON: 9 places
2026-03-07T14:46:18.959Z -   ✓ Excel sauvegardé: 9 places
2026-03-07T14:46:18.960Z - 
🔄 FJ: Traitement...
2026-03-07T14:46:18.961Z -   ✓ Excel chargé: 0 places
2026-03-07T14:46:18.961Z -   ✓ Master JSON: 0 places
2026-03-07T14:46:18.962Z - 
🔄 FM: Traitement...
2026-03-07T14:46:18.963Z -   ✓ Excel chargé: 0 places
2026-03-07T14:46:18.964Z -   ✓ Master JSON: 0 places
2026-03-07T14:46:18.966Z - 
🔄 FR: Traitement...
2026-03-07T14:46:19.163Z -   ✓ Excel chargé: 1279 places
2026-03-07T14:46:19.418Z -   ✓ Master JSON: 1178 places
2026-03-07T14:47:04.584Z -   ✓ Excel sauvegardé: 1279 places
2026-03-07T14:47:04.585Z - 
🔄 GA: Traitement...
2026-03-07T14:47:04.586Z -   ✓ Excel chargé: 0 places
2026-03-07T14:47:04.587Z -   ✓ Master JSON: 0 places
2026-03-07T14:47:04.588Z - 
🔄 GB: Traitement...
2026-03-07T14:47:04.691Z -   ✓ Excel chargé: 175 places
2026-03-07T14:47:04.721Z -   ✓ Master JSON: 171 places
2026-03-07T14:47:04.785Z -   ✓ Excel sauvegardé: 175 places
2026-03-07T14:47:04.786Z - 
🔄 GD: Traitement...
2026-03-07T14:47:04.787Z -   ✓ Excel chargé: 0 places
2026-03-07T14:47:04.787Z -   ✓ Master JSON: 0 places
2026-03-07T14:47:04.788Z - 
🔄 GE: Traitement...
2026-03-07T14:47:04.803Z -   ✓ Excel chargé: 19 places
2026-03-07T14:47:04.813Z -   ✓ Master JSON: 19 places
2026-03-07T14:47:04.846Z -   ✓ Excel sauvegardé: 19 places
2026-03-07T14:47:04.848Z - 
🔄 GF: Traitement...
2026-03-07T14:47:04.861Z -   ✓ Excel chargé: 5 places
2026-03-07T14:47:04.874Z -   ✓ Master JSON: 5 places
2026-03-07T14:47:04.892Z -   ✓ Excel sauvegardé: 5 places
2026-03-07T14:47:04.893Z - 
🔄 GH: Traitement...
2026-03-07T14:47:04.895Z -   ✓ Excel chargé: 0 places
2026-03-07T14:47:04.896Z -   ✓ Master JSON: 0 places
2026-03-07T14:47:04.898Z - 
🔄 GM: Traitement...
2026-03-07T14:47:04.900Z -   ✓ Excel chargé: 0 places
2026-03-07T14:47:04.901Z -   ✓ Master JSON: 0 places
2026-03-07T14:47:04.903Z - 
🔄 GN: Traitement...
2026-03-07T14:47:04.904Z -   ✓ Excel chargé: 0 places
2026-03-07T14:47:04.906Z -   ✓ Master JSON: 0 places
2026-03-07T14:47:04.907Z - 
🔄 GP: Traitement...
2026-03-07T14:47:04.923Z -   ✓ Excel chargé: 8 places
2026-03-07T14:47:04.934Z -   ✓ Master JSON: 8 places
2026-03-07T14:47:04.955Z -   ✓ Excel sauvegardé: 8 places
2026-03-07T14:47:04.957Z - 
🔄 GQ: Traitement...
2026-03-07T14:47:04.958Z -   ✓ Excel chargé: 0 places
2026-03-07T14:47:04.960Z -   ✓ Master JSON: 0 places
2026-03-07T14:47:04.961Z - 
🔄 GR: Traitement...
2026-03-07T14:47:04.994Z -   ✓ Excel chargé: 106 places
2026-03-07T14:47:05.036Z -   ✓ Master JSON: 105 places
2026-03-07T14:47:05.098Z -   ✓ Excel sauvegardé: 106 places
2026-03-07T14:47:05.100Z - 
🔄 GT: Traitement...
2026-03-07T14:47:05.107Z -   ✓ Excel chargé: 6 places
2026-03-07T14:47:05.112Z -   ✓ Master JSON: 6 places
2026-03-07T14:47:05.124Z -   ✓ Excel sauvegardé: 6 places
2026-03-07T14:47:05.125Z - 
🔄 GW: Traitement...
2026-03-07T14:47:05.126Z -   ✓ Excel chargé: 0 places
2026-03-07T14:47:05.127Z -   ✓ Master JSON: 0 places
2026-03-07T14:47:05.128Z - 
🔄 GY: Traitement...
2026-03-07T14:47:05.129Z -   ✓ Excel chargé: 0 places
2026-03-07T14:47:05.129Z -   ✓ Master JSON: 0 places
2026-03-07T14:47:05.133Z - 
🔄 HN: Traitement...
2026-03-07T14:47:05.135Z -   ✓ Excel chargé: 0 places
2026-03-07T14:47:05.136Z -   ✓ Master JSON: 0 places
2026-03-07T14:47:05.137Z - 
🔄 HR: Traitement...
2026-03-07T14:47:05.159Z -   ✓ Excel chargé: 88 places
2026-03-07T14:47:05.198Z -   ✓ Master JSON: 71 places
2026-03-07T14:47:05.239Z -   ✓ Excel sauvegardé: 88 places
2026-03-07T14:47:05.239Z - 
🔄 HT: Traitement...
2026-03-07T14:47:05.240Z -   ✓ Excel chargé: 0 places
2026-03-07T14:47:05.241Z -   ✓ Master JSON: 0 places
2026-03-07T14:47:05.243Z - 
🔄 HU: Traitement...
2026-03-07T14:47:05.259Z -   ✓ Excel chargé: 34 places
2026-03-07T14:47:05.272Z -   ✓ Master JSON: 34 places
2026-03-07T14:47:05.294Z -   ✓ Excel sauvegardé: 34 places
2026-03-07T14:47:05.295Z - 
🔄 ID: Traitement...
2026-03-07T14:47:05.318Z -   ✓ Excel chargé: 72 places
2026-03-07T14:47:05.345Z -   ✓ Master JSON: 72 places
2026-03-07T14:47:05.389Z -   ✓ Excel sauvegardé: 72 places
2026-03-07T14:47:05.390Z - 
🔄 IE: Traitement...
2026-03-07T14:47:05.408Z -   ✓ Excel chargé: 31 places
2026-03-07T14:47:05.424Z -   ✓ Master JSON: 31 places
2026-03-07T14:47:05.454Z -   ✓ Excel sauvegardé: 31 places
2026-03-07T14:47:05.455Z - 
🔄 IL: Traitement...
2026-03-07T14:47:05.460Z -   ✓ Excel chargé: 12 places
2026-03-07T14:47:05.468Z -   ✓ Master JSON: 12 places
2026-03-07T14:47:05.476Z -   ✓ Excel sauvegardé: 12 places
2026-03-07T14:47:05.476Z - 
🔄 IN: Traitement...
2026-03-07T14:47:05.487Z -   ✓ Excel chargé: 56 places
2026-03-07T14:47:05.496Z -   ✓ Master JSON: 56 places
2026-03-07T14:47:05.522Z -   ✓ Excel sauvegardé: 56 places
2026-03-07T14:47:05.522Z - 
🔄 IQ: Traitement...
2026-03-07T14:47:05.523Z -   ✓ Excel chargé: 0 places
2026-03-07T14:47:05.523Z -   ✓ Master JSON: 0 places
2026-03-07T14:47:05.524Z - 
🔄 IR: Traitement...
2026-03-07T14:47:05.524Z -   ✓ Excel chargé: 0 places
2026-03-07T14:47:05.524Z -   ✓ Master JSON: 0 places
2026-03-07T14:47:05.525Z - 
🔄 IS: Traitement...
2026-03-07T14:47:05.530Z -   ✓ Excel chargé: 11 places
2026-03-07T14:47:05.536Z -   ✓ Master JSON: 11 places
2026-03-07T14:47:05.544Z -   ✓ Excel sauvegardé: 11 places
2026-03-07T14:47:05.545Z - 
🔄 IT: Traitement...
2026-03-07T14:47:05.642Z -   ✓ Excel chargé: 503 places
2026-03-07T14:47:05.731Z -   ✓ Master JSON: 447 places
2026-03-07T14:47:05.880Z -   ✓ Excel sauvegardé: 503 places
2026-03-07T14:47:05.881Z - 
🔄 JM: Traitement...
2026-03-07T14:47:05.882Z -   ✓ Excel chargé: 0 places
2026-03-07T14:47:05.882Z -   ✓ Master JSON: 0 places
2026-03-07T14:47:05.883Z - 
🔄 JO: Traitement...
2026-03-07T14:47:05.890Z -   ✓ Excel chargé: 7 places
2026-03-07T14:47:05.894Z -   ✓ Master JSON: 7 places
2026-03-07T14:47:05.901Z -   ✓ Excel sauvegardé: 7 places
2026-03-07T14:47:05.903Z - 
🔄 JP: Traitement...
2026-03-07T14:47:05.913Z -   ✓ Excel chargé: 113 places
2026-03-07T14:47:05.929Z -   ✓ Master JSON: 113 places
2026-03-07T14:47:05.960Z -   ✓ Excel sauvegardé: 113 places
2026-03-07T14:47:05.961Z - 
🔄 KE: Traitement...
2026-03-07T14:47:05.961Z -   ✓ Excel chargé: 0 places
2026-03-07T14:47:05.961Z -   ✓ Master JSON: 0 places
2026-03-07T14:47:05.962Z - 
🔄 KG: Traitement...
2026-03-07T14:47:05.962Z -   ✓ Excel chargé: 0 places
2026-03-07T14:47:05.963Z -   ✓ Master JSON: 0 places
2026-03-07T14:47:05.963Z - 
🔄 KH: Traitement...
2026-03-07T14:47:05.967Z -   ✓ Excel chargé: 9 places
2026-03-07T14:47:05.975Z -   ✓ Master JSON: 8 places
2026-03-07T14:47:05.981Z -   ✓ Excel sauvegardé: 9 places
2026-03-07T14:47:05.981Z - 
🔄 KI: Traitement...
2026-03-07T14:47:05.982Z -   ✓ Excel chargé: 0 places
2026-03-07T14:47:05.982Z -   ✓ Master JSON: 0 places
2026-03-07T14:47:05.982Z - 
🔄 KM: Traitement...
2026-03-07T14:47:05.983Z -   ✓ Excel chargé: 0 places
2026-03-07T14:47:05.983Z -   ✓ Master JSON: 0 places
2026-03-07T14:47:05.984Z - 
🔄 KN: Traitement...
2026-03-07T14:47:05.984Z -   ✓ Excel chargé: 0 places
2026-03-07T14:47:05.985Z -   ✓ Master JSON: 0 places
2026-03-07T14:47:05.986Z - 
🔄 KP: Traitement...
2026-03-07T14:47:05.987Z -   ✓ Excel chargé: 0 places
2026-03-07T14:47:05.987Z -   ✓ Master JSON: 0 places
2026-03-07T14:47:05.988Z - 
🔄 KR: Traitement...
2026-03-07T14:47:05.993Z -   ✓ Excel chargé: 5 places
2026-03-07T14:47:05.996Z -   ✓ Master JSON: 5 places
2026-03-07T14:47:06.002Z -   ✓ Excel sauvegardé: 5 places
2026-03-07T14:47:06.005Z - 
🔄 KW: Traitement...
2026-03-07T14:47:06.006Z -   ✓ Excel chargé: 0 places
2026-03-07T14:47:06.006Z -   ✓ Master JSON: 0 places
2026-03-07T14:47:06.007Z - 
🔄 KZ: Traitement...
2026-03-07T14:47:06.011Z -   ✓ Excel chargé: 19 places
2026-03-07T14:47:06.015Z -   ✓ Master JSON: 19 places
2026-03-07T14:47:06.026Z -   ✓ Excel sauvegardé: 19 places
2026-03-07T14:47:06.026Z - 
🔄 LA: Traitement...
2026-03-07T14:47:06.032Z -   ✓ Excel chargé: 43 places
2026-03-07T14:47:06.042Z -   ✓ Master JSON: 21 places
2026-03-07T14:47:06.058Z -   ✓ Excel sauvegardé: 43 places
2026-03-07T14:47:06.059Z - 
🔄 LB: Traitement...
2026-03-07T14:47:06.059Z -   ✓ Excel chargé: 0 places
2026-03-07T14:47:06.059Z -   ✓ Master JSON: 0 places
2026-03-07T14:47:06.060Z - 
🔄 LC: Traitement...
2026-03-07T14:47:06.060Z -   ✓ Excel chargé: 0 places
2026-03-07T14:47:06.061Z -   ✓ Master JSON: 0 places
2026-03-07T14:47:06.061Z - 
🔄 LI: Traitement...
2026-03-07T14:47:06.061Z -   ✓ Excel chargé: 0 places
2026-03-07T14:47:06.062Z -   ✓ Master JSON: 0 places
2026-03-07T14:47:06.062Z - 
🔄 LK: Traitement...
2026-03-07T14:47:06.068Z -   ✓ Excel chargé: 34 places
2026-03-07T14:47:06.076Z -   ✓ Master JSON: 34 places
2026-03-07T14:47:06.088Z -   ✓ Excel sauvegardé: 34 places
2026-03-07T14:47:06.089Z - 
🔄 LR: Traitement...
2026-03-07T14:47:06.089Z -   ✓ Excel chargé: 0 places
2026-03-07T14:47:06.090Z -   ✓ Master JSON: 0 places
2026-03-07T14:47:06.090Z - 
🔄 LS: Traitement...
2026-03-07T14:47:06.091Z -   ✓ Excel chargé: 0 places
2026-03-07T14:47:06.091Z -   ✓ Master JSON: 0 places
2026-03-07T14:47:06.091Z - 
🔄 LT: Traitement...
2026-03-07T14:47:06.095Z -   ✓ Excel chargé: 4 places
2026-03-07T14:47:06.099Z -   ✓ Master JSON: 4 places
2026-03-07T14:47:06.105Z -   ✓ Excel sauvegardé: 4 places
2026-03-07T14:47:06.106Z - 
🔄 LU: Traitement...
2026-03-07T14:47:06.107Z -   ✓ Excel chargé: 0 places
2026-03-07T14:47:06.107Z -   ✓ Master JSON: 0 places
2026-03-07T14:47:06.108Z - 
🔄 LV: Traitement...
2026-03-07T14:47:06.112Z -   ✓ Excel chargé: 11 places
2026-03-07T14:47:06.116Z -   ✓ Master JSON: 11 places
2026-03-07T14:47:06.124Z -   ✓ Excel sauvegardé: 11 places
2026-03-07T14:47:06.125Z - 
🔄 LY: Traitement...
2026-03-07T14:47:06.125Z -   ✓ Excel chargé: 0 places
2026-03-07T14:47:06.126Z -   ✓ Master JSON: 0 places
2026-03-07T14:47:06.126Z - 
🔄 MA: Traitement...
2026-03-07T14:47:06.131Z -   ✓ Excel chargé: 5 places
2026-03-07T14:47:06.135Z -   ✓ Master JSON: 5 places
2026-03-07T14:47:06.142Z -   ✓ Excel sauvegardé: 5 places
2026-03-07T14:47:06.142Z - 
🔄 MC: Traitement...
2026-03-07T14:47:06.143Z -   ✓ Excel chargé: 0 places
2026-03-07T14:47:06.143Z -   ✓ Master JSON: 0 places
2026-03-07T14:47:06.144Z - 
🔄 MD: Traitement...
2026-03-07T14:47:06.149Z -   ✓ Excel chargé: 6 places
2026-03-07T14:47:06.154Z -   ✓ Master JSON: 6 places
2026-03-07T14:47:06.163Z -   ✓ Excel sauvegardé: 6 places
2026-03-07T14:47:06.164Z - 
🔄 ME: Traitement...
2026-03-07T14:47:06.169Z -   ✓ Excel chargé: 12 places
2026-03-07T14:47:06.175Z -   ✓ Master JSON: 12 places
2026-03-07T14:47:06.182Z -   ✓ Excel sauvegardé: 12 places
2026-03-07T14:47:06.182Z - 
🔄 MF: Traitement...
2026-03-07T14:47:06.189Z -   ✓ Excel chargé: 4 places
2026-03-07T14:47:06.194Z -   ✓ Master JSON: 4 places
2026-03-07T14:47:06.199Z -   ✓ Excel sauvegardé: 4 places
2026-03-07T14:47:06.200Z - 
🔄 MG: Traitement...
2026-03-07T14:47:06.206Z -   ✓ Excel chargé: 19 places
2026-03-07T14:47:06.211Z -   ✓ Master JSON: 19 places
2026-03-07T14:47:06.221Z -   ✓ Excel sauvegardé: 19 places
2026-03-07T14:47:06.222Z - 
🔄 MH: Traitement...
2026-03-07T14:47:06.222Z -   ✓ Excel chargé: 0 places
2026-03-07T14:47:06.223Z -   ✓ Master JSON: 0 places
2026-03-07T14:47:06.223Z - 
🔄 MK: Traitement...
2026-03-07T14:47:06.224Z -   ✓ Excel chargé: 0 places
2026-03-07T14:47:06.225Z -   ✓ Master JSON: 0 places
2026-03-07T14:47:06.225Z - 
🔄 ML: Traitement...
2026-03-07T14:47:06.226Z -   ✓ Excel chargé: 0 places
2026-03-07T14:47:06.226Z -   ✓ Master JSON: 0 places
2026-03-07T14:47:06.227Z - 
🔄 MM: Traitement...
2026-03-07T14:47:06.227Z -   ✓ Excel chargé: 0 places
2026-03-07T14:47:06.227Z -   ✓ Master JSON: 0 places
2026-03-07T14:47:06.228Z - 
🔄 MN: Traitement...
2026-03-07T14:47:06.232Z -   ✓ Excel chargé: 24 places
2026-03-07T14:47:06.239Z -   ✓ Master JSON: 24 places
2026-03-07T14:47:06.250Z -   ✓ Excel sauvegardé: 24 places
2026-03-07T14:47:06.250Z - 
🔄 MQ: Traitement...
2026-03-07T14:47:06.258Z -   ✓ Excel chargé: 5 places
2026-03-07T14:47:06.262Z -   ✓ Master JSON: 5 places
2026-03-07T14:47:06.274Z -   ✓ Excel sauvegardé: 5 places
2026-03-07T14:47:06.274Z - 
🔄 MR: Traitement...
2026-03-07T14:47:06.275Z -   ✓ Excel chargé: 0 places
2026-03-07T14:47:06.276Z -   ✓ Master JSON: 0 places
2026-03-07T14:47:06.277Z - 
🔄 MT: Traitement...
2026-03-07T14:47:06.277Z -   ✓ Excel chargé: 0 places
2026-03-07T14:47:06.278Z -   ✓ Master JSON: 0 places
2026-03-07T14:47:06.278Z - 
🔄 MU: Traitement...
2026-03-07T14:47:06.282Z -   ✓ Excel chargé: 14 places
2026-03-07T14:47:06.289Z -   ✓ Master JSON: 14 places
2026-03-07T14:47:06.297Z -   ✓ Excel sauvegardé: 14 places
2026-03-07T14:47:06.297Z - 
🔄 MV: Traitement...
2026-03-07T14:47:06.297Z -   ✓ Excel chargé: 0 places
2026-03-07T14:47:06.298Z -   ✓ Master JSON: 0 places
2026-03-07T14:47:06.298Z - 
🔄 MW: Traitement...
2026-03-07T14:47:06.299Z -   ✓ Excel chargé: 0 places
2026-03-07T14:47:06.299Z -   ✓ Master JSON: 0 places
2026-03-07T14:47:06.299Z - 
🔄 MX: Traitement...
2026-03-07T14:47:06.307Z -   ✓ Excel chargé: 27 places
2026-03-07T14:47:06.312Z -   ✓ Master JSON: 27 places
2026-03-07T14:47:06.326Z -   ✓ Excel sauvegardé: 27 places
2026-03-07T14:47:06.326Z - 
🔄 MY: Traitement...
2026-03-07T14:47:06.330Z -   ✓ Excel chargé: 6 places
2026-03-07T14:47:06.334Z -   ✓ Master JSON: 6 places
2026-03-07T14:47:06.343Z -   ✓ Excel sauvegardé: 6 places
2026-03-07T14:47:06.343Z - 
🔄 MZ: Traitement...
2026-03-07T14:47:06.344Z -   ✓ Excel chargé: 0 places
2026-03-07T14:47:06.344Z -   ✓ Master JSON: 0 places
2026-03-07T14:47:06.345Z - 
🔄 NA: Traitement...
2026-03-07T14:47:06.351Z -   ✓ Excel chargé: 49 places
2026-03-07T14:47:06.359Z -   ✓ Master JSON: 27 places
2026-03-07T14:47:06.375Z -   ✓ Excel sauvegardé: 49 places
2026-03-07T14:47:06.376Z - 
🔄 NC: Traitement...
2026-03-07T14:47:06.380Z -   ✓ Excel chargé: 5 places
2026-03-07T14:47:06.384Z -   ✓ Master JSON: 5 places
2026-03-07T14:47:06.391Z -   ✓ Excel sauvegardé: 5 places
2026-03-07T14:47:06.391Z - 
🔄 NE: Traitement...
2026-03-07T14:47:06.392Z -   ✓ Excel chargé: 0 places
2026-03-07T14:47:06.392Z -   ✓ Master JSON: 0 places
2026-03-07T14:47:06.392Z - 
🔄 NG: Traitement...
2026-03-07T14:47:06.393Z -   ✓ Excel chargé: 0 places
2026-03-07T14:47:06.393Z -   ✓ Master JSON: 0 places
2026-03-07T14:47:06.394Z - 
🔄 NI: Traitement...
2026-03-07T14:47:06.400Z -   ✓ Excel chargé: 45 places
2026-03-07T14:47:06.408Z -   ✓ Master JSON: 19 places
2026-03-07T14:47:06.421Z -   ✓ Excel sauvegardé: 45 places
2026-03-07T14:47:06.422Z - 
🔄 NL: Traitement...
2026-03-07T14:47:06.427Z -   ✓ Excel chargé: 28 places
2026-03-07T14:47:06.435Z -   ✓ Master JSON: 28 places
2026-03-07T14:47:06.448Z -   ✓ Excel sauvegardé: 28 places
2026-03-07T14:47:06.448Z - 
🔄 NO: Traitement...
2026-03-07T14:47:06.455Z -   ✓ Excel chargé: 16 places
2026-03-07T14:47:06.459Z -   ✓ Master JSON: 4 places
2026-03-07T14:47:06.465Z -   ✓ Excel sauvegardé: 16 places
2026-03-07T14:47:06.466Z - 
🔄 NP: Traitement...
2026-03-07T14:47:06.466Z -   ✓ Excel chargé: 0 places
2026-03-07T14:47:06.467Z -   ✓ Master JSON: 0 places
2026-03-07T14:47:06.467Z - 
🔄 NR: Traitement...
2026-03-07T14:47:06.468Z -   ✓ Excel chargé: 0 places
2026-03-07T14:47:06.469Z -   ✓ Master JSON: 0 places
2026-03-07T14:47:06.470Z - 
🔄 NZ: Traitement...
2026-03-07T14:47:06.477Z -   ✓ Excel chargé: 44 places
2026-03-07T14:47:06.482Z -   ✓ Master JSON: 33 places
2026-03-07T14:47:06.497Z -   ✓ Excel sauvegardé: 44 places
2026-03-07T14:47:06.498Z - 
🔄 OM: Traitement...
2026-03-07T14:47:06.502Z -   ✓ Excel chargé: 5 places
2026-03-07T14:47:06.507Z -   ✓ Master JSON: 5 places
2026-03-07T14:47:06.512Z -   ✓ Excel sauvegardé: 5 places
2026-03-07T14:47:06.512Z - 
🔄 PA: Traitement...
2026-03-07T14:47:06.516Z -   ✓ Excel chargé: 9 places
2026-03-07T14:47:06.522Z -   ✓ Master JSON: 8 places
2026-03-07T14:47:06.529Z -   ✓ Excel sauvegardé: 9 places
2026-03-07T14:47:06.530Z - 
🔄 PE: Traitement...
2026-03-07T14:47:06.536Z -   ✓ Excel chargé: 19 places
2026-03-07T14:47:06.542Z -   ✓ Master JSON: 19 places
2026-03-07T14:47:06.550Z -   ✓ Excel sauvegardé: 19 places
2026-03-07T14:47:06.550Z - 
🔄 PF: Traitement...
2026-03-07T14:47:06.558Z -   ✓ Excel chargé: 32 places
2026-03-07T14:47:06.564Z -   ✓ Master JSON: 31 places
2026-03-07T14:47:06.576Z -   ✓ Excel sauvegardé: 32 places
2026-03-07T14:47:06.577Z - 
🔄 PG: Traitement...
2026-03-07T14:47:06.577Z -   ✓ Excel chargé: 0 places
2026-03-07T14:47:06.577Z -   ✓ Master JSON: 0 places
2026-03-07T14:47:06.578Z - 
🔄 PH: Traitement...
2026-03-07T14:47:06.582Z -   ✓ Excel chargé: 11 places
2026-03-07T14:47:06.588Z -   ✓ Master JSON: 11 places
2026-03-07T14:47:06.595Z -   ✓ Excel sauvegardé: 11 places
2026-03-07T14:47:06.595Z - 
🔄 PK: Traitement...
2026-03-07T14:47:06.596Z -   ✓ Excel chargé: 0 places
2026-03-07T14:47:06.596Z -   ✓ Master JSON: 0 places
2026-03-07T14:47:06.597Z - 
🔄 PL: Traitement...
2026-03-07T14:47:06.603Z -   ✓ Excel chargé: 35 places
2026-03-07T14:47:06.612Z -   ✓ Master JSON: 35 places
2026-03-07T14:47:06.628Z -   ✓ Excel sauvegardé: 35 places
2026-03-07T14:47:06.629Z - 
🔄 PM: Traitement...
2026-03-07T14:47:06.630Z -   ✓ Excel chargé: 0 places
2026-03-07T14:47:06.630Z -   ✓ Master JSON: 0 places
2026-03-07T14:47:06.630Z - 
🔄 PT: Traitement...
2026-03-07T14:47:06.638Z -   ✓ Excel chargé: 66 places
2026-03-07T14:47:06.648Z -   ✓ Master JSON: 49 places
2026-03-07T14:47:06.668Z -   ✓ Excel sauvegardé: 66 places
2026-03-07T14:47:06.669Z - 
🔄 PW: Traitement...
2026-03-07T14:47:06.669Z -   ✓ Excel chargé: 0 places
2026-03-07T14:47:06.670Z -   ✓ Master JSON: 0 places
2026-03-07T14:47:06.671Z - 
🔄 PY: Traitement...
2026-03-07T14:47:06.675Z -   ✓ Excel chargé: 4 places
2026-03-07T14:47:06.679Z -   ✓ Master JSON: 4 places
2026-03-07T14:47:06.685Z -   ✓ Excel sauvegardé: 4 places
2026-03-07T14:47:06.686Z - 
🔄 QA: Traitement...
2026-03-07T14:47:06.687Z -   ✓ Excel chargé: 0 places
2026-03-07T14:47:06.688Z -   ✓ Master JSON: 0 places
2026-03-07T14:47:06.688Z - 
🔄 RE: Traitement...
2026-03-07T14:47:06.689Z -   ✓ Excel chargé: 0 places
2026-03-07T14:47:06.689Z -   ✓ Master JSON: 0 places
2026-03-07T14:47:06.690Z - 
🔄 RO: Traitement...
2026-03-07T14:47:06.695Z -   ✓ Excel chargé: 15 places
2026-03-07T14:47:06.699Z -   ✓ Master JSON: 13 places
2026-03-07T14:47:06.708Z -   ✓ Excel sauvegardé: 15 places
2026-03-07T14:47:06.709Z - 
🔄 RS: Traitement...
2026-03-07T14:47:06.716Z -   ✓ Excel chargé: 14 places
2026-03-07T14:47:06.721Z -   ✓ Master JSON: 14 places
2026-03-07T14:47:06.729Z -   ✓ Excel sauvegardé: 14 places
2026-03-07T14:47:06.730Z - 
🔄 RT IMPORTÉS: Traitement...
2026-03-07T14:47:06.730Z -   ✓ Excel chargé: 0 places
2026-03-07T14:47:06.731Z -   ✓ Master JSON: 0 places
2026-03-07T14:47:06.731Z - 
🔄 RU: Traitement...
2026-03-07T14:47:06.732Z -   ✓ Excel chargé: 0 places
2026-03-07T14:47:06.732Z -   ✓ Master JSON: 0 places
2026-03-07T14:47:06.732Z - 
🔄 RW: Traitement...
2026-03-07T14:47:06.733Z -   ✓ Excel chargé: 0 places
2026-03-07T14:47:06.733Z -   ✓ Master JSON: 0 places
2026-03-07T14:47:06.734Z - 
🔄 SA: Traitement...
2026-03-07T14:47:06.734Z -   ✓ Excel chargé: 0 places
2026-03-07T14:47:06.734Z -   ✓ Master JSON: 0 places
2026-03-07T14:47:06.735Z - 
🔄 SB: Traitement...
2026-03-07T14:47:06.736Z -   ✓ Excel chargé: 0 places
2026-03-07T14:47:06.737Z -   ✓ Master JSON: 0 places
2026-03-07T14:47:06.738Z - 
🔄 SC: Traitement...
2026-03-07T14:47:06.738Z -   ✓ Excel chargé: 0 places
2026-03-07T14:47:06.739Z -   ✓ Master JSON: 0 places
2026-03-07T14:47:06.739Z - 
🔄 SD: Traitement...
2026-03-07T14:47:06.740Z -   ✓ Excel chargé: 0 places
2026-03-07T14:47:06.740Z -   ✓ Master JSON: 0 places
2026-03-07T14:47:06.741Z - 
🔄 SE: Traitement...
2026-03-07T14:47:06.747Z -   ✓ Excel chargé: 42 places
2026-03-07T14:47:06.754Z -   ✓ Master JSON: 42 places
2026-03-07T14:47:06.768Z -   ✓ Excel sauvegardé: 42 places
2026-03-07T14:47:06.769Z - 
🔄 SG: Traitement...
2026-03-07T14:47:06.770Z -   ✓ Excel chargé: 0 places
2026-03-07T14:47:06.771Z -   ✓ Master JSON: 0 places
2026-03-07T14:47:06.772Z - 
🔄 SI: Traitement...
2026-03-07T14:47:06.777Z -   ✓ Excel chargé: 9 places
2026-03-07T14:47:06.781Z -   ✓ Master JSON: 9 places
2026-03-07T14:47:06.789Z -   ✓ Excel sauvegardé: 9 places
2026-03-07T14:47:06.790Z - 
🔄 SK: Traitement...
2026-03-07T14:47:06.795Z -   ✓ Excel chargé: 11 places
2026-03-07T14:47:06.799Z -   ✓ Master JSON: 11 places
2026-03-07T14:47:06.807Z -   ✓ Excel sauvegardé: 11 places
2026-03-07T14:47:06.808Z - 
🔄 SL: Traitement...
2026-03-07T14:47:06.808Z -   ✓ Excel chargé: 0 places
2026-03-07T14:47:06.809Z -   ✓ Master JSON: 0 places
2026-03-07T14:47:06.810Z - 
🔄 SM: Traitement...
2026-03-07T14:47:06.810Z -   ✓ Excel chargé: 0 places
2026-03-07T14:47:06.810Z -   ✓ Master JSON: 0 places
2026-03-07T14:47:06.811Z - 
🔄 SN: Traitement...
2026-03-07T14:47:06.816Z -   ✓ Excel chargé: 8 places
2026-03-07T14:47:06.821Z -   ✓ Master JSON: 8 places
2026-03-07T14:47:06.827Z -   ✓ Excel sauvegardé: 8 places
2026-03-07T14:47:06.828Z - 
🔄 SO: Traitement...
2026-03-07T14:47:06.828Z -   ✓ Excel chargé: 0 places
2026-03-07T14:47:06.828Z -   ✓ Master JSON: 0 places
2026-03-07T14:47:06.829Z - 
🔄 SR: Traitement...
2026-03-07T14:47:06.833Z -   ✓ Excel chargé: 10 places
2026-03-07T14:47:06.833Z -   ✓ Master JSON: 0 places
2026-03-07T14:47:06.840Z -   ✓ Excel sauvegardé: 10 places
2026-03-07T14:47:06.841Z - 
🔄 SS: Traitement...
2026-03-07T14:47:06.841Z -   ✓ Excel chargé: 0 places
2026-03-07T14:47:06.842Z -   ✓ Master JSON: 0 places
2026-03-07T14:47:06.842Z - 
🔄 ST: Traitement...
2026-03-07T14:47:06.843Z -   ✓ Excel chargé: 0 places
2026-03-07T14:47:06.843Z -   ✓ Master JSON: 0 places
2026-03-07T14:47:06.843Z - 
🔄 SV: Traitement...
2026-03-07T14:47:06.847Z -   ✓ Excel chargé: 9 places
2026-03-07T14:47:06.851Z -   ✓ Master JSON: 9 places
2026-03-07T14:47:06.858Z -   ✓ Excel sauvegardé: 9 places
2026-03-07T14:47:06.859Z - 
🔄 SY: Traitement...
2026-03-07T14:47:06.859Z -   ✓ Excel chargé: 0 places
2026-03-07T14:47:06.859Z -   ✓ Master JSON: 0 places
2026-03-07T14:47:06.860Z - 
🔄 SZ: Traitement...
2026-03-07T14:47:06.860Z -   ✓ Excel chargé: 0 places
2026-03-07T14:47:06.861Z -   ✓ Master JSON: 0 places
2026-03-07T14:47:06.861Z - 
🔄 TD: Traitement...
2026-03-07T14:47:06.862Z -   ✓ Excel chargé: 0 places
2026-03-07T14:47:06.862Z -   ✓ Master JSON: 0 places
2026-03-07T14:47:06.863Z - 
🔄 TG: Traitement...
2026-03-07T14:47:06.863Z -   ✓ Excel chargé: 0 places
2026-03-07T14:47:06.863Z -   ✓ Master JSON: 0 places
2026-03-07T14:47:06.864Z - 
🔄 TH: Traitement...
2026-03-07T14:47:06.870Z -   ✓ Excel chargé: 24 places
2026-03-07T14:47:06.876Z -   ✓ Master JSON: 24 places
2026-03-07T14:47:06.885Z -   ✓ Excel sauvegardé: 24 places
2026-03-07T14:47:06.886Z - 
🔄 TJ: Traitement...
2026-03-07T14:47:06.887Z -   ✓ Excel chargé: 0 places
2026-03-07T14:47:06.887Z -   ✓ Master JSON: 0 places
2026-03-07T14:47:06.888Z - 
🔄 TL: Traitement...
2026-03-07T14:47:06.889Z -   ✓ Excel chargé: 0 places
2026-03-07T14:47:06.890Z -   ✓ Master JSON: 0 places
2026-03-07T14:47:06.890Z - 
🔄 TM: Traitement...
2026-03-07T14:47:06.894Z -   ✓ Excel chargé: 8 places
2026-03-07T14:47:06.897Z -   ✓ Master JSON: 8 places
2026-03-07T14:47:06.906Z -   ✓ Excel sauvegardé: 8 places
2026-03-07T14:47:06.907Z - 
🔄 TN: Traitement...
2026-03-07T14:47:06.907Z -   ✓ Excel chargé: 0 places
2026-03-07T14:47:06.908Z -   ✓ Master JSON: 0 places
2026-03-07T14:47:06.908Z - 
🔄 TO: Traitement...
2026-03-07T14:47:06.909Z -   ✓ Excel chargé: 0 places
2026-03-07T14:47:06.909Z -   ✓ Master JSON: 0 places
2026-03-07T14:47:06.909Z - 
🔄 TR: Traitement...
2026-03-07T14:47:06.917Z -   ✓ Excel chargé: 61 places
2026-03-07T14:47:06.926Z -   ✓ Master JSON: 60 places
2026-03-07T14:47:06.946Z -   ✓ Excel sauvegardé: 61 places
2026-03-07T14:47:06.946Z - 
🔄 TT: Traitement...
2026-03-07T14:47:06.947Z -   ✓ Excel chargé: 0 places
2026-03-07T14:47:06.947Z -   ✓ Master JSON: 0 places
2026-03-07T14:47:06.948Z - 
🔄 TV: Traitement...
2026-03-07T14:47:06.948Z -   ✓ Excel chargé: 0 places
2026-03-07T14:47:06.949Z -   ✓ Master JSON: 0 places
2026-03-07T14:47:06.949Z - 
🔄 TZ: Traitement...
2026-03-07T14:47:06.956Z -   ✓ Excel chargé: 17 places
2026-03-07T14:47:06.960Z -   ✓ Master JSON: 17 places
2026-03-07T14:47:06.968Z -   ✓ Excel sauvegardé: 17 places
2026-03-07T14:47:06.969Z - 
🔄 UA: Traitement...
2026-03-07T14:47:06.970Z -   ✓ Excel chargé: 0 places
2026-03-07T14:47:06.971Z -   ✓ Master JSON: 0 places
2026-03-07T14:47:06.972Z - 
🔄 UG: Traitement...
2026-03-07T14:47:06.973Z -   ✓ Excel chargé: 0 places
2026-03-07T14:47:06.973Z -   ✓ Master JSON: 0 places
2026-03-07T14:47:06.974Z - 
🔄 US: Traitement...
2026-03-07T14:47:07.005Z -   ✓ Excel chargé: 540 places
2026-03-07T14:47:07.058Z -   ✓ Master JSON: 412 places
2026-03-07T14:47:07.183Z -   ✓ Excel sauvegardé: 540 places
2026-03-07T14:47:07.183Z - 
🔄 UY: Traitement...
2026-03-07T14:47:07.184Z -   ✓ Excel chargé: 0 places
2026-03-07T14:47:07.184Z -   ✓ Master JSON: 0 places
2026-03-07T14:47:07.185Z - 
🔄 UZ: Traitement...
2026-03-07T14:47:07.192Z -   ✓ Excel chargé: 6 places
2026-03-07T14:47:07.195Z -   ✓ Master JSON: 6 places
2026-03-07T14:47:07.200Z -   ✓ Excel sauvegardé: 6 places
2026-03-07T14:47:07.200Z - 
🔄 VA: Traitement...
2026-03-07T14:47:07.200Z -   ✓ Excel chargé: 0 places
2026-03-07T14:47:07.201Z -   ✓ Master JSON: 0 places
2026-03-07T14:47:07.201Z - 
🔄 VC: Traitement...
2026-03-07T14:47:07.202Z -   ✓ Excel chargé: 0 places
2026-03-07T14:47:07.203Z -   ✓ Master JSON: 0 places
2026-03-07T14:47:07.204Z - 
🔄 VE: Traitement...
2026-03-07T14:47:07.205Z -   ✓ Excel chargé: 0 places
2026-03-07T14:47:07.205Z -   ✓ Master JSON: 0 places
2026-03-07T14:47:07.206Z - 
🔄 VN: Traitement...
2026-03-07T14:47:07.211Z -   ✓ Excel chargé: 27 places
2026-03-07T14:47:07.221Z -   ✓ Master JSON: 26 places
2026-03-07T14:47:07.231Z -   ✓ Excel sauvegardé: 27 places
2026-03-07T14:47:07.231Z - 
🔄 VU: Traitement...
2026-03-07T14:47:07.232Z -   ✓ Excel chargé: 0 places
2026-03-07T14:47:07.232Z -   ✓ Master JSON: 0 places
2026-03-07T14:47:07.232Z - 
🔄 WF: Traitement...
2026-03-07T14:47:07.233Z -   ✓ Excel chargé: 0 places
2026-03-07T14:47:07.233Z -   ✓ Master JSON: 0 places
2026-03-07T14:47:07.234Z - 
🔄 WS: Traitement...
2026-03-07T14:47:07.234Z -   ✓ Excel chargé: 0 places
2026-03-07T14:47:07.234Z -   ✓ Master JSON: 0 places
2026-03-07T14:47:07.235Z - 
🔄 XX: Traitement...
2026-03-07T14:47:07.236Z -   ✓ Excel chargé: 0 places
2026-03-07T14:47:07.238Z -   ✓ Master JSON: 0 places
2026-03-07T14:47:07.239Z - 
🔄 YE: Traitement...
2026-03-07T14:47:07.240Z -   ✓ Excel chargé: 0 places
2026-03-07T14:47:07.240Z -   ✓ Master JSON: 0 places
2026-03-07T14:47:07.241Z - 
🔄 YT: Traitement...
2026-03-07T14:47:07.244Z -   ✓ Excel chargé: 5 places
2026-03-07T14:47:07.249Z -   ✓ Master JSON: 5 places
2026-03-07T14:47:07.256Z -   ✓ Excel sauvegardé: 5 places
2026-03-07T14:47:07.256Z - 
🔄 ZA: Traitement...
2026-03-07T14:47:07.266Z -   ✓ Excel chargé: 114 places
2026-03-07T14:47:07.278Z -   ✓ Master JSON: 85 places
2026-03-07T14:47:07.307Z -   ✓ Excel sauvegardé: 114 places
2026-03-07T14:47:07.308Z - 
🔄 ZM: Traitement...
2026-03-07T14:47:07.308Z -   ✓ Excel chargé: 0 places
2026-03-07T14:47:07.309Z -   ✓ Master JSON: 0 places
2026-03-07T14:47:07.309Z - 
🔄 ZW: Traitement...
2026-03-07T14:47:07.310Z -   ✓ Excel chargé: 0 places
2026-03-07T14:47:07.310Z -   ✓ Master JSON: 0 places
2026-03-07T14:47:07.310Z - 
🔄 _BACKUPS: Traitement...
2026-03-07T14:47:07.311Z -   ✓ Excel chargé: 0 places
2026-03-07T14:47:07.311Z -   ✓ Master JSON: 0 places
2026-03-07T14:47:07.312Z - 
🔄 _TR_CACHE: Traitement...
2026-03-07T14:47:07.317Z -   ✓ Excel chargé: 0 places
2026-03-07T14:47:07.317Z -   ✓ Master JSON: 0 places
