2026-03-23T09:31:42.806Z - 
============================================================
2026-03-23T09:31:42.824Z - 🔄 MODE UPDATE - 23/03/2026 10:31:42
2026-03-23T09:31:42.825Z - ============================================================
2026-03-23T09:31:42.987Z - 
🔄 .RATINGS_BACKUPS: Traitement...
2026-03-23T09:31:42.988Z -   ✓ Excel chargé: 0 places
2026-03-23T09:31:42.989Z -   ✓ Master JSON: 0 places
2026-03-23T09:31:42.990Z - 
🔄 AD: Traitement...
2026-03-23T09:31:43.032Z -   ✓ Excel chargé: 0 places
2026-03-23T09:31:43.033Z -   ✓ Master JSON: 0 places
2026-03-23T09:31:43.033Z - 
🔄 AE: Traitement...
2026-03-23T09:31:43.049Z -   ✓ Excel chargé: 9 places
2026-03-23T09:31:43.056Z -   ✓ Master JSON: 8 places
2026-03-23T09:31:43.099Z -   ✓ Excel sauvegardé: 9 places
2026-03-23T09:31:43.101Z - 
🔄 AF: Traitement...
2026-03-23T09:31:43.110Z -   ✓ Excel chargé: 0 places
2026-03-23T09:31:43.110Z -   ✓ Master JSON: 0 places
2026-03-23T09:31:43.111Z - 
🔄 AG: Traitement...
2026-03-23T09:31:43.118Z -   ✓ Excel chargé: 0 places
2026-03-23T09:31:43.119Z -   ✓ Master JSON: 0 places
2026-03-23T09:31:43.120Z - 
🔄 AI: Traitement...
2026-03-23T09:31:43.120Z -   ✓ Excel chargé: 0 places
2026-03-23T09:31:43.121Z -   ✓ Master JSON: 0 places
2026-03-23T09:31:43.122Z - 
🔄 AL: Traitement...
2026-03-23T09:31:43.131Z -   ✓ Excel chargé: 12 places
2026-03-23T09:31:43.138Z -   ✓ Master JSON: 12 places
2026-03-23T09:31:43.151Z -   ✓ Excel sauvegardé: 12 places
2026-03-23T09:31:43.152Z - 
🔄 AM: Traitement...
2026-03-23T09:31:43.161Z -   ✓ Excel chargé: 8 places
2026-03-23T09:31:43.167Z -   ✓ Master JSON: 8 places
2026-03-23T09:31:43.178Z -   ✓ Excel sauvegardé: 8 places
2026-03-23T09:31:43.179Z - 
🔄 AO: Traitement...
2026-03-23T09:31:43.186Z -   ✓ Excel chargé: 0 places
2026-03-23T09:31:43.187Z -   ✓ Master JSON: 0 places
2026-03-23T09:31:43.188Z - 
🔄 AR: Traitement...
2026-03-23T09:31:43.213Z -   ✓ Excel chargé: 46 places
2026-03-23T09:31:43.228Z -   ✓ Master JSON: 23 places
2026-03-23T09:31:43.252Z -   ✓ Excel sauvegardé: 46 places
2026-03-23T09:31:43.254Z - 
🔄 AS: Traitement...
2026-03-23T09:31:43.255Z -   ✓ Excel chargé: 0 places
2026-03-23T09:31:43.255Z -   ✓ Master JSON: 0 places
2026-03-23T09:31:43.256Z - 
🔄 AT: Traitement...
2026-03-23T09:31:43.277Z -   ✓ Excel chargé: 48 places
2026-03-23T09:31:43.290Z -   ✓ Master JSON: 43 places
2026-03-23T09:31:43.324Z -   ✓ Excel sauvegardé: 48 places
2026-03-23T09:31:43.325Z - 
🔄 AU: Traitement...
2026-03-23T09:31:43.347Z -   ✓ Excel chargé: 79 places
2026-03-23T09:31:43.366Z -   ✓ Master JSON: 42 places
2026-03-23T09:31:43.397Z -   ✓ Excel sauvegardé: 79 places
2026-03-23T09:31:43.397Z - 
🔄 AW: Traitement...
2026-03-23T09:31:43.405Z -   ✓ Excel chargé: 0 places
2026-03-23T09:31:43.406Z -   ✓ Master JSON: 0 places
2026-03-23T09:31:43.407Z - 
🔄 AZ: Traitement...
2026-03-23T09:31:43.416Z -   ✓ Excel chargé: 0 places
2026-03-23T09:31:43.416Z -   ✓ Master JSON: 0 places
2026-03-23T09:31:43.417Z - 
🔄 BA: Traitement...
2026-03-23T09:31:43.427Z -   ✓ Excel chargé: 15 places
2026-03-23T09:31:43.437Z -   ✓ Master JSON: 15 places
2026-03-23T09:31:43.453Z -   ✓ Excel sauvegardé: 15 places
2026-03-23T09:31:43.454Z - 
🔄 BB: Traitement...
2026-03-23T09:31:43.461Z -   ✓ Excel chargé: 6 places
2026-03-23T09:31:43.467Z -   ✓ Master JSON: 5 places
2026-03-23T09:31:43.478Z -   ✓ Excel sauvegardé: 6 places
2026-03-23T09:31:43.479Z - 
🔄 BD: Traitement...
2026-03-23T09:31:43.493Z -   ✓ Excel chargé: 16 places
2026-03-23T09:31:43.502Z -   ✓ Master JSON: 13 places
2026-03-23T09:31:43.514Z -   ✓ Excel sauvegardé: 16 places
2026-03-23T09:31:43.516Z - 
🔄 BE: Traitement...
2026-03-23T09:31:43.531Z -   ✓ Excel chargé: 24 places
2026-03-23T09:31:43.545Z -   ✓ Master JSON: 23 places
2026-03-23T09:31:43.563Z -   ✓ Excel sauvegardé: 24 places
2026-03-23T09:31:43.564Z - 
🔄 BF: Traitement...
2026-03-23T09:31:43.571Z -   ✓ Excel chargé: 0 places
2026-03-23T09:31:43.572Z -   ✓ Master JSON: 0 places
2026-03-23T09:31:43.573Z - 
🔄 BG: Traitement...
2026-03-23T09:31:43.581Z -   ✓ Excel chargé: 29 places
2026-03-23T09:31:43.589Z -   ✓ Master JSON: 21 places
2026-03-23T09:31:43.600Z -   ✓ Excel sauvegardé: 29 places
2026-03-23T09:31:43.601Z - 
🔄 BH: Traitement...
2026-03-23T09:31:43.606Z -   ✓ Excel chargé: 0 places
2026-03-23T09:31:43.607Z -   ✓ Master JSON: 0 places
2026-03-23T09:31:43.608Z - 
🔄 BI: Traitement...
2026-03-23T09:31:43.615Z -   ✓ Excel chargé: 0 places
2026-03-23T09:31:43.615Z -   ✓ Master JSON: 0 places
2026-03-23T09:31:43.616Z - 
🔄 BJ: Traitement...
2026-03-23T09:31:43.622Z -   ✓ Excel chargé: 0 places
2026-03-23T09:31:43.622Z -   ✓ Master JSON: 0 places
2026-03-23T09:31:43.623Z - 
🔄 BL: Traitement...
2026-03-23T09:31:43.628Z -   ✓ Excel chargé: 8 places
2026-03-23T09:31:43.630Z -   ✓ Master JSON: 8 places
2026-03-23T09:31:43.638Z -   ✓ Excel sauvegardé: 8 places
2026-03-23T09:31:43.638Z - 
🔄 BM: Traitement...
2026-03-23T09:31:43.645Z -   ✓ Excel chargé: 0 places
2026-03-23T09:31:43.645Z -   ✓ Master JSON: 0 places
2026-03-23T09:31:43.646Z - 
🔄 BN: Traitement...
2026-03-23T09:31:43.651Z -   ✓ Excel chargé: 0 places
2026-03-23T09:31:43.651Z -   ✓ Master JSON: 0 places
2026-03-23T09:31:43.652Z - 
🔄 BO: Traitement...
2026-03-23T09:31:43.658Z -   ✓ Excel chargé: 19 places
2026-03-23T09:31:43.664Z -   ✓ Master JSON: 17 places
2026-03-23T09:31:43.675Z -   ✓ Excel sauvegardé: 19 places
2026-03-23T09:31:43.675Z - 
🔄 BQ: Traitement...
2026-03-23T09:31:43.676Z -   ✓ Excel chargé: 0 places
2026-03-23T09:31:43.676Z -   ✓ Master JSON: 0 places
2026-03-23T09:31:43.677Z - 
🔄 BR: Traitement...
2026-03-23T09:31:43.684Z -   ✓ Excel chargé: 55 places
2026-03-23T09:31:43.695Z -   ✓ Master JSON: 49 places
2026-03-23T09:31:43.714Z -   ✓ Excel sauvegardé: 55 places
2026-03-23T09:31:43.715Z - 
🔄 BS: Traitement...
2026-03-23T09:31:43.721Z -   ✓ Excel chargé: 10 places
2026-03-23T09:31:43.727Z -   ✓ Master JSON: 9 places
2026-03-23T09:31:43.734Z -   ✓ Excel sauvegardé: 10 places
2026-03-23T09:31:43.735Z - 
🔄 BT: Traitement...
2026-03-23T09:31:43.740Z -   ✓ Excel chargé: 0 places
2026-03-23T09:31:43.741Z -   ✓ Master JSON: 0 places
2026-03-23T09:31:43.741Z - 
🔄 BW: Traitement...
2026-03-23T09:31:43.747Z -   ✓ Excel chargé: 17 places
2026-03-23T09:31:43.755Z -   ✓ Master JSON: 15 places
2026-03-23T09:31:43.764Z -   ✓ Excel sauvegardé: 17 places
2026-03-23T09:31:43.765Z - 
🔄 BY: Traitement...
2026-03-23T09:31:43.772Z -   ✓ Excel chargé: 0 places
2026-03-23T09:31:43.772Z -   ✓ Master JSON: 0 places
2026-03-23T09:31:43.773Z - 
🔄 BZ: Traitement...
2026-03-23T09:31:43.778Z -   ✓ Excel chargé: 6 places
2026-03-23T09:31:43.783Z -   ✓ Master JSON: 6 places
2026-03-23T09:31:43.791Z -   ✓ Excel sauvegardé: 6 places
2026-03-23T09:31:43.792Z - 
🔄 CA: Traitement...
2026-03-23T09:31:43.804Z -   ✓ Excel chargé: 64 places
2026-03-23T09:31:43.817Z -   ✓ Master JSON: 54 places
2026-03-23T09:31:43.838Z -   ✓ Excel sauvegardé: 64 places
2026-03-23T09:31:43.839Z - 
🔄 CD: Traitement...
2026-03-23T09:31:43.844Z -   ✓ Excel chargé: 0 places
2026-03-23T09:31:43.845Z -   ✓ Master JSON: 0 places
2026-03-23T09:31:43.845Z - 
🔄 CF: Traitement...
2026-03-23T09:31:43.850Z -   ✓ Excel chargé: 0 places
2026-03-23T09:31:43.851Z -   ✓ Master JSON: 0 places
2026-03-23T09:31:43.851Z - 
🔄 CG: Traitement...
2026-03-23T09:31:43.857Z -   ✓ Excel chargé: 0 places
2026-03-23T09:31:43.857Z -   ✓ Master JSON: 0 places
2026-03-23T09:31:43.858Z - 
🔄 CH: Traitement...
2026-03-23T09:31:43.866Z -   ✓ Excel chargé: 57 places
2026-03-23T09:31:43.878Z -   ✓ Master JSON: 56 places
2026-03-23T09:31:43.896Z -   ✓ Excel sauvegardé: 57 places
2026-03-23T09:31:43.897Z - 
🔄 CI: Traitement...
2026-03-23T09:31:43.904Z -   ✓ Excel chargé: 0 places
2026-03-23T09:31:43.904Z -   ✓ Master JSON: 0 places
2026-03-23T09:31:43.906Z - 
🔄 CK: Traitement...
2026-03-23T09:31:43.906Z -   ✓ Excel chargé: 0 places
2026-03-23T09:31:43.907Z -   ✓ Master JSON: 0 places
2026-03-23T09:31:43.907Z - 
🔄 CL: Traitement...
2026-03-23T09:31:43.912Z -   ✓ Excel chargé: 7 places
2026-03-23T09:31:43.918Z -   ✓ Master JSON: 7 places
2026-03-23T09:31:43.926Z -   ✓ Excel sauvegardé: 7 places
2026-03-23T09:31:43.926Z - 
🔄 CM: Traitement...
2026-03-23T09:31:43.931Z -   ✓ Excel chargé: 0 places
2026-03-23T09:31:43.931Z -   ✓ Master JSON: 0 places
2026-03-23T09:31:43.932Z - 
🔄 CN: Traitement...
2026-03-23T09:31:43.941Z -   ✓ Excel chargé: 60 places
2026-03-23T09:31:43.954Z -   ✓ Master JSON: 56 places
2026-03-23T09:31:43.973Z -   ✓ Excel sauvegardé: 60 places
2026-03-23T09:31:43.974Z - 
🔄 CO: Traitement...
2026-03-23T09:31:43.979Z -   ✓ Excel chargé: 16 places
2026-03-23T09:31:43.985Z -   ✓ Master JSON: 13 places
2026-03-23T09:31:43.996Z -   ✓ Excel sauvegardé: 16 places
2026-03-23T09:31:43.997Z - 
🔄 CR: Traitement...
2026-03-23T09:31:44.002Z -   ✓ Excel chargé: 9 places
2026-03-23T09:31:44.009Z -   ✓ Master JSON: 8 places
2026-03-23T09:31:44.016Z -   ✓ Excel sauvegardé: 9 places
2026-03-23T09:31:44.017Z - 
🔄 CU: Traitement...
2026-03-23T09:31:44.023Z -   ✓ Excel chargé: 17 places
2026-03-23T09:31:44.029Z -   ✓ Master JSON: 17 places
2026-03-23T09:31:44.038Z -   ✓ Excel sauvegardé: 17 places
2026-03-23T09:31:44.039Z - 
🔄 CV: Traitement...
2026-03-23T09:31:44.043Z -   ✓ Excel chargé: 0 places
2026-03-23T09:31:44.043Z -   ✓ Master JSON: 0 places
2026-03-23T09:31:44.044Z - 
🔄 CY: Traitement...
2026-03-23T09:31:44.049Z -   ✓ Excel chargé: 0 places
2026-03-23T09:31:44.049Z -   ✓ Master JSON: 0 places
2026-03-23T09:31:44.050Z - 
🔄 CZ: Traitement...
2026-03-23T09:31:44.056Z -   ✓ Excel chargé: 26 places
2026-03-23T09:31:44.062Z -   ✓ Master JSON: 14 places
2026-03-23T09:31:44.073Z -   ✓ Excel sauvegardé: 26 places
2026-03-23T09:31:44.073Z - 
🔄 DE: Traitement...
2026-03-23T09:31:44.090Z -   ✓ Excel chargé: 125 places
2026-03-23T09:31:44.111Z -   ✓ Master JSON: 119 places
2026-03-23T09:31:44.146Z -   ✓ Excel sauvegardé: 125 places
2026-03-23T09:31:44.146Z - 
🔄 DJ: Traitement...
2026-03-23T09:31:44.147Z -   ✓ Excel chargé: 0 places
2026-03-23T09:31:44.147Z -   ✓ Master JSON: 0 places
2026-03-23T09:31:44.148Z - 
🔄 DK: Traitement...
2026-03-23T09:31:44.154Z -   ✓ Excel chargé: 23 places
2026-03-23T09:31:44.161Z -   ✓ Master JSON: 16 places
2026-03-23T09:31:44.172Z -   ✓ Excel sauvegardé: 23 places
2026-03-23T09:31:44.173Z - 
🔄 DM: Traitement...
2026-03-23T09:31:44.173Z -   ✓ Excel chargé: 0 places
2026-03-23T09:31:44.173Z -   ✓ Master JSON: 0 places
2026-03-23T09:31:44.174Z - 
🔄 DO: Traitement...
2026-03-23T09:31:44.179Z -   ✓ Excel chargé: 18 places
2026-03-23T09:31:44.185Z -   ✓ Master JSON: 16 places
2026-03-23T09:31:44.195Z -   ✓ Excel sauvegardé: 18 places
2026-03-23T09:31:44.195Z - 
🔄 DZ: Traitement...
2026-03-23T09:31:44.196Z -   ✓ Excel chargé: 0 places
2026-03-23T09:31:44.196Z -   ✓ Master JSON: 0 places
2026-03-23T09:31:44.196Z - 
🔄 EA: Traitement...
2026-03-23T09:31:44.202Z -   ✓ Excel chargé: 24 places
2026-03-23T09:31:44.209Z -   ✓ Master JSON: 22 places
2026-03-23T09:31:44.220Z -   ✓ Excel sauvegardé: 24 places
2026-03-23T09:31:44.221Z - 
🔄 EC: Traitement...
2026-03-23T09:31:44.226Z -   ✓ Excel chargé: 18 places
2026-03-23T09:31:44.233Z -   ✓ Master JSON: 14 places
2026-03-23T09:31:44.244Z -   ✓ Excel sauvegardé: 18 places
2026-03-23T09:31:44.245Z - 
🔄 EE: Traitement...
2026-03-23T09:31:44.245Z -   ✓ Excel chargé: 0 places
2026-03-23T09:31:44.246Z -   ✓ Master JSON: 0 places
2026-03-23T09:31:44.246Z - 
🔄 EG: Traitement...
2026-03-23T09:31:44.252Z -   ✓ Excel chargé: 19 places
2026-03-23T09:31:44.259Z -   ✓ Master JSON: 9 places
2026-03-23T09:31:44.270Z -   ✓ Excel sauvegardé: 19 places
2026-03-23T09:31:44.271Z - 
🔄 ER: Traitement...
2026-03-23T09:31:44.271Z -   ✓ Excel chargé: 0 places
2026-03-23T09:31:44.272Z -   ✓ Master JSON: 0 places
2026-03-23T09:31:44.272Z - 
🔄 ES: Traitement...
2026-03-23T09:31:44.296Z -   ✓ Excel chargé: 211 places
2026-03-23T09:31:44.333Z -   ✓ Master JSON: 231 places
2026-03-23T09:31:44.333Z -   ✓ 53 nouvelles places ajoutées
2026-03-23T09:38:36.225Z -   ✓ Excel sauvegardé: 264 places
2026-03-23T09:38:36.226Z - 
🔄 ET: Traitement...
2026-03-23T09:38:36.229Z -   ✓ Excel chargé: 0 places
2026-03-23T09:38:36.229Z -   ✓ Master JSON: 0 places
2026-03-23T09:38:36.230Z - 
🔄 FI: Traitement...
2026-03-23T09:38:36.252Z -   ✓ Excel chargé: 23 places
2026-03-23T09:38:36.263Z -   ✓ Master JSON: 19 places
2026-03-23T09:38:36.274Z -   ✓ Excel sauvegardé: 23 places
2026-03-23T09:38:36.274Z - 
🔄 FJ: Traitement...
2026-03-23T09:38:36.275Z -   ✓ Excel chargé: 0 places
2026-03-23T09:38:36.275Z -   ✓ Master JSON: 0 places
2026-03-23T09:38:36.276Z - 
🔄 FM: Traitement...
2026-03-23T09:38:36.276Z -   ✓ Excel chargé: 0 places
2026-03-23T09:38:36.277Z -   ✓ Master JSON: 0 places
2026-03-23T09:38:36.278Z - 
🔄 FR: Traitement...
2026-03-23T09:38:36.462Z -   ✓ Excel chargé: 1304 places
2026-03-23T09:38:36.612Z -   ✓ Master JSON: 1176 places
2026-03-23T09:38:36.938Z -   ✓ Excel sauvegardé: 1304 places
2026-03-23T09:38:36.940Z - 
🔄 GA: Traitement...
2026-03-23T09:38:36.940Z -   ✓ Excel chargé: 0 places
2026-03-23T09:38:36.941Z -   ✓ Master JSON: 0 places
2026-03-23T09:38:36.942Z - 
🔄 GB: Traitement...
2026-03-23T09:38:36.966Z -   ✓ Excel chargé: 209 places
2026-03-23T09:38:36.993Z -   ✓ Master JSON: 196 places
2026-03-23T09:38:37.043Z -   ✓ Excel sauvegardé: 209 places
2026-03-23T09:38:37.044Z - 
🔄 GD: Traitement...
2026-03-23T09:38:37.045Z -   ✓ Excel chargé: 0 places
2026-03-23T09:38:37.045Z -   ✓ Master JSON: 0 places
2026-03-23T09:38:37.046Z - 
🔄 GE: Traitement...
2026-03-23T09:38:37.052Z -   ✓ Excel chargé: 19 places
2026-03-23T09:38:37.055Z -   ✓ Master JSON: 19 places
2026-03-23T09:38:37.064Z -   ✓ Excel sauvegardé: 19 places
2026-03-23T09:38:37.065Z - 
🔄 GF: Traitement...
2026-03-23T09:38:37.069Z -   ✓ Excel chargé: 5 places
2026-03-23T09:38:37.072Z -   ✓ Master JSON: 5 places
2026-03-23T09:38:37.078Z -   ✓ Excel sauvegardé: 5 places
2026-03-23T09:38:37.079Z - 
🔄 GH: Traitement...
2026-03-23T09:38:37.080Z -   ✓ Excel chargé: 0 places
2026-03-23T09:38:37.080Z -   ✓ Master JSON: 0 places
2026-03-23T09:38:37.081Z - 
🔄 GM: Traitement...
2026-03-23T09:38:37.081Z -   ✓ Excel chargé: 0 places
2026-03-23T09:38:37.082Z -   ✓ Master JSON: 0 places
2026-03-23T09:38:37.082Z - 
🔄 GN: Traitement...
2026-03-23T09:38:37.082Z -   ✓ Excel chargé: 0 places
2026-03-23T09:38:37.083Z -   ✓ Master JSON: 0 places
2026-03-23T09:38:37.083Z - 
🔄 GP: Traitement...
2026-03-23T09:38:37.088Z -   ✓ Excel chargé: 8 places
2026-03-23T09:38:37.092Z -   ✓ Master JSON: 8 places
2026-03-23T09:38:37.098Z -   ✓ Excel sauvegardé: 8 places
2026-03-23T09:38:37.098Z - 
🔄 GQ: Traitement...
2026-03-23T09:38:37.099Z -   ✓ Excel chargé: 0 places
2026-03-23T09:38:37.099Z -   ✓ Master JSON: 0 places
2026-03-23T09:38:37.100Z - 
🔄 GR: Traitement...
2026-03-23T09:38:37.111Z -   ✓ Excel chargé: 134 places
2026-03-23T09:38:37.133Z -   ✓ Master JSON: 127 places
2026-03-23T09:38:37.169Z -   ✓ Excel sauvegardé: 134 places
2026-03-23T09:38:37.169Z - 
🔄 GT: Traitement...
2026-03-23T09:38:37.175Z -   ✓ Excel chargé: 9 places
2026-03-23T09:38:37.179Z -   ✓ Master JSON: 8 places
2026-03-23T09:38:37.187Z -   ✓ Excel sauvegardé: 9 places
2026-03-23T09:38:37.187Z - 
🔄 GW: Traitement...
2026-03-23T09:38:37.188Z -   ✓ Excel chargé: 0 places
2026-03-23T09:38:37.188Z -   ✓ Master JSON: 0 places
2026-03-23T09:38:37.189Z - 
🔄 GY: Traitement...
2026-03-23T09:38:37.189Z -   ✓ Excel chargé: 0 places
2026-03-23T09:38:37.190Z -   ✓ Master JSON: 0 places
2026-03-23T09:38:37.190Z - 
🔄 HN: Traitement...
2026-03-23T09:38:37.190Z -   ✓ Excel chargé: 0 places
2026-03-23T09:38:37.191Z -   ✓ Master JSON: 0 places
2026-03-23T09:38:37.191Z - 
🔄 HR: Traitement...
2026-03-23T09:38:37.200Z -   ✓ Excel chargé: 88 places
2026-03-23T09:38:37.212Z -   ✓ Master JSON: 71 places
2026-03-23T09:38:37.238Z -   ✓ Excel sauvegardé: 88 places
2026-03-23T09:38:37.239Z - 
🔄 HT: Traitement...
2026-03-23T09:38:37.239Z -   ✓ Excel chargé: 0 places
2026-03-23T09:38:37.239Z -   ✓ Master JSON: 0 places
2026-03-23T09:38:37.240Z - 
🔄 HU: Traitement...
2026-03-23T09:38:37.246Z -   ✓ Excel chargé: 34 places
2026-03-23T09:38:37.252Z -   ✓ Master JSON: 34 places
2026-03-23T09:38:37.265Z -   ✓ Excel sauvegardé: 34 places
2026-03-23T09:38:37.265Z - 
🔄 ID: Traitement...
2026-03-23T09:38:37.274Z -   ✓ Excel chargé: 102 places
2026-03-23T09:38:37.289Z -   ✓ Master JSON: 74 places
2026-03-23T09:38:37.315Z -   ✓ Excel sauvegardé: 102 places
2026-03-23T09:38:37.316Z - 
🔄 IE: Traitement...
2026-03-23T09:38:37.321Z -   ✓ Excel chargé: 31 places
2026-03-23T09:38:37.326Z -   ✓ Master JSON: 23 places
2026-03-23T09:38:37.326Z -   ✓ 1 nouvelles places ajoutées
2026-03-23T09:38:44.516Z -   ✓ Excel sauvegardé: 32 places
2026-03-23T09:38:44.518Z - 
🔄 IL: Traitement...
2026-03-23T09:38:44.532Z -   ✓ Excel chargé: 12 places
2026-03-23T09:38:44.546Z -   ✓ Master JSON: 12 places
2026-03-23T09:38:44.563Z -   ✓ Excel sauvegardé: 12 places
2026-03-23T09:38:44.564Z - 
🔄 IN: Traitement...
2026-03-23T09:38:44.580Z -   ✓ Excel chargé: 56 places
2026-03-23T09:38:44.584Z -   ✓ Master JSON: 56 places
2026-03-23T09:38:44.584Z -   ✓ 25 nouvelles places ajoutées
2026-03-23T09:41:17.031Z -   ✓ Excel sauvegardé: 81 places
2026-03-23T09:41:17.032Z - 
🔄 IQ: Traitement...
2026-03-23T09:41:17.034Z -   ✓ Excel chargé: 0 places
2026-03-23T09:41:17.034Z -   ✓ Master JSON: 0 places
2026-03-23T09:41:17.035Z - 
🔄 IR: Traitement...
2026-03-23T09:41:17.037Z -   ✓ Excel chargé: 0 places
2026-03-23T09:41:17.037Z -   ✓ Master JSON: 0 places
2026-03-23T09:41:17.039Z - 
🔄 IS: Traitement...
2026-03-23T09:41:17.059Z -   ✓ Excel chargé: 11 places
2026-03-23T09:41:17.064Z -   ✓ Master JSON: 11 places
2026-03-23T09:41:17.079Z -   ✓ Excel sauvegardé: 11 places
2026-03-23T09:41:17.079Z - 
🔄 IT: Traitement...
2026-03-23T09:41:17.169Z -   ✓ Excel chargé: 602 places
2026-03-23T09:41:17.241Z -   ✓ Master JSON: 543 places
2026-03-23T09:41:17.241Z -   ✓ 37 nouvelles places ajoutées
2026-03-23T09:45:08.517Z -   ✓ Excel sauvegardé: 639 places
2026-03-23T09:45:08.519Z - 
🔄 JM: Traitement...
2026-03-23T09:45:08.520Z -   ✓ Excel chargé: 0 places
2026-03-23T09:45:08.520Z -   ✓ Master JSON: 0 places
2026-03-23T09:45:08.521Z - 
🔄 JO: Traitement...
2026-03-23T09:45:08.540Z -   ✓ Excel chargé: 8 places
2026-03-23T09:45:08.545Z -   ✓ Master JSON: 7 places
2026-03-23T09:45:08.552Z -   ✓ Excel sauvegardé: 8 places
2026-03-23T09:45:08.552Z - 
🔄 JP: Traitement...
2026-03-23T09:45:08.586Z -   ✓ Excel chargé: 113 places
2026-03-23T09:45:08.605Z -   ✓ Master JSON: 113 places
2026-03-23T09:45:08.637Z -   ✓ Excel sauvegardé: 113 places
2026-03-23T09:45:08.638Z - 
🔄 KE: Traitement...
2026-03-23T09:45:08.645Z -   ✓ Excel chargé: 10 places
2026-03-23T09:45:08.646Z -   ✓ Master JSON: 0 places
2026-03-23T09:45:08.657Z -   ✓ Excel sauvegardé: 10 places
2026-03-23T09:45:08.658Z - 
🔄 KG: Traitement...
2026-03-23T09:45:08.659Z -   ✓ Excel chargé: 0 places
2026-03-23T09:45:08.661Z -   ✓ Master JSON: 0 places
2026-03-23T09:45:08.663Z - 
🔄 KH: Traitement...
2026-03-23T09:45:08.672Z -   ✓ Excel chargé: 10 places
2026-03-23T09:45:08.681Z -   ✓ Master JSON: 8 places
2026-03-23T09:45:08.697Z -   ✓ Excel sauvegardé: 10 places
2026-03-23T09:45:08.698Z - 
🔄 KI: Traitement...
2026-03-23T09:45:08.698Z -   ✓ Excel chargé: 0 places
2026-03-23T09:45:08.699Z -   ✓ Master JSON: 0 places
2026-03-23T09:45:08.700Z - 
🔄 KM: Traitement...
2026-03-23T09:45:08.701Z -   ✓ Excel chargé: 0 places
2026-03-23T09:45:08.702Z -   ✓ Master JSON: 0 places
2026-03-23T09:45:08.703Z - 
🔄 KN: Traitement...
2026-03-23T09:45:08.704Z -   ✓ Excel chargé: 0 places
2026-03-23T09:45:08.704Z -   ✓ Master JSON: 0 places
2026-03-23T09:45:08.706Z - 
🔄 KP: Traitement...
2026-03-23T09:45:08.708Z -   ✓ Excel chargé: 0 places
2026-03-23T09:45:08.709Z -   ✓ Master JSON: 0 places
2026-03-23T09:45:08.712Z - 
🔄 KR: Traitement...
2026-03-23T09:45:08.733Z -   ✓ Excel chargé: 6 places
2026-03-23T09:45:08.740Z -   ✓ Master JSON: 5 places
2026-03-23T09:45:08.751Z -   ✓ Excel sauvegardé: 6 places
2026-03-23T09:45:08.752Z - 
🔄 KW: Traitement...
2026-03-23T09:45:08.752Z -   ✓ Excel chargé: 0 places
2026-03-23T09:45:08.753Z -   ✓ Master JSON: 0 places
2026-03-23T09:45:08.754Z - 
🔄 KZ: Traitement...
2026-03-23T09:45:08.769Z -   ✓ Excel chargé: 19 places
2026-03-23T09:45:08.779Z -   ✓ Master JSON: 19 places
2026-03-23T09:45:08.806Z -   ✓ Excel sauvegardé: 19 places
2026-03-23T09:45:08.808Z - 
🔄 LA: Traitement...
2026-03-23T09:45:08.827Z -   ✓ Excel chargé: 44 places
2026-03-23T09:45:08.845Z -   ✓ Master JSON: 21 places
2026-03-23T09:45:08.845Z -   ✓ 1 nouvelles places ajoutées
2026-03-23T09:45:13.165Z -   ✓ Excel sauvegardé: 45 places
2026-03-23T09:45:13.166Z - 
🔄 LB: Traitement...
2026-03-23T09:45:13.167Z -   ✓ Excel chargé: 0 places
2026-03-23T09:45:13.168Z -   ✓ Master JSON: 0 places
2026-03-23T09:45:13.169Z - 
🔄 LC: Traitement...
2026-03-23T09:45:13.170Z -   ✓ Excel chargé: 0 places
2026-03-23T09:45:13.170Z -   ✓ Master JSON: 0 places
2026-03-23T09:45:13.171Z - 
🔄 LI: Traitement...
2026-03-23T09:45:13.172Z -   ✓ Excel chargé: 0 places
2026-03-23T09:45:13.172Z -   ✓ Master JSON: 0 places
2026-03-23T09:45:13.173Z - 
🔄 LK: Traitement...
2026-03-23T09:45:13.182Z -   ✓ Excel chargé: 35 places
2026-03-23T09:45:13.189Z -   ✓ Master JSON: 34 places
2026-03-23T09:45:13.205Z -   ✓ Excel sauvegardé: 35 places
2026-03-23T09:45:13.206Z - 
🔄 LR: Traitement...
2026-03-23T09:45:13.206Z -   ✓ Excel chargé: 0 places
2026-03-23T09:45:13.207Z -   ✓ Master JSON: 0 places
2026-03-23T09:45:13.207Z - 
🔄 LS: Traitement...
2026-03-23T09:45:13.208Z -   ✓ Excel chargé: 0 places
2026-03-23T09:45:13.208Z -   ✓ Master JSON: 0 places
2026-03-23T09:45:13.208Z - 
🔄 LT: Traitement...
2026-03-23T09:45:13.214Z -   ✓ Excel chargé: 4 places
2026-03-23T09:45:13.218Z -   ✓ Master JSON: 4 places
2026-03-23T09:45:13.224Z -   ✓ Excel sauvegardé: 4 places
2026-03-23T09:45:13.224Z - 
🔄 LU: Traitement...
2026-03-23T09:45:13.225Z -   ✓ Excel chargé: 0 places
2026-03-23T09:45:13.226Z -   ✓ Master JSON: 0 places
2026-03-23T09:45:13.227Z - 
🔄 LV: Traitement...
2026-03-23T09:45:13.241Z -   ✓ Excel chargé: 11 places
2026-03-23T09:45:13.248Z -   ✓ Master JSON: 11 places
2026-03-23T09:45:13.257Z -   ✓ Excel sauvegardé: 11 places
2026-03-23T09:45:13.258Z - 
🔄 LY: Traitement...
2026-03-23T09:45:13.259Z -   ✓ Excel chargé: 0 places
2026-03-23T09:45:13.259Z -   ✓ Master JSON: 0 places
2026-03-23T09:45:13.260Z - 
🔄 MA: Traitement...
2026-03-23T09:45:13.267Z -   ✓ Excel chargé: 5 places
2026-03-23T09:45:13.272Z -   ✓ Master JSON: 5 places
2026-03-23T09:45:13.282Z -   ✓ Excel sauvegardé: 5 places
2026-03-23T09:45:13.283Z - 
🔄 MC: Traitement...
2026-03-23T09:45:13.284Z -   ✓ Excel chargé: 0 places
2026-03-23T09:45:13.284Z -   ✓ Master JSON: 0 places
2026-03-23T09:45:13.285Z - 
🔄 MD: Traitement...
2026-03-23T09:45:13.294Z -   ✓ Excel chargé: 6 places
2026-03-23T09:45:13.306Z -   ✓ Master JSON: 6 places
2026-03-23T09:45:13.315Z -   ✓ Excel sauvegardé: 6 places
2026-03-23T09:45:13.316Z - 
🔄 ME: Traitement...
2026-03-23T09:45:13.321Z -   ✓ Excel chargé: 12 places
2026-03-23T09:45:13.325Z -   ✓ Master JSON: 12 places
2026-03-23T09:45:13.333Z -   ✓ Excel sauvegardé: 12 places
2026-03-23T09:45:13.333Z - 
🔄 MF: Traitement...
2026-03-23T09:45:13.338Z -   ✓ Excel chargé: 5 places
2026-03-23T09:45:13.348Z -   ✓ Master JSON: 4 places
2026-03-23T09:45:13.360Z -   ✓ Excel sauvegardé: 5 places
2026-03-23T09:45:13.360Z - 
🔄 MG: Traitement...
2026-03-23T09:45:13.368Z -   ✓ Excel chargé: 20 places
2026-03-23T09:45:13.372Z -   ✓ Master JSON: 19 places
2026-03-23T09:45:13.383Z -   ✓ Excel sauvegardé: 20 places
2026-03-23T09:45:13.384Z - 
🔄 MH: Traitement...
2026-03-23T09:45:13.384Z -   ✓ Excel chargé: 0 places
2026-03-23T09:45:13.385Z -   ✓ Master JSON: 0 places
2026-03-23T09:45:13.385Z - 
🔄 MK: Traitement...
2026-03-23T09:45:13.386Z -   ✓ Excel chargé: 0 places
2026-03-23T09:45:13.386Z -   ✓ Master JSON: 0 places
2026-03-23T09:45:13.387Z - 
🔄 ML: Traitement...
2026-03-23T09:45:13.387Z -   ✓ Excel chargé: 0 places
2026-03-23T09:45:13.388Z -   ✓ Master JSON: 0 places
2026-03-23T09:45:13.388Z - 
🔄 MM: Traitement...
2026-03-23T09:45:13.389Z -   ✓ Excel chargé: 0 places
2026-03-23T09:45:13.389Z -   ✓ Master JSON: 0 places
2026-03-23T09:45:13.390Z - 
🔄 MN: Traitement...
2026-03-23T09:45:13.397Z -   ✓ Excel chargé: 25 places
2026-03-23T09:45:13.402Z -   ✓ Master JSON: 24 places
2026-03-23T09:45:13.416Z -   ✓ Excel sauvegardé: 25 places
2026-03-23T09:45:13.417Z - 
🔄 MQ: Traitement...
2026-03-23T09:45:13.427Z -   ✓ Excel chargé: 5 places
2026-03-23T09:45:13.433Z -   ✓ Master JSON: 5 places
2026-03-23T09:45:13.439Z -   ✓ Excel sauvegardé: 5 places
2026-03-23T09:45:13.439Z - 
🔄 MR: Traitement...
2026-03-23T09:45:13.440Z -   ✓ Excel chargé: 0 places
2026-03-23T09:45:13.440Z -   ✓ Master JSON: 0 places
2026-03-23T09:45:13.441Z - 
🔄 MT: Traitement...
2026-03-23T09:45:13.441Z -   ✓ Excel chargé: 0 places
2026-03-23T09:45:13.442Z -   ✓ Master JSON: 0 places
2026-03-23T09:45:13.442Z - 
🔄 MU: Traitement...
2026-03-23T09:45:13.448Z -   ✓ Excel chargé: 13 places
2026-03-23T09:45:13.453Z -   ✓ Master JSON: 14 places
2026-03-23T09:45:13.453Z -   ✓ 2 nouvelles places ajoutées
2026-03-23T09:45:21.117Z -   ✓ Excel sauvegardé: 15 places
2026-03-23T09:45:21.119Z - 
🔄 MV: Traitement...
2026-03-23T09:45:21.122Z -   ✓ Excel chargé: 0 places
2026-03-23T09:45:21.123Z -   ✓ Master JSON: 0 places
2026-03-23T09:45:21.126Z - 
🔄 MW: Traitement...
2026-03-23T09:45:21.128Z -   ✓ Excel chargé: 0 places
2026-03-23T09:45:21.129Z -   ✓ Master JSON: 0 places
2026-03-23T09:45:21.131Z - 
🔄 MX: Traitement...
2026-03-23T09:45:21.150Z -   ✓ Excel chargé: 28 places
2026-03-23T09:45:21.164Z -   ✓ Master JSON: 27 places
2026-03-23T09:45:21.182Z -   ✓ Excel sauvegardé: 28 places
2026-03-23T09:45:21.182Z - 
🔄 MY: Traitement...
2026-03-23T09:45:21.188Z -   ✓ Excel chargé: 10 places
2026-03-23T09:45:21.195Z -   ✓ Master JSON: 10 places
2026-03-23T09:45:21.210Z -   ✓ Excel sauvegardé: 10 places
2026-03-23T09:45:21.210Z - 
🔄 MZ: Traitement...
2026-03-23T09:45:21.211Z -   ✓ Excel chargé: 0 places
2026-03-23T09:45:21.211Z -   ✓ Master JSON: 0 places
2026-03-23T09:45:21.212Z - 
🔄 NA: Traitement...
2026-03-23T09:45:21.220Z -   ✓ Excel chargé: 50 places
2026-03-23T09:45:21.227Z -   ✓ Master JSON: 27 places
2026-03-23T09:45:21.242Z -   ✓ Excel sauvegardé: 50 places
2026-03-23T09:45:21.242Z - 
🔄 NC: Traitement...
2026-03-23T09:45:21.248Z -   ✓ Excel chargé: 6 places
2026-03-23T09:45:21.260Z -   ✓ Master JSON: 5 places
2026-03-23T09:45:21.266Z -   ✓ Excel sauvegardé: 6 places
2026-03-23T09:45:21.267Z - 
🔄 NE: Traitement...
2026-03-23T09:45:21.267Z -   ✓ Excel chargé: 0 places
2026-03-23T09:45:21.268Z -   ✓ Master JSON: 0 places
2026-03-23T09:45:21.268Z - 
🔄 NG: Traitement...
2026-03-23T09:45:21.268Z -   ✓ Excel chargé: 0 places
2026-03-23T09:45:21.269Z -   ✓ Master JSON: 0 places
2026-03-23T09:45:21.269Z - 
🔄 NI: Traitement...
2026-03-23T09:45:21.276Z -   ✓ Excel chargé: 44 places
2026-03-23T09:45:21.284Z -   ✓ Master JSON: 17 places
2026-03-23T09:45:21.297Z -   ✓ Excel sauvegardé: 44 places
2026-03-23T09:45:21.298Z - 
🔄 NL: Traitement...
2026-03-23T09:45:21.303Z -   ✓ Excel chargé: 29 places
2026-03-23T09:45:21.308Z -   ✓ Master JSON: 28 places
2026-03-23T09:45:21.321Z -   ✓ Excel sauvegardé: 29 places
2026-03-23T09:45:21.322Z - 
🔄 NO: Traitement...
2026-03-23T09:45:21.334Z -   ✓ Excel chargé: 16 places
2026-03-23T09:45:21.337Z -   ✓ Master JSON: 4 places
2026-03-23T09:45:21.345Z -   ✓ Excel sauvegardé: 16 places
2026-03-23T09:45:21.346Z - 
🔄 NP: Traitement...
2026-03-23T09:45:21.346Z -   ✓ Excel chargé: 0 places
2026-03-23T09:45:21.347Z -   ✓ Master JSON: 0 places
2026-03-23T09:45:21.347Z - 
🔄 NR: Traitement...
2026-03-23T09:45:21.348Z -   ✓ Excel chargé: 0 places
2026-03-23T09:45:21.348Z -   ✓ Master JSON: 0 places
2026-03-23T09:45:21.348Z - 
🔄 NZ: Traitement...
2026-03-23T09:45:21.356Z -   ✓ Excel chargé: 46 places
2026-03-23T09:45:21.361Z -   ✓ Master JSON: 33 places
2026-03-23T09:45:21.374Z -   ✓ Excel sauvegardé: 46 places
2026-03-23T09:45:21.375Z - 
🔄 OM: Traitement...
2026-03-23T09:45:21.379Z -   ✓ Excel chargé: 5 places
2026-03-23T09:45:21.382Z -   ✓ Master JSON: 5 places
2026-03-23T09:45:21.387Z -   ✓ Excel sauvegardé: 5 places
2026-03-23T09:45:21.388Z - 
🔄 PA: Traitement...
2026-03-23T09:45:21.393Z -   ✓ Excel chargé: 9 places
2026-03-23T09:45:21.397Z -   ✓ Master JSON: 8 places
2026-03-23T09:45:21.404Z -   ✓ Excel sauvegardé: 9 places
2026-03-23T09:45:21.406Z - 
🔄 PE: Traitement...
2026-03-23T09:45:21.416Z -   ✓ Excel chargé: 18 places
2026-03-23T09:45:21.425Z -   ✓ Master JSON: 18 places
2026-03-23T09:45:21.433Z -   ✓ Excel sauvegardé: 18 places
2026-03-23T09:45:21.434Z - 
🔄 PF: Traitement...
2026-03-23T09:45:21.439Z -   ✓ Excel chargé: 33 places
2026-03-23T09:45:21.445Z -   ✓ Master JSON: 31 places
2026-03-23T09:45:21.456Z -   ✓ Excel sauvegardé: 33 places
2026-03-23T09:45:21.457Z - 
🔄 PG: Traitement...
2026-03-23T09:45:21.458Z -   ✓ Excel chargé: 0 places
2026-03-23T09:45:21.459Z -   ✓ Master JSON: 0 places
2026-03-23T09:45:21.460Z - 
🔄 PH: Traitement...
2026-03-23T09:45:21.472Z -   ✓ Excel chargé: 11 places
2026-03-23T09:45:21.477Z -   ✓ Master JSON: 11 places
2026-03-23T09:45:21.484Z -   ✓ Excel sauvegardé: 11 places
2026-03-23T09:45:21.484Z - 
🔄 PK: Traitement...
2026-03-23T09:45:21.485Z -   ✓ Excel chargé: 0 places
2026-03-23T09:45:21.485Z -   ✓ Master JSON: 0 places
2026-03-23T09:45:21.485Z - 
🔄 PL: Traitement...
2026-03-23T09:45:21.492Z -   ✓ Excel chargé: 35 places
2026-03-23T09:45:21.498Z -   ✓ Master JSON: 35 places
2026-03-23T09:45:21.510Z -   ✓ Excel sauvegardé: 35 places
2026-03-23T09:45:21.511Z - 
🔄 PM: Traitement...
2026-03-23T09:45:21.512Z -   ✓ Excel chargé: 0 places
2026-03-23T09:45:21.512Z -   ✓ Master JSON: 0 places
2026-03-23T09:45:21.513Z - 
🔄 PT: Traitement...
2026-03-23T09:45:21.529Z -   ✓ Excel chargé: 68 places
2026-03-23T09:45:21.538Z -   ✓ Master JSON: 49 places
2026-03-23T09:45:21.559Z -   ✓ Excel sauvegardé: 68 places
2026-03-23T09:45:21.560Z - 
🔄 PW: Traitement...
2026-03-23T09:45:21.560Z -   ✓ Excel chargé: 0 places
2026-03-23T09:45:21.560Z -   ✓ Master JSON: 0 places
2026-03-23T09:45:21.561Z - 
🔄 PY: Traitement...
2026-03-23T09:45:21.566Z -   ✓ Excel chargé: 4 places
2026-03-23T09:45:21.569Z -   ✓ Master JSON: 4 places
2026-03-23T09:45:21.574Z -   ✓ Excel sauvegardé: 4 places
2026-03-23T09:45:21.575Z - 
🔄 QA: Traitement...
2026-03-23T09:45:21.576Z -   ✓ Excel chargé: 0 places
2026-03-23T09:45:21.576Z -   ✓ Master JSON: 0 places
2026-03-23T09:45:21.577Z - 
🔄 RE: Traitement...
2026-03-23T09:45:21.578Z -   ✓ Excel chargé: 0 places
2026-03-23T09:45:21.579Z -   ✓ Master JSON: 0 places
2026-03-23T09:45:21.580Z - 
🔄 RO: Traitement...
2026-03-23T09:45:21.593Z -   ✓ Excel chargé: 15 places
2026-03-23T09:45:21.598Z -   ✓ Master JSON: 13 places
2026-03-23T09:45:21.608Z -   ✓ Excel sauvegardé: 15 places
2026-03-23T09:45:21.608Z - 
🔄 RS: Traitement...
2026-03-23T09:45:21.613Z -   ✓ Excel chargé: 14 places
2026-03-23T09:45:21.616Z -   ✓ Master JSON: 14 places
2026-03-23T09:45:21.624Z -   ✓ Excel sauvegardé: 14 places
2026-03-23T09:45:21.625Z - 
🔄 RT IMPORTÉS: Traitement...
2026-03-23T09:45:21.625Z -   ✓ Excel chargé: 0 places
2026-03-23T09:45:21.626Z -   ✓ Master JSON: 0 places
2026-03-23T09:45:21.626Z - 
🔄 RU: Traitement...
2026-03-23T09:45:21.627Z -   ✓ Excel chargé: 0 places
2026-03-23T09:45:21.627Z -   ✓ Master JSON: 0 places
2026-03-23T09:45:21.628Z - 
🔄 RW: Traitement...
2026-03-23T09:45:21.632Z -   ✓ Excel chargé: 4 places
2026-03-23T09:45:21.633Z -   ✓ Master JSON: 0 places
2026-03-23T09:45:21.646Z -   ✓ Excel sauvegardé: 4 places
2026-03-23T09:45:21.646Z - 
🔄 SA: Traitement...
2026-03-23T09:45:21.647Z -   ✓ Excel chargé: 0 places
2026-03-23T09:45:21.647Z -   ✓ Master JSON: 0 places
2026-03-23T09:45:21.648Z - 
🔄 SB: Traitement...
2026-03-23T09:45:21.648Z -   ✓ Excel chargé: 0 places
2026-03-23T09:45:21.649Z -   ✓ Master JSON: 0 places
2026-03-23T09:45:21.649Z - 
🔄 SC: Traitement...
2026-03-23T09:45:21.649Z -   ✓ Excel chargé: 0 places
2026-03-23T09:45:21.650Z -   ✓ Master JSON: 0 places
2026-03-23T09:45:21.650Z - 
🔄 SD: Traitement...
2026-03-23T09:45:21.651Z -   ✓ Excel chargé: 0 places
2026-03-23T09:45:21.651Z -   ✓ Master JSON: 0 places
2026-03-23T09:45:21.651Z - 
🔄 SE: Traitement...
2026-03-23T09:45:21.659Z -   ✓ Excel chargé: 41 places
2026-03-23T09:45:21.664Z -   ✓ Master JSON: 41 places
2026-03-23T09:45:21.678Z -   ✓ Excel sauvegardé: 41 places
2026-03-23T09:45:21.678Z - 
🔄 SG: Traitement...
2026-03-23T09:45:21.679Z -   ✓ Excel chargé: 0 places
2026-03-23T09:45:21.679Z -   ✓ Master JSON: 0 places
2026-03-23T09:45:21.680Z - 
🔄 SI: Traitement...
2026-03-23T09:45:21.684Z -   ✓ Excel chargé: 9 places
2026-03-23T09:45:21.687Z -   ✓ Master JSON: 9 places
2026-03-23T09:45:21.694Z -   ✓ Excel sauvegardé: 9 places
2026-03-23T09:45:21.694Z - 
🔄 SK: Traitement...
2026-03-23T09:45:21.698Z -   ✓ Excel chargé: 11 places
2026-03-23T09:45:21.702Z -   ✓ Master JSON: 11 places
2026-03-23T09:45:21.713Z -   ✓ Excel sauvegardé: 11 places
2026-03-23T09:45:21.714Z - 
🔄 SL: Traitement...
2026-03-23T09:45:21.714Z -   ✓ Excel chargé: 0 places
2026-03-23T09:45:21.717Z -   ✓ Master JSON: 0 places
2026-03-23T09:45:21.718Z - 
🔄 SM: Traitement...
2026-03-23T09:45:21.719Z -   ✓ Excel chargé: 0 places
2026-03-23T09:45:21.719Z -   ✓ Master JSON: 0 places
2026-03-23T09:45:21.720Z - 
🔄 SN: Traitement...
2026-03-23T09:45:21.726Z -   ✓ Excel chargé: 8 places
2026-03-23T09:45:21.730Z -   ✓ Master JSON: 8 places
2026-03-23T09:45:21.736Z -   ✓ Excel sauvegardé: 8 places
2026-03-23T09:45:21.737Z - 
🔄 SO: Traitement...
2026-03-23T09:45:21.737Z -   ✓ Excel chargé: 0 places
2026-03-23T09:45:21.737Z -   ✓ Master JSON: 0 places
2026-03-23T09:45:21.738Z - 
🔄 SR: Traitement...
2026-03-23T09:45:21.743Z -   ✓ Excel chargé: 10 places
2026-03-23T09:45:21.743Z -   ✓ Master JSON: 0 places
2026-03-23T09:45:21.749Z -   ✓ Excel sauvegardé: 10 places
2026-03-23T09:45:21.750Z - 
🔄 SS: Traitement...
2026-03-23T09:45:21.751Z -   ✓ Excel chargé: 0 places
2026-03-23T09:45:21.752Z -   ✓ Master JSON: 0 places
2026-03-23T09:45:21.753Z - 
🔄 ST: Traitement...
2026-03-23T09:45:21.754Z -   ✓ Excel chargé: 0 places
2026-03-23T09:45:21.754Z -   ✓ Master JSON: 0 places
2026-03-23T09:45:21.755Z - 
🔄 SV: Traitement...
2026-03-23T09:45:21.768Z -   ✓ Excel chargé: 10 places
2026-03-23T09:45:21.771Z -   ✓ Master JSON: 9 places
2026-03-23T09:45:21.780Z -   ✓ Excel sauvegardé: 10 places
2026-03-23T09:45:21.781Z - 
🔄 SY: Traitement...
2026-03-23T09:45:21.781Z -   ✓ Excel chargé: 0 places
2026-03-23T09:45:21.781Z -   ✓ Master JSON: 0 places
2026-03-23T09:45:21.782Z - 
🔄 SZ: Traitement...
2026-03-23T09:45:21.782Z -   ✓ Excel chargé: 0 places
2026-03-23T09:45:21.782Z -   ✓ Master JSON: 0 places
2026-03-23T09:45:21.783Z - 
🔄 TD: Traitement...
2026-03-23T09:45:21.783Z -   ✓ Excel chargé: 0 places
2026-03-23T09:45:21.784Z -   ✓ Master JSON: 0 places
2026-03-23T09:45:21.785Z - 
🔄 TG: Traitement...
2026-03-23T09:45:21.785Z -   ✓ Excel chargé: 0 places
2026-03-23T09:45:21.785Z -   ✓ Master JSON: 0 places
2026-03-23T09:45:21.786Z - 
🔄 TH: Traitement...
2026-03-23T09:45:21.791Z -   ✓ Excel chargé: 27 places
2026-03-23T09:45:21.796Z -   ✓ Master JSON: 23 places
2026-03-23T09:45:21.809Z -   ✓ Excel sauvegardé: 27 places
2026-03-23T09:45:21.810Z - 
🔄 TJ: Traitement...
2026-03-23T09:45:21.810Z -   ✓ Excel chargé: 0 places
2026-03-23T09:45:21.810Z -   ✓ Master JSON: 0 places
2026-03-23T09:45:21.811Z - 
🔄 TL: Traitement...
2026-03-23T09:45:21.811Z -   ✓ Excel chargé: 0 places
2026-03-23T09:45:21.811Z -   ✓ Master JSON: 0 places
2026-03-23T09:45:21.812Z - 
🔄 TM: Traitement...
2026-03-23T09:45:21.816Z -   ✓ Excel chargé: 8 places
2026-03-23T09:45:21.819Z -   ✓ Master JSON: 8 places
2026-03-23T09:45:21.826Z -   ✓ Excel sauvegardé: 8 places
2026-03-23T09:45:21.827Z - 
🔄 TN: Traitement...
2026-03-23T09:45:21.827Z -   ✓ Excel chargé: 0 places
2026-03-23T09:45:21.827Z -   ✓ Master JSON: 0 places
2026-03-23T09:45:21.828Z - 
🔄 TO: Traitement...
2026-03-23T09:45:21.828Z -   ✓ Excel chargé: 0 places
2026-03-23T09:45:21.829Z -   ✓ Master JSON: 0 places
2026-03-23T09:45:21.829Z - 
🔄 TR: Traitement...
2026-03-23T09:45:21.836Z -   ✓ Excel chargé: 58 places
2026-03-23T09:45:21.843Z -   ✓ Master JSON: 60 places
2026-03-23T09:45:21.843Z -   ✓ 2 nouvelles places ajoutées
2026-03-23T09:45:26.171Z -   ✓ Excel sauvegardé: 60 places
2026-03-23T09:45:26.173Z - 
🔄 TT: Traitement...
2026-03-23T09:45:26.175Z -   ✓ Excel chargé: 0 places
2026-03-23T09:45:26.176Z -   ✓ Master JSON: 0 places
2026-03-23T09:45:26.177Z - 
🔄 TV: Traitement...
2026-03-23T09:45:26.179Z -   ✓ Excel chargé: 0 places
2026-03-23T09:45:26.180Z -   ✓ Master JSON: 0 places
2026-03-23T09:45:26.182Z - 
🔄 TZ: Traitement...
2026-03-23T09:45:26.192Z -   ✓ Excel chargé: 18 places
2026-03-23T09:45:26.201Z -   ✓ Master JSON: 17 places
2026-03-23T09:45:26.213Z -   ✓ Excel sauvegardé: 18 places
2026-03-23T09:45:26.213Z - 
🔄 UA: Traitement...
2026-03-23T09:45:26.214Z -   ✓ Excel chargé: 0 places
2026-03-23T09:45:26.214Z -   ✓ Master JSON: 0 places
2026-03-23T09:45:26.214Z - 
🔄 UG: Traitement...
2026-03-23T09:45:26.223Z -   ✓ Excel chargé: 9 places
2026-03-23T09:45:26.224Z -   ✓ Master JSON: 0 places
2026-03-23T09:45:26.236Z -   ✓ Excel sauvegardé: 9 places
2026-03-23T09:45:26.237Z - 
🔄 US: Traitement...
2026-03-23T09:45:26.278Z -   ✓ Excel chargé: 546 places
2026-03-23T09:45:26.322Z -   ✓ Master JSON: 401 places
2026-03-23T09:45:26.441Z -   ✓ Excel sauvegardé: 546 places
2026-03-23T09:45:26.442Z - 
🔄 UY: Traitement...
2026-03-23T09:45:26.442Z -   ✓ Excel chargé: 0 places
2026-03-23T09:45:26.443Z -   ✓ Master JSON: 0 places
2026-03-23T09:45:26.443Z - 
🔄 UZ: Traitement...
2026-03-23T09:45:26.447Z -   ✓ Excel chargé: 6 places
2026-03-23T09:45:26.450Z -   ✓ Master JSON: 6 places
2026-03-23T09:45:26.455Z -   ✓ Excel sauvegardé: 6 places
2026-03-23T09:45:26.455Z - 
🔄 VA: Traitement...
2026-03-23T09:45:26.456Z -   ✓ Excel chargé: 0 places
2026-03-23T09:45:26.456Z -   ✓ Master JSON: 0 places
2026-03-23T09:45:26.457Z - 
🔄 VC: Traitement...
2026-03-23T09:45:26.457Z -   ✓ Excel chargé: 0 places
2026-03-23T09:45:26.457Z -   ✓ Master JSON: 0 places
2026-03-23T09:45:26.458Z - 
🔄 VE: Traitement...
2026-03-23T09:45:26.458Z -   ✓ Excel chargé: 0 places
2026-03-23T09:45:26.459Z -   ✓ Master JSON: 0 places
2026-03-23T09:45:26.460Z - 
🔄 VN: Traitement...
2026-03-23T09:45:26.471Z -   ✓ Excel chargé: 32 places
2026-03-23T09:45:26.483Z -   ✓ Master JSON: 25 places
2026-03-23T09:45:26.497Z -   ✓ Excel sauvegardé: 32 places
2026-03-23T09:45:26.498Z - 
🔄 VU: Traitement...
2026-03-23T09:45:26.498Z -   ✓ Excel chargé: 0 places
2026-03-23T09:45:26.499Z -   ✓ Master JSON: 0 places
2026-03-23T09:45:26.499Z - 
🔄 WF: Traitement...
2026-03-23T09:45:26.500Z -   ✓ Excel chargé: 0 places
2026-03-23T09:45:26.500Z -   ✓ Master JSON: 0 places
2026-03-23T09:45:26.500Z - 
🔄 WS: Traitement...
2026-03-23T09:45:26.501Z -   ✓ Excel chargé: 0 places
2026-03-23T09:45:26.501Z -   ✓ Master JSON: 0 places
2026-03-23T09:45:26.502Z - 
🔄 XX: Traitement...
2026-03-23T09:45:26.502Z -   ✓ Excel chargé: 0 places
2026-03-23T09:45:26.503Z -   ✓ Master JSON: 0 places
2026-03-23T09:45:26.504Z - 
🔄 YE: Traitement...
2026-03-23T09:45:26.504Z -   ✓ Excel chargé: 0 places
2026-03-23T09:45:26.504Z -   ✓ Master JSON: 0 places
2026-03-23T09:45:26.505Z - 
🔄 YT: Traitement...
2026-03-23T09:45:26.509Z -   ✓ Excel chargé: 5 places
2026-03-23T09:45:26.513Z -   ✓ Master JSON: 5 places
2026-03-23T09:45:26.519Z -   ✓ Excel sauvegardé: 5 places
2026-03-23T09:45:26.520Z - 
🔄 ZA: Traitement...
2026-03-23T09:45:26.530Z -   ✓ Excel chargé: 118 places
2026-03-23T09:45:26.542Z -   ✓ Master JSON: 85 places
2026-03-23T09:45:26.579Z -   ✓ Excel sauvegardé: 118 places
2026-03-23T09:45:26.580Z - 
🔄 ZM: Traitement...
2026-03-23T09:45:26.581Z -   ✓ Excel chargé: 0 places
2026-03-23T09:45:26.581Z -   ✓ Master JSON: 0 places
2026-03-23T09:45:26.585Z - 
🔄 ZW: Traitement...
2026-03-23T09:45:26.586Z -   ✓ Excel chargé: 0 places
2026-03-23T09:45:26.586Z -   ✓ Master JSON: 0 places
2026-03-23T09:45:26.587Z - 
🔄 _BACKUPS: Traitement...
2026-03-23T09:45:26.587Z -   ✓ Excel chargé: 0 places
2026-03-23T09:45:26.588Z -   ✓ Master JSON: 0 places
2026-03-23T09:45:26.588Z - 
🔄 _TR_CACHE: Traitement...
2026-03-23T09:45:26.595Z -   ✓ Excel chargé: 0 places
2026-03-23T09:45:26.595Z -   ✓ Master JSON: 0 places
