2026-03-14T15:48:31.020Z - 
============================================================
2026-03-14T15:48:31.032Z - 🔄 MODE UPDATE - 14/03/2026 16:48:31
2026-03-14T15:48:31.032Z - ============================================================
2026-03-14T15:48:31.204Z - 
🔄 AD: Traitement...
2026-03-14T15:48:31.250Z -   ✓ Excel chargé: 0 places
2026-03-14T15:48:31.252Z -   ✓ Master JSON: 0 places
2026-03-14T15:48:31.253Z - 
🔄 AE: Traitement...
2026-03-14T15:48:31.270Z -   ✓ Excel chargé: 8 places
2026-03-14T15:48:31.283Z -   ✓ Master JSON: 8 places
2026-03-14T15:48:31.327Z -   ✓ Excel sauvegardé: 8 places
2026-03-14T15:48:31.328Z - 
🔄 AF: Traitement...
2026-03-14T15:48:31.341Z -   ✓ Excel chargé: 0 places
2026-03-14T15:48:31.342Z -   ✓ Master JSON: 0 places
2026-03-14T15:48:31.343Z - 
🔄 AG: Traitement...
2026-03-14T15:48:31.352Z -   ✓ Excel chargé: 0 places
2026-03-14T15:48:31.353Z -   ✓ Master JSON: 0 places
2026-03-14T15:48:31.354Z - 
🔄 AI: Traitement...
2026-03-14T15:48:31.354Z -   ✓ Excel chargé: 0 places
2026-03-14T15:48:31.355Z -   ✓ Master JSON: 0 places
2026-03-14T15:48:31.355Z - 
🔄 AL: Traitement...
2026-03-14T15:48:31.365Z -   ✓ Excel chargé: 12 places
2026-03-14T15:48:31.375Z -   ✓ Master JSON: 12 places
2026-03-14T15:48:31.393Z -   ✓ Excel sauvegardé: 12 places
2026-03-14T15:48:31.394Z - 
🔄 AM: Traitement...
2026-03-14T15:48:31.407Z -   ✓ Excel chargé: 8 places
2026-03-14T15:48:31.419Z -   ✓ Master JSON: 8 places
2026-03-14T15:48:31.432Z -   ✓ Excel sauvegardé: 8 places
2026-03-14T15:48:31.434Z - 
🔄 AO: Traitement...
2026-03-14T15:48:31.446Z -   ✓ Excel chargé: 0 places
2026-03-14T15:48:31.447Z -   ✓ Master JSON: 0 places
2026-03-14T15:48:31.448Z - 
🔄 AR: Traitement...
2026-03-14T15:48:31.487Z -   ✓ Excel chargé: 46 places
2026-03-14T15:48:31.523Z -   ✓ Master JSON: 23 places
2026-03-14T15:48:31.553Z -   ✓ Excel sauvegardé: 46 places
2026-03-14T15:48:31.553Z - 
🔄 AS: Traitement...
2026-03-14T15:48:31.554Z -   ✓ Excel chargé: 0 places
2026-03-14T15:48:31.554Z -   ✓ Master JSON: 0 places
2026-03-14T15:48:31.555Z - 
🔄 AT: Traitement...
2026-03-14T15:48:31.585Z -   ✓ Excel chargé: 45 places
2026-03-14T15:48:31.610Z -   ✓ Master JSON: 43 places
2026-03-14T15:48:31.639Z -   ✓ Excel sauvegardé: 45 places
2026-03-14T15:48:31.641Z - 
🔄 AU: Traitement...
2026-03-14T15:48:31.680Z -   ✓ Excel chargé: 74 places
2026-03-14T15:48:31.713Z -   ✓ Master JSON: 42 places
2026-03-14T15:48:31.744Z -   ✓ Excel sauvegardé: 74 places
2026-03-14T15:48:31.744Z - 
🔄 AW: Traitement...
2026-03-14T15:48:31.756Z -   ✓ Excel chargé: 0 places
2026-03-14T15:48:31.758Z -   ✓ Master JSON: 0 places
2026-03-14T15:48:31.760Z - 
🔄 AZ: Traitement...
2026-03-14T15:48:31.774Z -   ✓ Excel chargé: 0 places
2026-03-14T15:48:31.775Z -   ✓ Master JSON: 0 places
2026-03-14T15:48:31.777Z - 
🔄 BA: Traitement...
2026-03-14T15:48:31.800Z -   ✓ Excel chargé: 15 places
2026-03-14T15:48:31.817Z -   ✓ Master JSON: 15 places
2026-03-14T15:48:31.829Z -   ✓ Excel sauvegardé: 15 places
2026-03-14T15:48:31.829Z - 
🔄 BB: Traitement...
2026-03-14T15:48:31.837Z -   ✓ Excel chargé: 6 places
2026-03-14T15:48:31.847Z -   ✓ Master JSON: 6 places
2026-03-14T15:48:31.856Z -   ✓ Excel sauvegardé: 6 places
2026-03-14T15:48:31.857Z - 
🔄 BD: Traitement...
2026-03-14T15:48:31.869Z -   ✓ Excel chargé: 17 places
2026-03-14T15:48:31.880Z -   ✓ Master JSON: 14 places
2026-03-14T15:48:31.894Z -   ✓ Excel sauvegardé: 17 places
2026-03-14T15:48:31.895Z - 
🔄 BE: Traitement...
2026-03-14T15:48:31.905Z -   ✓ Excel chargé: 24 places
2026-03-14T15:48:31.922Z -   ✓ Master JSON: 23 places
2026-03-14T15:48:31.946Z -   ✓ Excel sauvegardé: 24 places
2026-03-14T15:48:31.947Z - 
🔄 BF: Traitement...
2026-03-14T15:48:31.958Z -   ✓ Excel chargé: 0 places
2026-03-14T15:48:31.959Z -   ✓ Master JSON: 0 places
2026-03-14T15:48:31.961Z - 
🔄 BG: Traitement...
2026-03-14T15:48:31.978Z -   ✓ Excel chargé: 29 places
2026-03-14T15:48:32.001Z -   ✓ Master JSON: 21 places
2026-03-14T15:48:32.024Z -   ✓ Excel sauvegardé: 29 places
2026-03-14T15:48:32.025Z - 
🔄 BH: Traitement...
2026-03-14T15:48:32.033Z -   ✓ Excel chargé: 0 places
2026-03-14T15:48:32.034Z -   ✓ Master JSON: 0 places
2026-03-14T15:48:32.035Z - 
🔄 BI: Traitement...
2026-03-14T15:48:32.043Z -   ✓ Excel chargé: 0 places
2026-03-14T15:48:32.044Z -   ✓ Master JSON: 0 places
2026-03-14T15:48:32.045Z - 
🔄 BJ: Traitement...
2026-03-14T15:48:32.052Z -   ✓ Excel chargé: 0 places
2026-03-14T15:48:32.053Z -   ✓ Master JSON: 0 places
2026-03-14T15:48:32.054Z - 
🔄 BL: Traitement...
2026-03-14T15:48:32.060Z -   ✓ Excel chargé: 8 places
2026-03-14T15:48:32.063Z -   ✓ Master JSON: 8 places
2026-03-14T15:48:32.072Z -   ✓ Excel sauvegardé: 8 places
2026-03-14T15:48:32.072Z - 
🔄 BM: Traitement...
2026-03-14T15:48:32.079Z -   ✓ Excel chargé: 0 places
2026-03-14T15:48:32.080Z -   ✓ Master JSON: 0 places
2026-03-14T15:48:32.081Z - 
🔄 BN: Traitement...
2026-03-14T15:48:32.087Z -   ✓ Excel chargé: 0 places
2026-03-14T15:48:32.088Z -   ✓ Master JSON: 0 places
2026-03-14T15:48:32.088Z - 
🔄 BO: Traitement...
2026-03-14T15:48:32.095Z -   ✓ Excel chargé: 17 places
2026-03-14T15:48:32.136Z -   ✓ Master JSON: 17 places
2026-03-14T15:48:32.154Z -   ✓ Excel sauvegardé: 17 places
2026-03-14T15:48:32.154Z - 
🔄 BQ: Traitement...
2026-03-14T15:48:32.155Z -   ✓ Excel chargé: 0 places
2026-03-14T15:48:32.155Z -   ✓ Master JSON: 0 places
2026-03-14T15:48:32.156Z - 
🔄 BR: Traitement...
2026-03-14T15:48:32.166Z -   ✓ Excel chargé: 55 places
2026-03-14T15:48:32.183Z -   ✓ Master JSON: 50 places
2026-03-14T15:48:32.222Z -   ✓ Excel sauvegardé: 55 places
2026-03-14T15:48:32.223Z - 
🔄 BS: Traitement...
2026-03-14T15:48:32.232Z -   ✓ Excel chargé: 9 places
2026-03-14T15:48:32.244Z -   ✓ Master JSON: 9 places
2026-03-14T15:48:32.261Z -   ✓ Excel sauvegardé: 9 places
2026-03-14T15:48:32.262Z - 
🔄 BT: Traitement...
2026-03-14T15:48:32.276Z -   ✓ Excel chargé: 0 places
2026-03-14T15:48:32.277Z -   ✓ Master JSON: 0 places
2026-03-14T15:48:32.278Z - 
🔄 BW: Traitement...
2026-03-14T15:48:32.287Z -   ✓ Excel chargé: 16 places
2026-03-14T15:48:32.297Z -   ✓ Master JSON: 15 places
2026-03-14T15:48:32.310Z -   ✓ Excel sauvegardé: 16 places
2026-03-14T15:48:32.310Z - 
🔄 BY: Traitement...
2026-03-14T15:48:32.315Z -   ✓ Excel chargé: 0 places
2026-03-14T15:48:32.318Z -   ✓ Master JSON: 0 places
2026-03-14T15:48:32.319Z - 
🔄 BZ: Traitement...
2026-03-14T15:48:32.325Z -   ✓ Excel chargé: 6 places
2026-03-14T15:48:32.334Z -   ✓ Master JSON: 6 places
2026-03-14T15:48:32.341Z -   ✓ Excel sauvegardé: 6 places
2026-03-14T15:48:32.342Z - 
🔄 CA: Traitement...
2026-03-14T15:48:32.354Z -   ✓ Excel chargé: 60 places
2026-03-14T15:48:32.371Z -   ✓ Master JSON: 54 places
2026-03-14T15:48:32.397Z -   ✓ Excel sauvegardé: 60 places
2026-03-14T15:48:32.398Z - 
🔄 CD: Traitement...
2026-03-14T15:48:32.404Z -   ✓ Excel chargé: 0 places
2026-03-14T15:48:32.405Z -   ✓ Master JSON: 0 places
2026-03-14T15:48:32.406Z - 
🔄 CF: Traitement...
2026-03-14T15:48:32.413Z -   ✓ Excel chargé: 0 places
2026-03-14T15:48:32.413Z -   ✓ Master JSON: 0 places
2026-03-14T15:48:32.414Z - 
🔄 CG: Traitement...
2026-03-14T15:48:32.421Z -   ✓ Excel chargé: 0 places
2026-03-14T15:48:32.422Z -   ✓ Master JSON: 0 places
2026-03-14T15:48:32.422Z - 
🔄 CH: Traitement...
2026-03-14T15:48:32.434Z -   ✓ Excel chargé: 56 places
2026-03-14T15:48:32.452Z -   ✓ Master JSON: 56 places
2026-03-14T15:48:32.469Z -   ✓ Excel sauvegardé: 56 places
2026-03-14T15:48:32.470Z - 
🔄 CI: Traitement...
2026-03-14T15:48:32.476Z -   ✓ Excel chargé: 0 places
2026-03-14T15:48:32.476Z -   ✓ Master JSON: 0 places
2026-03-14T15:48:32.477Z - 
🔄 CK: Traitement...
2026-03-14T15:48:32.478Z -   ✓ Excel chargé: 0 places
2026-03-14T15:48:32.478Z -   ✓ Master JSON: 0 places
2026-03-14T15:48:32.479Z - 
🔄 CL: Traitement...
2026-03-14T15:48:32.485Z -   ✓ Excel chargé: 8 places
2026-03-14T15:48:32.494Z -   ✓ Master JSON: 7 places
2026-03-14T15:48:32.504Z -   ✓ Excel sauvegardé: 8 places
2026-03-14T15:48:32.505Z - 
🔄 CM: Traitement...
2026-03-14T15:48:32.511Z -   ✓ Excel chargé: 0 places
2026-03-14T15:48:32.512Z -   ✓ Master JSON: 0 places
2026-03-14T15:48:32.512Z - 
🔄 CN: Traitement...
2026-03-14T15:48:32.521Z -   ✓ Excel chargé: 60 places
2026-03-14T15:48:32.542Z -   ✓ Master JSON: 56 places
2026-03-14T15:48:32.542Z -   ✓ 1 nouvelles places ajoutées
2026-03-14T15:48:42.501Z -   ✓ Excel sauvegardé: 61 places
2026-03-14T15:48:42.504Z - 
🔄 CO: Traitement...
2026-03-14T15:48:42.519Z -   ✓ Excel chargé: 12 places
2026-03-14T15:48:42.536Z -   ✓ Master JSON: 12 places
2026-03-14T15:48:42.547Z -   ✓ Excel sauvegardé: 12 places
2026-03-14T15:48:42.549Z - 
🔄 CR: Traitement...
2026-03-14T15:48:42.562Z -   ✓ Excel chargé: 8 places
2026-03-14T15:48:42.583Z -   ✓ Master JSON: 8 places
2026-03-14T15:48:42.603Z -   ✓ Excel sauvegardé: 8 places
2026-03-14T15:48:42.604Z - 
🔄 CU: Traitement...
2026-03-14T15:48:42.614Z -   ✓ Excel chargé: 12 places
2026-03-14T15:48:42.628Z -   ✓ Master JSON: 12 places
2026-03-14T15:48:42.637Z -   ✓ Excel sauvegardé: 12 places
2026-03-14T15:48:42.638Z - 
🔄 CV: Traitement...
2026-03-14T15:48:42.644Z -   ✓ Excel chargé: 0 places
2026-03-14T15:48:42.645Z -   ✓ Master JSON: 0 places
2026-03-14T15:48:42.645Z - 
🔄 CY: Traitement...
2026-03-14T15:48:42.651Z -   ✓ Excel chargé: 0 places
2026-03-14T15:48:42.652Z -   ✓ Master JSON: 0 places
2026-03-14T15:48:42.653Z - 
🔄 CZ: Traitement...
2026-03-14T15:48:42.660Z -   ✓ Excel chargé: 19 places
2026-03-14T15:48:42.668Z -   ✓ Master JSON: 19 places
2026-03-14T15:48:42.679Z -   ✓ Excel sauvegardé: 19 places
2026-03-14T15:48:42.680Z - 
🔄 DE: Traitement...
2026-03-14T15:48:42.694Z -   ✓ Excel chargé: 112 places
2026-03-14T15:48:42.738Z -   ✓ Master JSON: 111 places
2026-03-14T15:48:42.785Z -   ✓ Excel sauvegardé: 112 places
2026-03-14T15:48:42.786Z - 
🔄 DJ: Traitement...
2026-03-14T15:48:42.787Z -   ✓ Excel chargé: 0 places
2026-03-14T15:48:42.787Z -   ✓ Master JSON: 0 places
2026-03-14T15:48:42.788Z - 
🔄 DK: Traitement...
2026-03-14T15:48:42.797Z -   ✓ Excel chargé: 14 places
2026-03-14T15:48:42.806Z -   ✓ Master JSON: 14 places
2026-03-14T15:48:42.815Z -   ✓ Excel sauvegardé: 14 places
2026-03-14T15:48:42.817Z - 
🔄 DM: Traitement...
2026-03-14T15:48:42.817Z -   ✓ Excel chargé: 0 places
2026-03-14T15:48:42.818Z -   ✓ Master JSON: 0 places
2026-03-14T15:48:42.819Z - 
🔄 DO: Traitement...
2026-03-14T15:48:42.825Z -   ✓ Excel chargé: 15 places
2026-03-14T15:48:42.833Z -   ✓ Master JSON: 15 places
2026-03-14T15:48:42.842Z -   ✓ Excel sauvegardé: 15 places
2026-03-14T15:48:42.843Z - 
🔄 DZ: Traitement...
2026-03-14T15:48:42.844Z -   ✓ Excel chargé: 0 places
2026-03-14T15:48:42.844Z -   ✓ Master JSON: 0 places
2026-03-14T15:48:42.845Z - 
🔄 EA: Traitement...
2026-03-14T15:48:42.851Z -   ✓ Excel chargé: 23 places
2026-03-14T15:48:42.860Z -   ✓ Master JSON: 23 places
2026-03-14T15:48:42.872Z -   ✓ Excel sauvegardé: 23 places
2026-03-14T15:48:42.873Z - 
🔄 EC: Traitement...
2026-03-14T15:48:42.879Z -   ✓ Excel chargé: 13 places
2026-03-14T15:48:42.887Z -   ✓ Master JSON: 13 places
2026-03-14T15:48:42.896Z -   ✓ Excel sauvegardé: 13 places
2026-03-14T15:48:42.897Z - 
🔄 EE: Traitement...
2026-03-14T15:48:42.897Z -   ✓ Excel chargé: 0 places
2026-03-14T15:48:42.898Z -   ✓ Master JSON: 0 places
2026-03-14T15:48:42.898Z - 
🔄 EG: Traitement...
2026-03-14T15:48:42.905Z -   ✓ Excel chargé: 17 places
2026-03-14T15:48:42.914Z -   ✓ Master JSON: 17 places
2026-03-14T15:48:42.924Z -   ✓ Excel sauvegardé: 17 places
2026-03-14T15:48:42.925Z - 
🔄 ER: Traitement...
2026-03-14T15:48:42.925Z -   ✓ Excel chargé: 0 places
2026-03-14T15:48:42.926Z -   ✓ Master JSON: 0 places
2026-03-14T15:48:42.926Z - 
🔄 ES: Traitement...
2026-03-14T15:48:42.948Z -   ✓ Excel chargé: 202 places
2026-03-14T15:48:42.979Z -   ✓ Master JSON: 182 places
2026-03-14T15:48:43.047Z -   ✓ Excel sauvegardé: 202 places
2026-03-14T15:48:43.048Z - 
🔄 ET: Traitement...
2026-03-14T15:48:43.048Z -   ✓ Excel chargé: 0 places
2026-03-14T15:48:43.049Z -   ✓ Master JSON: 0 places
2026-03-14T15:48:43.050Z - 
🔄 FI: Traitement...
2026-03-14T15:48:43.056Z -   ✓ Excel chargé: 9 places
2026-03-14T15:48:43.067Z -   ✓ Master JSON: 9 places
2026-03-14T15:48:43.076Z -   ✓ Excel sauvegardé: 9 places
2026-03-14T15:48:43.077Z - 
🔄 FJ: Traitement...
2026-03-14T15:48:43.078Z -   ✓ Excel chargé: 0 places
2026-03-14T15:48:43.078Z -   ✓ Master JSON: 0 places
2026-03-14T15:48:43.079Z - 
🔄 FM: Traitement...
2026-03-14T15:48:43.080Z -   ✓ Excel chargé: 0 places
2026-03-14T15:48:43.080Z -   ✓ Master JSON: 0 places
2026-03-14T15:48:43.081Z - 
🔄 FR: Traitement...
2026-03-14T15:48:43.204Z -   ✓ Excel chargé: 1279 places
2026-03-14T15:48:43.654Z -   ✓ Master JSON: 1178 places
2026-03-14T15:48:44.270Z -   ✓ Excel sauvegardé: 1279 places
2026-03-14T15:48:44.272Z - 
🔄 GA: Traitement...
2026-03-14T15:48:44.272Z -   ✓ Excel chargé: 0 places
2026-03-14T15:48:44.273Z -   ✓ Master JSON: 0 places
2026-03-14T15:48:44.275Z - 
🔄 GB: Traitement...
2026-03-14T15:48:44.296Z -   ✓ Excel chargé: 175 places
2026-03-14T15:48:44.329Z -   ✓ Master JSON: 171 places
2026-03-14T15:48:44.382Z -   ✓ Excel sauvegardé: 175 places
2026-03-14T15:48:44.383Z - 
🔄 GD: Traitement...
2026-03-14T15:48:44.384Z -   ✓ Excel chargé: 0 places
2026-03-14T15:48:44.384Z -   ✓ Master JSON: 0 places
2026-03-14T15:48:44.385Z - 
🔄 GE: Traitement...
2026-03-14T15:48:44.396Z -   ✓ Excel chargé: 19 places
2026-03-14T15:48:44.406Z -   ✓ Master JSON: 19 places
2026-03-14T15:48:44.419Z -   ✓ Excel sauvegardé: 19 places
2026-03-14T15:48:44.420Z - 
🔄 GF: Traitement...
2026-03-14T15:48:44.430Z -   ✓ Excel chargé: 5 places
2026-03-14T15:48:44.438Z -   ✓ Master JSON: 5 places
2026-03-14T15:48:44.447Z -   ✓ Excel sauvegardé: 5 places
2026-03-14T15:48:44.448Z - 
🔄 GH: Traitement...
2026-03-14T15:48:44.448Z -   ✓ Excel chargé: 0 places
2026-03-14T15:48:44.449Z -   ✓ Master JSON: 0 places
2026-03-14T15:48:44.449Z - 
🔄 GM: Traitement...
2026-03-14T15:48:44.450Z -   ✓ Excel chargé: 0 places
2026-03-14T15:48:44.450Z -   ✓ Master JSON: 0 places
2026-03-14T15:48:44.451Z - 
🔄 GN: Traitement...
2026-03-14T15:48:44.451Z -   ✓ Excel chargé: 0 places
2026-03-14T15:48:44.451Z -   ✓ Master JSON: 0 places
2026-03-14T15:48:44.452Z - 
🔄 GP: Traitement...
2026-03-14T15:48:44.460Z -   ✓ Excel chargé: 8 places
2026-03-14T15:48:44.470Z -   ✓ Master JSON: 8 places
2026-03-14T15:48:44.479Z -   ✓ Excel sauvegardé: 8 places
2026-03-14T15:48:44.480Z - 
🔄 GQ: Traitement...
2026-03-14T15:48:44.480Z -   ✓ Excel chargé: 0 places
2026-03-14T15:48:44.481Z -   ✓ Master JSON: 0 places
2026-03-14T15:48:44.481Z - 
🔄 GR: Traitement...
2026-03-14T15:48:44.495Z -   ✓ Excel chargé: 106 places
2026-03-14T15:48:44.519Z -   ✓ Master JSON: 105 places
2026-03-14T15:48:44.557Z -   ✓ Excel sauvegardé: 106 places
2026-03-14T15:48:44.558Z - 
🔄 GT: Traitement...
2026-03-14T15:48:44.566Z -   ✓ Excel chargé: 6 places
2026-03-14T15:48:44.577Z -   ✓ Master JSON: 6 places
2026-03-14T15:48:44.586Z -   ✓ Excel sauvegardé: 6 places
2026-03-14T15:48:44.587Z - 
🔄 GW: Traitement...
2026-03-14T15:48:44.588Z -   ✓ Excel chargé: 0 places
2026-03-14T15:48:44.588Z -   ✓ Master JSON: 0 places
2026-03-14T15:48:44.589Z - 
🔄 GY: Traitement...
2026-03-14T15:48:44.590Z -   ✓ Excel chargé: 0 places
2026-03-14T15:48:44.590Z -   ✓ Master JSON: 0 places
2026-03-14T15:48:44.592Z - 
🔄 HN: Traitement...
2026-03-14T15:48:44.593Z -   ✓ Excel chargé: 0 places
2026-03-14T15:48:44.594Z -   ✓ Master JSON: 0 places
2026-03-14T15:48:44.594Z - 
🔄 HR: Traitement...
2026-03-14T15:48:44.608Z -   ✓ Excel chargé: 88 places
2026-03-14T15:48:44.632Z -   ✓ Master JSON: 71 places
2026-03-14T15:48:44.660Z -   ✓ Excel sauvegardé: 88 places
2026-03-14T15:48:44.660Z - 
🔄 HT: Traitement...
2026-03-14T15:48:44.661Z -   ✓ Excel chargé: 0 places
2026-03-14T15:48:44.661Z -   ✓ Master JSON: 0 places
2026-03-14T15:48:44.662Z - 
🔄 HU: Traitement...
2026-03-14T15:48:44.671Z -   ✓ Excel chargé: 34 places
2026-03-14T15:48:44.684Z -   ✓ Master JSON: 34 places
2026-03-14T15:48:44.701Z -   ✓ Excel sauvegardé: 34 places
2026-03-14T15:48:44.702Z - 
🔄 ID: Traitement...
2026-03-14T15:48:44.713Z -   ✓ Excel chargé: 72 places
2026-03-14T15:48:44.731Z -   ✓ Master JSON: 72 places
2026-03-14T15:48:44.755Z -   ✓ Excel sauvegardé: 72 places
2026-03-14T15:48:44.756Z - 
🔄 IE: Traitement...
2026-03-14T15:48:44.763Z -   ✓ Excel chargé: 31 places
2026-03-14T15:48:44.773Z -   ✓ Master JSON: 31 places
2026-03-14T15:48:44.788Z -   ✓ Excel sauvegardé: 31 places
2026-03-14T15:48:44.789Z - 
🔄 IL: Traitement...
2026-03-14T15:48:44.798Z -   ✓ Excel chargé: 12 places
2026-03-14T15:48:44.810Z -   ✓ Master JSON: 12 places
2026-03-14T15:48:44.818Z -   ✓ Excel sauvegardé: 12 places
2026-03-14T15:48:44.819Z - 
🔄 IN: Traitement...
2026-03-14T15:48:44.829Z -   ✓ Excel chargé: 56 places
2026-03-14T15:48:44.844Z -   ✓ Master JSON: 56 places
2026-03-14T15:48:44.864Z -   ✓ Excel sauvegardé: 56 places
2026-03-14T15:48:44.868Z - 
🔄 IQ: Traitement...
2026-03-14T15:48:44.869Z -   ✓ Excel chargé: 0 places
2026-03-14T15:48:44.871Z -   ✓ Master JSON: 0 places
2026-03-14T15:48:44.873Z - 
🔄 IR: Traitement...
2026-03-14T15:48:44.873Z -   ✓ Excel chargé: 0 places
2026-03-14T15:48:44.874Z -   ✓ Master JSON: 0 places
2026-03-14T15:48:44.878Z - 
🔄 IS: Traitement...
2026-03-14T15:48:44.895Z -   ✓ Excel chargé: 11 places
2026-03-14T15:48:44.957Z -   ✓ Master JSON: 11 places
2026-03-14T15:48:44.966Z -   ✓ Excel sauvegardé: 11 places
2026-03-14T15:48:44.967Z - 
🔄 IT: Traitement...
2026-03-14T15:48:45.027Z -   ✓ Excel chargé: 503 places
2026-03-14T15:48:45.070Z -   ✓ Master JSON: 511 places
2026-03-14T15:48:45.070Z -   ✓ 97 nouvelles places ajoutées
2026-03-14T16:01:58.255Z -   ✓ Excel sauvegardé: 600 places
2026-03-14T16:01:58.256Z - 
🔄 JM: Traitement...
2026-03-14T16:01:58.257Z -   ✓ Excel chargé: 0 places
2026-03-14T16:01:58.258Z -   ✓ Master JSON: 0 places
2026-03-14T16:01:58.259Z - 
🔄 JO: Traitement...
2026-03-14T16:01:58.280Z -   ✓ Excel chargé: 7 places
2026-03-14T16:01:58.290Z -   ✓ Master JSON: 7 places
2026-03-14T16:01:58.298Z -   ✓ Excel sauvegardé: 7 places
2026-03-14T16:01:58.299Z - 
🔄 JP: Traitement...
2026-03-14T16:01:58.335Z -   ✓ Excel chargé: 113 places
2026-03-14T16:01:58.364Z -   ✓ Master JSON: 113 places
2026-03-14T16:01:58.400Z -   ✓ Excel sauvegardé: 113 places
2026-03-14T16:01:58.400Z - 
🔄 KE: Traitement...
2026-03-14T16:01:58.401Z -   ✓ Excel chargé: 0 places
2026-03-14T16:01:58.402Z -   ✓ Master JSON: 0 places
2026-03-14T16:01:58.403Z - 
🔄 KG: Traitement...
2026-03-14T16:01:58.404Z -   ✓ Excel chargé: 0 places
2026-03-14T16:01:58.404Z -   ✓ Master JSON: 0 places
2026-03-14T16:01:58.405Z - 
🔄 KH: Traitement...
2026-03-14T16:01:58.414Z -   ✓ Excel chargé: 9 places
2026-03-14T16:01:58.425Z -   ✓ Master JSON: 8 places
2026-03-14T16:01:58.432Z -   ✓ Excel sauvegardé: 9 places
2026-03-14T16:01:58.433Z - 
🔄 KI: Traitement...
2026-03-14T16:01:58.434Z -   ✓ Excel chargé: 0 places
2026-03-14T16:01:58.434Z -   ✓ Master JSON: 0 places
2026-03-14T16:01:58.435Z - 
🔄 KM: Traitement...
2026-03-14T16:01:58.436Z -   ✓ Excel chargé: 0 places
2026-03-14T16:01:58.437Z -   ✓ Master JSON: 0 places
2026-03-14T16:01:58.438Z - 
🔄 KN: Traitement...
2026-03-14T16:01:58.439Z -   ✓ Excel chargé: 0 places
2026-03-14T16:01:58.439Z -   ✓ Master JSON: 0 places
2026-03-14T16:01:58.440Z - 
🔄 KP: Traitement...
2026-03-14T16:01:58.441Z -   ✓ Excel chargé: 0 places
2026-03-14T16:01:58.441Z -   ✓ Master JSON: 0 places
2026-03-14T16:01:58.442Z - 
🔄 KR: Traitement...
2026-03-14T16:01:58.448Z -   ✓ Excel chargé: 5 places
2026-03-14T16:01:58.459Z -   ✓ Master JSON: 5 places
2026-03-14T16:01:58.466Z -   ✓ Excel sauvegardé: 5 places
2026-03-14T16:01:58.466Z - 
🔄 KW: Traitement...
2026-03-14T16:01:58.467Z -   ✓ Excel chargé: 0 places
2026-03-14T16:01:58.467Z -   ✓ Master JSON: 0 places
2026-03-14T16:01:58.468Z - 
🔄 KZ: Traitement...
2026-03-14T16:01:58.480Z -   ✓ Excel chargé: 19 places
2026-03-14T16:01:58.496Z -   ✓ Master JSON: 19 places
2026-03-14T16:01:58.508Z -   ✓ Excel sauvegardé: 19 places
2026-03-14T16:01:58.508Z - 
🔄 LA: Traitement...
2026-03-14T16:01:58.517Z -   ✓ Excel chargé: 43 places
2026-03-14T16:01:58.531Z -   ✓ Master JSON: 21 places
2026-03-14T16:01:58.547Z -   ✓ Excel sauvegardé: 43 places
2026-03-14T16:01:58.548Z - 
🔄 LB: Traitement...
2026-03-14T16:01:58.549Z -   ✓ Excel chargé: 0 places
2026-03-14T16:01:58.549Z -   ✓ Master JSON: 0 places
2026-03-14T16:01:58.550Z - 
🔄 LC: Traitement...
2026-03-14T16:01:58.550Z -   ✓ Excel chargé: 0 places
2026-03-14T16:01:58.551Z -   ✓ Master JSON: 0 places
2026-03-14T16:01:58.551Z - 
🔄 LI: Traitement...
2026-03-14T16:01:58.552Z -   ✓ Excel chargé: 0 places
2026-03-14T16:01:58.553Z -   ✓ Master JSON: 0 places
2026-03-14T16:01:58.554Z - 
🔄 LK: Traitement...
2026-03-14T16:01:58.561Z -   ✓ Excel chargé: 34 places
2026-03-14T16:01:58.576Z -   ✓ Master JSON: 34 places
2026-03-14T16:01:58.598Z -   ✓ Excel sauvegardé: 34 places
2026-03-14T16:01:58.599Z - 
🔄 LR: Traitement...
2026-03-14T16:01:58.606Z -   ✓ Excel chargé: 0 places
2026-03-14T16:01:58.606Z -   ✓ Master JSON: 0 places
2026-03-14T16:01:58.607Z - 
🔄 LS: Traitement...
2026-03-14T16:01:58.608Z -   ✓ Excel chargé: 0 places
2026-03-14T16:01:58.608Z -   ✓ Master JSON: 0 places
2026-03-14T16:01:58.609Z - 
🔄 LT: Traitement...
2026-03-14T16:01:58.618Z -   ✓ Excel chargé: 4 places
2026-03-14T16:01:58.629Z -   ✓ Master JSON: 4 places
2026-03-14T16:01:58.640Z -   ✓ Excel sauvegardé: 4 places
2026-03-14T16:01:58.641Z - 
🔄 LU: Traitement...
2026-03-14T16:01:58.641Z -   ✓ Excel chargé: 0 places
2026-03-14T16:01:58.642Z -   ✓ Master JSON: 0 places
2026-03-14T16:01:58.643Z - 
🔄 LV: Traitement...
2026-03-14T16:01:58.649Z -   ✓ Excel chargé: 11 places
2026-03-14T16:01:58.660Z -   ✓ Master JSON: 11 places
2026-03-14T16:01:58.668Z -   ✓ Excel sauvegardé: 11 places
2026-03-14T16:01:58.670Z - 
🔄 LY: Traitement...
2026-03-14T16:01:58.670Z -   ✓ Excel chargé: 0 places
2026-03-14T16:01:58.671Z -   ✓ Master JSON: 0 places
2026-03-14T16:01:58.672Z - 
🔄 MA: Traitement...
2026-03-14T16:01:58.677Z -   ✓ Excel chargé: 5 places
2026-03-14T16:01:58.691Z -   ✓ Master JSON: 5 places
2026-03-14T16:01:58.707Z -   ✓ Excel sauvegardé: 5 places
2026-03-14T16:01:58.708Z - 
🔄 MC: Traitement...
2026-03-14T16:01:58.708Z -   ✓ Excel chargé: 0 places
2026-03-14T16:01:58.709Z -   ✓ Master JSON: 0 places
2026-03-14T16:01:58.709Z - 
🔄 MD: Traitement...
2026-03-14T16:01:58.716Z -   ✓ Excel chargé: 6 places
2026-03-14T16:01:58.726Z -   ✓ Master JSON: 6 places
2026-03-14T16:01:58.733Z -   ✓ Excel sauvegardé: 6 places
2026-03-14T16:01:58.733Z - 
🔄 ME: Traitement...
2026-03-14T16:01:58.741Z -   ✓ Excel chargé: 12 places
2026-03-14T16:01:58.750Z -   ✓ Master JSON: 12 places
2026-03-14T16:01:58.759Z -   ✓ Excel sauvegardé: 12 places
2026-03-14T16:01:58.760Z - 
🔄 MF: Traitement...
2026-03-14T16:01:58.765Z -   ✓ Excel chargé: 4 places
2026-03-14T16:01:58.774Z -   ✓ Master JSON: 4 places
2026-03-14T16:01:58.781Z -   ✓ Excel sauvegardé: 4 places
2026-03-14T16:01:58.781Z - 
🔄 MG: Traitement...
2026-03-14T16:01:58.790Z -   ✓ Excel chargé: 19 places
2026-03-14T16:01:58.807Z -   ✓ Master JSON: 19 places
2026-03-14T16:01:58.818Z -   ✓ Excel sauvegardé: 19 places
2026-03-14T16:01:58.819Z - 
🔄 MH: Traitement...
2026-03-14T16:01:58.820Z -   ✓ Excel chargé: 0 places
2026-03-14T16:01:58.821Z -   ✓ Master JSON: 0 places
2026-03-14T16:01:58.823Z - 
🔄 MK: Traitement...
2026-03-14T16:01:58.823Z -   ✓ Excel chargé: 0 places
2026-03-14T16:01:58.824Z -   ✓ Master JSON: 0 places
2026-03-14T16:01:58.825Z - 
🔄 ML: Traitement...
2026-03-14T16:01:58.826Z -   ✓ Excel chargé: 0 places
2026-03-14T16:01:58.827Z -   ✓ Master JSON: 0 places
2026-03-14T16:01:58.828Z - 
🔄 MM: Traitement...
2026-03-14T16:01:58.829Z -   ✓ Excel chargé: 0 places
2026-03-14T16:01:58.829Z -   ✓ Master JSON: 0 places
2026-03-14T16:01:58.831Z - 
🔄 MN: Traitement...
2026-03-14T16:01:58.842Z -   ✓ Excel chargé: 24 places
2026-03-14T16:01:58.851Z -   ✓ Master JSON: 24 places
2026-03-14T16:01:58.862Z -   ✓ Excel sauvegardé: 24 places
2026-03-14T16:01:58.862Z - 
🔄 MQ: Traitement...
2026-03-14T16:01:58.867Z -   ✓ Excel chargé: 5 places
2026-03-14T16:01:58.878Z -   ✓ Master JSON: 5 places
2026-03-14T16:01:58.882Z -   ✓ Excel sauvegardé: 5 places
2026-03-14T16:01:58.883Z - 
🔄 MR: Traitement...
2026-03-14T16:01:58.884Z -   ✓ Excel chargé: 0 places
2026-03-14T16:01:58.884Z -   ✓ Master JSON: 0 places
2026-03-14T16:01:58.884Z - 
🔄 MT: Traitement...
2026-03-14T16:01:58.885Z -   ✓ Excel chargé: 0 places
2026-03-14T16:01:58.886Z -   ✓ Master JSON: 0 places
2026-03-14T16:01:58.887Z - 
🔄 MU: Traitement...
2026-03-14T16:01:58.893Z -   ✓ Excel chargé: 14 places
2026-03-14T16:01:58.907Z -   ✓ Master JSON: 14 places
2026-03-14T16:01:58.913Z -   ✓ Excel sauvegardé: 14 places
2026-03-14T16:01:58.914Z - 
🔄 MV: Traitement...
2026-03-14T16:01:58.915Z -   ✓ Excel chargé: 0 places
2026-03-14T16:01:58.915Z -   ✓ Master JSON: 0 places
2026-03-14T16:01:58.916Z - 
🔄 MW: Traitement...
2026-03-14T16:01:58.916Z -   ✓ Excel chargé: 0 places
2026-03-14T16:01:58.917Z -   ✓ Master JSON: 0 places
2026-03-14T16:01:58.917Z - 
🔄 MX: Traitement...
2026-03-14T16:01:58.928Z -   ✓ Excel chargé: 27 places
2026-03-14T16:01:58.952Z -   ✓ Master JSON: 27 places
2026-03-14T16:01:58.968Z -   ✓ Excel sauvegardé: 27 places
2026-03-14T16:01:58.968Z - 
🔄 MY: Traitement...
2026-03-14T16:01:58.977Z -   ✓ Excel chargé: 6 places
2026-03-14T16:01:58.990Z -   ✓ Master JSON: 6 places
2026-03-14T16:01:59.009Z -   ✓ Excel sauvegardé: 6 places
2026-03-14T16:01:59.010Z - 
🔄 MZ: Traitement...
2026-03-14T16:01:59.011Z -   ✓ Excel chargé: 0 places
2026-03-14T16:01:59.012Z -   ✓ Master JSON: 0 places
2026-03-14T16:01:59.014Z - 
🔄 NA: Traitement...
2026-03-14T16:01:59.033Z -   ✓ Excel chargé: 49 places
2026-03-14T16:01:59.056Z -   ✓ Master JSON: 27 places
2026-03-14T16:01:59.082Z -   ✓ Excel sauvegardé: 49 places
2026-03-14T16:01:59.083Z - 
🔄 NC: Traitement...
2026-03-14T16:01:59.090Z -   ✓ Excel chargé: 5 places
2026-03-14T16:01:59.099Z -   ✓ Master JSON: 5 places
2026-03-14T16:01:59.107Z -   ✓ Excel sauvegardé: 5 places
2026-03-14T16:01:59.108Z - 
🔄 NE: Traitement...
2026-03-14T16:01:59.108Z -   ✓ Excel chargé: 0 places
2026-03-14T16:01:59.109Z -   ✓ Master JSON: 0 places
2026-03-14T16:01:59.109Z - 
🔄 NG: Traitement...
2026-03-14T16:01:59.110Z -   ✓ Excel chargé: 0 places
2026-03-14T16:01:59.110Z -   ✓ Master JSON: 0 places
2026-03-14T16:01:59.111Z - 
🔄 NI: Traitement...
2026-03-14T16:01:59.127Z -   ✓ Excel chargé: 45 places
2026-03-14T16:01:59.201Z -   ✓ Master JSON: 19 places
2026-03-14T16:01:59.227Z -   ✓ Excel sauvegardé: 45 places
2026-03-14T16:01:59.227Z - 
🔄 NL: Traitement...
2026-03-14T16:01:59.236Z -   ✓ Excel chargé: 28 places
2026-03-14T16:01:59.249Z -   ✓ Master JSON: 28 places
2026-03-14T16:01:59.260Z -   ✓ Excel sauvegardé: 28 places
2026-03-14T16:01:59.261Z - 
🔄 NO: Traitement...
2026-03-14T16:01:59.266Z -   ✓ Excel chargé: 16 places
2026-03-14T16:01:59.276Z -   ✓ Master JSON: 4 places
2026-03-14T16:01:59.283Z -   ✓ Excel sauvegardé: 16 places
2026-03-14T16:01:59.283Z - 
🔄 NP: Traitement...
2026-03-14T16:01:59.284Z -   ✓ Excel chargé: 0 places
2026-03-14T16:01:59.284Z -   ✓ Master JSON: 0 places
2026-03-14T16:01:59.285Z - 
🔄 NR: Traitement...
2026-03-14T16:01:59.285Z -   ✓ Excel chargé: 0 places
2026-03-14T16:01:59.286Z -   ✓ Master JSON: 0 places
2026-03-14T16:01:59.287Z - 
🔄 NZ: Traitement...
2026-03-14T16:01:59.305Z -   ✓ Excel chargé: 44 places
2026-03-14T16:01:59.335Z -   ✓ Master JSON: 33 places
2026-03-14T16:01:59.355Z -   ✓ Excel sauvegardé: 44 places
2026-03-14T16:01:59.355Z - 
🔄 OM: Traitement...
2026-03-14T16:01:59.361Z -   ✓ Excel chargé: 5 places
2026-03-14T16:01:59.370Z -   ✓ Master JSON: 5 places
2026-03-14T16:01:59.378Z -   ✓ Excel sauvegardé: 5 places
2026-03-14T16:01:59.378Z - 
🔄 PA: Traitement...
2026-03-14T16:01:59.383Z -   ✓ Excel chargé: 9 places
2026-03-14T16:01:59.399Z -   ✓ Master JSON: 8 places
2026-03-14T16:01:59.409Z -   ✓ Excel sauvegardé: 9 places
2026-03-14T16:01:59.410Z - 
🔄 PE: Traitement...
2026-03-14T16:01:59.427Z -   ✓ Excel chargé: 19 places
2026-03-14T16:01:59.451Z -   ✓ Master JSON: 19 places
2026-03-14T16:01:59.466Z -   ✓ Excel sauvegardé: 19 places
2026-03-14T16:01:59.467Z - 
🔄 PF: Traitement...
2026-03-14T16:01:59.480Z -   ✓ Excel chargé: 32 places
2026-03-14T16:01:59.498Z -   ✓ Master JSON: 31 places
2026-03-14T16:01:59.512Z -   ✓ Excel sauvegardé: 32 places
2026-03-14T16:01:59.513Z - 
🔄 PG: Traitement...
2026-03-14T16:01:59.513Z -   ✓ Excel chargé: 0 places
2026-03-14T16:01:59.514Z -   ✓ Master JSON: 0 places
2026-03-14T16:01:59.514Z - 
🔄 PH: Traitement...
2026-03-14T16:01:59.523Z -   ✓ Excel chargé: 11 places
2026-03-14T16:01:59.538Z -   ✓ Master JSON: 11 places
2026-03-14T16:01:59.546Z -   ✓ Excel sauvegardé: 11 places
2026-03-14T16:01:59.547Z - 
🔄 PK: Traitement...
2026-03-14T16:01:59.547Z -   ✓ Excel chargé: 0 places
2026-03-14T16:01:59.548Z -   ✓ Master JSON: 0 places
2026-03-14T16:01:59.549Z - 
🔄 PL: Traitement...
2026-03-14T16:01:59.567Z -   ✓ Excel chargé: 35 places
2026-03-14T16:01:59.585Z -   ✓ Master JSON: 35 places
2026-03-14T16:01:59.601Z -   ✓ Excel sauvegardé: 35 places
2026-03-14T16:01:59.602Z - 
🔄 PM: Traitement...
2026-03-14T16:01:59.603Z -   ✓ Excel chargé: 0 places
2026-03-14T16:01:59.604Z -   ✓ Master JSON: 0 places
2026-03-14T16:01:59.605Z - 
🔄 PT: Traitement...
2026-03-14T16:01:59.618Z -   ✓ Excel chargé: 66 places
2026-03-14T16:01:59.644Z -   ✓ Master JSON: 49 places
2026-03-14T16:01:59.666Z -   ✓ Excel sauvegardé: 66 places
2026-03-14T16:01:59.667Z - 
🔄 PW: Traitement...
2026-03-14T16:01:59.668Z -   ✓ Excel chargé: 0 places
2026-03-14T16:01:59.668Z -   ✓ Master JSON: 0 places
2026-03-14T16:01:59.669Z - 
🔄 PY: Traitement...
2026-03-14T16:01:59.674Z -   ✓ Excel chargé: 4 places
2026-03-14T16:01:59.683Z -   ✓ Master JSON: 4 places
2026-03-14T16:01:59.689Z -   ✓ Excel sauvegardé: 4 places
2026-03-14T16:01:59.690Z - 
🔄 QA: Traitement...
2026-03-14T16:01:59.690Z -   ✓ Excel chargé: 0 places
2026-03-14T16:01:59.690Z -   ✓ Master JSON: 0 places
2026-03-14T16:01:59.691Z - 
🔄 RE: Traitement...
2026-03-14T16:01:59.691Z -   ✓ Excel chargé: 0 places
2026-03-14T16:01:59.692Z -   ✓ Master JSON: 0 places
2026-03-14T16:01:59.692Z - 
🔄 RO: Traitement...
2026-03-14T16:01:59.704Z -   ✓ Excel chargé: 15 places
2026-03-14T16:01:59.730Z -   ✓ Master JSON: 13 places
2026-03-14T16:01:59.743Z -   ✓ Excel sauvegardé: 15 places
2026-03-14T16:01:59.744Z - 
🔄 RS: Traitement...
2026-03-14T16:01:59.750Z -   ✓ Excel chargé: 14 places
2026-03-14T16:01:59.764Z -   ✓ Master JSON: 14 places
2026-03-14T16:01:59.779Z -   ✓ Excel sauvegardé: 14 places
2026-03-14T16:01:59.780Z - 
🔄 RT IMPORTÉS: Traitement...
2026-03-14T16:01:59.781Z -   ✓ Excel chargé: 0 places
2026-03-14T16:01:59.782Z -   ✓ Master JSON: 0 places
2026-03-14T16:01:59.784Z - 
🔄 RU: Traitement...
2026-03-14T16:01:59.785Z -   ✓ Excel chargé: 0 places
2026-03-14T16:01:59.786Z -   ✓ Master JSON: 0 places
2026-03-14T16:01:59.787Z - 
🔄 RW: Traitement...
2026-03-14T16:01:59.788Z -   ✓ Excel chargé: 0 places
2026-03-14T16:01:59.788Z -   ✓ Master JSON: 0 places
2026-03-14T16:01:59.789Z - 
🔄 SA: Traitement...
2026-03-14T16:01:59.789Z -   ✓ Excel chargé: 0 places
2026-03-14T16:01:59.790Z -   ✓ Master JSON: 0 places
2026-03-14T16:01:59.790Z - 
🔄 SB: Traitement...
2026-03-14T16:01:59.791Z -   ✓ Excel chargé: 0 places
2026-03-14T16:01:59.791Z -   ✓ Master JSON: 0 places
2026-03-14T16:01:59.792Z - 
🔄 SC: Traitement...
2026-03-14T16:01:59.792Z -   ✓ Excel chargé: 0 places
2026-03-14T16:01:59.792Z -   ✓ Master JSON: 0 places
2026-03-14T16:01:59.793Z - 
🔄 SD: Traitement...
2026-03-14T16:01:59.793Z -   ✓ Excel chargé: 0 places
2026-03-14T16:01:59.794Z -   ✓ Master JSON: 0 places
2026-03-14T16:01:59.794Z - 
🔄 SE: Traitement...
2026-03-14T16:01:59.800Z -   ✓ Excel chargé: 42 places
2026-03-14T16:01:59.812Z -   ✓ Master JSON: 42 places
2026-03-14T16:01:59.827Z -   ✓ Excel sauvegardé: 42 places
2026-03-14T16:01:59.827Z - 
🔄 SG: Traitement...
2026-03-14T16:01:59.828Z -   ✓ Excel chargé: 0 places
2026-03-14T16:01:59.828Z -   ✓ Master JSON: 0 places
2026-03-14T16:01:59.829Z - 
🔄 SI: Traitement...
2026-03-14T16:01:59.834Z -   ✓ Excel chargé: 9 places
2026-03-14T16:01:59.859Z -   ✓ Master JSON: 9 places
2026-03-14T16:01:59.872Z -   ✓ Excel sauvegardé: 9 places
2026-03-14T16:01:59.873Z - 
🔄 SK: Traitement...
2026-03-14T16:01:59.885Z -   ✓ Excel chargé: 11 places
2026-03-14T16:01:59.901Z -   ✓ Master JSON: 11 places
2026-03-14T16:01:59.912Z -   ✓ Excel sauvegardé: 11 places
2026-03-14T16:01:59.913Z - 
🔄 SL: Traitement...
2026-03-14T16:01:59.914Z -   ✓ Excel chargé: 0 places
2026-03-14T16:01:59.915Z -   ✓ Master JSON: 0 places
2026-03-14T16:01:59.916Z - 
🔄 SM: Traitement...
2026-03-14T16:01:59.916Z -   ✓ Excel chargé: 0 places
2026-03-14T16:01:59.917Z -   ✓ Master JSON: 0 places
2026-03-14T16:01:59.918Z - 
🔄 SN: Traitement...
2026-03-14T16:01:59.923Z -   ✓ Excel chargé: 8 places
2026-03-14T16:01:59.932Z -   ✓ Master JSON: 8 places
2026-03-14T16:01:59.940Z -   ✓ Excel sauvegardé: 8 places
2026-03-14T16:01:59.941Z - 
🔄 SO: Traitement...
2026-03-14T16:01:59.942Z -   ✓ Excel chargé: 0 places
2026-03-14T16:01:59.943Z -   ✓ Master JSON: 0 places
2026-03-14T16:01:59.944Z - 
🔄 SR: Traitement...
2026-03-14T16:01:59.958Z -   ✓ Excel chargé: 10 places
2026-03-14T16:01:59.959Z -   ✓ Master JSON: 0 places
2026-03-14T16:01:59.967Z -   ✓ Excel sauvegardé: 10 places
2026-03-14T16:01:59.968Z - 
🔄 SS: Traitement...
2026-03-14T16:01:59.970Z -   ✓ Excel chargé: 0 places
2026-03-14T16:01:59.971Z -   ✓ Master JSON: 0 places
2026-03-14T16:01:59.972Z - 
🔄 ST: Traitement...
2026-03-14T16:01:59.973Z -   ✓ Excel chargé: 0 places
2026-03-14T16:01:59.975Z -   ✓ Master JSON: 0 places
2026-03-14T16:01:59.976Z - 
🔄 SV: Traitement...
2026-03-14T16:01:59.985Z -   ✓ Excel chargé: 9 places
2026-03-14T16:02:00.001Z -   ✓ Master JSON: 9 places
2026-03-14T16:02:00.026Z -   ✓ Excel sauvegardé: 9 places
2026-03-14T16:02:00.027Z - 
🔄 SY: Traitement...
2026-03-14T16:02:00.029Z -   ✓ Excel chargé: 0 places
2026-03-14T16:02:00.030Z -   ✓ Master JSON: 0 places
2026-03-14T16:02:00.032Z - 
🔄 SZ: Traitement...
2026-03-14T16:02:00.033Z -   ✓ Excel chargé: 0 places
2026-03-14T16:02:00.034Z -   ✓ Master JSON: 0 places
2026-03-14T16:02:00.035Z - 
🔄 TD: Traitement...
2026-03-14T16:02:00.037Z -   ✓ Excel chargé: 0 places
2026-03-14T16:02:00.038Z -   ✓ Master JSON: 0 places
2026-03-14T16:02:00.040Z - 
🔄 TG: Traitement...
2026-03-14T16:02:00.040Z -   ✓ Excel chargé: 0 places
2026-03-14T16:02:00.042Z -   ✓ Master JSON: 0 places
2026-03-14T16:02:00.043Z - 
🔄 TH: Traitement...
2026-03-14T16:02:00.053Z -   ✓ Excel chargé: 24 places
2026-03-14T16:02:00.067Z -   ✓ Master JSON: 24 places
2026-03-14T16:02:00.081Z -   ✓ Excel sauvegardé: 24 places
2026-03-14T16:02:00.083Z - 
🔄 TJ: Traitement...
2026-03-14T16:02:00.084Z -   ✓ Excel chargé: 0 places
2026-03-14T16:02:00.086Z -   ✓ Master JSON: 0 places
2026-03-14T16:02:00.090Z - 
🔄 TL: Traitement...
2026-03-14T16:02:00.091Z -   ✓ Excel chargé: 0 places
2026-03-14T16:02:00.092Z -   ✓ Master JSON: 0 places
2026-03-14T16:02:00.093Z - 
🔄 TM: Traitement...
2026-03-14T16:02:00.100Z -   ✓ Excel chargé: 8 places
2026-03-14T16:02:00.110Z -   ✓ Master JSON: 8 places
2026-03-14T16:02:00.122Z -   ✓ Excel sauvegardé: 8 places
2026-03-14T16:02:00.124Z - 
🔄 TN: Traitement...
2026-03-14T16:02:00.125Z -   ✓ Excel chargé: 0 places
2026-03-14T16:02:00.126Z -   ✓ Master JSON: 0 places
2026-03-14T16:02:00.127Z - 
🔄 TO: Traitement...
2026-03-14T16:02:00.128Z -   ✓ Excel chargé: 0 places
2026-03-14T16:02:00.129Z -   ✓ Master JSON: 0 places
2026-03-14T16:02:00.130Z - 
🔄 TR: Traitement...
2026-03-14T16:02:00.150Z -   ✓ Excel chargé: 61 places
2026-03-14T16:02:00.174Z -   ✓ Master JSON: 60 places
2026-03-14T16:02:00.199Z -   ✓ Excel sauvegardé: 61 places
2026-03-14T16:02:00.200Z - 
🔄 TT: Traitement...
2026-03-14T16:02:00.200Z -   ✓ Excel chargé: 0 places
2026-03-14T16:02:00.201Z -   ✓ Master JSON: 0 places
2026-03-14T16:02:00.201Z - 
🔄 TV: Traitement...
2026-03-14T16:02:00.202Z -   ✓ Excel chargé: 0 places
2026-03-14T16:02:00.202Z -   ✓ Master JSON: 0 places
2026-03-14T16:02:00.203Z - 
🔄 TZ: Traitement...
2026-03-14T16:02:00.209Z -   ✓ Excel chargé: 17 places
2026-03-14T16:02:00.217Z -   ✓ Master JSON: 17 places
2026-03-14T16:02:00.227Z -   ✓ Excel sauvegardé: 17 places
2026-03-14T16:02:00.228Z - 
🔄 UA: Traitement...
2026-03-14T16:02:00.228Z -   ✓ Excel chargé: 0 places
2026-03-14T16:02:00.229Z -   ✓ Master JSON: 0 places
2026-03-14T16:02:00.229Z - 
🔄 UG: Traitement...
2026-03-14T16:02:00.233Z -   ✓ Excel chargé: 0 places
2026-03-14T16:02:00.233Z -   ✓ Master JSON: 0 places
2026-03-14T16:02:00.234Z - 
🔄 US: Traitement...
2026-03-14T16:02:00.326Z -   ✓ Excel chargé: 540 places
2026-03-14T16:02:00.438Z -   ✓ Master JSON: 412 places
2026-03-14T16:02:00.598Z -   ✓ Excel sauvegardé: 540 places
2026-03-14T16:02:00.599Z - 
🔄 UY: Traitement...
2026-03-14T16:02:00.599Z -   ✓ Excel chargé: 0 places
2026-03-14T16:02:00.600Z -   ✓ Master JSON: 0 places
2026-03-14T16:02:00.600Z - 
🔄 UZ: Traitement...
2026-03-14T16:02:00.610Z -   ✓ Excel chargé: 6 places
2026-03-14T16:02:00.617Z -   ✓ Master JSON: 6 places
2026-03-14T16:02:00.623Z -   ✓ Excel sauvegardé: 6 places
2026-03-14T16:02:00.624Z - 
🔄 VA: Traitement...
2026-03-14T16:02:00.624Z -   ✓ Excel chargé: 0 places
2026-03-14T16:02:00.625Z -   ✓ Master JSON: 0 places
2026-03-14T16:02:00.626Z - 
🔄 VC: Traitement...
2026-03-14T16:02:00.626Z -   ✓ Excel chargé: 0 places
2026-03-14T16:02:00.626Z -   ✓ Master JSON: 0 places
2026-03-14T16:02:00.627Z - 
🔄 VE: Traitement...
2026-03-14T16:02:00.628Z -   ✓ Excel chargé: 0 places
2026-03-14T16:02:00.628Z -   ✓ Master JSON: 0 places
2026-03-14T16:02:00.629Z - 
🔄 VN: Traitement...
2026-03-14T16:02:00.634Z -   ✓ Excel chargé: 27 places
2026-03-14T16:02:00.655Z -   ✓ Master JSON: 26 places
2026-03-14T16:02:00.669Z -   ✓ Excel sauvegardé: 27 places
2026-03-14T16:02:00.670Z - 
🔄 VU: Traitement...
2026-03-14T16:02:00.671Z -   ✓ Excel chargé: 0 places
2026-03-14T16:02:00.672Z -   ✓ Master JSON: 0 places
2026-03-14T16:02:00.673Z - 
🔄 WF: Traitement...
2026-03-14T16:02:00.673Z -   ✓ Excel chargé: 0 places
2026-03-14T16:02:00.674Z -   ✓ Master JSON: 0 places
2026-03-14T16:02:00.674Z - 
🔄 WS: Traitement...
2026-03-14T16:02:00.675Z -   ✓ Excel chargé: 0 places
2026-03-14T16:02:00.675Z -   ✓ Master JSON: 0 places
2026-03-14T16:02:00.675Z - 
🔄 XX: Traitement...
2026-03-14T16:02:00.676Z -   ✓ Excel chargé: 0 places
2026-03-14T16:02:00.678Z -   ✓ Master JSON: 0 places
2026-03-14T16:02:00.678Z - 
🔄 YE: Traitement...
2026-03-14T16:02:00.679Z -   ✓ Excel chargé: 0 places
2026-03-14T16:02:00.679Z -   ✓ Master JSON: 0 places
2026-03-14T16:02:00.680Z - 
🔄 YT: Traitement...
2026-03-14T16:02:00.686Z -   ✓ Excel chargé: 5 places
2026-03-14T16:02:00.696Z -   ✓ Master JSON: 5 places
2026-03-14T16:02:00.702Z -   ✓ Excel sauvegardé: 5 places
2026-03-14T16:02:00.703Z - 
🔄 ZA: Traitement...
2026-03-14T16:02:00.716Z -   ✓ Excel chargé: 114 places
2026-03-14T16:02:00.736Z -   ✓ Master JSON: 85 places
2026-03-14T16:02:00.772Z -   ✓ Excel sauvegardé: 114 places
2026-03-14T16:02:00.777Z - 
🔄 ZM: Traitement...
2026-03-14T16:02:00.778Z -   ✓ Excel chargé: 0 places
2026-03-14T16:02:00.779Z -   ✓ Master JSON: 0 places
2026-03-14T16:02:00.780Z - 
🔄 ZW: Traitement...
2026-03-14T16:02:00.780Z -   ✓ Excel chargé: 0 places
2026-03-14T16:02:00.781Z -   ✓ Master JSON: 0 places
2026-03-14T16:02:00.781Z - 
🔄 _TR_CACHE: Traitement...
2026-03-14T16:02:00.789Z -   ✓ Excel chargé: 0 places
2026-03-14T16:02:00.790Z -   ✓ Master JSON: 0 places
