2026-03-16T18:46:24.480Z - 
============================================================
2026-03-16T18:46:24.485Z - 🔄 MODE UPDATE - 16/03/2026 19:46:24
2026-03-16T18:46:24.485Z - ============================================================
2026-03-16T18:46:24.634Z - 
🔄 AD: Traitement...
2026-03-16T18:46:24.683Z -   ✓ Excel chargé: 0 places
2026-03-16T18:46:24.684Z -   ✓ Master JSON: 0 places
2026-03-16T18:46:24.685Z - 
🔄 AE: Traitement...
2026-03-16T18:46:24.704Z -   ✓ Excel chargé: 8 places
2026-03-16T18:46:24.716Z -   ✓ Master JSON: 8 places
2026-03-16T18:46:24.716Z -   ✓ 1 nouvelles places ajoutées
2026-03-16T18:46:29.759Z -   ✓ Excel sauvegardé: 9 places
2026-03-16T18:46:29.760Z - 
🔄 AF: Traitement...
2026-03-16T18:46:29.773Z -   ✓ Excel chargé: 0 places
2026-03-16T18:46:29.774Z -   ✓ Master JSON: 0 places
2026-03-16T18:46:29.775Z - 
🔄 AG: Traitement...
2026-03-16T18:46:29.787Z -   ✓ Excel chargé: 0 places
2026-03-16T18:46:29.788Z -   ✓ Master JSON: 0 places
2026-03-16T18:46:29.789Z - 
🔄 AI: Traitement...
2026-03-16T18:46:29.790Z -   ✓ Excel chargé: 0 places
2026-03-16T18:46:29.791Z -   ✓ Master JSON: 0 places
2026-03-16T18:46:29.792Z - 
🔄 AL: Traitement...
2026-03-16T18:46:29.805Z -   ✓ Excel chargé: 12 places
2026-03-16T18:46:29.819Z -   ✓ Master JSON: 12 places
2026-03-16T18:46:29.838Z -   ✓ Excel sauvegardé: 12 places
2026-03-16T18:46:29.839Z - 
🔄 AM: Traitement...
2026-03-16T18:46:29.853Z -   ✓ Excel chargé: 8 places
2026-03-16T18:46:29.854Z -   ✓ Master JSON: 0 places
2026-03-16T18:46:29.867Z -   ✓ Excel sauvegardé: 8 places
2026-03-16T18:46:29.868Z - 
🔄 AO: Traitement...
2026-03-16T18:46:29.875Z -   ✓ Excel chargé: 0 places
2026-03-16T18:46:29.876Z -   ✓ Master JSON: 0 places
2026-03-16T18:46:29.876Z - 
🔄 AR: Traitement...
2026-03-16T18:46:29.906Z -   ✓ Excel chargé: 46 places
2026-03-16T18:46:29.933Z -   ✓ Master JSON: 23 places
2026-03-16T18:46:29.966Z -   ✓ Excel sauvegardé: 46 places
2026-03-16T18:46:29.967Z - 
🔄 AS: Traitement...
2026-03-16T18:46:29.968Z -   ✓ Excel chargé: 0 places
2026-03-16T18:46:29.969Z -   ✓ Master JSON: 0 places
2026-03-16T18:46:29.969Z - 
🔄 AT: Traitement...
2026-03-16T18:46:29.990Z -   ✓ Excel chargé: 45 places
2026-03-16T18:46:30.011Z -   ✓ Master JSON: 43 places
2026-03-16T18:46:30.011Z -   ✓ 3 nouvelles places ajoutées
2026-03-16T18:46:40.476Z -   ✓ Excel sauvegardé: 48 places
2026-03-16T18:46:40.477Z - 
🔄 AU: Traitement...
2026-03-16T18:46:40.501Z -   ✓ Excel chargé: 74 places
2026-03-16T18:46:40.524Z -   ✓ Master JSON: 42 places
2026-03-16T18:46:40.524Z -   ✓ 5 nouvelles places ajoutées
2026-03-16T18:47:15.067Z -   ✓ Excel sauvegardé: 79 places
2026-03-16T18:47:15.069Z - 
🔄 AW: Traitement...
2026-03-16T18:47:15.091Z -   ✓ Excel chargé: 0 places
2026-03-16T18:47:15.096Z -   ✓ Master JSON: 0 places
2026-03-16T18:47:15.097Z - 
🔄 AZ: Traitement...
2026-03-16T18:47:15.107Z -   ✓ Excel chargé: 0 places
2026-03-16T18:47:15.108Z -   ✓ Master JSON: 0 places
2026-03-16T18:47:15.109Z - 
🔄 BA: Traitement...
2026-03-16T18:47:15.123Z -   ✓ Excel chargé: 15 places
2026-03-16T18:47:15.137Z -   ✓ Master JSON: 15 places
2026-03-16T18:47:15.148Z -   ✓ Excel sauvegardé: 15 places
2026-03-16T18:47:15.149Z - 
🔄 BB: Traitement...
2026-03-16T18:47:15.156Z -   ✓ Excel chargé: 6 places
2026-03-16T18:47:15.168Z -   ✓ Master JSON: 6 places
2026-03-16T18:47:15.176Z -   ✓ Excel sauvegardé: 6 places
2026-03-16T18:47:15.180Z - 
🔄 BD: Traitement...
2026-03-16T18:47:15.201Z -   ✓ Excel chargé: 16 places
2026-03-16T18:47:15.218Z -   ✓ Master JSON: 13 places
2026-03-16T18:47:15.242Z -   ✓ Excel sauvegardé: 16 places
2026-03-16T18:47:15.243Z - 
🔄 BE: Traitement...
2026-03-16T18:47:15.263Z -   ✓ Excel chargé: 24 places
2026-03-16T18:47:15.282Z -   ✓ Master JSON: 23 places
2026-03-16T18:47:15.311Z -   ✓ Excel sauvegardé: 24 places
2026-03-16T18:47:15.312Z - 
🔄 BF: Traitement...
2026-03-16T18:47:15.326Z -   ✓ Excel chargé: 0 places
2026-03-16T18:47:15.327Z -   ✓ Master JSON: 0 places
2026-03-16T18:47:15.328Z - 
🔄 BG: Traitement...
2026-03-16T18:47:15.336Z -   ✓ Excel chargé: 29 places
2026-03-16T18:47:15.348Z -   ✓ Master JSON: 21 places
2026-03-16T18:47:15.361Z -   ✓ Excel sauvegardé: 29 places
2026-03-16T18:47:15.362Z - 
🔄 BH: Traitement...
2026-03-16T18:47:15.367Z -   ✓ Excel chargé: 0 places
2026-03-16T18:47:15.368Z -   ✓ Master JSON: 0 places
2026-03-16T18:47:15.369Z - 
🔄 BI: Traitement...
2026-03-16T18:47:15.374Z -   ✓ Excel chargé: 0 places
2026-03-16T18:47:15.375Z -   ✓ Master JSON: 0 places
2026-03-16T18:47:15.375Z - 
🔄 BJ: Traitement...
2026-03-16T18:47:15.384Z -   ✓ Excel chargé: 0 places
2026-03-16T18:47:15.385Z -   ✓ Master JSON: 0 places
2026-03-16T18:47:15.387Z - 
🔄 BL: Traitement...
2026-03-16T18:47:15.400Z -   ✓ Excel chargé: 8 places
2026-03-16T18:47:15.405Z -   ✓ Master JSON: 8 places
2026-03-16T18:47:15.414Z -   ✓ Excel sauvegardé: 8 places
2026-03-16T18:47:15.415Z - 
🔄 BM: Traitement...
2026-03-16T18:47:15.423Z -   ✓ Excel chargé: 0 places
2026-03-16T18:47:15.424Z -   ✓ Master JSON: 0 places
2026-03-16T18:47:15.424Z - 
🔄 BN: Traitement...
2026-03-16T18:47:15.432Z -   ✓ Excel chargé: 0 places
2026-03-16T18:47:15.433Z -   ✓ Master JSON: 0 places
2026-03-16T18:47:15.434Z - 
🔄 BO: Traitement...
2026-03-16T18:47:15.449Z -   ✓ Excel chargé: 17 places
2026-03-16T18:47:15.469Z -   ✓ Master JSON: 17 places
2026-03-16T18:47:15.469Z -   ✓ 2 nouvelles places ajoutées
2026-03-16T18:47:31.018Z -   ✓ Excel sauvegardé: 19 places
2026-03-16T18:47:31.019Z - 
🔄 BQ: Traitement...
2026-03-16T18:47:31.022Z -   ✓ Excel chargé: 0 places
2026-03-16T18:47:31.023Z -   ✓ Master JSON: 0 places
2026-03-16T18:47:31.024Z - 
🔄 BR: Traitement...
2026-03-16T18:47:31.040Z -   ✓ Excel chargé: 55 places
2026-03-16T18:47:31.064Z -   ✓ Master JSON: 49 places
2026-03-16T18:47:31.089Z -   ✓ Excel sauvegardé: 55 places
2026-03-16T18:47:31.090Z - 
🔄 BS: Traitement...
2026-03-16T18:47:31.097Z -   ✓ Excel chargé: 9 places
2026-03-16T18:47:31.106Z -   ✓ Master JSON: 9 places
2026-03-16T18:47:31.106Z -   ✓ 1 nouvelles places ajoutées
2026-03-16T18:47:35.065Z -   ✓ Excel sauvegardé: 10 places
2026-03-16T18:47:35.067Z - 
🔄 BT: Traitement...
2026-03-16T18:47:35.084Z -   ✓ Excel chargé: 0 places
2026-03-16T18:47:35.085Z -   ✓ Master JSON: 0 places
2026-03-16T18:47:35.086Z - 
🔄 BW: Traitement...
2026-03-16T18:47:35.099Z -   ✓ Excel chargé: 16 places
2026-03-16T18:47:35.117Z -   ✓ Master JSON: 15 places
2026-03-16T18:47:35.118Z -   ✓ 1 nouvelles places ajoutées
2026-03-16T18:47:37.274Z -   ✓ Excel sauvegardé: 17 places
2026-03-16T18:47:37.276Z - 
🔄 BY: Traitement...
2026-03-16T18:47:37.294Z -   ✓ Excel chargé: 0 places
2026-03-16T18:47:37.295Z -   ✓ Master JSON: 0 places
2026-03-16T18:47:37.297Z - 
🔄 BZ: Traitement...
2026-03-16T18:47:37.308Z -   ✓ Excel chargé: 6 places
2026-03-16T18:47:37.327Z -   ✓ Master JSON: 6 places
2026-03-16T18:47:37.347Z -   ✓ Excel sauvegardé: 6 places
2026-03-16T18:47:37.349Z - 
🔄 CA: Traitement...
2026-03-16T18:47:37.368Z -   ✓ Excel chargé: 60 places
2026-03-16T18:47:37.386Z -   ✓ Master JSON: 54 places
2026-03-16T18:47:37.386Z -   ✓ 4 nouvelles places ajoutées
2026-03-16T18:48:13.598Z -   ✓ Excel sauvegardé: 64 places
2026-03-16T18:48:13.599Z - 
🔄 CD: Traitement...
2026-03-16T18:48:13.611Z -   ✓ Excel chargé: 0 places
2026-03-16T18:48:13.613Z -   ✓ Master JSON: 0 places
2026-03-16T18:48:13.614Z - 
🔄 CF: Traitement...
2026-03-16T18:48:13.622Z -   ✓ Excel chargé: 0 places
2026-03-16T18:48:13.623Z -   ✓ Master JSON: 0 places
2026-03-16T18:48:13.624Z - 
🔄 CG: Traitement...
2026-03-16T18:48:13.631Z -   ✓ Excel chargé: 0 places
2026-03-16T18:48:13.632Z -   ✓ Master JSON: 0 places
2026-03-16T18:48:13.634Z - 
🔄 CH: Traitement...
2026-03-16T18:48:13.647Z -   ✓ Excel chargé: 56 places
2026-03-16T18:48:13.668Z -   ✓ Master JSON: 56 places
2026-03-16T18:48:13.668Z -   ✓ 1 nouvelles places ajoutées
2026-03-16T18:48:25.547Z -   ✓ Excel sauvegardé: 57 places
2026-03-16T18:48:25.549Z - 
🔄 CI: Traitement...
2026-03-16T18:48:25.564Z -   ✓ Excel chargé: 0 places
2026-03-16T18:48:25.566Z -   ✓ Master JSON: 0 places
2026-03-16T18:48:25.568Z - 
🔄 CK: Traitement...
2026-03-16T18:48:25.569Z -   ✓ Excel chargé: 0 places
2026-03-16T18:48:25.571Z -   ✓ Master JSON: 0 places
2026-03-16T18:48:25.573Z - 
🔄 CL: Traitement...
2026-03-16T18:48:25.587Z -   ✓ Excel chargé: 7 places
2026-03-16T18:48:25.610Z -   ✓ Master JSON: 7 places
2026-03-16T18:48:25.628Z -   ✓ Excel sauvegardé: 7 places
2026-03-16T18:48:25.629Z - 
🔄 CM: Traitement...
2026-03-16T18:48:25.640Z -   ✓ Excel chargé: 0 places
2026-03-16T18:48:25.643Z -   ✓ Master JSON: 0 places
2026-03-16T18:48:25.647Z - 
🔄 CN: Traitement...
2026-03-16T18:48:25.666Z -   ✓ Excel chargé: 59 places
2026-03-16T18:48:25.685Z -   ✓ Master JSON: 56 places
2026-03-16T18:48:25.686Z -   ✓ 1 nouvelles places ajoutées
2026-03-16T18:48:31.194Z -   ✓ Excel sauvegardé: 60 places
2026-03-16T18:48:31.196Z - 
🔄 CO: Traitement...
2026-03-16T18:48:31.209Z -   ✓ Excel chargé: 12 places
2026-03-16T18:48:31.230Z -   ✓ Master JSON: 12 places
2026-03-16T18:48:31.230Z -   ✓ 1 nouvelles places ajoutées
2026-03-16T18:48:36.688Z -   ✓ Excel sauvegardé: 13 places
2026-03-16T18:48:36.690Z - 
🔄 CR: Traitement...
2026-03-16T18:48:36.709Z -   ✓ Excel chargé: 8 places
2026-03-16T18:48:36.731Z -   ✓ Master JSON: 8 places
2026-03-16T18:48:36.731Z -   ✓ 1 nouvelles places ajoutées
2026-03-16T18:48:44.992Z -   ✓ Excel sauvegardé: 9 places
2026-03-16T18:48:44.993Z - 
🔄 CU: Traitement...
2026-03-16T18:48:45.008Z -   ✓ Excel chargé: 12 places
2026-03-16T18:48:45.032Z -   ✓ Master JSON: 12 places
2026-03-16T18:48:45.056Z -   ✓ Excel sauvegardé: 12 places
2026-03-16T18:48:45.058Z - 
🔄 CV: Traitement...
2026-03-16T18:48:45.072Z -   ✓ Excel chargé: 0 places
2026-03-16T18:48:45.075Z -   ✓ Master JSON: 0 places
2026-03-16T18:48:45.076Z - 
🔄 CY: Traitement...
2026-03-16T18:48:45.082Z -   ✓ Excel chargé: 0 places
2026-03-16T18:48:45.083Z -   ✓ Master JSON: 0 places
2026-03-16T18:48:45.084Z - 
🔄 CZ: Traitement...
2026-03-16T18:48:45.092Z -   ✓ Excel chargé: 19 places
2026-03-16T18:48:45.101Z -   ✓ Master JSON: 19 places
2026-03-16T18:48:45.101Z -   ✓ 1 nouvelles places ajoutées
2026-03-16T18:48:47.305Z -   ✓ Excel sauvegardé: 20 places
2026-03-16T18:48:47.307Z - 
🔄 DE: Traitement...
2026-03-16T18:48:47.340Z -   ✓ Excel chargé: 112 places
2026-03-16T18:48:47.369Z -   ✓ Master JSON: 111 places
2026-03-16T18:48:47.370Z -   ✓ 2 nouvelles places ajoutées
2026-03-16T18:49:09.713Z -   ✓ Excel sauvegardé: 114 places
2026-03-16T18:49:09.714Z - 
🔄 DJ: Traitement...
2026-03-16T18:49:09.715Z -   ✓ Excel chargé: 0 places
2026-03-16T18:49:09.717Z -   ✓ Master JSON: 0 places
2026-03-16T18:49:09.718Z - 
🔄 DK: Traitement...
2026-03-16T18:49:09.730Z -   ✓ Excel chargé: 14 places
2026-03-16T18:49:09.749Z -   ✓ Master JSON: 14 places
2026-03-16T18:49:09.749Z -   ✓ 1 nouvelles places ajoutées
2026-03-16T18:49:12.005Z -   ✓ Excel sauvegardé: 15 places
2026-03-16T18:49:12.007Z - 
🔄 DM: Traitement...
2026-03-16T18:49:12.009Z -   ✓ Excel chargé: 0 places
2026-03-16T18:49:12.011Z -   ✓ Master JSON: 0 places
2026-03-16T18:49:12.013Z - 
🔄 DO: Traitement...
2026-03-16T18:49:12.028Z -   ✓ Excel chargé: 15 places
2026-03-16T18:49:12.052Z -   ✓ Master JSON: 15 places
2026-03-16T18:49:12.078Z -   ✓ Excel sauvegardé: 15 places
2026-03-16T18:49:12.080Z - 
🔄 DZ: Traitement...
2026-03-16T18:49:12.081Z -   ✓ Excel chargé: 0 places
2026-03-16T18:49:12.082Z -   ✓ Master JSON: 0 places
2026-03-16T18:49:12.084Z - 
🔄 EA: Traitement...
2026-03-16T18:49:12.098Z -   ✓ Excel chargé: 23 places
2026-03-16T18:49:12.107Z -   ✓ Master JSON: 23 places
2026-03-16T18:49:12.119Z -   ✓ Excel sauvegardé: 23 places
2026-03-16T18:49:12.119Z - 
🔄 EC: Traitement...
2026-03-16T18:49:12.126Z -   ✓ Excel chargé: 13 places
2026-03-16T18:49:12.135Z -   ✓ Master JSON: 13 places
2026-03-16T18:49:12.143Z -   ✓ Excel sauvegardé: 13 places
2026-03-16T18:49:12.143Z - 
🔄 EE: Traitement...
2026-03-16T18:49:12.144Z -   ✓ Excel chargé: 0 places
2026-03-16T18:49:12.145Z -   ✓ Master JSON: 0 places
2026-03-16T18:49:12.147Z - 
🔄 EG: Traitement...
2026-03-16T18:49:12.161Z -   ✓ Excel chargé: 17 places
2026-03-16T18:49:12.172Z -   ✓ Master JSON: 17 places
2026-03-16T18:49:12.182Z -   ✓ Excel sauvegardé: 17 places
2026-03-16T18:49:12.183Z - 
🔄 ER: Traitement...
2026-03-16T18:49:12.183Z -   ✓ Excel chargé: 0 places
2026-03-16T18:49:12.184Z -   ✓ Master JSON: 0 places
2026-03-16T18:49:12.184Z - 
🔄 ES: Traitement...
2026-03-16T18:49:12.205Z -   ✓ Excel chargé: 202 places
2026-03-16T18:49:12.235Z -   ✓ Master JSON: 182 places
2026-03-16T18:49:12.235Z -   ✓ 2 nouvelles places ajoutées
2026-03-16T18:49:32.708Z -   ✓ Excel sauvegardé: 204 places
2026-03-16T18:49:32.710Z - 
🔄 ET: Traitement...
2026-03-16T18:49:32.711Z -   ✓ Excel chargé: 0 places
2026-03-16T18:49:32.711Z -   ✓ Master JSON: 0 places
2026-03-16T18:49:32.713Z - 
🔄 FI: Traitement...
2026-03-16T18:49:32.724Z -   ✓ Excel chargé: 9 places
2026-03-16T18:49:32.739Z -   ✓ Master JSON: 9 places
2026-03-16T18:49:32.739Z -   ✓ 1 nouvelles places ajoutées
2026-03-16T18:49:40.187Z -   ✓ Excel sauvegardé: 10 places
2026-03-16T18:49:40.189Z - 
🔄 FJ: Traitement...
2026-03-16T18:49:40.191Z -   ✓ Excel chargé: 0 places
2026-03-16T18:49:40.193Z -   ✓ Master JSON: 0 places
2026-03-16T18:49:40.195Z - 
🔄 FM: Traitement...
2026-03-16T18:49:40.197Z -   ✓ Excel chargé: 0 places
2026-03-16T18:49:40.198Z -   ✓ Master JSON: 0 places
2026-03-16T18:49:40.200Z - 
🔄 FR: Traitement...
2026-03-16T18:49:40.348Z -   ✓ Excel chargé: 1276 places
2026-03-16T18:49:40.498Z -   ✓ Master JSON: 1176 places
2026-03-16T18:49:40.498Z -   ✓ 28 nouvelles places ajoutées
2026-03-16T18:54:27.450Z -   ✓ Excel sauvegardé: 1304 places
2026-03-16T18:54:27.452Z - 
🔄 GA: Traitement...
2026-03-16T18:54:27.453Z -   ✓ Excel chargé: 0 places
2026-03-16T18:54:27.454Z -   ✓ Master JSON: 0 places
2026-03-16T18:54:27.455Z - 
🔄 GB: Traitement...
2026-03-16T18:54:27.515Z -   ✓ Excel chargé: 173 places
2026-03-16T18:54:27.545Z -   ✓ Master JSON: 170 places
2026-03-16T18:54:27.546Z -   ✓ 2 nouvelles places ajoutées
2026-03-16T18:54:44.845Z -   ✓ Excel sauvegardé: 175 places
2026-03-16T18:54:44.847Z - 
🔄 GD: Traitement...
2026-03-16T18:54:44.848Z -   ✓ Excel chargé: 0 places
2026-03-16T18:54:44.850Z -   ✓ Master JSON: 0 places
2026-03-16T18:54:44.851Z - 
🔄 GE: Traitement...
2026-03-16T18:54:44.863Z -   ✓ Excel chargé: 19 places
2026-03-16T18:54:44.878Z -   ✓ Master JSON: 19 places
2026-03-16T18:54:44.890Z -   ✓ Excel sauvegardé: 19 places
2026-03-16T18:54:44.891Z - 
🔄 GF: Traitement...
2026-03-16T18:54:44.897Z -   ✓ Excel chargé: 5 places
2026-03-16T18:54:44.906Z -   ✓ Master JSON: 5 places
2026-03-16T18:54:44.913Z -   ✓ Excel sauvegardé: 5 places
2026-03-16T18:54:44.913Z - 
🔄 GH: Traitement...
2026-03-16T18:54:44.914Z -   ✓ Excel chargé: 0 places
2026-03-16T18:54:44.914Z -   ✓ Master JSON: 0 places
2026-03-16T18:54:44.915Z - 
🔄 GM: Traitement...
2026-03-16T18:54:44.916Z -   ✓ Excel chargé: 0 places
2026-03-16T18:54:44.916Z -   ✓ Master JSON: 0 places
2026-03-16T18:54:44.917Z - 
🔄 GN: Traitement...
2026-03-16T18:54:44.918Z -   ✓ Excel chargé: 0 places
2026-03-16T18:54:44.919Z -   ✓ Master JSON: 0 places
2026-03-16T18:54:44.920Z - 
🔄 GP: Traitement...
2026-03-16T18:54:44.934Z -   ✓ Excel chargé: 8 places
2026-03-16T18:54:44.944Z -   ✓ Master JSON: 8 places
2026-03-16T18:54:44.952Z -   ✓ Excel sauvegardé: 8 places
2026-03-16T18:54:44.953Z - 
🔄 GQ: Traitement...
2026-03-16T18:54:44.953Z -   ✓ Excel chargé: 0 places
2026-03-16T18:54:44.954Z -   ✓ Master JSON: 0 places
2026-03-16T18:54:44.955Z - 
🔄 GR: Traitement...
2026-03-16T18:54:44.967Z -   ✓ Excel chargé: 105 places
2026-03-16T18:54:44.990Z -   ✓ Master JSON: 104 places
2026-03-16T18:54:45.023Z -   ✓ Excel sauvegardé: 105 places
2026-03-16T18:54:45.024Z - 
🔄 GT: Traitement...
2026-03-16T18:54:45.036Z -   ✓ Excel chargé: 6 places
2026-03-16T18:54:45.044Z -   ✓ Master JSON: 6 places
2026-03-16T18:54:45.053Z -   ✓ Excel sauvegardé: 6 places
2026-03-16T18:54:45.054Z - 
🔄 GW: Traitement...
2026-03-16T18:54:45.054Z -   ✓ Excel chargé: 0 places
2026-03-16T18:54:45.055Z -   ✓ Master JSON: 0 places
2026-03-16T18:54:45.056Z - 
🔄 GY: Traitement...
2026-03-16T18:54:45.056Z -   ✓ Excel chargé: 0 places
2026-03-16T18:54:45.056Z -   ✓ Master JSON: 0 places
2026-03-16T18:54:45.057Z - 
🔄 HN: Traitement...
2026-03-16T18:54:45.057Z -   ✓ Excel chargé: 0 places
2026-03-16T18:54:45.058Z -   ✓ Master JSON: 0 places
2026-03-16T18:54:45.058Z - 
🔄 HR: Traitement...
2026-03-16T18:54:45.068Z -   ✓ Excel chargé: 87 places
2026-03-16T18:54:45.088Z -   ✓ Master JSON: 70 places
2026-03-16T18:54:45.114Z -   ✓ Excel sauvegardé: 87 places
2026-03-16T18:54:45.115Z - 
🔄 HT: Traitement...
2026-03-16T18:54:45.115Z -   ✓ Excel chargé: 0 places
2026-03-16T18:54:45.115Z -   ✓ Master JSON: 0 places
2026-03-16T18:54:45.116Z - 
🔄 HU: Traitement...
2026-03-16T18:54:45.129Z -   ✓ Excel chargé: 34 places
2026-03-16T18:54:45.147Z -   ✓ Master JSON: 34 places
2026-03-16T18:54:45.160Z -   ✓ Excel sauvegardé: 34 places
2026-03-16T18:54:45.161Z - 
🔄 ID: Traitement...
2026-03-16T18:54:45.170Z -   ✓ Excel chargé: 72 places
2026-03-16T18:54:45.184Z -   ✓ Master JSON: 72 places
2026-03-16T18:54:45.185Z -   ✓ 3 nouvelles places ajoutées
2026-03-16T18:55:11.634Z -   ✓ Excel sauvegardé: 75 places
2026-03-16T18:55:11.635Z - 
🔄 IE: Traitement...
2026-03-16T18:55:11.649Z -   ✓ Excel chargé: 31 places
2026-03-16T18:55:11.666Z -   ✓ Master JSON: 31 places
2026-03-16T18:55:11.683Z -   ✓ Excel sauvegardé: 31 places
2026-03-16T18:55:11.684Z - 
🔄 IL: Traitement...
2026-03-16T18:55:11.690Z -   ✓ Excel chargé: 12 places
2026-03-16T18:55:11.698Z -   ✓ Master JSON: 12 places
2026-03-16T18:55:11.705Z -   ✓ Excel sauvegardé: 12 places
2026-03-16T18:55:11.706Z - 
🔄 IN: Traitement...
2026-03-16T18:55:11.716Z -   ✓ Excel chargé: 56 places
2026-03-16T18:55:11.730Z -   ✓ Master JSON: 56 places
2026-03-16T18:55:11.748Z -   ✓ Excel sauvegardé: 56 places
2026-03-16T18:55:11.749Z - 
🔄 IQ: Traitement...
2026-03-16T18:55:11.749Z -   ✓ Excel chargé: 0 places
2026-03-16T18:55:11.750Z -   ✓ Master JSON: 0 places
2026-03-16T18:55:11.750Z - 
🔄 IR: Traitement...
2026-03-16T18:55:11.751Z -   ✓ Excel chargé: 0 places
2026-03-16T18:55:11.751Z -   ✓ Master JSON: 0 places
2026-03-16T18:55:11.752Z - 
🔄 IS: Traitement...
2026-03-16T18:55:11.758Z -   ✓ Excel chargé: 11 places
2026-03-16T18:55:11.765Z -   ✓ Master JSON: 11 places
2026-03-16T18:55:11.772Z -   ✓ Excel sauvegardé: 11 places
2026-03-16T18:55:11.773Z - 
🔄 IT: Traitement...
2026-03-16T18:55:11.827Z -   ✓ Excel chargé: 600 places
2026-03-16T18:55:11.908Z -   ✓ Master JSON: 506 places
2026-03-16T18:55:11.908Z -   ✓ 2 nouvelles places ajoutées
2026-03-16T18:55:31.056Z -   ✓ Excel sauvegardé: 602 places
2026-03-16T18:55:31.057Z - 
🔄 JM: Traitement...
2026-03-16T18:55:31.058Z -   ✓ Excel chargé: 0 places
2026-03-16T18:55:31.059Z -   ✓ Master JSON: 0 places
2026-03-16T18:55:31.060Z - 
🔄 JO: Traitement...
2026-03-16T18:55:31.072Z -   ✓ Excel chargé: 7 places
2026-03-16T18:55:31.079Z -   ✓ Master JSON: 7 places
2026-03-16T18:55:31.080Z -   ✓ 1 nouvelles places ajoutées
2026-03-16T18:55:35.192Z -   ✓ Excel sauvegardé: 8 places
2026-03-16T18:55:35.194Z - 
🔄 JP: Traitement...
2026-03-16T18:55:35.218Z -   ✓ Excel chargé: 113 places
2026-03-16T18:55:35.260Z -   ✓ Master JSON: 113 places
2026-03-16T18:55:35.296Z -   ✓ Excel sauvegardé: 113 places
2026-03-16T18:55:35.297Z - 
🔄 KE: Traitement...
2026-03-16T18:55:35.297Z -   ✓ Excel chargé: 0 places
2026-03-16T18:55:35.298Z -   ✓ Master JSON: 0 places
2026-03-16T18:55:35.299Z - 
🔄 KG: Traitement...
2026-03-16T18:55:35.299Z -   ✓ Excel chargé: 0 places
2026-03-16T18:55:35.300Z -   ✓ Master JSON: 0 places
2026-03-16T18:55:35.301Z - 
🔄 KH: Traitement...
2026-03-16T18:55:35.307Z -   ✓ Excel chargé: 9 places
2026-03-16T18:55:35.323Z -   ✓ Master JSON: 8 places
2026-03-16T18:55:35.323Z -   ✓ 1 nouvelles places ajoutées
2026-03-16T18:55:37.547Z -   ✓ Excel sauvegardé: 10 places
2026-03-16T18:55:37.548Z - 
🔄 KI: Traitement...
2026-03-16T18:55:37.549Z -   ✓ Excel chargé: 0 places
2026-03-16T18:55:37.551Z -   ✓ Master JSON: 0 places
2026-03-16T18:55:37.552Z - 
🔄 KM: Traitement...
2026-03-16T18:55:37.552Z -   ✓ Excel chargé: 0 places
2026-03-16T18:55:37.553Z -   ✓ Master JSON: 0 places
2026-03-16T18:55:37.554Z - 
🔄 KN: Traitement...
2026-03-16T18:55:37.556Z -   ✓ Excel chargé: 0 places
2026-03-16T18:55:37.556Z -   ✓ Master JSON: 0 places
2026-03-16T18:55:37.558Z - 
🔄 KP: Traitement...
2026-03-16T18:55:37.558Z -   ✓ Excel chargé: 0 places
2026-03-16T18:55:37.559Z -   ✓ Master JSON: 0 places
2026-03-16T18:55:37.559Z - 
🔄 KR: Traitement...
2026-03-16T18:55:37.566Z -   ✓ Excel chargé: 5 places
2026-03-16T18:55:37.574Z -   ✓ Master JSON: 5 places
2026-03-16T18:55:37.581Z -   ✓ Excel sauvegardé: 5 places
2026-03-16T18:55:37.582Z - 
🔄 KW: Traitement...
2026-03-16T18:55:37.582Z -   ✓ Excel chargé: 0 places
2026-03-16T18:55:37.582Z -   ✓ Master JSON: 0 places
2026-03-16T18:55:37.583Z - 
🔄 KZ: Traitement...
2026-03-16T18:55:37.589Z -   ✓ Excel chargé: 19 places
2026-03-16T18:55:37.596Z -   ✓ Master JSON: 19 places
2026-03-16T18:55:37.604Z -   ✓ Excel sauvegardé: 19 places
2026-03-16T18:55:37.605Z - 
🔄 LA: Traitement...
2026-03-16T18:55:37.615Z -   ✓ Excel chargé: 41 places
2026-03-16T18:55:37.632Z -   ✓ Master JSON: 21 places
2026-03-16T18:55:37.632Z -   ✓ 4 nouvelles places ajoutées
2026-03-16T18:55:57.689Z -   ✓ Excel sauvegardé: 45 places
2026-03-16T18:55:57.691Z - 
🔄 LB: Traitement...
2026-03-16T18:55:57.693Z -   ✓ Excel chargé: 0 places
2026-03-16T18:55:57.694Z -   ✓ Master JSON: 0 places
2026-03-16T18:55:57.696Z - 
🔄 LC: Traitement...
2026-03-16T18:55:57.697Z -   ✓ Excel chargé: 0 places
2026-03-16T18:55:57.698Z -   ✓ Master JSON: 0 places
2026-03-16T18:55:57.700Z - 
🔄 LI: Traitement...
2026-03-16T18:55:57.702Z -   ✓ Excel chargé: 0 places
2026-03-16T18:55:57.703Z -   ✓ Master JSON: 0 places
2026-03-16T18:55:57.705Z - 
🔄 LK: Traitement...
2026-03-16T18:55:57.723Z -   ✓ Excel chargé: 34 places
2026-03-16T18:55:57.747Z -   ✓ Master JSON: 34 places
2026-03-16T18:55:57.747Z -   ✓ 1 nouvelles places ajoutées
2026-03-16T18:55:59.902Z -   ✓ Excel sauvegardé: 35 places
2026-03-16T18:55:59.904Z - 
🔄 LR: Traitement...
2026-03-16T18:55:59.906Z -   ✓ Excel chargé: 0 places
2026-03-16T18:55:59.907Z -   ✓ Master JSON: 0 places
2026-03-16T18:55:59.909Z - 
🔄 LS: Traitement...
2026-03-16T18:55:59.911Z -   ✓ Excel chargé: 0 places
2026-03-16T18:55:59.912Z -   ✓ Master JSON: 0 places
2026-03-16T18:55:59.914Z - 
🔄 LT: Traitement...
2026-03-16T18:55:59.928Z -   ✓ Excel chargé: 4 places
2026-03-16T18:55:59.951Z -   ✓ Master JSON: 4 places
2026-03-16T18:55:59.968Z -   ✓ Excel sauvegardé: 4 places
2026-03-16T18:55:59.969Z - 
🔄 LU: Traitement...
2026-03-16T18:55:59.971Z -   ✓ Excel chargé: 0 places
2026-03-16T18:55:59.972Z -   ✓ Master JSON: 0 places
2026-03-16T18:55:59.974Z - 
🔄 LV: Traitement...
2026-03-16T18:55:59.990Z -   ✓ Excel chargé: 11 places
2026-03-16T18:56:00.008Z -   ✓ Master JSON: 11 places
2026-03-16T18:56:00.018Z -   ✓ Excel sauvegardé: 11 places
2026-03-16T18:56:00.018Z - 
🔄 LY: Traitement...
2026-03-16T18:56:00.019Z -   ✓ Excel chargé: 0 places
2026-03-16T18:56:00.019Z -   ✓ Master JSON: 0 places
2026-03-16T18:56:00.020Z - 
🔄 MA: Traitement...
2026-03-16T18:56:00.025Z -   ✓ Excel chargé: 5 places
2026-03-16T18:56:00.032Z -   ✓ Master JSON: 5 places
2026-03-16T18:56:00.037Z -   ✓ Excel sauvegardé: 5 places
2026-03-16T18:56:00.038Z - 
🔄 MC: Traitement...
2026-03-16T18:56:00.039Z -   ✓ Excel chargé: 0 places
2026-03-16T18:56:00.039Z -   ✓ Master JSON: 0 places
2026-03-16T18:56:00.040Z - 
🔄 MD: Traitement...
2026-03-16T18:56:00.045Z -   ✓ Excel chargé: 6 places
2026-03-16T18:56:00.053Z -   ✓ Master JSON: 6 places
2026-03-16T18:56:00.060Z -   ✓ Excel sauvegardé: 6 places
2026-03-16T18:56:00.061Z - 
🔄 ME: Traitement...
2026-03-16T18:56:00.066Z -   ✓ Excel chargé: 12 places
2026-03-16T18:56:00.075Z -   ✓ Master JSON: 12 places
2026-03-16T18:56:00.082Z -   ✓ Excel sauvegardé: 12 places
2026-03-16T18:56:00.083Z - 
🔄 MF: Traitement...
2026-03-16T18:56:00.089Z -   ✓ Excel chargé: 4 places
2026-03-16T18:56:00.104Z -   ✓ Master JSON: 4 places
2026-03-16T18:56:00.104Z -   ✓ 1 nouvelles places ajoutées
2026-03-16T18:56:11.839Z -   ✓ Excel sauvegardé: 5 places
2026-03-16T18:56:11.840Z - 
🔄 MG: Traitement...
2026-03-16T18:56:11.850Z -   ✓ Excel chargé: 19 places
2026-03-16T18:56:11.863Z -   ✓ Master JSON: 19 places
2026-03-16T18:56:11.863Z -   ✓ 1 nouvelles places ajoutées
2026-03-16T18:56:14.807Z -   ✓ Excel sauvegardé: 20 places
2026-03-16T18:56:14.809Z - 
🔄 MH: Traitement...
2026-03-16T18:56:14.811Z -   ✓ Excel chargé: 0 places
2026-03-16T18:56:14.812Z -   ✓ Master JSON: 0 places
2026-03-16T18:56:14.815Z - 
🔄 MK: Traitement...
2026-03-16T18:56:14.816Z -   ✓ Excel chargé: 0 places
2026-03-16T18:56:14.818Z -   ✓ Master JSON: 0 places
2026-03-16T18:56:14.819Z - 
🔄 ML: Traitement...
2026-03-16T18:56:14.821Z -   ✓ Excel chargé: 0 places
2026-03-16T18:56:14.822Z -   ✓ Master JSON: 0 places
2026-03-16T18:56:14.823Z - 
🔄 MM: Traitement...
2026-03-16T18:56:14.824Z -   ✓ Excel chargé: 0 places
2026-03-16T18:56:14.828Z -   ✓ Master JSON: 0 places
2026-03-16T18:56:14.829Z - 
🔄 MN: Traitement...
2026-03-16T18:56:14.839Z -   ✓ Excel chargé: 24 places
2026-03-16T18:56:14.855Z -   ✓ Master JSON: 24 places
2026-03-16T18:56:14.855Z -   ✓ 1 nouvelles places ajoutées
2026-03-16T18:56:17.283Z -   ✓ Excel sauvegardé: 25 places
2026-03-16T18:56:17.285Z - 
🔄 MQ: Traitement...
2026-03-16T18:56:17.298Z -   ✓ Excel chargé: 5 places
2026-03-16T18:56:17.323Z -   ✓ Master JSON: 5 places
2026-03-16T18:56:17.337Z -   ✓ Excel sauvegardé: 5 places
2026-03-16T18:56:17.338Z - 
🔄 MR: Traitement...
2026-03-16T18:56:17.340Z -   ✓ Excel chargé: 0 places
2026-03-16T18:56:17.342Z -   ✓ Master JSON: 0 places
2026-03-16T18:56:17.344Z - 
🔄 MT: Traitement...
2026-03-16T18:56:17.345Z -   ✓ Excel chargé: 0 places
2026-03-16T18:56:17.347Z -   ✓ Master JSON: 0 places
2026-03-16T18:56:17.349Z - 
🔄 MU: Traitement...
2026-03-16T18:56:17.371Z -   ✓ Excel chargé: 12 places
2026-03-16T18:56:17.387Z -   ✓ Master JSON: 14 places
2026-03-16T18:56:17.387Z -   ✓ 3 nouvelles places ajoutées
2026-03-16T18:56:42.151Z -   ✓ Excel sauvegardé: 15 places
2026-03-16T18:56:42.153Z - 
🔄 MV: Traitement...
2026-03-16T18:56:42.154Z -   ✓ Excel chargé: 0 places
2026-03-16T18:56:42.155Z -   ✓ Master JSON: 0 places
2026-03-16T18:56:42.157Z - 
🔄 MW: Traitement...
2026-03-16T18:56:42.158Z -   ✓ Excel chargé: 0 places
2026-03-16T18:56:42.159Z -   ✓ Master JSON: 0 places
2026-03-16T18:56:42.160Z - 
🔄 MX: Traitement...
2026-03-16T18:56:42.177Z -   ✓ Excel chargé: 27 places
2026-03-16T18:56:42.204Z -   ✓ Master JSON: 27 places
2026-03-16T18:56:42.204Z -   ✓ 1 nouvelles places ajoutées
2026-03-16T18:56:48.300Z -   ✓ Excel sauvegardé: 28 places
2026-03-16T18:56:48.301Z - 
🔄 MY: Traitement...
2026-03-16T18:56:48.318Z -   ✓ Excel chargé: 6 places
2026-03-16T18:56:48.335Z -   ✓ Master JSON: 6 places
2026-03-16T18:56:48.352Z -   ✓ Excel sauvegardé: 6 places
2026-03-16T18:56:48.354Z - 
🔄 MZ: Traitement...
2026-03-16T18:56:48.357Z -   ✓ Excel chargé: 0 places
2026-03-16T18:56:48.358Z -   ✓ Master JSON: 0 places
2026-03-16T18:56:48.360Z - 
🔄 NA: Traitement...
2026-03-16T18:56:48.380Z -   ✓ Excel chargé: 48 places
2026-03-16T18:56:48.408Z -   ✓ Master JSON: 27 places
2026-03-16T18:56:48.409Z -   ✓ 2 nouvelles places ajoutées
2026-03-16T18:56:52.850Z -   ✓ Excel sauvegardé: 50 places
2026-03-16T18:56:52.852Z - 
🔄 NC: Traitement...
2026-03-16T18:56:52.882Z -   ✓ Excel chargé: 5 places
2026-03-16T18:56:52.903Z -   ✓ Master JSON: 5 places
2026-03-16T18:56:52.904Z -   ✓ 1 nouvelles places ajoutées
2026-03-16T18:56:59.171Z -   ✓ Excel sauvegardé: 6 places
2026-03-16T18:56:59.174Z - 
🔄 NE: Traitement...
2026-03-16T18:56:59.175Z -   ✓ Excel chargé: 0 places
2026-03-16T18:56:59.177Z -   ✓ Master JSON: 0 places
2026-03-16T18:56:59.179Z - 
🔄 NG: Traitement...
2026-03-16T18:56:59.181Z -   ✓ Excel chargé: 0 places
2026-03-16T18:56:59.183Z -   ✓ Master JSON: 0 places
2026-03-16T18:56:59.185Z - 
🔄 NI: Traitement...
2026-03-16T18:56:59.204Z -   ✓ Excel chargé: 43 places
2026-03-16T18:56:59.233Z -   ✓ Master JSON: 17 places
2026-03-16T18:56:59.234Z -   ✓ 1 nouvelles places ajoutées
2026-03-16T18:57:09.945Z -   ✓ Excel sauvegardé: 44 places
2026-03-16T18:57:09.947Z - 
🔄 NL: Traitement...
2026-03-16T18:57:09.965Z -   ✓ Excel chargé: 28 places
2026-03-16T18:57:09.991Z -   ✓ Master JSON: 28 places
2026-03-16T18:57:09.991Z -   ✓ 1 nouvelles places ajoutées
2026-03-16T18:57:31.139Z -   ✓ Excel sauvegardé: 29 places
2026-03-16T18:57:31.140Z - 
🔄 NO: Traitement...
2026-03-16T18:57:31.149Z -   ✓ Excel chargé: 16 places
2026-03-16T18:57:31.157Z -   ✓ Master JSON: 4 places
2026-03-16T18:57:31.167Z -   ✓ Excel sauvegardé: 16 places
2026-03-16T18:57:31.168Z - 
🔄 NP: Traitement...
2026-03-16T18:57:31.169Z -   ✓ Excel chargé: 0 places
2026-03-16T18:57:31.170Z -   ✓ Master JSON: 0 places
2026-03-16T18:57:31.170Z - 
🔄 NR: Traitement...
2026-03-16T18:57:31.171Z -   ✓ Excel chargé: 0 places
2026-03-16T18:57:31.171Z -   ✓ Master JSON: 0 places
2026-03-16T18:57:31.172Z - 
🔄 NZ: Traitement...
2026-03-16T18:57:31.181Z -   ✓ Excel chargé: 44 places
2026-03-16T18:57:31.192Z -   ✓ Master JSON: 33 places
2026-03-16T18:57:31.192Z -   ✓ 2 nouvelles places ajoutées
2026-03-16T18:57:50.282Z -   ✓ Excel sauvegardé: 46 places
2026-03-16T18:57:50.283Z - 
🔄 OM: Traitement...
2026-03-16T18:57:50.291Z -   ✓ Excel chargé: 5 places
2026-03-16T18:57:50.300Z -   ✓ Master JSON: 5 places
2026-03-16T18:57:50.308Z -   ✓ Excel sauvegardé: 5 places
2026-03-16T18:57:50.309Z - 
🔄 PA: Traitement...
2026-03-16T18:57:50.315Z -   ✓ Excel chargé: 9 places
2026-03-16T18:57:50.324Z -   ✓ Master JSON: 8 places
2026-03-16T18:57:50.332Z -   ✓ Excel sauvegardé: 9 places
2026-03-16T18:57:50.332Z - 
🔄 PE: Traitement...
2026-03-16T18:57:50.346Z -   ✓ Excel chargé: 18 places
2026-03-16T18:57:50.367Z -   ✓ Master JSON: 18 places
2026-03-16T18:57:50.378Z -   ✓ Excel sauvegardé: 18 places
2026-03-16T18:57:50.379Z - 
🔄 PF: Traitement...
2026-03-16T18:57:50.388Z -   ✓ Excel chargé: 32 places
2026-03-16T18:57:50.401Z -   ✓ Master JSON: 31 places
2026-03-16T18:57:50.401Z -   ✓ 1 nouvelles places ajoutées
2026-03-16T18:57:52.686Z -   ✓ Excel sauvegardé: 33 places
2026-03-16T18:57:52.687Z - 
🔄 PG: Traitement...
2026-03-16T18:57:52.688Z -   ✓ Excel chargé: 0 places
2026-03-16T18:57:52.689Z -   ✓ Master JSON: 0 places
2026-03-16T18:57:52.691Z - 
🔄 PH: Traitement...
2026-03-16T18:57:52.702Z -   ✓ Excel chargé: 11 places
2026-03-16T18:57:52.716Z -   ✓ Master JSON: 11 places
2026-03-16T18:57:52.733Z -   ✓ Excel sauvegardé: 11 places
2026-03-16T18:57:52.735Z - 
🔄 PK: Traitement...
2026-03-16T18:57:52.737Z -   ✓ Excel chargé: 0 places
2026-03-16T18:57:52.739Z -   ✓ Master JSON: 0 places
2026-03-16T18:57:52.741Z - 
🔄 PL: Traitement...
2026-03-16T18:57:52.784Z -   ✓ Excel chargé: 35 places
2026-03-16T18:57:52.814Z -   ✓ Master JSON: 35 places
2026-03-16T18:57:52.845Z -   ✓ Excel sauvegardé: 35 places
2026-03-16T18:57:52.846Z - 
🔄 PM: Traitement...
2026-03-16T18:57:52.848Z -   ✓ Excel chargé: 0 places
2026-03-16T18:57:52.849Z -   ✓ Master JSON: 0 places
2026-03-16T18:57:52.850Z - 
🔄 PT: Traitement...
2026-03-16T18:57:52.874Z -   ✓ Excel chargé: 66 places
2026-03-16T18:57:52.909Z -   ✓ Master JSON: 49 places
2026-03-16T18:57:52.910Z -   ✓ 2 nouvelles places ajoutées
2026-03-16T18:58:04.405Z -   ✓ Excel sauvegardé: 68 places
2026-03-16T18:58:04.407Z - 
🔄 PW: Traitement...
2026-03-16T18:58:04.409Z -   ✓ Excel chargé: 0 places
2026-03-16T18:58:04.410Z -   ✓ Master JSON: 0 places
2026-03-16T18:58:04.412Z - 
🔄 PY: Traitement...
2026-03-16T18:58:04.423Z -   ✓ Excel chargé: 4 places
2026-03-16T18:58:04.445Z -   ✓ Master JSON: 4 places
2026-03-16T18:58:04.453Z -   ✓ Excel sauvegardé: 4 places
2026-03-16T18:58:04.453Z - 
🔄 QA: Traitement...
2026-03-16T18:58:04.454Z -   ✓ Excel chargé: 0 places
2026-03-16T18:58:04.455Z -   ✓ Master JSON: 0 places
2026-03-16T18:58:04.455Z - 
🔄 RE: Traitement...
2026-03-16T18:58:04.456Z -   ✓ Excel chargé: 0 places
2026-03-16T18:58:04.457Z -   ✓ Master JSON: 0 places
2026-03-16T18:58:04.458Z - 
🔄 RO: Traitement...
2026-03-16T18:58:04.466Z -   ✓ Excel chargé: 15 places
2026-03-16T18:58:04.479Z -   ✓ Master JSON: 13 places
2026-03-16T18:58:04.499Z -   ✓ Excel sauvegardé: 15 places
2026-03-16T18:58:04.500Z - 
🔄 RS: Traitement...
2026-03-16T18:58:04.512Z -   ✓ Excel chargé: 14 places
2026-03-16T18:58:04.522Z -   ✓ Master JSON: 14 places
2026-03-16T18:58:04.532Z -   ✓ Excel sauvegardé: 14 places
2026-03-16T18:58:04.533Z - 
🔄 RT IMPORTÉS: Traitement...
2026-03-16T18:58:04.533Z -   ✓ Excel chargé: 0 places
2026-03-16T18:58:04.533Z -   ✓ Master JSON: 0 places
2026-03-16T18:58:04.534Z - 
🔄 RU: Traitement...
2026-03-16T18:58:04.534Z -   ✓ Excel chargé: 0 places
2026-03-16T18:58:04.535Z -   ✓ Master JSON: 0 places
2026-03-16T18:58:04.535Z - 
🔄 RW: Traitement...
2026-03-16T18:58:04.536Z -   ✓ Excel chargé: 0 places
2026-03-16T18:58:04.536Z -   ✓ Master JSON: 0 places
2026-03-16T18:58:04.537Z - 
🔄 SA: Traitement...
2026-03-16T18:58:04.537Z -   ✓ Excel chargé: 0 places
2026-03-16T18:58:04.537Z -   ✓ Master JSON: 0 places
2026-03-16T18:58:04.539Z - 
🔄 SB: Traitement...
2026-03-16T18:58:04.541Z -   ✓ Excel chargé: 0 places
2026-03-16T18:58:04.542Z -   ✓ Master JSON: 0 places
2026-03-16T18:58:04.543Z - 
🔄 SC: Traitement...
2026-03-16T18:58:04.544Z -   ✓ Excel chargé: 0 places
2026-03-16T18:58:04.544Z -   ✓ Master JSON: 0 places
2026-03-16T18:58:04.545Z - 
🔄 SD: Traitement...
2026-03-16T18:58:04.546Z -   ✓ Excel chargé: 0 places
2026-03-16T18:58:04.547Z -   ✓ Master JSON: 0 places
2026-03-16T18:58:04.548Z - 
🔄 SE: Traitement...
2026-03-16T18:58:04.566Z -   ✓ Excel chargé: 41 places
2026-03-16T18:58:04.585Z -   ✓ Master JSON: 41 places
2026-03-16T18:58:04.605Z -   ✓ Excel sauvegardé: 41 places
2026-03-16T18:58:04.606Z - 
🔄 SG: Traitement...
2026-03-16T18:58:04.607Z -   ✓ Excel chargé: 0 places
2026-03-16T18:58:04.608Z -   ✓ Master JSON: 0 places
2026-03-16T18:58:04.609Z - 
🔄 SI: Traitement...
2026-03-16T18:58:04.614Z -   ✓ Excel chargé: 9 places
2026-03-16T18:58:04.625Z -   ✓ Master JSON: 9 places
2026-03-16T18:58:04.632Z -   ✓ Excel sauvegardé: 9 places
2026-03-16T18:58:04.633Z - 
🔄 SK: Traitement...
2026-03-16T18:58:04.645Z -   ✓ Excel chargé: 11 places
2026-03-16T18:58:04.664Z -   ✓ Master JSON: 11 places
2026-03-16T18:58:04.673Z -   ✓ Excel sauvegardé: 11 places
2026-03-16T18:58:04.674Z - 
🔄 SL: Traitement...
2026-03-16T18:58:04.675Z -   ✓ Excel chargé: 0 places
2026-03-16T18:58:04.676Z -   ✓ Master JSON: 0 places
2026-03-16T18:58:04.677Z - 
🔄 SM: Traitement...
2026-03-16T18:58:04.678Z -   ✓ Excel chargé: 0 places
2026-03-16T18:58:04.678Z -   ✓ Master JSON: 0 places
2026-03-16T18:58:04.679Z - 
🔄 SN: Traitement...
2026-03-16T18:58:04.686Z -   ✓ Excel chargé: 8 places
2026-03-16T18:58:04.698Z -   ✓ Master JSON: 8 places
2026-03-16T18:58:04.704Z -   ✓ Excel sauvegardé: 8 places
2026-03-16T18:58:04.705Z - 
🔄 SO: Traitement...
2026-03-16T18:58:04.706Z -   ✓ Excel chargé: 0 places
2026-03-16T18:58:04.707Z -   ✓ Master JSON: 0 places
2026-03-16T18:58:04.708Z - 
🔄 SR: Traitement...
2026-03-16T18:58:04.715Z -   ✓ Excel chargé: 10 places
2026-03-16T18:58:04.716Z -   ✓ Master JSON: 0 places
2026-03-16T18:58:04.733Z -   ✓ Excel sauvegardé: 10 places
2026-03-16T18:58:04.734Z - 
🔄 SS: Traitement...
2026-03-16T18:58:04.734Z -   ✓ Excel chargé: 0 places
2026-03-16T18:58:04.734Z -   ✓ Master JSON: 0 places
2026-03-16T18:58:04.735Z - 
🔄 ST: Traitement...
2026-03-16T18:58:04.735Z -   ✓ Excel chargé: 0 places
2026-03-16T18:58:04.736Z -   ✓ Master JSON: 0 places
2026-03-16T18:58:04.736Z - 
🔄 SV: Traitement...
2026-03-16T18:58:04.744Z -   ✓ Excel chargé: 9 places
2026-03-16T18:58:04.753Z -   ✓ Master JSON: 9 places
2026-03-16T18:58:04.753Z -   ✓ 1 nouvelles places ajoutées
2026-03-16T18:58:09.735Z -   ✓ Excel sauvegardé: 10 places
2026-03-16T18:58:09.736Z - 
🔄 SY: Traitement...
2026-03-16T18:58:09.736Z -   ✓ Excel chargé: 0 places
2026-03-16T18:58:09.737Z -   ✓ Master JSON: 0 places
2026-03-16T18:58:09.738Z - 
🔄 SZ: Traitement...
2026-03-16T18:58:09.738Z -   ✓ Excel chargé: 0 places
2026-03-16T18:58:09.739Z -   ✓ Master JSON: 0 places
2026-03-16T18:58:09.740Z - 
🔄 TD: Traitement...
2026-03-16T18:58:09.740Z -   ✓ Excel chargé: 0 places
2026-03-16T18:58:09.741Z -   ✓ Master JSON: 0 places
2026-03-16T18:58:09.743Z - 
🔄 TG: Traitement...
2026-03-16T18:58:09.744Z -   ✓ Excel chargé: 0 places
2026-03-16T18:58:09.746Z -   ✓ Master JSON: 0 places
2026-03-16T18:58:09.747Z - 
🔄 TH: Traitement...
2026-03-16T18:58:09.755Z -   ✓ Excel chargé: 22 places
2026-03-16T18:58:09.767Z -   ✓ Master JSON: 23 places
2026-03-16T18:58:09.767Z -   ✓ 5 nouvelles places ajoutées
2026-03-16T18:58:23.592Z -   ✓ Excel sauvegardé: 27 places
2026-03-16T18:58:23.595Z - 
🔄 TJ: Traitement...
2026-03-16T18:58:23.597Z -   ✓ Excel chargé: 0 places
2026-03-16T18:58:23.599Z -   ✓ Master JSON: 0 places
2026-03-16T18:58:23.600Z - 
🔄 TL: Traitement...
2026-03-16T18:58:23.602Z -   ✓ Excel chargé: 0 places
2026-03-16T18:58:23.605Z -   ✓ Master JSON: 0 places
2026-03-16T18:58:23.607Z - 
🔄 TM: Traitement...
2026-03-16T18:58:23.629Z -   ✓ Excel chargé: 8 places
2026-03-16T18:58:23.650Z -   ✓ Master JSON: 8 places
2026-03-16T18:58:23.674Z -   ✓ Excel sauvegardé: 8 places
2026-03-16T18:58:23.676Z - 
🔄 TN: Traitement...
2026-03-16T18:58:23.677Z -   ✓ Excel chargé: 0 places
2026-03-16T18:58:23.678Z -   ✓ Master JSON: 0 places
2026-03-16T18:58:23.680Z - 
🔄 TO: Traitement...
2026-03-16T18:58:23.681Z -   ✓ Excel chargé: 0 places
2026-03-16T18:58:23.683Z -   ✓ Master JSON: 0 places
2026-03-16T18:58:23.685Z - 
🔄 TR: Traitement...
2026-03-16T18:58:23.708Z -   ✓ Excel chargé: 58 places
2026-03-16T18:58:23.730Z -   ✓ Master JSON: 60 places
2026-03-16T18:58:23.730Z -   ✓ 2 nouvelles places ajoutées
2026-03-16T18:58:29.691Z -   ✓ Excel sauvegardé: 60 places
2026-03-16T18:58:29.693Z - 
🔄 TT: Traitement...
2026-03-16T18:58:29.695Z -   ✓ Excel chargé: 0 places
2026-03-16T18:58:29.696Z -   ✓ Master JSON: 0 places
2026-03-16T18:58:29.698Z - 
🔄 TV: Traitement...
2026-03-16T18:58:29.699Z -   ✓ Excel chargé: 0 places
2026-03-16T18:58:29.701Z -   ✓ Master JSON: 0 places
2026-03-16T18:58:29.703Z - 
🔄 TZ: Traitement...
2026-03-16T18:58:29.719Z -   ✓ Excel chargé: 17 places
2026-03-16T18:58:29.740Z -   ✓ Master JSON: 17 places
2026-03-16T18:58:29.741Z -   ✓ 1 nouvelles places ajoutées
2026-03-16T18:58:31.929Z -   ✓ Excel sauvegardé: 18 places
2026-03-16T18:58:31.931Z - 
🔄 UA: Traitement...
2026-03-16T18:58:31.932Z -   ✓ Excel chargé: 0 places
2026-03-16T18:58:31.962Z -   ✓ Master JSON: 0 places
2026-03-16T18:58:31.964Z - 
🔄 UG: Traitement...
2026-03-16T18:58:31.965Z -   ✓ Excel chargé: 0 places
2026-03-16T18:58:31.970Z -   ✓ Master JSON: 0 places
2026-03-16T18:58:31.985Z - 
🔄 US: Traitement...
2026-03-16T18:58:32.096Z -   ✓ Excel chargé: 537 places
2026-03-16T18:58:32.166Z -   ✓ Master JSON: 401 places
2026-03-16T18:58:32.166Z -   ✓ 9 nouvelles places ajoutées
2026-03-16T18:59:43.530Z -   ✓ Excel sauvegardé: 546 places
2026-03-16T18:59:43.531Z - 
🔄 UY: Traitement...
2026-03-16T18:59:43.531Z -   ✓ Excel chargé: 0 places
2026-03-16T18:59:43.532Z -   ✓ Master JSON: 0 places
2026-03-16T18:59:43.533Z - 
🔄 UZ: Traitement...
2026-03-16T18:59:43.539Z -   ✓ Excel chargé: 6 places
2026-03-16T18:59:43.549Z -   ✓ Master JSON: 6 places
2026-03-16T18:59:43.555Z -   ✓ Excel sauvegardé: 6 places
2026-03-16T18:59:43.556Z - 
🔄 VA: Traitement...
2026-03-16T18:59:43.556Z -   ✓ Excel chargé: 0 places
2026-03-16T18:59:43.557Z -   ✓ Master JSON: 0 places
2026-03-16T18:59:43.558Z - 
🔄 VC: Traitement...
2026-03-16T18:59:43.558Z -   ✓ Excel chargé: 0 places
2026-03-16T18:59:43.559Z -   ✓ Master JSON: 0 places
2026-03-16T18:59:43.559Z - 
🔄 VE: Traitement...
2026-03-16T18:59:43.560Z -   ✓ Excel chargé: 0 places
2026-03-16T18:59:43.560Z -   ✓ Master JSON: 0 places
2026-03-16T18:59:43.561Z - 
🔄 VN: Traitement...
2026-03-16T18:59:43.571Z -   ✓ Excel chargé: 26 places
2026-03-16T18:59:43.592Z -   ✓ Master JSON: 25 places
2026-03-16T18:59:43.592Z -   ✓ 6 nouvelles places ajoutées
2026-03-16T19:00:24.006Z -   ✓ Excel sauvegardé: 32 places
2026-03-16T19:00:24.008Z - 
🔄 VU: Traitement...
2026-03-16T19:00:24.009Z -   ✓ Excel chargé: 0 places
2026-03-16T19:00:24.010Z -   ✓ Master JSON: 0 places
2026-03-16T19:00:24.011Z - 
🔄 WF: Traitement...
2026-03-16T19:00:24.013Z -   ✓ Excel chargé: 0 places
2026-03-16T19:00:24.014Z -   ✓ Master JSON: 0 places
2026-03-16T19:00:24.015Z - 
🔄 WS: Traitement...
2026-03-16T19:00:24.016Z -   ✓ Excel chargé: 0 places
2026-03-16T19:00:24.017Z -   ✓ Master JSON: 0 places
2026-03-16T19:00:24.019Z - 
🔄 XX: Traitement...
2026-03-16T19:00:24.020Z -   ✓ Excel chargé: 0 places
2026-03-16T19:00:24.023Z -   ✓ Master JSON: 0 places
2026-03-16T19:00:24.025Z - 
🔄 YE: Traitement...
2026-03-16T19:00:24.026Z -   ✓ Excel chargé: 0 places
2026-03-16T19:00:24.027Z -   ✓ Master JSON: 0 places
2026-03-16T19:00:24.029Z - 
🔄 YT: Traitement...
2026-03-16T19:00:24.039Z -   ✓ Excel chargé: 5 places
2026-03-16T19:00:24.057Z -   ✓ Master JSON: 5 places
2026-03-16T19:00:24.064Z -   ✓ Excel sauvegardé: 5 places
2026-03-16T19:00:24.065Z - 
🔄 ZA: Traitement...
2026-03-16T19:00:24.081Z -   ✓ Excel chargé: 113 places
2026-03-16T19:00:24.102Z -   ✓ Master JSON: 85 places
2026-03-16T19:00:24.102Z -   ✓ 5 nouvelles places ajoutées
2026-03-16T19:01:07.115Z -   ✓ Excel sauvegardé: 118 places
2026-03-16T19:01:07.117Z - 
🔄 ZM: Traitement...
2026-03-16T19:01:07.118Z -   ✓ Excel chargé: 0 places
2026-03-16T19:01:07.120Z -   ✓ Master JSON: 0 places
2026-03-16T19:01:07.122Z - 
🔄 ZW: Traitement...
2026-03-16T19:01:07.124Z -   ✓ Excel chargé: 0 places
2026-03-16T19:01:07.126Z -   ✓ Master JSON: 0 places
2026-03-16T19:01:07.128Z - 
🔄 _BACKUPS: Traitement...
2026-03-16T19:01:07.129Z -   ✓ Excel chargé: 0 places
2026-03-16T19:01:07.131Z -   ✓ Master JSON: 0 places
2026-03-16T19:01:07.134Z - 
🔄 _TR_CACHE: Traitement...
2026-03-16T19:01:07.147Z -   ✓ Excel chargé: 0 places
2026-03-16T19:01:07.149Z -   ✓ Master JSON: 0 places
