2026-02-02T06:55:00.471Z - 
============================================================
2026-02-02T06:55:00.477Z - 🔄 MODE UPDATE - 02/02/2026 07:55:00
2026-02-02T06:55:00.477Z - ============================================================
2026-02-02T06:55:00.664Z - 
🔄 .RATINGS_BACKUPS: Traitement...
2026-02-02T06:55:00.666Z -   ✓ Excel chargé: 0 places
2026-02-02T06:55:00.668Z -   ✓ Master JSON: 0 places
2026-02-02T06:55:00.670Z - 
🔄 AD: Traitement...
2026-02-02T06:55:00.751Z -   ✓ Excel chargé: 0 places
2026-02-02T06:55:00.751Z -   ✓ Master JSON: 0 places
2026-02-02T06:55:00.753Z - 
🔄 AE: Traitement...
2026-02-02T06:55:00.773Z -   ✓ Excel chargé: 8 places
2026-02-02T06:55:00.786Z -   ✓ Master JSON: 8 places
2026-02-02T06:55:00.847Z -   ✓ Excel sauvegardé: 8 places
2026-02-02T06:55:00.848Z - 
🔄 AF: Traitement...
2026-02-02T06:55:00.866Z -   ✓ Excel chargé: 0 places
2026-02-02T06:55:00.867Z -   ✓ Master JSON: 0 places
2026-02-02T06:55:00.868Z - 
🔄 AG: Traitement...
2026-02-02T06:55:00.879Z -   ✓ Excel chargé: 0 places
2026-02-02T06:55:00.880Z -   ✓ Master JSON: 0 places
2026-02-02T06:55:00.881Z - 
🔄 AI: Traitement...
2026-02-02T06:55:00.882Z -   ✓ Excel chargé: 0 places
2026-02-02T06:55:00.882Z -   ✓ Master JSON: 0 places
2026-02-02T06:55:00.883Z - 
🔄 AL: Traitement...
2026-02-02T06:55:00.898Z -   ✓ Excel chargé: 11 places
2026-02-02T06:55:00.907Z -   ✓ Master JSON: 11 places
2026-02-02T06:55:00.923Z -   ✓ Excel sauvegardé: 11 places
2026-02-02T06:55:00.924Z - 
🔄 AM: Traitement...
2026-02-02T06:55:00.934Z -   ✓ Excel chargé: 8 places
2026-02-02T06:55:00.943Z -   ✓ Master JSON: 8 places
2026-02-02T06:55:00.956Z -   ✓ Excel sauvegardé: 8 places
2026-02-02T06:55:00.956Z - 
🔄 AO: Traitement...
2026-02-02T06:55:00.964Z -   ✓ Excel chargé: 0 places
2026-02-02T06:55:00.965Z -   ✓ Master JSON: 0 places
2026-02-02T06:55:00.966Z - 
🔄 AR: Traitement...
2026-02-02T06:55:00.994Z -   ✓ Excel chargé: 43 places
2026-02-02T06:55:01.012Z -   ✓ Master JSON: 34 places
2026-02-02T06:55:01.043Z -   ✓ Excel sauvegardé: 43 places
2026-02-02T06:55:01.044Z - 
🔄 AS: Traitement...
2026-02-02T06:55:01.046Z -   ✓ Excel chargé: 0 places
2026-02-02T06:55:01.046Z -   ✓ Master JSON: 0 places
2026-02-02T06:55:01.047Z - 
🔄 AT: Traitement...
2026-02-02T06:55:01.064Z -   ✓ Excel chargé: 44 places
2026-02-02T06:55:01.076Z -   ✓ Master JSON: 44 places
2026-02-02T06:55:01.097Z -   ✓ Excel sauvegardé: 44 places
2026-02-02T06:55:01.098Z - 
🔄 AU: Traitement...
2026-02-02T06:55:01.117Z -   ✓ Excel chargé: 70 places
2026-02-02T06:55:01.134Z -   ✓ Master JSON: 43 places
2026-02-02T06:55:01.172Z -   ✓ Excel sauvegardé: 70 places
2026-02-02T06:55:01.173Z - 
🔄 AW: Traitement...
2026-02-02T06:55:01.183Z -   ✓ Excel chargé: 0 places
2026-02-02T06:55:01.184Z -   ✓ Master JSON: 0 places
2026-02-02T06:55:01.185Z - 
🔄 AZ: Traitement...
2026-02-02T06:55:01.194Z -   ✓ Excel chargé: 0 places
2026-02-02T06:55:01.194Z -   ✓ Master JSON: 0 places
2026-02-02T06:55:01.195Z - 
🔄 BA: Traitement...
2026-02-02T06:55:01.204Z -   ✓ Excel chargé: 15 places
2026-02-02T06:55:01.213Z -   ✓ Master JSON: 15 places
2026-02-02T06:55:01.225Z -   ✓ Excel sauvegardé: 15 places
2026-02-02T06:55:01.226Z - 
🔄 BB: Traitement...
2026-02-02T06:55:01.232Z -   ✓ Excel chargé: 6 places
2026-02-02T06:55:01.240Z -   ✓ Master JSON: 6 places
2026-02-02T06:55:01.251Z -   ✓ Excel sauvegardé: 6 places
2026-02-02T06:55:01.252Z - 
🔄 BD: Traitement...
2026-02-02T06:55:01.262Z -   ✓ Excel chargé: 13 places
2026-02-02T06:55:01.272Z -   ✓ Master JSON: 13 places
2026-02-02T06:55:01.290Z -   ✓ Excel sauvegardé: 13 places
2026-02-02T06:55:01.291Z - 
🔄 BE: Traitement...
2026-02-02T06:55:01.300Z -   ✓ Excel chargé: 14 places
2026-02-02T06:55:01.311Z -   ✓ Master JSON: 14 places
2026-02-02T06:55:01.328Z -   ✓ Excel sauvegardé: 14 places
2026-02-02T06:55:01.329Z - 
🔄 BF: Traitement...
2026-02-02T06:55:01.334Z -   ✓ Excel chargé: 0 places
2026-02-02T06:55:01.334Z -   ✓ Master JSON: 0 places
2026-02-02T06:55:01.335Z - 
🔄 BG: Traitement...
2026-02-02T06:55:01.345Z -   ✓ Excel chargé: 23 places
2026-02-02T06:55:01.355Z -   ✓ Master JSON: 22 places
2026-02-02T06:55:01.372Z -   ✓ Excel sauvegardé: 23 places
2026-02-02T06:55:01.373Z - 
🔄 BH: Traitement...
2026-02-02T06:55:01.380Z -   ✓ Excel chargé: 0 places
2026-02-02T06:55:01.380Z -   ✓ Master JSON: 0 places
2026-02-02T06:55:01.381Z - 
🔄 BI: Traitement...
2026-02-02T06:55:01.387Z -   ✓ Excel chargé: 0 places
2026-02-02T06:55:01.387Z -   ✓ Master JSON: 0 places
2026-02-02T06:55:01.388Z - 
🔄 BJ: Traitement...
2026-02-02T06:55:01.394Z -   ✓ Excel chargé: 0 places
2026-02-02T06:55:01.395Z -   ✓ Master JSON: 0 places
2026-02-02T06:55:01.395Z - 
🔄 BL: Traitement...
2026-02-02T06:55:01.401Z -   ✓ Excel chargé: 8 places
2026-02-02T06:55:01.404Z -   ✓ Master JSON: 8 places
2026-02-02T06:55:01.414Z -   ✓ Excel sauvegardé: 8 places
2026-02-02T06:55:01.415Z - 
🔄 BM: Traitement...
2026-02-02T06:55:01.422Z -   ✓ Excel chargé: 0 places
2026-02-02T06:55:01.423Z -   ✓ Master JSON: 0 places
2026-02-02T06:55:01.423Z - 
🔄 BN: Traitement...
2026-02-02T06:55:01.429Z -   ✓ Excel chargé: 0 places
2026-02-02T06:55:01.430Z -   ✓ Master JSON: 0 places
2026-02-02T06:55:01.431Z - 
🔄 BO: Traitement...
2026-02-02T06:55:01.447Z -   ✓ Excel chargé: 17 places
2026-02-02T06:55:01.466Z -   ✓ Master JSON: 17 places
2026-02-02T06:55:01.481Z -   ✓ Excel sauvegardé: 17 places
2026-02-02T06:55:01.481Z - 
🔄 BQ: Traitement...
2026-02-02T06:55:01.482Z -   ✓ Excel chargé: 0 places
2026-02-02T06:55:01.482Z -   ✓ Master JSON: 0 places
2026-02-02T06:55:01.483Z - 
🔄 BR: Traitement...
2026-02-02T06:55:01.495Z -   ✓ Excel chargé: 46 places
2026-02-02T06:55:01.508Z -   ✓ Master JSON: 46 places
2026-02-02T06:55:01.534Z -   ✓ Excel sauvegardé: 46 places
2026-02-02T06:55:01.535Z - 
🔄 BS: Traitement...
2026-02-02T06:55:01.544Z -   ✓ Excel chargé: 9 places
2026-02-02T06:55:01.554Z -   ✓ Master JSON: 9 places
2026-02-02T06:55:01.563Z -   ✓ Excel sauvegardé: 9 places
2026-02-02T06:55:01.563Z - 
🔄 BT: Traitement...
2026-02-02T06:55:01.569Z -   ✓ Excel chargé: 0 places
2026-02-02T06:55:01.569Z -   ✓ Master JSON: 0 places
2026-02-02T06:55:01.570Z - 
🔄 BW: Traitement...
2026-02-02T06:55:01.578Z -   ✓ Excel chargé: 16 places
2026-02-02T06:55:01.588Z -   ✓ Master JSON: 15 places
2026-02-02T06:55:01.611Z -   ✓ Excel sauvegardé: 16 places
2026-02-02T06:55:01.612Z - 
🔄 BY: Traitement...
2026-02-02T06:55:01.627Z -   ✓ Excel chargé: 0 places
2026-02-02T06:55:01.627Z -   ✓ Master JSON: 0 places
2026-02-02T06:55:01.628Z - 
🔄 BZ: Traitement...
2026-02-02T06:55:01.644Z -   ✓ Excel chargé: 5 places
2026-02-02T06:55:01.698Z -   ✓ Master JSON: 5 places
2026-02-02T06:55:01.720Z -   ✓ Excel sauvegardé: 5 places
2026-02-02T06:55:01.721Z - 
🔄 CA: Traitement...
2026-02-02T06:55:01.737Z -   ✓ Excel chargé: 27 places
2026-02-02T06:55:01.762Z -   ✓ Master JSON: 27 places
2026-02-02T06:55:01.788Z -   ✓ Excel sauvegardé: 27 places
2026-02-02T06:55:01.790Z - 
🔄 CD: Traitement...
2026-02-02T06:55:01.803Z -   ✓ Excel chargé: 0 places
2026-02-02T06:55:01.804Z -   ✓ Master JSON: 0 places
2026-02-02T06:55:01.804Z - 
🔄 CF: Traitement...
2026-02-02T06:55:01.817Z -   ✓ Excel chargé: 0 places
2026-02-02T06:55:01.818Z -   ✓ Master JSON: 0 places
2026-02-02T06:55:01.819Z - 
🔄 CG: Traitement...
2026-02-02T06:55:01.827Z -   ✓ Excel chargé: 0 places
2026-02-02T06:55:01.828Z -   ✓ Master JSON: 0 places
2026-02-02T06:55:01.829Z - 
🔄 CH: Traitement...
2026-02-02T06:55:01.849Z -   ✓ Excel chargé: 56 places
2026-02-02T06:55:01.868Z -   ✓ Master JSON: 56 places
2026-02-02T06:55:01.911Z -   ✓ Excel sauvegardé: 56 places
2026-02-02T06:55:01.912Z - 
🔄 CI: Traitement...
2026-02-02T06:55:01.921Z -   ✓ Excel chargé: 0 places
2026-02-02T06:55:01.922Z -   ✓ Master JSON: 0 places
2026-02-02T06:55:01.923Z - 
🔄 CITIES: Traitement...
2026-02-02T06:55:01.932Z -   ✓ Excel chargé: 0 places
2026-02-02T06:55:01.933Z -   ✓ Master JSON: 0 places
2026-02-02T06:55:01.934Z - 
🔄 CK: Traitement...
2026-02-02T06:55:01.935Z -   ✓ Excel chargé: 0 places
2026-02-02T06:55:01.935Z -   ✓ Master JSON: 0 places
2026-02-02T06:55:01.936Z - 
🔄 CL: Traitement...
2026-02-02T06:55:01.946Z -   ✓ Excel chargé: 8 places
2026-02-02T06:55:01.955Z -   ✓ Master JSON: 8 places
2026-02-02T06:55:01.969Z -   ✓ Excel sauvegardé: 8 places
2026-02-02T06:55:01.970Z - 
🔄 CM: Traitement...
2026-02-02T06:55:01.979Z -   ✓ Excel chargé: 0 places
2026-02-02T06:55:01.980Z -   ✓ Master JSON: 0 places
2026-02-02T06:55:01.981Z - 
🔄 CN: Traitement...
2026-02-02T06:55:01.993Z -   ✓ Excel chargé: 34 places
2026-02-02T06:55:02.012Z -   ✓ Master JSON: 33 places
2026-02-02T06:55:02.012Z -   ✓ 1 nouvelles places ajoutées
2026-02-02T06:55:06.070Z -   ✓ Excel sauvegardé: 35 places
2026-02-02T06:55:06.072Z - 
🔄 CO: Traitement...
2026-02-02T06:55:06.087Z -   ✓ Excel chargé: 12 places
2026-02-02T06:55:06.108Z -   ✓ Master JSON: 12 places
2026-02-02T06:55:06.132Z -   ✓ Excel sauvegardé: 12 places
2026-02-02T06:55:06.132Z - 
🔄 CR: Traitement...
2026-02-02T06:55:06.139Z -   ✓ Excel chargé: 4 places
2026-02-02T06:55:06.151Z -   ✓ Master JSON: 4 places
2026-02-02T06:55:06.157Z -   ✓ Excel sauvegardé: 4 places
2026-02-02T06:55:06.158Z - 
🔄 CU: Traitement...
2026-02-02T06:55:06.167Z -   ✓ Excel chargé: 12 places
2026-02-02T06:55:06.180Z -   ✓ Master JSON: 12 places
2026-02-02T06:55:06.188Z -   ✓ Excel sauvegardé: 12 places
2026-02-02T06:55:06.189Z - 
🔄 CV: Traitement...
2026-02-02T06:55:06.194Z -   ✓ Excel chargé: 0 places
2026-02-02T06:55:06.194Z -   ✓ Master JSON: 0 places
2026-02-02T06:55:06.196Z - 
🔄 CY: Traitement...
2026-02-02T06:55:06.202Z -   ✓ Excel chargé: 0 places
2026-02-02T06:55:06.203Z -   ✓ Master JSON: 0 places
2026-02-02T06:55:06.204Z - 
🔄 CZ: Traitement...
2026-02-02T06:55:06.210Z -   ✓ Excel chargé: 19 places
2026-02-02T06:55:06.221Z -   ✓ Master JSON: 19 places
2026-02-02T06:55:06.231Z -   ✓ Excel sauvegardé: 19 places
2026-02-02T06:55:06.231Z - 
🔄 DE: Traitement...
2026-02-02T06:55:06.246Z -   ✓ Excel chargé: 112 places
2026-02-02T06:55:06.273Z -   ✓ Master JSON: 111 places
2026-02-02T06:55:06.313Z -   ✓ Excel sauvegardé: 112 places
2026-02-02T06:55:06.314Z - 
🔄 DJ: Traitement...
2026-02-02T06:55:06.316Z -   ✓ Excel chargé: 0 places
2026-02-02T06:55:06.316Z -   ✓ Master JSON: 0 places
2026-02-02T06:55:06.317Z - 
🔄 DK: Traitement...
2026-02-02T06:55:06.330Z -   ✓ Excel chargé: 14 places
2026-02-02T06:55:06.343Z -   ✓ Master JSON: 14 places
2026-02-02T06:55:06.354Z -   ✓ Excel sauvegardé: 14 places
2026-02-02T06:55:06.355Z - 
🔄 DM: Traitement...
2026-02-02T06:55:06.356Z -   ✓ Excel chargé: 0 places
2026-02-02T06:55:06.357Z -   ✓ Master JSON: 0 places
2026-02-02T06:55:06.358Z - 
🔄 DO: Traitement...
2026-02-02T06:55:06.365Z -   ✓ Excel chargé: 15 places
2026-02-02T06:55:06.374Z -   ✓ Master JSON: 15 places
2026-02-02T06:55:06.383Z -   ✓ Excel sauvegardé: 15 places
2026-02-02T06:55:06.384Z - 
🔄 DZ: Traitement...
2026-02-02T06:55:06.384Z -   ✓ Excel chargé: 0 places
2026-02-02T06:55:06.385Z -   ✓ Master JSON: 0 places
2026-02-02T06:55:06.385Z - 
🔄 EA: Traitement...
2026-02-02T06:55:06.391Z -   ✓ Excel chargé: 23 places
2026-02-02T06:55:06.401Z -   ✓ Master JSON: 23 places
2026-02-02T06:55:06.412Z -   ✓ Excel sauvegardé: 23 places
2026-02-02T06:55:06.413Z - 
🔄 EC: Traitement...
2026-02-02T06:55:06.421Z -   ✓ Excel chargé: 13 places
2026-02-02T06:55:06.432Z -   ✓ Master JSON: 13 places
2026-02-02T06:55:06.442Z -   ✓ Excel sauvegardé: 13 places
2026-02-02T06:55:06.443Z - 
🔄 EE: Traitement...
2026-02-02T06:55:06.444Z -   ✓ Excel chargé: 0 places
2026-02-02T06:55:06.445Z -   ✓ Master JSON: 0 places
2026-02-02T06:55:06.446Z - 
🔄 EG: Traitement...
2026-02-02T06:55:06.453Z -   ✓ Excel chargé: 17 places
2026-02-02T06:55:06.464Z -   ✓ Master JSON: 17 places
2026-02-02T06:55:06.474Z -   ✓ Excel sauvegardé: 17 places
2026-02-02T06:55:06.475Z - 
🔄 ER: Traitement...
2026-02-02T06:55:06.476Z -   ✓ Excel chargé: 0 places
2026-02-02T06:55:06.477Z -   ✓ Master JSON: 0 places
2026-02-02T06:55:06.478Z - 
🔄 ES: Traitement...
2026-02-02T06:55:06.499Z -   ✓ Excel chargé: 202 places
2026-02-02T06:55:06.527Z -   ✓ Master JSON: 182 places
2026-02-02T06:55:06.593Z -   ✓ Excel sauvegardé: 202 places
2026-02-02T06:55:06.594Z - 
🔄 ET: Traitement...
2026-02-02T06:55:06.595Z -   ✓ Excel chargé: 0 places
2026-02-02T06:55:06.596Z -   ✓ Master JSON: 0 places
2026-02-02T06:55:06.598Z - 
🔄 FI: Traitement...
2026-02-02T06:55:06.604Z -   ✓ Excel chargé: 9 places
2026-02-02T06:55:06.617Z -   ✓ Master JSON: 9 places
2026-02-02T06:55:06.633Z -   ✓ Excel sauvegardé: 9 places
2026-02-02T06:55:06.634Z - 
🔄 FJ: Traitement...
2026-02-02T06:55:06.635Z -   ✓ Excel chargé: 0 places
2026-02-02T06:55:06.636Z -   ✓ Master JSON: 0 places
2026-02-02T06:55:06.638Z - 
🔄 FM: Traitement...
2026-02-02T06:55:06.639Z -   ✓ Excel chargé: 0 places
2026-02-02T06:55:06.640Z -   ✓ Master JSON: 0 places
2026-02-02T06:55:06.641Z - 
🔄 FR: Traitement...
2026-02-02T06:55:06.738Z -   ✓ Excel chargé: 1255 places
2026-02-02T06:55:06.869Z -   ✓ Master JSON: 1213 places
2026-02-02T06:55:07.209Z -   ✓ Excel sauvegardé: 1255 places
2026-02-02T06:55:07.210Z - 
🔄 GA: Traitement...
2026-02-02T06:55:07.211Z -   ✓ Excel chargé: 0 places
2026-02-02T06:55:07.211Z -   ✓ Master JSON: 0 places
2026-02-02T06:55:07.213Z - 
🔄 GB: Traitement...
2026-02-02T06:55:07.228Z -   ✓ Excel chargé: 175 places
2026-02-02T06:55:07.280Z -   ✓ Master JSON: 171 places
2026-02-02T06:55:07.335Z -   ✓ Excel sauvegardé: 175 places
2026-02-02T06:55:07.336Z - 
🔄 GD: Traitement...
2026-02-02T06:55:07.336Z -   ✓ Excel chargé: 0 places
2026-02-02T06:55:07.337Z -   ✓ Master JSON: 0 places
2026-02-02T06:55:07.338Z - 
🔄 GE: Traitement...
2026-02-02T06:55:07.347Z -   ✓ Excel chargé: 19 places
2026-02-02T06:55:07.357Z -   ✓ Master JSON: 19 places
2026-02-02T06:55:07.368Z -   ✓ Excel sauvegardé: 19 places
2026-02-02T06:55:07.368Z - 
🔄 GF: Traitement...
2026-02-02T06:55:07.369Z -   ✓ Excel chargé: 0 places
2026-02-02T06:55:07.369Z -   ✓ Master JSON: 0 places
2026-02-02T06:55:07.370Z - 
🔄 GH: Traitement...
2026-02-02T06:55:07.370Z -   ✓ Excel chargé: 0 places
2026-02-02T06:55:07.371Z -   ✓ Master JSON: 0 places
2026-02-02T06:55:07.371Z - 
🔄 GM: Traitement...
2026-02-02T06:55:07.372Z -   ✓ Excel chargé: 0 places
2026-02-02T06:55:07.372Z -   ✓ Master JSON: 0 places
2026-02-02T06:55:07.372Z - 
🔄 GN: Traitement...
2026-02-02T06:55:07.373Z -   ✓ Excel chargé: 0 places
2026-02-02T06:55:07.373Z -   ✓ Master JSON: 0 places
2026-02-02T06:55:07.374Z - 
🔄 GP: Traitement...
2026-02-02T06:55:07.374Z -   ✓ Excel chargé: 0 places
2026-02-02T06:55:07.374Z -   ✓ Master JSON: 0 places
2026-02-02T06:55:07.375Z - 
🔄 GQ: Traitement...
2026-02-02T06:55:07.375Z -   ✓ Excel chargé: 0 places
2026-02-02T06:55:07.376Z -   ✓ Master JSON: 0 places
2026-02-02T06:55:07.376Z - 
🔄 GR: Traitement...
2026-02-02T06:55:07.387Z -   ✓ Excel chargé: 106 places
2026-02-02T06:55:07.413Z -   ✓ Master JSON: 105 places
2026-02-02T06:55:07.450Z -   ✓ Excel sauvegardé: 106 places
2026-02-02T06:55:07.450Z - 
🔄 GT: Traitement...
2026-02-02T06:55:07.458Z -   ✓ Excel chargé: 6 places
2026-02-02T06:55:07.470Z -   ✓ Master JSON: 6 places
2026-02-02T06:55:07.477Z -   ✓ Excel sauvegardé: 6 places
2026-02-02T06:55:07.478Z - 
🔄 GW: Traitement...
2026-02-02T06:55:07.478Z -   ✓ Excel chargé: 0 places
2026-02-02T06:55:07.479Z -   ✓ Master JSON: 0 places
2026-02-02T06:55:07.479Z - 
🔄 GY: Traitement...
2026-02-02T06:55:07.480Z -   ✓ Excel chargé: 0 places
2026-02-02T06:55:07.480Z -   ✓ Master JSON: 0 places
2026-02-02T06:55:07.481Z - 
🔄 HN: Traitement...
2026-02-02T06:55:07.481Z -   ✓ Excel chargé: 0 places
2026-02-02T06:55:07.482Z -   ✓ Master JSON: 0 places
2026-02-02T06:55:07.482Z - 
🔄 HR: Traitement...
2026-02-02T06:55:07.491Z -   ✓ Excel chargé: 88 places
2026-02-02T06:55:07.510Z -   ✓ Master JSON: 71 places
2026-02-02T06:55:07.582Z -   ✓ Excel sauvegardé: 88 places
2026-02-02T06:55:07.584Z - 
🔄 HT: Traitement...
2026-02-02T06:55:07.585Z -   ✓ Excel chargé: 0 places
2026-02-02T06:55:07.585Z -   ✓ Master JSON: 0 places
2026-02-02T06:55:07.587Z - 
🔄 HU: Traitement...
2026-02-02T06:55:07.615Z -   ✓ Excel chargé: 34 places
2026-02-02T06:55:07.647Z -   ✓ Master JSON: 34 places
2026-02-02T06:55:07.671Z -   ✓ Excel sauvegardé: 34 places
2026-02-02T06:55:07.672Z - 
🔄 ID: Traitement...
2026-02-02T06:55:07.685Z -   ✓ Excel chargé: 72 places
2026-02-02T06:55:07.702Z -   ✓ Master JSON: 72 places
2026-02-02T06:55:07.735Z -   ✓ Excel sauvegardé: 72 places
2026-02-02T06:55:07.736Z - 
🔄 IE: Traitement...
2026-02-02T06:55:07.745Z -   ✓ Excel chargé: 31 places
2026-02-02T06:55:07.758Z -   ✓ Master JSON: 31 places
2026-02-02T06:55:07.778Z -   ✓ Excel sauvegardé: 31 places
2026-02-02T06:55:07.779Z - 
🔄 IL: Traitement...
2026-02-02T06:55:07.788Z -   ✓ Excel chargé: 12 places
2026-02-02T06:55:07.799Z -   ✓ Master JSON: 12 places
2026-02-02T06:55:07.808Z -   ✓ Excel sauvegardé: 12 places
2026-02-02T06:55:07.809Z - 
🔄 IN: Traitement...
2026-02-02T06:55:07.820Z -   ✓ Excel chargé: 56 places
2026-02-02T06:55:07.834Z -   ✓ Master JSON: 56 places
2026-02-02T06:55:07.856Z -   ✓ Excel sauvegardé: 56 places
2026-02-02T06:55:07.857Z - 
🔄 IQ: Traitement...
2026-02-02T06:55:07.857Z -   ✓ Excel chargé: 0 places
2026-02-02T06:55:07.858Z -   ✓ Master JSON: 0 places
2026-02-02T06:55:07.858Z - 
🔄 IR: Traitement...
2026-02-02T06:55:07.859Z -   ✓ Excel chargé: 0 places
2026-02-02T06:55:07.859Z -   ✓ Master JSON: 0 places
2026-02-02T06:55:07.860Z - 
🔄 IS: Traitement...
2026-02-02T06:55:07.868Z -   ✓ Excel chargé: 11 places
2026-02-02T06:55:07.877Z -   ✓ Master JSON: 11 places
2026-02-02T06:55:07.886Z -   ✓ Excel sauvegardé: 11 places
2026-02-02T06:55:07.887Z - 
🔄 IT: Traitement...
2026-02-02T06:55:07.940Z -   ✓ Excel chargé: 503 places
2026-02-02T06:55:07.994Z -   ✓ Master JSON: 447 places
2026-02-02T06:55:08.182Z -   ✓ Excel sauvegardé: 503 places
2026-02-02T06:55:08.183Z - 
🔄 JM: Traitement...
2026-02-02T06:55:08.184Z -   ✓ Excel chargé: 0 places
2026-02-02T06:55:08.184Z -   ✓ Master JSON: 0 places
2026-02-02T06:55:08.185Z - 
🔄 JO: Traitement...
2026-02-02T06:55:08.192Z -   ✓ Excel chargé: 7 places
2026-02-02T06:55:08.201Z -   ✓ Master JSON: 7 places
2026-02-02T06:55:08.208Z -   ✓ Excel sauvegardé: 7 places
2026-02-02T06:55:08.209Z - 
🔄 JP: Traitement...
2026-02-02T06:55:08.225Z -   ✓ Excel chargé: 113 places
2026-02-02T06:55:08.250Z -   ✓ Master JSON: 113 places
2026-02-02T06:55:08.297Z -   ✓ Excel sauvegardé: 113 places
2026-02-02T06:55:08.298Z - 
🔄 KE: Traitement...
2026-02-02T06:55:08.299Z -   ✓ Excel chargé: 0 places
2026-02-02T06:55:08.299Z -   ✓ Master JSON: 0 places
2026-02-02T06:55:08.300Z - 
🔄 KG: Traitement...
2026-02-02T06:55:08.300Z -   ✓ Excel chargé: 0 places
2026-02-02T06:55:08.301Z -   ✓ Master JSON: 0 places
2026-02-02T06:55:08.302Z - 
🔄 KH: Traitement...
2026-02-02T06:55:08.307Z -   ✓ Excel chargé: 9 places
2026-02-02T06:55:08.316Z -   ✓ Master JSON: 8 places
2026-02-02T06:55:08.327Z -   ✓ Excel sauvegardé: 9 places
2026-02-02T06:55:08.328Z - 
🔄 KI: Traitement...
2026-02-02T06:55:08.328Z -   ✓ Excel chargé: 0 places
2026-02-02T06:55:08.329Z -   ✓ Master JSON: 0 places
2026-02-02T06:55:08.333Z - 
🔄 KM: Traitement...
2026-02-02T06:55:08.334Z -   ✓ Excel chargé: 0 places
2026-02-02T06:55:08.335Z -   ✓ Master JSON: 0 places
2026-02-02T06:55:08.337Z - 
🔄 KN: Traitement...
2026-02-02T06:55:08.341Z -   ✓ Excel chargé: 0 places
2026-02-02T06:55:08.343Z -   ✓ Master JSON: 0 places
2026-02-02T06:55:08.344Z - 
🔄 KP: Traitement...
2026-02-02T06:55:08.345Z -   ✓ Excel chargé: 0 places
2026-02-02T06:55:08.347Z -   ✓ Master JSON: 0 places
2026-02-02T06:55:08.349Z - 
🔄 KR: Traitement...
2026-02-02T06:55:08.358Z -   ✓ Excel chargé: 5 places
2026-02-02T06:55:08.368Z -   ✓ Master JSON: 5 places
2026-02-02T06:55:08.379Z -   ✓ Excel sauvegardé: 5 places
2026-02-02T06:55:08.380Z - 
🔄 KW: Traitement...
2026-02-02T06:55:08.381Z -   ✓ Excel chargé: 0 places
2026-02-02T06:55:08.381Z -   ✓ Master JSON: 0 places
2026-02-02T06:55:08.382Z - 
🔄 KZ: Traitement...
2026-02-02T06:55:08.390Z -   ✓ Excel chargé: 19 places
2026-02-02T06:55:08.399Z -   ✓ Master JSON: 19 places
2026-02-02T06:55:08.413Z -   ✓ Excel sauvegardé: 19 places
2026-02-02T06:55:08.414Z - 
🔄 LA: Traitement...
2026-02-02T06:55:08.423Z -   ✓ Excel chargé: 43 places
2026-02-02T06:55:08.437Z -   ✓ Master JSON: 21 places
2026-02-02T06:55:08.469Z -   ✓ Excel sauvegardé: 43 places
2026-02-02T06:55:08.470Z - 
🔄 LB: Traitement...
2026-02-02T06:55:08.471Z -   ✓ Excel chargé: 0 places
2026-02-02T06:55:08.472Z -   ✓ Master JSON: 0 places
2026-02-02T06:55:08.473Z - 
🔄 LC: Traitement...
2026-02-02T06:55:08.474Z -   ✓ Excel chargé: 0 places
2026-02-02T06:55:08.475Z -   ✓ Master JSON: 0 places
2026-02-02T06:55:08.476Z - 
🔄 LI: Traitement...
2026-02-02T06:55:08.477Z -   ✓ Excel chargé: 0 places
2026-02-02T06:55:08.478Z -   ✓ Master JSON: 0 places
2026-02-02T06:55:08.480Z - 
🔄 LK: Traitement...
2026-02-02T06:55:08.492Z -   ✓ Excel chargé: 34 places
2026-02-02T06:55:08.510Z -   ✓ Master JSON: 34 places
2026-02-02T06:55:08.547Z -   ✓ Excel sauvegardé: 34 places
2026-02-02T06:55:08.549Z - 
🔄 LR: Traitement...
2026-02-02T06:55:08.549Z -   ✓ Excel chargé: 0 places
2026-02-02T06:55:08.550Z -   ✓ Master JSON: 0 places
2026-02-02T06:55:08.551Z - 
🔄 LS: Traitement...
2026-02-02T06:55:08.553Z -   ✓ Excel chargé: 0 places
2026-02-02T06:55:08.553Z -   ✓ Master JSON: 0 places
2026-02-02T06:55:08.554Z - 
🔄 LT: Traitement...
2026-02-02T06:55:08.573Z -   ✓ Excel chargé: 4 places
2026-02-02T06:55:08.589Z -   ✓ Master JSON: 4 places
2026-02-02T06:55:08.598Z -   ✓ Excel sauvegardé: 4 places
2026-02-02T06:55:08.599Z - 
🔄 LU: Traitement...
2026-02-02T06:55:08.600Z -   ✓ Excel chargé: 0 places
2026-02-02T06:55:08.600Z -   ✓ Master JSON: 0 places
2026-02-02T06:55:08.601Z - 
🔄 LV: Traitement...
2026-02-02T06:55:08.607Z -   ✓ Excel chargé: 11 places
2026-02-02T06:55:08.616Z -   ✓ Master JSON: 11 places
2026-02-02T06:55:08.626Z -   ✓ Excel sauvegardé: 11 places
2026-02-02T06:55:08.627Z - 
🔄 LY: Traitement...
2026-02-02T06:55:08.627Z -   ✓ Excel chargé: 0 places
2026-02-02T06:55:08.628Z -   ✓ Master JSON: 0 places
2026-02-02T06:55:08.628Z - 
🔄 MA: Traitement...
2026-02-02T06:55:08.634Z -   ✓ Excel chargé: 5 places
2026-02-02T06:55:08.642Z -   ✓ Master JSON: 5 places
2026-02-02T06:55:08.650Z -   ✓ Excel sauvegardé: 5 places
2026-02-02T06:55:08.651Z - 
🔄 MC: Traitement...
2026-02-02T06:55:08.651Z -   ✓ Excel chargé: 0 places
2026-02-02T06:55:08.652Z -   ✓ Master JSON: 0 places
2026-02-02T06:55:08.652Z - 
🔄 MD: Traitement...
2026-02-02T06:55:08.657Z -   ✓ Excel chargé: 6 places
2026-02-02T06:55:08.666Z -   ✓ Master JSON: 6 places
2026-02-02T06:55:08.677Z -   ✓ Excel sauvegardé: 6 places
2026-02-02T06:55:08.678Z - 
🔄 ME: Traitement...
2026-02-02T06:55:08.683Z -   ✓ Excel chargé: 12 places
2026-02-02T06:55:08.692Z -   ✓ Master JSON: 12 places
2026-02-02T06:55:08.706Z -   ✓ Excel sauvegardé: 12 places
2026-02-02T06:55:08.707Z - 
🔄 MF: Traitement...
2026-02-02T06:55:08.708Z -   ✓ Excel chargé: 0 places
2026-02-02T06:55:08.709Z -   ✓ Master JSON: 0 places
2026-02-02T06:55:08.709Z - 
🔄 MG: Traitement...
2026-02-02T06:55:08.718Z -   ✓ Excel chargé: 19 places
2026-02-02T06:55:08.727Z -   ✓ Master JSON: 19 places
2026-02-02T06:55:08.742Z -   ✓ Excel sauvegardé: 19 places
2026-02-02T06:55:08.742Z - 
🔄 MH: Traitement...
2026-02-02T06:55:08.743Z -   ✓ Excel chargé: 0 places
2026-02-02T06:55:08.743Z -   ✓ Master JSON: 0 places
2026-02-02T06:55:08.744Z - 
🔄 MK: Traitement...
2026-02-02T06:55:08.744Z -   ✓ Excel chargé: 0 places
2026-02-02T06:55:08.745Z -   ✓ Master JSON: 0 places
2026-02-02T06:55:08.746Z - 
🔄 ML: Traitement...
2026-02-02T06:55:08.746Z -   ✓ Excel chargé: 0 places
2026-02-02T06:55:08.747Z -   ✓ Master JSON: 0 places
2026-02-02T06:55:08.748Z - 
🔄 MM: Traitement...
2026-02-02T06:55:08.749Z -   ✓ Excel chargé: 0 places
2026-02-02T06:55:08.750Z -   ✓ Master JSON: 0 places
2026-02-02T06:55:08.750Z - 
🔄 MN: Traitement...
2026-02-02T06:55:08.757Z -   ✓ Excel chargé: 24 places
2026-02-02T06:55:08.769Z -   ✓ Master JSON: 24 places
2026-02-02T06:55:08.781Z -   ✓ Excel sauvegardé: 24 places
2026-02-02T06:55:08.782Z - 
🔄 MQ: Traitement...
2026-02-02T06:55:08.783Z -   ✓ Excel chargé: 0 places
2026-02-02T06:55:08.783Z -   ✓ Master JSON: 0 places
2026-02-02T06:55:08.784Z - 
🔄 MR: Traitement...
2026-02-02T06:55:08.784Z -   ✓ Excel chargé: 0 places
2026-02-02T06:55:08.785Z -   ✓ Master JSON: 0 places
2026-02-02T06:55:08.786Z - 
🔄 MT: Traitement...
2026-02-02T06:55:08.786Z -   ✓ Excel chargé: 0 places
2026-02-02T06:55:08.787Z -   ✓ Master JSON: 0 places
2026-02-02T06:55:08.787Z - 
🔄 MU: Traitement...
2026-02-02T06:55:08.793Z -   ✓ Excel chargé: 14 places
2026-02-02T06:55:08.803Z -   ✓ Master JSON: 14 places
2026-02-02T06:55:08.813Z -   ✓ Excel sauvegardé: 14 places
2026-02-02T06:55:08.814Z - 
🔄 MV: Traitement...
2026-02-02T06:55:08.814Z -   ✓ Excel chargé: 0 places
2026-02-02T06:55:08.815Z -   ✓ Master JSON: 0 places
2026-02-02T06:55:08.815Z - 
🔄 MW: Traitement...
2026-02-02T06:55:08.816Z -   ✓ Excel chargé: 0 places
2026-02-02T06:55:08.816Z -   ✓ Master JSON: 0 places
2026-02-02T06:55:08.817Z - 
🔄 MX: Traitement...
2026-02-02T06:55:08.866Z -   ✓ Excel chargé: 27 places
2026-02-02T06:55:08.876Z -   ✓ Master JSON: 27 places
2026-02-02T06:55:08.891Z -   ✓ Excel sauvegardé: 27 places
2026-02-02T06:55:08.891Z - 
🔄 MY: Traitement...
2026-02-02T06:55:08.897Z -   ✓ Excel chargé: 6 places
2026-02-02T06:55:08.906Z -   ✓ Master JSON: 6 places
2026-02-02T06:55:08.913Z -   ✓ Excel sauvegardé: 6 places
2026-02-02T06:55:08.914Z - 
🔄 MZ: Traitement...
2026-02-02T06:55:08.914Z -   ✓ Excel chargé: 0 places
2026-02-02T06:55:08.915Z -   ✓ Master JSON: 0 places
2026-02-02T06:55:08.915Z - 
🔄 NA: Traitement...
2026-02-02T06:55:08.925Z -   ✓ Excel chargé: 49 places
2026-02-02T06:55:08.938Z -   ✓ Master JSON: 27 places
2026-02-02T06:55:08.957Z -   ✓ Excel sauvegardé: 49 places
2026-02-02T06:55:08.958Z - 
🔄 NC: Traitement...
2026-02-02T06:55:08.959Z -   ✓ Excel chargé: 0 places
2026-02-02T06:55:08.959Z -   ✓ Master JSON: 0 places
2026-02-02T06:55:08.960Z - 
🔄 NE: Traitement...
2026-02-02T06:55:08.960Z -   ✓ Excel chargé: 0 places
2026-02-02T06:55:08.961Z -   ✓ Master JSON: 0 places
2026-02-02T06:55:08.962Z - 
🔄 NG: Traitement...
2026-02-02T06:55:08.963Z -   ✓ Excel chargé: 0 places
2026-02-02T06:55:08.963Z -   ✓ Master JSON: 0 places
2026-02-02T06:55:08.965Z - 
🔄 NI: Traitement...
2026-02-02T06:55:08.982Z -   ✓ Excel chargé: 45 places
2026-02-02T06:55:08.995Z -   ✓ Master JSON: 19 places
2026-02-02T06:55:09.019Z -   ✓ Excel sauvegardé: 45 places
2026-02-02T06:55:09.020Z - 
🔄 NL: Traitement...
2026-02-02T06:55:09.031Z -   ✓ Excel chargé: 28 places
2026-02-02T06:55:09.045Z -   ✓ Master JSON: 28 places
2026-02-02T06:55:09.063Z -   ✓ Excel sauvegardé: 28 places
2026-02-02T06:55:09.064Z - 
🔄 NO: Traitement...
2026-02-02T06:55:09.071Z -   ✓ Excel chargé: 16 places
2026-02-02T06:55:09.080Z -   ✓ Master JSON: 4 places
2026-02-02T06:55:09.092Z -   ✓ Excel sauvegardé: 16 places
2026-02-02T06:55:09.092Z - 
🔄 NP: Traitement...
2026-02-02T06:55:09.093Z -   ✓ Excel chargé: 0 places
2026-02-02T06:55:09.094Z -   ✓ Master JSON: 0 places
2026-02-02T06:55:09.095Z - 
🔄 NR: Traitement...
2026-02-02T06:55:09.095Z -   ✓ Excel chargé: 0 places
2026-02-02T06:55:09.096Z -   ✓ Master JSON: 0 places
2026-02-02T06:55:09.098Z - 
🔄 NZ: Traitement...
2026-02-02T06:55:09.108Z -   ✓ Excel chargé: 44 places
2026-02-02T06:55:09.118Z -   ✓ Master JSON: 33 places
2026-02-02T06:55:09.138Z -   ✓ Excel sauvegardé: 44 places
2026-02-02T06:55:09.138Z - 
🔄 OM: Traitement...
2026-02-02T06:55:09.143Z -   ✓ Excel chargé: 5 places
2026-02-02T06:55:09.151Z -   ✓ Master JSON: 5 places
2026-02-02T06:55:09.158Z -   ✓ Excel sauvegardé: 5 places
2026-02-02T06:55:09.159Z - 
🔄 PA: Traitement...
2026-02-02T06:55:09.168Z -   ✓ Excel chargé: 9 places
2026-02-02T06:55:09.177Z -   ✓ Master JSON: 8 places
2026-02-02T06:55:09.186Z -   ✓ Excel sauvegardé: 9 places
2026-02-02T06:55:09.187Z - 
🔄 PE: Traitement...
2026-02-02T06:55:09.194Z -   ✓ Excel chargé: 19 places
2026-02-02T06:55:09.206Z -   ✓ Master JSON: 19 places
2026-02-02T06:55:09.221Z -   ✓ Excel sauvegardé: 19 places
2026-02-02T06:55:09.222Z - 
🔄 PF: Traitement...
2026-02-02T06:55:09.237Z -   ✓ Excel chargé: 31 places
2026-02-02T06:55:09.249Z -   ✓ Master JSON: 30 places
2026-02-02T06:55:09.266Z -   ✓ Excel sauvegardé: 31 places
2026-02-02T06:55:09.267Z - 
🔄 PG: Traitement...
2026-02-02T06:55:09.267Z -   ✓ Excel chargé: 0 places
2026-02-02T06:55:09.268Z -   ✓ Master JSON: 0 places
2026-02-02T06:55:09.268Z - 
🔄 PH: Traitement...
2026-02-02T06:55:09.274Z -   ✓ Excel chargé: 11 places
2026-02-02T06:55:09.284Z -   ✓ Master JSON: 11 places
2026-02-02T06:55:09.293Z -   ✓ Excel sauvegardé: 11 places
2026-02-02T06:55:09.293Z - 
🔄 PK: Traitement...
2026-02-02T06:55:09.294Z -   ✓ Excel chargé: 0 places
2026-02-02T06:55:09.294Z -   ✓ Master JSON: 0 places
2026-02-02T06:55:09.295Z - 
🔄 PL: Traitement...
2026-02-02T06:55:09.304Z -   ✓ Excel chargé: 35 places
2026-02-02T06:55:09.318Z -   ✓ Master JSON: 35 places
2026-02-02T06:55:09.337Z -   ✓ Excel sauvegardé: 35 places
2026-02-02T06:55:09.337Z - 
🔄 PM: Traitement...
2026-02-02T06:55:09.338Z -   ✓ Excel chargé: 0 places
2026-02-02T06:55:09.339Z -   ✓ Master JSON: 0 places
2026-02-02T06:55:09.339Z - 
🔄 PT: Traitement...
2026-02-02T06:55:09.353Z -   ✓ Excel chargé: 66 places
2026-02-02T06:55:09.373Z -   ✓ Master JSON: 49 places
2026-02-02T06:55:09.400Z -   ✓ Excel sauvegardé: 66 places
2026-02-02T06:55:09.401Z - 
🔄 PW: Traitement...
2026-02-02T06:55:09.401Z -   ✓ Excel chargé: 0 places
2026-02-02T06:55:09.402Z -   ✓ Master JSON: 0 places
2026-02-02T06:55:09.402Z - 
🔄 PY: Traitement...
2026-02-02T06:55:09.407Z -   ✓ Excel chargé: 4 places
2026-02-02T06:55:09.416Z -   ✓ Master JSON: 4 places
2026-02-02T06:55:09.421Z -   ✓ Excel sauvegardé: 4 places
2026-02-02T06:55:09.422Z - 
🔄 QA: Traitement...
2026-02-02T06:55:09.422Z -   ✓ Excel chargé: 0 places
2026-02-02T06:55:09.423Z -   ✓ Master JSON: 0 places
2026-02-02T06:55:09.424Z - 
🔄 RE: Traitement...
2026-02-02T06:55:09.424Z -   ✓ Excel chargé: 0 places
2026-02-02T06:55:09.425Z -   ✓ Master JSON: 0 places
2026-02-02T06:55:09.425Z - 
🔄 RO: Traitement...
2026-02-02T06:55:09.433Z -   ✓ Excel chargé: 15 places
2026-02-02T06:55:09.443Z -   ✓ Master JSON: 13 places
2026-02-02T06:55:09.455Z -   ✓ Excel sauvegardé: 15 places
2026-02-02T06:55:09.455Z - 
🔄 RS: Traitement...
2026-02-02T06:55:09.462Z -   ✓ Excel chargé: 14 places
2026-02-02T06:55:09.474Z -   ✓ Master JSON: 14 places
2026-02-02T06:55:09.484Z -   ✓ Excel sauvegardé: 14 places
2026-02-02T06:55:09.485Z - 
🔄 RT IMPORTÉS: Traitement...
2026-02-02T06:55:09.486Z -   ✓ Excel chargé: 0 places
2026-02-02T06:55:09.487Z -   ✓ Master JSON: 0 places
2026-02-02T06:55:09.488Z - 
🔄 RU: Traitement...
2026-02-02T06:55:09.489Z -   ✓ Excel chargé: 0 places
2026-02-02T06:55:09.489Z -   ✓ Master JSON: 0 places
2026-02-02T06:55:09.490Z - 
🔄 RW: Traitement...
2026-02-02T06:55:09.491Z -   ✓ Excel chargé: 0 places
2026-02-02T06:55:09.492Z -   ✓ Master JSON: 0 places
2026-02-02T06:55:09.493Z - 
🔄 SA: Traitement...
2026-02-02T06:55:09.493Z -   ✓ Excel chargé: 0 places
2026-02-02T06:55:09.494Z -   ✓ Master JSON: 0 places
2026-02-02T06:55:09.494Z - 
🔄 SB: Traitement...
2026-02-02T06:55:09.495Z -   ✓ Excel chargé: 0 places
2026-02-02T06:55:09.496Z -   ✓ Master JSON: 0 places
2026-02-02T06:55:09.496Z - 
🔄 SC: Traitement...
2026-02-02T06:55:09.497Z -   ✓ Excel chargé: 0 places
2026-02-02T06:55:09.499Z -   ✓ Master JSON: 0 places
2026-02-02T06:55:09.500Z - 
🔄 SD: Traitement...
2026-02-02T06:55:09.500Z -   ✓ Excel chargé: 0 places
2026-02-02T06:55:09.501Z -   ✓ Master JSON: 0 places
2026-02-02T06:55:09.502Z - 
🔄 SE: Traitement...
2026-02-02T06:55:09.514Z -   ✓ Excel chargé: 42 places
2026-02-02T06:55:09.526Z -   ✓ Master JSON: 42 places
2026-02-02T06:55:09.552Z -   ✓ Excel sauvegardé: 42 places
2026-02-02T06:55:09.552Z - 
🔄 SG: Traitement...
2026-02-02T06:55:09.553Z -   ✓ Excel chargé: 0 places
2026-02-02T06:55:09.554Z -   ✓ Master JSON: 0 places
2026-02-02T06:55:09.555Z - 
🔄 SI: Traitement...
2026-02-02T06:55:09.565Z -   ✓ Excel chargé: 9 places
2026-02-02T06:55:09.577Z -   ✓ Master JSON: 9 places
2026-02-02T06:55:09.587Z -   ✓ Excel sauvegardé: 9 places
2026-02-02T06:55:09.588Z - 
🔄 SK: Traitement...
2026-02-02T06:55:09.595Z -   ✓ Excel chargé: 11 places
2026-02-02T06:55:09.608Z -   ✓ Master JSON: 11 places
2026-02-02T06:55:09.619Z -   ✓ Excel sauvegardé: 11 places
2026-02-02T06:55:09.619Z - 
🔄 SL: Traitement...
2026-02-02T06:55:09.620Z -   ✓ Excel chargé: 0 places
2026-02-02T06:55:09.621Z -   ✓ Master JSON: 0 places
2026-02-02T06:55:09.622Z - 
🔄 SM: Traitement...
2026-02-02T06:55:09.622Z -   ✓ Excel chargé: 0 places
2026-02-02T06:55:09.623Z -   ✓ Master JSON: 0 places
2026-02-02T06:55:09.623Z - 
🔄 SN: Traitement...
2026-02-02T06:55:09.629Z -   ✓ Excel chargé: 8 places
2026-02-02T06:55:09.640Z -   ✓ Master JSON: 8 places
2026-02-02T06:55:09.647Z -   ✓ Excel sauvegardé: 8 places
2026-02-02T06:55:09.648Z - 
🔄 SO: Traitement...
2026-02-02T06:55:09.649Z -   ✓ Excel chargé: 0 places
2026-02-02T06:55:09.649Z -   ✓ Master JSON: 0 places
2026-02-02T06:55:09.650Z - 
🔄 SR: Traitement...
2026-02-02T06:55:09.658Z -   ✓ Excel chargé: 10 places
2026-02-02T06:55:09.659Z -   ✓ Master JSON: 0 places
2026-02-02T06:55:09.669Z -   ✓ Excel sauvegardé: 10 places
2026-02-02T06:55:09.669Z - 
🔄 SS: Traitement...
2026-02-02T06:55:09.670Z -   ✓ Excel chargé: 0 places
2026-02-02T06:55:09.671Z -   ✓ Master JSON: 0 places
2026-02-02T06:55:09.671Z - 
🔄 ST: Traitement...
2026-02-02T06:55:09.672Z -   ✓ Excel chargé: 0 places
2026-02-02T06:55:09.672Z -   ✓ Master JSON: 0 places
2026-02-02T06:55:09.673Z - 
🔄 SV: Traitement...
2026-02-02T06:55:09.678Z -   ✓ Excel chargé: 9 places
2026-02-02T06:55:09.686Z -   ✓ Master JSON: 9 places
2026-02-02T06:55:09.696Z -   ✓ Excel sauvegardé: 9 places
2026-02-02T06:55:09.696Z - 
🔄 SY: Traitement...
2026-02-02T06:55:09.698Z -   ✓ Excel chargé: 0 places
2026-02-02T06:55:09.699Z -   ✓ Master JSON: 0 places
2026-02-02T06:55:09.700Z - 
🔄 SZ: Traitement...
2026-02-02T06:55:09.701Z -   ✓ Excel chargé: 0 places
2026-02-02T06:55:09.701Z -   ✓ Master JSON: 0 places
2026-02-02T06:55:09.702Z - 
🔄 TD: Traitement...
2026-02-02T06:55:09.703Z -   ✓ Excel chargé: 0 places
2026-02-02T06:55:09.703Z -   ✓ Master JSON: 0 places
2026-02-02T06:55:09.704Z - 
🔄 TG: Traitement...
2026-02-02T06:55:09.704Z -   ✓ Excel chargé: 0 places
2026-02-02T06:55:09.705Z -   ✓ Master JSON: 0 places
2026-02-02T06:55:09.706Z - 
🔄 TH: Traitement...
2026-02-02T06:55:09.711Z -   ✓ Excel chargé: 24 places
2026-02-02T06:55:09.721Z -   ✓ Master JSON: 24 places
2026-02-02T06:55:09.737Z -   ✓ Excel sauvegardé: 24 places
2026-02-02T06:55:09.738Z - 
🔄 TJ: Traitement...
2026-02-02T06:55:09.739Z -   ✓ Excel chargé: 0 places
2026-02-02T06:55:09.740Z -   ✓ Master JSON: 0 places
2026-02-02T06:55:09.741Z - 
🔄 TL: Traitement...
2026-02-02T06:55:09.741Z -   ✓ Excel chargé: 0 places
2026-02-02T06:55:09.742Z -   ✓ Master JSON: 0 places
2026-02-02T06:55:09.743Z - 
🔄 TM: Traitement...
2026-02-02T06:55:09.750Z -   ✓ Excel chargé: 8 places
2026-02-02T06:55:09.758Z -   ✓ Master JSON: 8 places
2026-02-02T06:55:09.768Z -   ✓ Excel sauvegardé: 8 places
2026-02-02T06:55:09.769Z - 
🔄 TN: Traitement...
2026-02-02T06:55:09.770Z -   ✓ Excel chargé: 0 places
2026-02-02T06:55:09.770Z -   ✓ Master JSON: 0 places
2026-02-02T06:55:09.771Z - 
🔄 TO: Traitement...
2026-02-02T06:55:09.772Z -   ✓ Excel chargé: 0 places
2026-02-02T06:55:09.772Z -   ✓ Master JSON: 0 places
2026-02-02T06:55:09.773Z - 
🔄 TR: Traitement...
2026-02-02T06:55:09.780Z -   ✓ Excel chargé: 61 places
2026-02-02T06:55:09.795Z -   ✓ Master JSON: 60 places
2026-02-02T06:55:09.820Z -   ✓ Excel sauvegardé: 61 places
2026-02-02T06:55:09.821Z - 
🔄 TT: Traitement...
2026-02-02T06:55:09.821Z -   ✓ Excel chargé: 0 places
2026-02-02T06:55:09.822Z -   ✓ Master JSON: 0 places
2026-02-02T06:55:09.823Z - 
🔄 TV: Traitement...
2026-02-02T06:55:09.823Z -   ✓ Excel chargé: 0 places
2026-02-02T06:55:09.824Z -   ✓ Master JSON: 0 places
2026-02-02T06:55:09.824Z - 
🔄 TZ: Traitement...
2026-02-02T06:55:09.830Z -   ✓ Excel chargé: 17 places
2026-02-02T06:55:09.841Z -   ✓ Master JSON: 17 places
2026-02-02T06:55:09.852Z -   ✓ Excel sauvegardé: 17 places
2026-02-02T06:55:09.853Z - 
🔄 UA: Traitement...
2026-02-02T06:55:09.853Z -   ✓ Excel chargé: 0 places
2026-02-02T06:55:09.854Z -   ✓ Master JSON: 0 places
2026-02-02T06:55:09.854Z - 
🔄 UG: Traitement...
2026-02-02T06:55:09.855Z -   ✓ Excel chargé: 0 places
2026-02-02T06:55:09.855Z -   ✓ Master JSON: 0 places
2026-02-02T06:55:09.856Z - 
🔄 US: Traitement...
2026-02-02T06:55:09.889Z -   ✓ Excel chargé: 540 places
2026-02-02T06:55:09.972Z -   ✓ Master JSON: 412 places
2026-02-02T07:05:08.922Z -   ✓ Excel sauvegardé: 540 places
2026-02-02T07:05:08.923Z - 
🔄 UY: Traitement...
2026-02-02T07:05:08.924Z -   ✓ Excel chargé: 0 places
2026-02-02T07:05:08.925Z -   ✓ Master JSON: 0 places
2026-02-02T07:05:08.926Z - 
🔄 UZ: Traitement...
2026-02-02T07:05:08.947Z -   ✓ Excel chargé: 6 places
2026-02-02T07:05:08.958Z -   ✓ Master JSON: 6 places
2026-02-02T07:05:08.968Z -   ✓ Excel sauvegardé: 6 places
2026-02-02T07:05:08.969Z - 
🔄 VA: Traitement...
2026-02-02T07:05:08.970Z -   ✓ Excel chargé: 0 places
2026-02-02T07:05:08.971Z -   ✓ Master JSON: 0 places
2026-02-02T07:05:08.972Z - 
🔄 VC: Traitement...
2026-02-02T07:05:08.973Z -   ✓ Excel chargé: 0 places
2026-02-02T07:05:08.973Z -   ✓ Master JSON: 0 places
2026-02-02T07:05:08.974Z - 
🔄 VE: Traitement...
2026-02-02T07:05:08.975Z -   ✓ Excel chargé: 0 places
2026-02-02T07:05:08.976Z -   ✓ Master JSON: 0 places
2026-02-02T07:05:08.977Z - 
🔄 VN: Traitement...
2026-02-02T07:05:08.997Z -   ✓ Excel chargé: 27 places
2026-02-02T07:05:09.012Z -   ✓ Master JSON: 26 places
2026-02-02T07:05:09.029Z -   ✓ Excel sauvegardé: 27 places
2026-02-02T07:05:09.029Z - 
🔄 VU: Traitement...
2026-02-02T07:05:09.030Z -   ✓ Excel chargé: 0 places
2026-02-02T07:05:09.030Z -   ✓ Master JSON: 0 places
2026-02-02T07:05:09.031Z - 
🔄 WF: Traitement...
2026-02-02T07:05:09.031Z -   ✓ Excel chargé: 0 places
2026-02-02T07:05:09.032Z -   ✓ Master JSON: 0 places
2026-02-02T07:05:09.033Z - 
🔄 WS: Traitement...
2026-02-02T07:05:09.033Z -   ✓ Excel chargé: 0 places
2026-02-02T07:05:09.034Z -   ✓ Master JSON: 0 places
2026-02-02T07:05:09.034Z - 
🔄 XX: Traitement...
2026-02-02T07:05:09.035Z -   ✓ Excel chargé: 0 places
2026-02-02T07:05:09.036Z -   ✓ Master JSON: 0 places
2026-02-02T07:05:09.037Z - 
🔄 YE: Traitement...
2026-02-02T07:05:09.038Z -   ✓ Excel chargé: 0 places
2026-02-02T07:05:09.038Z -   ✓ Master JSON: 0 places
2026-02-02T07:05:09.039Z - 
🔄 YT: Traitement...
2026-02-02T07:05:09.040Z -   ✓ Excel chargé: 0 places
2026-02-02T07:05:09.041Z -   ✓ Master JSON: 0 places
2026-02-02T07:05:09.042Z - 
🔄 ZA: Traitement...
2026-02-02T07:05:09.073Z -   ✓ Excel chargé: 114 places
2026-02-02T07:05:09.096Z -   ✓ Master JSON: 85 places
2026-02-02T07:05:15.831Z -   ✓ Excel sauvegardé: 114 places
2026-02-02T07:05:15.832Z - 
🔄 ZM: Traitement...
2026-02-02T07:05:15.833Z -   ✓ Excel chargé: 0 places
2026-02-02T07:05:15.835Z -   ✓ Master JSON: 0 places
2026-02-02T07:05:15.836Z - 
🔄 ZW: Traitement...
2026-02-02T07:05:15.838Z -   ✓ Excel chargé: 0 places
2026-02-02T07:05:15.839Z -   ✓ Master JSON: 0 places
2026-02-02T07:05:15.841Z - 
🔄 _TR_CACHE: Traitement...
2026-02-02T07:05:15.861Z -   ✓ Excel chargé: 0 places
2026-02-02T07:05:15.863Z -   ✓ Master JSON: 0 places
