2026-02-10T10:43:03.992Z - 
============================================================
2026-02-10T10:43:04.014Z - 🔄 MODE UPDATE - 10/02/2026 11:43:03
2026-02-10T10:43:04.015Z - ============================================================
2026-02-10T10:43:04.153Z - 
🔄 .RATINGS_BACKUPS: Traitement...
2026-02-10T10:43:04.154Z -   ✓ Excel chargé: 0 places
2026-02-10T10:43:04.155Z -   ✓ Master JSON: 0 places
2026-02-10T10:43:04.157Z - 
🔄 AD: Traitement...
2026-02-10T10:43:04.201Z -   ✓ Excel chargé: 0 places
2026-02-10T10:43:04.202Z -   ✓ Master JSON: 0 places
2026-02-10T10:43:04.203Z - 
🔄 AE: Traitement...
2026-02-10T10:43:04.216Z -   ✓ Excel chargé: 8 places
2026-02-10T10:43:04.220Z -   ✓ Master JSON: 8 places
2026-02-10T10:43:04.260Z -   ✓ Excel sauvegardé: 8 places
2026-02-10T10:43:04.261Z - 
🔄 AF: Traitement...
2026-02-10T10:43:04.274Z -   ✓ Excel chargé: 0 places
2026-02-10T10:43:04.275Z -   ✓ Master JSON: 0 places
2026-02-10T10:43:04.275Z - 
🔄 AG: Traitement...
2026-02-10T10:43:04.283Z -   ✓ Excel chargé: 0 places
2026-02-10T10:43:04.284Z -   ✓ Master JSON: 0 places
2026-02-10T10:43:04.285Z - 
🔄 AI: Traitement...
2026-02-10T10:43:04.285Z -   ✓ Excel chargé: 0 places
2026-02-10T10:43:04.286Z -   ✓ Master JSON: 0 places
2026-02-10T10:43:04.287Z - 
🔄 AL: Traitement...
2026-02-10T10:43:04.296Z -   ✓ Excel chargé: 11 places
2026-02-10T10:43:04.300Z -   ✓ Master JSON: 11 places
2026-02-10T10:43:04.313Z -   ✓ Excel sauvegardé: 11 places
2026-02-10T10:43:04.313Z - 
🔄 AM: Traitement...
2026-02-10T10:43:04.321Z -   ✓ Excel chargé: 8 places
2026-02-10T10:43:04.326Z -   ✓ Master JSON: 8 places
2026-02-10T10:43:04.336Z -   ✓ Excel sauvegardé: 8 places
2026-02-10T10:43:04.336Z - 
🔄 AO: Traitement...
2026-02-10T10:43:04.344Z -   ✓ Excel chargé: 0 places
2026-02-10T10:43:04.344Z -   ✓ Master JSON: 0 places
2026-02-10T10:43:04.345Z - 
🔄 AR: Traitement...
2026-02-10T10:43:04.364Z -   ✓ Excel chargé: 43 places
2026-02-10T10:43:04.378Z -   ✓ Master JSON: 34 places
2026-02-10T10:43:04.410Z -   ✓ Excel sauvegardé: 43 places
2026-02-10T10:43:04.411Z - 
🔄 AS: Traitement...
2026-02-10T10:43:04.411Z -   ✓ Excel chargé: 0 places
2026-02-10T10:43:04.412Z -   ✓ Master JSON: 0 places
2026-02-10T10:43:04.413Z - 
🔄 AT: Traitement...
2026-02-10T10:43:04.431Z -   ✓ Excel chargé: 44 places
2026-02-10T10:43:04.438Z -   ✓ Master JSON: 44 places
2026-02-10T10:43:04.457Z -   ✓ Excel sauvegardé: 44 places
2026-02-10T10:43:04.458Z - 
🔄 AU: Traitement...
2026-02-10T10:43:04.474Z -   ✓ Excel chargé: 70 places
2026-02-10T10:43:04.482Z -   ✓ Master JSON: 43 places
2026-02-10T10:43:04.515Z -   ✓ Excel sauvegardé: 70 places
2026-02-10T10:43:04.515Z - 
🔄 AW: Traitement...
2026-02-10T10:43:04.521Z -   ✓ Excel chargé: 0 places
2026-02-10T10:43:04.522Z -   ✓ Master JSON: 0 places
2026-02-10T10:43:04.523Z - 
🔄 AZ: Traitement...
2026-02-10T10:43:04.529Z -   ✓ Excel chargé: 0 places
2026-02-10T10:43:04.530Z -   ✓ Master JSON: 0 places
2026-02-10T10:43:04.530Z - 
🔄 BA: Traitement...
2026-02-10T10:43:04.537Z -   ✓ Excel chargé: 15 places
2026-02-10T10:43:04.542Z -   ✓ Master JSON: 15 places
2026-02-10T10:43:04.552Z -   ✓ Excel sauvegardé: 15 places
2026-02-10T10:43:04.552Z - 
🔄 BB: Traitement...
2026-02-10T10:43:04.559Z -   ✓ Excel chargé: 6 places
2026-02-10T10:43:04.562Z -   ✓ Master JSON: 6 places
2026-02-10T10:43:04.570Z -   ✓ Excel sauvegardé: 6 places
2026-02-10T10:43:04.570Z - 
🔄 BD: Traitement...
2026-02-10T10:43:04.578Z -   ✓ Excel chargé: 13 places
2026-02-10T10:43:04.582Z -   ✓ Master JSON: 13 places
2026-02-10T10:43:04.593Z -   ✓ Excel sauvegardé: 13 places
2026-02-10T10:43:04.594Z - 
🔄 BE: Traitement...
2026-02-10T10:43:04.601Z -   ✓ Excel chargé: 14 places
2026-02-10T10:43:04.605Z -   ✓ Master JSON: 14 places
2026-02-10T10:43:04.617Z -   ✓ Excel sauvegardé: 14 places
2026-02-10T10:43:04.617Z - 
🔄 BF: Traitement...
2026-02-10T10:43:04.623Z -   ✓ Excel chargé: 0 places
2026-02-10T10:43:04.624Z -   ✓ Master JSON: 0 places
2026-02-10T10:43:04.625Z - 
🔄 BG: Traitement...
2026-02-10T10:43:04.636Z -   ✓ Excel chargé: 23 places
2026-02-10T10:43:04.642Z -   ✓ Master JSON: 22 places
2026-02-10T10:43:04.657Z -   ✓ Excel sauvegardé: 23 places
2026-02-10T10:43:04.658Z - 
🔄 BH: Traitement...
2026-02-10T10:43:04.663Z -   ✓ Excel chargé: 0 places
2026-02-10T10:43:04.664Z -   ✓ Master JSON: 0 places
2026-02-10T10:43:04.665Z - 
🔄 BI: Traitement...
2026-02-10T10:43:04.669Z -   ✓ Excel chargé: 0 places
2026-02-10T10:43:04.670Z -   ✓ Master JSON: 0 places
2026-02-10T10:43:04.670Z - 
🔄 BJ: Traitement...
2026-02-10T10:43:04.676Z -   ✓ Excel chargé: 0 places
2026-02-10T10:43:04.677Z -   ✓ Master JSON: 0 places
2026-02-10T10:43:04.677Z - 
🔄 BL: Traitement...
2026-02-10T10:43:04.683Z -   ✓ Excel chargé: 8 places
2026-02-10T10:43:04.684Z -   ✓ Master JSON: 8 places
2026-02-10T10:43:04.692Z -   ✓ Excel sauvegardé: 8 places
2026-02-10T10:43:04.693Z - 
🔄 BM: Traitement...
2026-02-10T10:43:04.699Z -   ✓ Excel chargé: 0 places
2026-02-10T10:43:04.700Z -   ✓ Master JSON: 0 places
2026-02-10T10:43:04.701Z - 
🔄 BN: Traitement...
2026-02-10T10:43:04.707Z -   ✓ Excel chargé: 0 places
2026-02-10T10:43:04.708Z -   ✓ Master JSON: 0 places
2026-02-10T10:43:04.708Z - 
🔄 BO: Traitement...
2026-02-10T10:43:04.715Z -   ✓ Excel chargé: 17 places
2026-02-10T10:43:04.719Z -   ✓ Master JSON: 17 places
2026-02-10T10:43:04.728Z -   ✓ Excel sauvegardé: 17 places
2026-02-10T10:43:04.729Z - 
🔄 BQ: Traitement...
2026-02-10T10:43:04.729Z -   ✓ Excel chargé: 0 places
2026-02-10T10:43:04.730Z -   ✓ Master JSON: 0 places
2026-02-10T10:43:04.730Z - 
🔄 BR: Traitement...
2026-02-10T10:43:04.741Z -   ✓ Excel chargé: 46 places
2026-02-10T10:43:04.747Z -   ✓ Master JSON: 46 places
2026-02-10T10:43:04.762Z -   ✓ Excel sauvegardé: 46 places
2026-02-10T10:43:04.763Z - 
🔄 BS: Traitement...
2026-02-10T10:43:04.773Z -   ✓ Excel chargé: 9 places
2026-02-10T10:43:04.777Z -   ✓ Master JSON: 9 places
2026-02-10T10:43:04.785Z -   ✓ Excel sauvegardé: 9 places
2026-02-10T10:43:04.785Z - 
🔄 BT: Traitement...
2026-02-10T10:43:04.791Z -   ✓ Excel chargé: 0 places
2026-02-10T10:43:04.791Z -   ✓ Master JSON: 0 places
2026-02-10T10:43:04.792Z - 
🔄 BW: Traitement...
2026-02-10T10:43:04.798Z -   ✓ Excel chargé: 16 places
2026-02-10T10:43:04.802Z -   ✓ Master JSON: 15 places
2026-02-10T10:43:04.811Z -   ✓ Excel sauvegardé: 16 places
2026-02-10T10:43:04.812Z - 
🔄 BY: Traitement...
2026-02-10T10:43:04.817Z -   ✓ Excel chargé: 0 places
2026-02-10T10:43:04.818Z -   ✓ Master JSON: 0 places
2026-02-10T10:43:04.818Z - 
🔄 BZ: Traitement...
2026-02-10T10:43:04.824Z -   ✓ Excel chargé: 5 places
2026-02-10T10:43:04.827Z -   ✓ Master JSON: 5 places
2026-02-10T10:43:04.836Z -   ✓ Excel sauvegardé: 5 places
2026-02-10T10:43:04.837Z - 
🔄 CA: Traitement...
2026-02-10T10:43:04.846Z -   ✓ Excel chargé: 27 places
2026-02-10T10:43:04.850Z -   ✓ Master JSON: 27 places
2026-02-10T10:43:04.862Z -   ✓ Excel sauvegardé: 27 places
2026-02-10T10:43:04.863Z - 
🔄 CD: Traitement...
2026-02-10T10:43:04.868Z -   ✓ Excel chargé: 0 places
2026-02-10T10:43:04.868Z -   ✓ Master JSON: 0 places
2026-02-10T10:43:04.869Z - 
🔄 CF: Traitement...
2026-02-10T10:43:04.874Z -   ✓ Excel chargé: 0 places
2026-02-10T10:43:04.874Z -   ✓ Master JSON: 0 places
2026-02-10T10:43:04.875Z - 
🔄 CG: Traitement...
2026-02-10T10:43:04.881Z -   ✓ Excel chargé: 0 places
2026-02-10T10:43:04.881Z -   ✓ Master JSON: 0 places
2026-02-10T10:43:04.882Z - 
🔄 CH: Traitement...
2026-02-10T10:43:04.892Z -   ✓ Excel chargé: 56 places
2026-02-10T10:43:04.900Z -   ✓ Master JSON: 56 places
2026-02-10T10:43:04.918Z -   ✓ Excel sauvegardé: 56 places
2026-02-10T10:43:04.919Z - 
🔄 CI: Traitement...
2026-02-10T10:43:04.929Z -   ✓ Excel chargé: 0 places
2026-02-10T10:43:04.929Z -   ✓ Master JSON: 0 places
2026-02-10T10:43:04.930Z - 
🔄 CITIES: Traitement...
2026-02-10T10:43:04.934Z -   ✓ Excel chargé: 0 places
2026-02-10T10:43:04.935Z -   ✓ Master JSON: 0 places
2026-02-10T10:43:04.936Z - 
🔄 CK: Traitement...
2026-02-10T10:43:04.936Z -   ✓ Excel chargé: 0 places
2026-02-10T10:43:04.936Z -   ✓ Master JSON: 0 places
2026-02-10T10:43:04.937Z - 
🔄 CL: Traitement...
2026-02-10T10:43:04.944Z -   ✓ Excel chargé: 8 places
2026-02-10T10:43:04.948Z -   ✓ Master JSON: 8 places
2026-02-10T10:43:04.955Z -   ✓ Excel sauvegardé: 8 places
2026-02-10T10:43:04.955Z - 
🔄 CM: Traitement...
2026-02-10T10:43:04.961Z -   ✓ Excel chargé: 0 places
2026-02-10T10:43:04.961Z -   ✓ Master JSON: 0 places
2026-02-10T10:43:04.962Z - 
🔄 CN: Traitement...
2026-02-10T10:43:04.969Z -   ✓ Excel chargé: 34 places
2026-02-10T10:43:04.977Z -   ✓ Master JSON: 33 places
2026-02-10T10:43:04.977Z -   ✓ 1 nouvelles places ajoutées
2026-02-10T10:43:11.599Z -   ✓ Excel sauvegardé: 35 places
2026-02-10T10:43:11.601Z - 
🔄 CO: Traitement...
2026-02-10T10:43:11.617Z -   ✓ Excel chargé: 12 places
2026-02-10T10:43:11.631Z -   ✓ Master JSON: 12 places
2026-02-10T10:43:11.655Z -   ✓ Excel sauvegardé: 12 places
2026-02-10T10:43:11.657Z - 
🔄 CR: Traitement...
2026-02-10T10:43:11.670Z -   ✓ Excel chargé: 4 places
2026-02-10T10:43:11.684Z -   ✓ Master JSON: 4 places
2026-02-10T10:43:11.701Z -   ✓ Excel sauvegardé: 4 places
2026-02-10T10:43:11.702Z - 
🔄 CU: Traitement...
2026-02-10T10:43:11.720Z -   ✓ Excel chargé: 12 places
2026-02-10T10:43:11.729Z -   ✓ Master JSON: 12 places
2026-02-10T10:43:11.742Z -   ✓ Excel sauvegardé: 12 places
2026-02-10T10:43:11.743Z - 
🔄 CV: Traitement...
2026-02-10T10:43:11.754Z -   ✓ Excel chargé: 0 places
2026-02-10T10:43:11.756Z -   ✓ Master JSON: 0 places
2026-02-10T10:43:11.757Z - 
🔄 CY: Traitement...
2026-02-10T10:43:11.767Z -   ✓ Excel chargé: 0 places
2026-02-10T10:43:11.768Z -   ✓ Master JSON: 0 places
2026-02-10T10:43:11.769Z - 
🔄 CZ: Traitement...
2026-02-10T10:43:11.779Z -   ✓ Excel chargé: 19 places
2026-02-10T10:43:11.784Z -   ✓ Master JSON: 19 places
2026-02-10T10:43:11.795Z -   ✓ Excel sauvegardé: 19 places
2026-02-10T10:43:11.795Z - 
🔄 DE: Traitement...
2026-02-10T10:43:11.811Z -   ✓ Excel chargé: 112 places
2026-02-10T10:43:11.827Z -   ✓ Master JSON: 111 places
2026-02-10T10:43:11.862Z -   ✓ Excel sauvegardé: 112 places
2026-02-10T10:43:11.862Z - 
🔄 DJ: Traitement...
2026-02-10T10:43:11.863Z -   ✓ Excel chargé: 0 places
2026-02-10T10:43:11.863Z -   ✓ Master JSON: 0 places
2026-02-10T10:43:11.864Z - 
🔄 DK: Traitement...
2026-02-10T10:43:11.870Z -   ✓ Excel chargé: 14 places
2026-02-10T10:43:11.875Z -   ✓ Master JSON: 14 places
2026-02-10T10:43:11.883Z -   ✓ Excel sauvegardé: 14 places
2026-02-10T10:43:11.884Z - 
🔄 DM: Traitement...
2026-02-10T10:43:11.884Z -   ✓ Excel chargé: 0 places
2026-02-10T10:43:11.885Z -   ✓ Master JSON: 0 places
2026-02-10T10:43:11.885Z - 
🔄 DO: Traitement...
2026-02-10T10:43:11.891Z -   ✓ Excel chargé: 15 places
2026-02-10T10:43:11.896Z -   ✓ Master JSON: 15 places
2026-02-10T10:43:11.904Z -   ✓ Excel sauvegardé: 15 places
2026-02-10T10:43:11.905Z - 
🔄 DZ: Traitement...
2026-02-10T10:43:11.906Z -   ✓ Excel chargé: 0 places
2026-02-10T10:43:11.906Z -   ✓ Master JSON: 0 places
2026-02-10T10:43:11.907Z - 
🔄 EA: Traitement...
2026-02-10T10:43:11.913Z -   ✓ Excel chargé: 23 places
2026-02-10T10:43:11.917Z -   ✓ Master JSON: 23 places
2026-02-10T10:43:11.928Z -   ✓ Excel sauvegardé: 23 places
2026-02-10T10:43:11.928Z - 
🔄 EC: Traitement...
2026-02-10T10:43:11.936Z -   ✓ Excel chargé: 13 places
2026-02-10T10:43:11.941Z -   ✓ Master JSON: 13 places
2026-02-10T10:43:11.949Z -   ✓ Excel sauvegardé: 13 places
2026-02-10T10:43:11.949Z - 
🔄 EE: Traitement...
2026-02-10T10:43:11.950Z -   ✓ Excel chargé: 0 places
2026-02-10T10:43:11.950Z -   ✓ Master JSON: 0 places
2026-02-10T10:43:11.951Z - 
🔄 EG: Traitement...
2026-02-10T10:43:11.957Z -   ✓ Excel chargé: 17 places
2026-02-10T10:43:11.962Z -   ✓ Master JSON: 17 places
2026-02-10T10:43:11.971Z -   ✓ Excel sauvegardé: 17 places
2026-02-10T10:43:11.972Z - 
🔄 ER: Traitement...
2026-02-10T10:43:11.973Z -   ✓ Excel chargé: 0 places
2026-02-10T10:43:11.974Z -   ✓ Master JSON: 0 places
2026-02-10T10:43:11.974Z - 
🔄 ES: Traitement...
2026-02-10T10:43:11.993Z -   ✓ Excel chargé: 202 places
2026-02-10T10:43:12.012Z -   ✓ Master JSON: 182 places
2026-02-10T10:43:12.071Z -   ✓ Excel sauvegardé: 202 places
2026-02-10T10:43:12.072Z - 
🔄 ET: Traitement...
2026-02-10T10:43:12.072Z -   ✓ Excel chargé: 0 places
2026-02-10T10:43:12.073Z -   ✓ Master JSON: 0 places
2026-02-10T10:43:12.074Z - 
🔄 FI: Traitement...
2026-02-10T10:43:12.080Z -   ✓ Excel chargé: 9 places
2026-02-10T10:43:12.084Z -   ✓ Master JSON: 9 places
2026-02-10T10:43:12.093Z -   ✓ Excel sauvegardé: 9 places
2026-02-10T10:43:12.094Z - 
🔄 FJ: Traitement...
2026-02-10T10:43:12.094Z -   ✓ Excel chargé: 0 places
2026-02-10T10:43:12.095Z -   ✓ Master JSON: 0 places
2026-02-10T10:43:12.095Z - 
🔄 FM: Traitement...
2026-02-10T10:43:12.096Z -   ✓ Excel chargé: 0 places
2026-02-10T10:43:12.096Z -   ✓ Master JSON: 0 places
2026-02-10T10:43:12.096Z - 
🔄 FR: Traitement...
2026-02-10T10:43:12.177Z -   ✓ Excel chargé: 1255 places
2026-02-10T10:43:12.293Z -   ✓ Master JSON: 1184 places
2026-02-10T10:43:12.294Z -   ✓ 9 nouvelles places ajoutées
2026-02-10T10:44:32.554Z -   ✓ Excel sauvegardé: 1264 places
2026-02-10T10:44:32.555Z - 
🔄 GA: Traitement...
2026-02-10T10:44:32.556Z -   ✓ Excel chargé: 0 places
2026-02-10T10:44:32.557Z -   ✓ Master JSON: 0 places
2026-02-10T10:44:32.558Z - 
🔄 GB: Traitement...
2026-02-10T10:44:32.609Z -   ✓ Excel chargé: 175 places
2026-02-10T10:44:32.630Z -   ✓ Master JSON: 171 places
2026-02-10T10:44:32.693Z -   ✓ Excel sauvegardé: 175 places
2026-02-10T10:44:32.694Z - 
🔄 GD: Traitement...
2026-02-10T10:44:32.695Z -   ✓ Excel chargé: 0 places
2026-02-10T10:44:32.695Z -   ✓ Master JSON: 0 places
2026-02-10T10:44:32.696Z - 
🔄 GE: Traitement...
2026-02-10T10:44:32.706Z -   ✓ Excel chargé: 19 places
2026-02-10T10:44:32.710Z -   ✓ Master JSON: 19 places
2026-02-10T10:44:32.720Z -   ✓ Excel sauvegardé: 19 places
2026-02-10T10:44:32.721Z - 
🔄 GF: Traitement...
2026-02-10T10:44:32.721Z -   ✓ Excel chargé: 0 places
2026-02-10T10:44:32.722Z -   ✓ Master JSON: 0 places
2026-02-10T10:44:32.722Z - 
🔄 GH: Traitement...
2026-02-10T10:44:32.723Z -   ✓ Excel chargé: 0 places
2026-02-10T10:44:32.723Z -   ✓ Master JSON: 0 places
2026-02-10T10:44:32.724Z - 
🔄 GM: Traitement...
2026-02-10T10:44:32.724Z -   ✓ Excel chargé: 0 places
2026-02-10T10:44:32.724Z -   ✓ Master JSON: 0 places
2026-02-10T10:44:32.725Z - 
🔄 GN: Traitement...
2026-02-10T10:44:32.725Z -   ✓ Excel chargé: 0 places
2026-02-10T10:44:32.725Z -   ✓ Master JSON: 0 places
2026-02-10T10:44:32.726Z - 
🔄 GP: Traitement...
2026-02-10T10:44:32.726Z -   ✓ Excel chargé: 0 places
2026-02-10T10:44:32.730Z -   ✓ Master JSON: 8 places
2026-02-10T10:44:32.730Z -   ✓ 8 nouvelles places ajoutées
2026-02-10T10:45:31.328Z -   ✓ Excel sauvegardé: 8 places
2026-02-10T10:45:31.330Z - 
🔄 GQ: Traitement...
2026-02-10T10:45:31.332Z -   ✓ Excel chargé: 0 places
2026-02-10T10:45:31.333Z -   ✓ Master JSON: 0 places
2026-02-10T10:45:31.335Z - 
🔄 GR: Traitement...
2026-02-10T10:45:31.370Z -   ✓ Excel chargé: 106 places
2026-02-10T10:45:31.400Z -   ✓ Master JSON: 105 places
2026-02-10T10:45:31.434Z -   ✓ Excel sauvegardé: 106 places
2026-02-10T10:45:31.435Z - 
🔄 GT: Traitement...
2026-02-10T10:45:31.441Z -   ✓ Excel chargé: 6 places
2026-02-10T10:45:31.447Z -   ✓ Master JSON: 6 places
2026-02-10T10:45:31.455Z -   ✓ Excel sauvegardé: 6 places
2026-02-10T10:45:31.455Z - 
🔄 GW: Traitement...
2026-02-10T10:45:31.456Z -   ✓ Excel chargé: 0 places
2026-02-10T10:45:31.456Z -   ✓ Master JSON: 0 places
2026-02-10T10:45:31.457Z - 
🔄 GY: Traitement...
2026-02-10T10:45:31.457Z -   ✓ Excel chargé: 0 places
2026-02-10T10:45:31.458Z -   ✓ Master JSON: 0 places
2026-02-10T10:45:31.458Z - 
🔄 HN: Traitement...
2026-02-10T10:45:31.458Z -   ✓ Excel chargé: 0 places
2026-02-10T10:45:31.459Z -   ✓ Master JSON: 0 places
2026-02-10T10:45:31.459Z - 
🔄 HR: Traitement...
2026-02-10T10:45:31.470Z -   ✓ Excel chargé: 88 places
2026-02-10T10:45:31.497Z -   ✓ Master JSON: 71 places
2026-02-10T10:45:31.524Z -   ✓ Excel sauvegardé: 88 places
2026-02-10T10:45:31.525Z - 
🔄 HT: Traitement...
2026-02-10T10:45:31.525Z -   ✓ Excel chargé: 0 places
2026-02-10T10:45:31.525Z -   ✓ Master JSON: 0 places
2026-02-10T10:45:31.526Z - 
🔄 HU: Traitement...
2026-02-10T10:45:31.535Z -   ✓ Excel chargé: 34 places
2026-02-10T10:45:31.543Z -   ✓ Master JSON: 34 places
2026-02-10T10:45:31.555Z -   ✓ Excel sauvegardé: 34 places
2026-02-10T10:45:31.556Z - 
🔄 ID: Traitement...
2026-02-10T10:45:31.575Z -   ✓ Excel chargé: 72 places
2026-02-10T10:45:31.588Z -   ✓ Master JSON: 72 places
2026-02-10T10:45:31.608Z -   ✓ Excel sauvegardé: 72 places
2026-02-10T10:45:31.609Z - 
🔄 IE: Traitement...
2026-02-10T10:45:31.616Z -   ✓ Excel chargé: 31 places
2026-02-10T10:45:31.624Z -   ✓ Master JSON: 31 places
2026-02-10T10:45:31.636Z -   ✓ Excel sauvegardé: 31 places
2026-02-10T10:45:31.636Z - 
🔄 IL: Traitement...
2026-02-10T10:45:31.642Z -   ✓ Excel chargé: 12 places
2026-02-10T10:45:31.649Z -   ✓ Master JSON: 12 places
2026-02-10T10:45:31.656Z -   ✓ Excel sauvegardé: 12 places
2026-02-10T10:45:31.657Z - 
🔄 IN: Traitement...
2026-02-10T10:45:31.678Z -   ✓ Excel chargé: 56 places
2026-02-10T10:45:31.690Z -   ✓ Master JSON: 56 places
2026-02-10T10:45:31.708Z -   ✓ Excel sauvegardé: 56 places
2026-02-10T10:45:31.709Z - 
🔄 IQ: Traitement...
2026-02-10T10:45:31.709Z -   ✓ Excel chargé: 0 places
2026-02-10T10:45:31.710Z -   ✓ Master JSON: 0 places
2026-02-10T10:45:31.710Z - 
🔄 IR: Traitement...
2026-02-10T10:45:31.711Z -   ✓ Excel chargé: 0 places
2026-02-10T10:45:31.711Z -   ✓ Master JSON: 0 places
2026-02-10T10:45:31.712Z - 
🔄 IS: Traitement...
2026-02-10T10:45:31.718Z -   ✓ Excel chargé: 11 places
2026-02-10T10:45:31.723Z -   ✓ Master JSON: 11 places
2026-02-10T10:45:31.731Z -   ✓ Excel sauvegardé: 11 places
2026-02-10T10:45:31.732Z - 
🔄 IT: Traitement...
2026-02-10T10:45:31.790Z -   ✓ Excel chargé: 503 places
2026-02-10T10:45:31.839Z -   ✓ Master JSON: 447 places
2026-02-10T10:45:31.967Z -   ✓ Excel sauvegardé: 503 places
2026-02-10T10:45:31.968Z - 
🔄 JM: Traitement...
2026-02-10T10:45:31.969Z -   ✓ Excel chargé: 0 places
2026-02-10T10:45:31.970Z -   ✓ Master JSON: 0 places
2026-02-10T10:45:31.971Z - 
🔄 JO: Traitement...
2026-02-10T10:45:31.987Z -   ✓ Excel chargé: 7 places
2026-02-10T10:45:31.992Z -   ✓ Master JSON: 7 places
2026-02-10T10:45:32.001Z -   ✓ Excel sauvegardé: 7 places
2026-02-10T10:45:32.001Z - 
🔄 JP: Traitement...
2026-02-10T10:45:32.011Z -   ✓ Excel chargé: 113 places
2026-02-10T10:45:32.030Z -   ✓ Master JSON: 113 places
2026-02-10T10:45:32.059Z -   ✓ Excel sauvegardé: 113 places
2026-02-10T10:45:32.060Z - 
🔄 KE: Traitement...
2026-02-10T10:45:32.060Z -   ✓ Excel chargé: 0 places
2026-02-10T10:45:32.061Z -   ✓ Master JSON: 0 places
2026-02-10T10:45:32.062Z - 
🔄 KG: Traitement...
2026-02-10T10:45:32.063Z -   ✓ Excel chargé: 0 places
2026-02-10T10:45:32.064Z -   ✓ Master JSON: 0 places
2026-02-10T10:45:32.064Z - 
🔄 KH: Traitement...
2026-02-10T10:45:32.072Z -   ✓ Excel chargé: 9 places
2026-02-10T10:45:32.079Z -   ✓ Master JSON: 8 places
2026-02-10T10:45:32.086Z -   ✓ Excel sauvegardé: 9 places
2026-02-10T10:45:32.087Z - 
🔄 KI: Traitement...
2026-02-10T10:45:32.087Z -   ✓ Excel chargé: 0 places
2026-02-10T10:45:32.087Z -   ✓ Master JSON: 0 places
2026-02-10T10:45:32.088Z - 
🔄 KM: Traitement...
2026-02-10T10:45:32.088Z -   ✓ Excel chargé: 0 places
2026-02-10T10:45:32.089Z -   ✓ Master JSON: 0 places
2026-02-10T10:45:32.089Z - 
🔄 KN: Traitement...
2026-02-10T10:45:32.090Z -   ✓ Excel chargé: 0 places
2026-02-10T10:45:32.090Z -   ✓ Master JSON: 0 places
2026-02-10T10:45:32.090Z - 
🔄 KP: Traitement...
2026-02-10T10:45:32.091Z -   ✓ Excel chargé: 0 places
2026-02-10T10:45:32.091Z -   ✓ Master JSON: 0 places
2026-02-10T10:45:32.091Z - 
🔄 KR: Traitement...
2026-02-10T10:45:32.097Z -   ✓ Excel chargé: 5 places
2026-02-10T10:45:32.102Z -   ✓ Master JSON: 5 places
2026-02-10T10:45:32.109Z -   ✓ Excel sauvegardé: 5 places
2026-02-10T10:45:32.109Z - 
🔄 KW: Traitement...
2026-02-10T10:45:32.110Z -   ✓ Excel chargé: 0 places
2026-02-10T10:45:32.110Z -   ✓ Master JSON: 0 places
2026-02-10T10:45:32.111Z - 
🔄 KZ: Traitement...
2026-02-10T10:45:32.117Z -   ✓ Excel chargé: 19 places
2026-02-10T10:45:32.122Z -   ✓ Master JSON: 19 places
2026-02-10T10:45:32.132Z -   ✓ Excel sauvegardé: 19 places
2026-02-10T10:45:32.132Z - 
🔄 LA: Traitement...
2026-02-10T10:45:32.139Z -   ✓ Excel chargé: 43 places
2026-02-10T10:45:32.150Z -   ✓ Master JSON: 21 places
2026-02-10T10:45:32.165Z -   ✓ Excel sauvegardé: 43 places
2026-02-10T10:45:32.166Z - 
🔄 LB: Traitement...
2026-02-10T10:45:32.166Z -   ✓ Excel chargé: 0 places
2026-02-10T10:45:32.167Z -   ✓ Master JSON: 0 places
2026-02-10T10:45:32.168Z - 
🔄 LC: Traitement...
2026-02-10T10:45:32.168Z -   ✓ Excel chargé: 0 places
2026-02-10T10:45:32.169Z -   ✓ Master JSON: 0 places
2026-02-10T10:45:32.169Z - 
🔄 LI: Traitement...
2026-02-10T10:45:32.170Z -   ✓ Excel chargé: 0 places
2026-02-10T10:45:32.170Z -   ✓ Master JSON: 0 places
2026-02-10T10:45:32.170Z - 
🔄 LK: Traitement...
2026-02-10T10:45:32.182Z -   ✓ Excel chargé: 34 places
2026-02-10T10:45:32.193Z -   ✓ Master JSON: 34 places
2026-02-10T10:45:32.207Z -   ✓ Excel sauvegardé: 34 places
2026-02-10T10:45:32.208Z - 
🔄 LR: Traitement...
2026-02-10T10:45:32.209Z -   ✓ Excel chargé: 0 places
2026-02-10T10:45:32.209Z -   ✓ Master JSON: 0 places
2026-02-10T10:45:32.210Z - 
🔄 LS: Traitement...
2026-02-10T10:45:32.210Z -   ✓ Excel chargé: 0 places
2026-02-10T10:45:32.211Z -   ✓ Master JSON: 0 places
2026-02-10T10:45:32.212Z - 
🔄 LT: Traitement...
2026-02-10T10:45:32.217Z -   ✓ Excel chargé: 4 places
2026-02-10T10:45:32.223Z -   ✓ Master JSON: 4 places
2026-02-10T10:45:32.229Z -   ✓ Excel sauvegardé: 4 places
2026-02-10T10:45:32.230Z - 
🔄 LU: Traitement...
2026-02-10T10:45:32.231Z -   ✓ Excel chargé: 0 places
2026-02-10T10:45:32.231Z -   ✓ Master JSON: 0 places
2026-02-10T10:45:32.232Z - 
🔄 LV: Traitement...
2026-02-10T10:45:32.237Z -   ✓ Excel chargé: 11 places
2026-02-10T10:45:32.243Z -   ✓ Master JSON: 11 places
2026-02-10T10:45:32.251Z -   ✓ Excel sauvegardé: 11 places
2026-02-10T10:45:32.251Z - 
🔄 LY: Traitement...
2026-02-10T10:45:32.252Z -   ✓ Excel chargé: 0 places
2026-02-10T10:45:32.252Z -   ✓ Master JSON: 0 places
2026-02-10T10:45:32.253Z - 
🔄 MA: Traitement...
2026-02-10T10:45:32.258Z -   ✓ Excel chargé: 5 places
2026-02-10T10:45:32.263Z -   ✓ Master JSON: 5 places
2026-02-10T10:45:32.271Z -   ✓ Excel sauvegardé: 5 places
2026-02-10T10:45:32.272Z - 
🔄 MC: Traitement...
2026-02-10T10:45:32.273Z -   ✓ Excel chargé: 0 places
2026-02-10T10:45:32.274Z -   ✓ Master JSON: 0 places
2026-02-10T10:45:32.275Z - 
🔄 MD: Traitement...
2026-02-10T10:45:32.282Z -   ✓ Excel chargé: 6 places
2026-02-10T10:45:32.289Z -   ✓ Master JSON: 6 places
2026-02-10T10:45:32.298Z -   ✓ Excel sauvegardé: 6 places
2026-02-10T10:45:32.299Z - 
🔄 ME: Traitement...
2026-02-10T10:45:32.305Z -   ✓ Excel chargé: 12 places
2026-02-10T10:45:32.313Z -   ✓ Master JSON: 12 places
2026-02-10T10:45:32.322Z -   ✓ Excel sauvegardé: 12 places
2026-02-10T10:45:32.323Z - 
🔄 MF: Traitement...
2026-02-10T10:45:32.323Z -   ✓ Excel chargé: 0 places
2026-02-10T10:45:32.324Z -   ✓ Master JSON: 0 places
2026-02-10T10:45:32.325Z - 
🔄 MG: Traitement...
2026-02-10T10:45:32.332Z -   ✓ Excel chargé: 19 places
2026-02-10T10:45:32.338Z -   ✓ Master JSON: 19 places
2026-02-10T10:45:32.346Z -   ✓ Excel sauvegardé: 19 places
2026-02-10T10:45:32.347Z - 
🔄 MH: Traitement...
2026-02-10T10:45:32.348Z -   ✓ Excel chargé: 0 places
2026-02-10T10:45:32.348Z -   ✓ Master JSON: 0 places
2026-02-10T10:45:32.349Z - 
🔄 MK: Traitement...
2026-02-10T10:45:32.350Z -   ✓ Excel chargé: 0 places
2026-02-10T10:45:32.350Z -   ✓ Master JSON: 0 places
2026-02-10T10:45:32.351Z - 
🔄 ML: Traitement...
2026-02-10T10:45:32.351Z -   ✓ Excel chargé: 0 places
2026-02-10T10:45:32.352Z -   ✓ Master JSON: 0 places
2026-02-10T10:45:32.352Z - 
🔄 MM: Traitement...
2026-02-10T10:45:32.352Z -   ✓ Excel chargé: 0 places
2026-02-10T10:45:32.353Z -   ✓ Master JSON: 0 places
2026-02-10T10:45:32.353Z - 
🔄 MN: Traitement...
2026-02-10T10:45:32.359Z -   ✓ Excel chargé: 24 places
2026-02-10T10:45:32.366Z -   ✓ Master JSON: 24 places
2026-02-10T10:45:32.375Z -   ✓ Excel sauvegardé: 24 places
2026-02-10T10:45:32.375Z - 
🔄 MQ: Traitement...
2026-02-10T10:45:32.376Z -   ✓ Excel chargé: 0 places
2026-02-10T10:45:32.382Z -   ✓ Master JSON: 5 places
2026-02-10T10:45:32.382Z -   ✓ 5 nouvelles places ajoutées
2026-02-10T10:46:07.072Z -   ✓ Excel sauvegardé: 5 places
2026-02-10T10:46:07.073Z - 
🔄 MR: Traitement...
2026-02-10T10:46:07.075Z -   ✓ Excel chargé: 0 places
2026-02-10T10:46:07.075Z -   ✓ Master JSON: 0 places
2026-02-10T10:46:07.076Z - 
🔄 MT: Traitement...
2026-02-10T10:46:07.077Z -   ✓ Excel chargé: 0 places
2026-02-10T10:46:07.077Z -   ✓ Master JSON: 0 places
2026-02-10T10:46:07.078Z - 
🔄 MU: Traitement...
2026-02-10T10:46:07.100Z -   ✓ Excel chargé: 14 places
2026-02-10T10:46:07.108Z -   ✓ Master JSON: 14 places
2026-02-10T10:46:07.122Z -   ✓ Excel sauvegardé: 14 places
2026-02-10T10:46:07.122Z - 
🔄 MV: Traitement...
2026-02-10T10:46:07.123Z -   ✓ Excel chargé: 0 places
2026-02-10T10:46:07.123Z -   ✓ Master JSON: 0 places
2026-02-10T10:46:07.124Z - 
🔄 MW: Traitement...
2026-02-10T10:46:07.124Z -   ✓ Excel chargé: 0 places
2026-02-10T10:46:07.125Z -   ✓ Master JSON: 0 places
2026-02-10T10:46:07.125Z - 
🔄 MX: Traitement...
2026-02-10T10:46:07.149Z -   ✓ Excel chargé: 27 places
2026-02-10T10:46:07.165Z -   ✓ Master JSON: 27 places
2026-02-10T10:46:07.182Z -   ✓ Excel sauvegardé: 27 places
2026-02-10T10:46:07.183Z - 
🔄 MY: Traitement...
2026-02-10T10:46:07.191Z -   ✓ Excel chargé: 6 places
2026-02-10T10:46:07.198Z -   ✓ Master JSON: 6 places
2026-02-10T10:46:07.205Z -   ✓ Excel sauvegardé: 6 places
2026-02-10T10:46:07.206Z - 
🔄 MZ: Traitement...
2026-02-10T10:46:07.206Z -   ✓ Excel chargé: 0 places
2026-02-10T10:46:07.207Z -   ✓ Master JSON: 0 places
2026-02-10T10:46:07.208Z - 
🔄 NA: Traitement...
2026-02-10T10:46:07.232Z -   ✓ Excel chargé: 49 places
2026-02-10T10:46:07.251Z -   ✓ Master JSON: 27 places
2026-02-10T10:46:07.282Z -   ✓ Excel sauvegardé: 49 places
2026-02-10T10:46:07.283Z - 
🔄 NC: Traitement...
2026-02-10T10:46:07.284Z -   ✓ Excel chargé: 0 places
2026-02-10T10:46:07.284Z -   ✓ Master JSON: 0 places
2026-02-10T10:46:07.285Z - 
🔄 NE: Traitement...
2026-02-10T10:46:07.286Z -   ✓ Excel chargé: 0 places
2026-02-10T10:46:07.287Z -   ✓ Master JSON: 0 places
2026-02-10T10:46:07.288Z - 
🔄 NG: Traitement...
2026-02-10T10:46:07.288Z -   ✓ Excel chargé: 0 places
2026-02-10T10:46:07.289Z -   ✓ Master JSON: 0 places
2026-02-10T10:46:07.290Z - 
🔄 NI: Traitement...
2026-02-10T10:46:07.302Z -   ✓ Excel chargé: 45 places
2026-02-10T10:46:07.313Z -   ✓ Master JSON: 19 places
2026-02-10T10:46:07.329Z -   ✓ Excel sauvegardé: 45 places
2026-02-10T10:46:07.330Z - 
🔄 NL: Traitement...
2026-02-10T10:46:07.339Z -   ✓ Excel chargé: 28 places
2026-02-10T10:46:07.349Z -   ✓ Master JSON: 28 places
2026-02-10T10:46:07.362Z -   ✓ Excel sauvegardé: 28 places
2026-02-10T10:46:07.363Z - 
🔄 NO: Traitement...
2026-02-10T10:46:07.368Z -   ✓ Excel chargé: 16 places
2026-02-10T10:46:07.376Z -   ✓ Master JSON: 4 places
2026-02-10T10:46:07.386Z -   ✓ Excel sauvegardé: 16 places
2026-02-10T10:46:07.387Z - 
🔄 NORMANDIE-15J: Traitement...
2026-02-10T10:46:07.387Z -   ✓ Excel chargé: 0 places
2026-02-10T10:46:07.388Z -   ✓ Master JSON: 0 places
2026-02-10T10:46:07.388Z - 
🔄 NP: Traitement...
2026-02-10T10:46:07.389Z -   ✓ Excel chargé: 0 places
2026-02-10T10:46:07.389Z -   ✓ Master JSON: 0 places
2026-02-10T10:46:07.390Z - 
🔄 NR: Traitement...
2026-02-10T10:46:07.390Z -   ✓ Excel chargé: 0 places
2026-02-10T10:46:07.390Z -   ✓ Master JSON: 0 places
2026-02-10T10:46:07.391Z - 
🔄 NZ: Traitement...
2026-02-10T10:46:07.406Z -   ✓ Excel chargé: 44 places
2026-02-10T10:46:07.422Z -   ✓ Master JSON: 33 places
2026-02-10T10:46:07.441Z -   ✓ Excel sauvegardé: 44 places
2026-02-10T10:46:07.442Z - 
🔄 OM: Traitement...
2026-02-10T10:46:07.449Z -   ✓ Excel chargé: 5 places
2026-02-10T10:46:07.455Z -   ✓ Master JSON: 5 places
2026-02-10T10:46:07.466Z -   ✓ Excel sauvegardé: 5 places
2026-02-10T10:46:07.466Z - 
🔄 PA: Traitement...
2026-02-10T10:46:07.473Z -   ✓ Excel chargé: 9 places
2026-02-10T10:46:07.481Z -   ✓ Master JSON: 8 places
2026-02-10T10:46:07.490Z -   ✓ Excel sauvegardé: 9 places
2026-02-10T10:46:07.490Z - 
🔄 PE: Traitement...
2026-02-10T10:46:07.499Z -   ✓ Excel chargé: 19 places
2026-02-10T10:46:07.507Z -   ✓ Master JSON: 19 places
2026-02-10T10:46:07.522Z -   ✓ Excel sauvegardé: 19 places
2026-02-10T10:46:07.523Z - 
🔄 PF: Traitement...
2026-02-10T10:46:07.533Z -   ✓ Excel chargé: 31 places
2026-02-10T10:46:07.554Z -   ✓ Master JSON: 30 places
2026-02-10T10:46:07.571Z -   ✓ Excel sauvegardé: 31 places
2026-02-10T10:46:07.572Z - 
🔄 PG: Traitement...
2026-02-10T10:46:07.572Z -   ✓ Excel chargé: 0 places
2026-02-10T10:46:07.573Z -   ✓ Master JSON: 0 places
2026-02-10T10:46:07.573Z - 
🔄 PH: Traitement...
2026-02-10T10:46:07.583Z -   ✓ Excel chargé: 11 places
2026-02-10T10:46:07.590Z -   ✓ Master JSON: 11 places
2026-02-10T10:46:07.602Z -   ✓ Excel sauvegardé: 11 places
2026-02-10T10:46:07.602Z - 
🔄 PK: Traitement...
2026-02-10T10:46:07.603Z -   ✓ Excel chargé: 0 places
2026-02-10T10:46:07.604Z -   ✓ Master JSON: 0 places
2026-02-10T10:46:07.605Z - 
🔄 PL: Traitement...
2026-02-10T10:46:07.624Z -   ✓ Excel chargé: 35 places
2026-02-10T10:46:07.636Z -   ✓ Master JSON: 35 places
2026-02-10T10:46:07.657Z -   ✓ Excel sauvegardé: 35 places
2026-02-10T10:46:07.658Z - 
🔄 PM: Traitement...
2026-02-10T10:46:07.659Z -   ✓ Excel chargé: 0 places
2026-02-10T10:46:07.660Z -   ✓ Master JSON: 0 places
2026-02-10T10:46:07.661Z - 
🔄 PT: Traitement...
2026-02-10T10:46:07.674Z -   ✓ Excel chargé: 66 places
2026-02-10T10:46:07.691Z -   ✓ Master JSON: 49 places
2026-02-10T10:46:07.719Z -   ✓ Excel sauvegardé: 66 places
2026-02-10T10:46:07.719Z - 
🔄 PW: Traitement...
2026-02-10T10:46:07.720Z -   ✓ Excel chargé: 0 places
2026-02-10T10:46:07.721Z -   ✓ Master JSON: 0 places
2026-02-10T10:46:07.722Z - 
🔄 PY: Traitement...
2026-02-10T10:46:07.728Z -   ✓ Excel chargé: 4 places
2026-02-10T10:46:07.737Z -   ✓ Master JSON: 4 places
2026-02-10T10:46:07.746Z -   ✓ Excel sauvegardé: 4 places
2026-02-10T10:46:07.747Z - 
🔄 QA: Traitement...
2026-02-10T10:46:07.747Z -   ✓ Excel chargé: 0 places
2026-02-10T10:46:07.748Z -   ✓ Master JSON: 0 places
2026-02-10T10:46:07.749Z - 
🔄 RE: Traitement...
2026-02-10T10:46:07.750Z -   ✓ Excel chargé: 0 places
2026-02-10T10:46:07.750Z -   ✓ Master JSON: 0 places
2026-02-10T10:46:07.751Z - 
🔄 RO: Traitement...
2026-02-10T10:46:07.757Z -   ✓ Excel chargé: 15 places
2026-02-10T10:46:07.767Z -   ✓ Master JSON: 13 places
2026-02-10T10:46:07.782Z -   ✓ Excel sauvegardé: 15 places
2026-02-10T10:46:07.783Z - 
🔄 RS: Traitement...
2026-02-10T10:46:07.794Z -   ✓ Excel chargé: 14 places
2026-02-10T10:46:07.802Z -   ✓ Master JSON: 14 places
2026-02-10T10:46:07.813Z -   ✓ Excel sauvegardé: 14 places
2026-02-10T10:46:07.814Z - 
🔄 RT IMPORTÉS: Traitement...
2026-02-10T10:46:07.815Z -   ✓ Excel chargé: 0 places
2026-02-10T10:46:07.816Z -   ✓ Master JSON: 0 places
2026-02-10T10:46:07.817Z - 
🔄 RU: Traitement...
2026-02-10T10:46:07.817Z -   ✓ Excel chargé: 0 places
2026-02-10T10:46:07.818Z -   ✓ Master JSON: 0 places
2026-02-10T10:46:07.819Z - 
🔄 RW: Traitement...
2026-02-10T10:46:07.820Z -   ✓ Excel chargé: 0 places
2026-02-10T10:46:07.820Z -   ✓ Master JSON: 0 places
2026-02-10T10:46:07.821Z - 
🔄 SA: Traitement...
2026-02-10T10:46:07.822Z -   ✓ Excel chargé: 0 places
2026-02-10T10:46:07.823Z -   ✓ Master JSON: 0 places
2026-02-10T10:46:07.824Z - 
🔄 SB: Traitement...
2026-02-10T10:46:07.824Z -   ✓ Excel chargé: 0 places
2026-02-10T10:46:07.825Z -   ✓ Master JSON: 0 places
2026-02-10T10:46:07.825Z - 
🔄 SC: Traitement...
2026-02-10T10:46:07.827Z -   ✓ Excel chargé: 0 places
2026-02-10T10:46:07.828Z -   ✓ Master JSON: 0 places
2026-02-10T10:46:07.830Z - 
🔄 SD: Traitement...
2026-02-10T10:46:07.830Z -   ✓ Excel chargé: 0 places
2026-02-10T10:46:07.831Z -   ✓ Master JSON: 0 places
2026-02-10T10:46:07.833Z - 
🔄 SE: Traitement...
2026-02-10T10:46:07.855Z -   ✓ Excel chargé: 42 places
2026-02-10T10:46:07.869Z -   ✓ Master JSON: 42 places
2026-02-10T10:46:07.898Z -   ✓ Excel sauvegardé: 42 places
2026-02-10T10:46:07.899Z - 
🔄 SG: Traitement...
2026-02-10T10:46:07.900Z -   ✓ Excel chargé: 0 places
2026-02-10T10:46:07.900Z -   ✓ Master JSON: 0 places
2026-02-10T10:46:07.901Z - 
🔄 SI: Traitement...
2026-02-10T10:46:07.913Z -   ✓ Excel chargé: 9 places
2026-02-10T10:46:07.929Z -   ✓ Master JSON: 9 places
2026-02-10T10:46:07.940Z -   ✓ Excel sauvegardé: 9 places
2026-02-10T10:46:07.941Z - 
🔄 SK: Traitement...
2026-02-10T10:46:07.951Z -   ✓ Excel chargé: 11 places
2026-02-10T10:46:07.959Z -   ✓ Master JSON: 11 places
2026-02-10T10:46:07.972Z -   ✓ Excel sauvegardé: 11 places
2026-02-10T10:46:07.972Z - 
🔄 SL: Traitement...
2026-02-10T10:46:07.973Z -   ✓ Excel chargé: 0 places
2026-02-10T10:46:07.974Z -   ✓ Master JSON: 0 places
2026-02-10T10:46:07.975Z - 
🔄 SM: Traitement...
2026-02-10T10:46:07.976Z -   ✓ Excel chargé: 0 places
2026-02-10T10:46:07.977Z -   ✓ Master JSON: 0 places
2026-02-10T10:46:07.978Z - 
🔄 SN: Traitement...
2026-02-10T10:46:07.996Z -   ✓ Excel chargé: 8 places
2026-02-10T10:46:08.003Z -   ✓ Master JSON: 8 places
2026-02-10T10:46:08.011Z -   ✓ Excel sauvegardé: 8 places
2026-02-10T10:46:08.012Z - 
🔄 SO: Traitement...
2026-02-10T10:46:08.013Z -   ✓ Excel chargé: 0 places
2026-02-10T10:46:08.014Z -   ✓ Master JSON: 0 places
2026-02-10T10:46:08.015Z - 
🔄 SR: Traitement...
2026-02-10T10:46:08.020Z -   ✓ Excel chargé: 10 places
2026-02-10T10:46:08.021Z -   ✓ Master JSON: 0 places
2026-02-10T10:46:08.030Z -   ✓ Excel sauvegardé: 10 places
2026-02-10T10:46:08.030Z - 
🔄 SS: Traitement...
2026-02-10T10:46:08.031Z -   ✓ Excel chargé: 0 places
2026-02-10T10:46:08.032Z -   ✓ Master JSON: 0 places
2026-02-10T10:46:08.033Z - 
🔄 ST: Traitement...
2026-02-10T10:46:08.033Z -   ✓ Excel chargé: 0 places
2026-02-10T10:46:08.034Z -   ✓ Master JSON: 0 places
2026-02-10T10:46:08.034Z - 
🔄 SV: Traitement...
2026-02-10T10:46:08.040Z -   ✓ Excel chargé: 9 places
2026-02-10T10:46:08.048Z -   ✓ Master JSON: 9 places
2026-02-10T10:46:08.057Z -   ✓ Excel sauvegardé: 9 places
2026-02-10T10:46:08.058Z - 
🔄 SY: Traitement...
2026-02-10T10:46:08.058Z -   ✓ Excel chargé: 0 places
2026-02-10T10:46:08.059Z -   ✓ Master JSON: 0 places
2026-02-10T10:46:08.060Z - 
🔄 SZ: Traitement...
2026-02-10T10:46:08.060Z -   ✓ Excel chargé: 0 places
2026-02-10T10:46:08.061Z -   ✓ Master JSON: 0 places
2026-02-10T10:46:08.062Z - 
🔄 TD: Traitement...
2026-02-10T10:46:08.062Z -   ✓ Excel chargé: 0 places
2026-02-10T10:46:08.063Z -   ✓ Master JSON: 0 places
2026-02-10T10:46:08.064Z - 
🔄 TG: Traitement...
2026-02-10T10:46:08.064Z -   ✓ Excel chargé: 0 places
2026-02-10T10:46:08.065Z -   ✓ Master JSON: 0 places
2026-02-10T10:46:08.065Z - 
🔄 TH: Traitement...
2026-02-10T10:46:08.073Z -   ✓ Excel chargé: 24 places
2026-02-10T10:46:08.084Z -   ✓ Master JSON: 24 places
2026-02-10T10:46:08.098Z -   ✓ Excel sauvegardé: 24 places
2026-02-10T10:46:08.102Z - 
🔄 TJ: Traitement...
2026-02-10T10:46:08.106Z -   ✓ Excel chargé: 0 places
2026-02-10T10:46:08.107Z -   ✓ Master JSON: 0 places
2026-02-10T10:46:08.108Z - 
🔄 TL: Traitement...
2026-02-10T10:46:08.109Z -   ✓ Excel chargé: 0 places
2026-02-10T10:46:08.110Z -   ✓ Master JSON: 0 places
2026-02-10T10:46:08.112Z - 
🔄 TM: Traitement...
2026-02-10T10:46:08.121Z -   ✓ Excel chargé: 8 places
2026-02-10T10:46:08.130Z -   ✓ Master JSON: 8 places
2026-02-10T10:46:08.138Z -   ✓ Excel sauvegardé: 8 places
2026-02-10T10:46:08.139Z - 
🔄 TN: Traitement...
2026-02-10T10:46:08.139Z -   ✓ Excel chargé: 0 places
2026-02-10T10:46:08.140Z -   ✓ Master JSON: 0 places
2026-02-10T10:46:08.140Z - 
🔄 TO: Traitement...
2026-02-10T10:46:08.141Z -   ✓ Excel chargé: 0 places
2026-02-10T10:46:08.141Z -   ✓ Master JSON: 0 places
2026-02-10T10:46:08.142Z - 
🔄 TR: Traitement...
2026-02-10T10:46:08.154Z -   ✓ Excel chargé: 61 places
2026-02-10T10:46:08.168Z -   ✓ Master JSON: 60 places
2026-02-10T10:46:08.200Z -   ✓ Excel sauvegardé: 61 places
2026-02-10T10:46:08.201Z - 
🔄 TT: Traitement...
2026-02-10T10:46:08.201Z -   ✓ Excel chargé: 0 places
2026-02-10T10:46:08.202Z -   ✓ Master JSON: 0 places
2026-02-10T10:46:08.202Z - 
🔄 TV: Traitement...
2026-02-10T10:46:08.203Z -   ✓ Excel chargé: 0 places
2026-02-10T10:46:08.203Z -   ✓ Master JSON: 0 places
2026-02-10T10:46:08.204Z - 
🔄 TZ: Traitement...
2026-02-10T10:46:08.214Z -   ✓ Excel chargé: 17 places
2026-02-10T10:46:08.229Z -   ✓ Master JSON: 17 places
2026-02-10T10:46:08.239Z -   ✓ Excel sauvegardé: 17 places
2026-02-10T10:46:08.240Z - 
🔄 UA: Traitement...
2026-02-10T10:46:08.240Z -   ✓ Excel chargé: 0 places
2026-02-10T10:46:08.240Z -   ✓ Master JSON: 0 places
2026-02-10T10:46:08.241Z - 
🔄 UG: Traitement...
2026-02-10T10:46:08.241Z -   ✓ Excel chargé: 0 places
2026-02-10T10:46:08.241Z -   ✓ Master JSON: 0 places
2026-02-10T10:46:08.242Z - 
🔄 US: Traitement...
2026-02-10T10:46:08.290Z -   ✓ Excel chargé: 540 places
2026-02-10T10:46:08.351Z -   ✓ Master JSON: 412 places
2026-02-10T10:46:34.457Z -   ✓ Excel sauvegardé: 540 places
2026-02-10T10:46:34.458Z - 
🔄 UY: Traitement...
2026-02-10T10:46:34.459Z -   ✓ Excel chargé: 0 places
2026-02-10T10:46:34.460Z -   ✓ Master JSON: 0 places
2026-02-10T10:46:34.461Z - 
🔄 UZ: Traitement...
2026-02-10T10:46:34.469Z -   ✓ Excel chargé: 6 places
2026-02-10T10:46:34.477Z -   ✓ Master JSON: 6 places
2026-02-10T10:46:34.486Z -   ✓ Excel sauvegardé: 6 places
2026-02-10T10:46:34.487Z - 
🔄 VA: Traitement...
2026-02-10T10:46:34.487Z -   ✓ Excel chargé: 0 places
2026-02-10T10:46:34.488Z -   ✓ Master JSON: 0 places
2026-02-10T10:46:34.489Z - 
🔄 VAL-DE-MARNE-10-JOURS: Traitement...
2026-02-10T10:46:34.489Z -   ✓ Excel chargé: 0 places
2026-02-10T10:46:34.490Z -   ✓ Master JSON: 0 places
2026-02-10T10:46:34.491Z - 
🔄 VC: Traitement...
2026-02-10T10:46:34.491Z -   ✓ Excel chargé: 0 places
2026-02-10T10:46:34.492Z -   ✓ Master JSON: 0 places
2026-02-10T10:46:34.492Z - 
🔄 VE: Traitement...
2026-02-10T10:46:34.493Z -   ✓ Excel chargé: 0 places
2026-02-10T10:46:34.493Z -   ✓ Master JSON: 0 places
2026-02-10T10:46:34.494Z - 
🔄 VN: Traitement...
2026-02-10T10:46:34.505Z -   ✓ Excel chargé: 27 places
2026-02-10T10:46:34.521Z -   ✓ Master JSON: 26 places
2026-02-10T10:46:34.535Z -   ✓ Excel sauvegardé: 27 places
2026-02-10T10:46:34.536Z - 
🔄 VU: Traitement...
2026-02-10T10:46:34.536Z -   ✓ Excel chargé: 0 places
2026-02-10T10:46:34.537Z -   ✓ Master JSON: 0 places
2026-02-10T10:46:34.537Z - 
🔄 WF: Traitement...
2026-02-10T10:46:34.538Z -   ✓ Excel chargé: 0 places
2026-02-10T10:46:34.538Z -   ✓ Master JSON: 0 places
2026-02-10T10:46:34.539Z - 
🔄 WS: Traitement...
2026-02-10T10:46:34.539Z -   ✓ Excel chargé: 0 places
2026-02-10T10:46:34.540Z -   ✓ Master JSON: 0 places
2026-02-10T10:46:34.540Z - 
🔄 XX: Traitement...
2026-02-10T10:46:34.541Z -   ✓ Excel chargé: 0 places
2026-02-10T10:46:34.542Z -   ✓ Master JSON: 0 places
2026-02-10T10:46:34.542Z - 
🔄 YE: Traitement...
2026-02-10T10:46:34.543Z -   ✓ Excel chargé: 0 places
2026-02-10T10:46:34.543Z -   ✓ Master JSON: 0 places
2026-02-10T10:46:34.544Z - 
🔄 YT: Traitement...
2026-02-10T10:46:34.544Z -   ✓ Excel chargé: 0 places
2026-02-10T10:46:34.546Z -   ✓ Master JSON: 5 places
2026-02-10T10:46:34.546Z -   ✓ 5 nouvelles places ajoutées
2026-02-10T10:46:49.146Z -   ✓ Excel sauvegardé: 5 places
2026-02-10T10:46:49.147Z - 
🔄 ZA: Traitement...
2026-02-10T10:46:49.167Z -   ✓ Excel chargé: 114 places
2026-02-10T10:46:49.223Z -   ✓ Master JSON: 85 places
2026-02-10T10:46:49.254Z -   ✓ Excel sauvegardé: 114 places
2026-02-10T10:46:49.254Z - 
🔄 ZM: Traitement...
2026-02-10T10:46:49.255Z -   ✓ Excel chargé: 0 places
2026-02-10T10:46:49.255Z -   ✓ Master JSON: 0 places
2026-02-10T10:46:49.256Z - 
🔄 ZW: Traitement...
2026-02-10T10:46:49.256Z -   ✓ Excel chargé: 0 places
2026-02-10T10:46:49.257Z -   ✓ Master JSON: 0 places
2026-02-10T10:46:49.257Z - 
🔄 _TR_CACHE: Traitement...
2026-02-10T10:46:49.263Z -   ✓ Excel chargé: 0 places
2026-02-10T10:46:49.263Z -   ✓ Master JSON: 0 places
