2026-03-15T13:46:31.072Z - 
============================================================
2026-03-15T13:46:31.108Z - 🔄 MODE UPDATE - 15/03/2026 14:46:31
2026-03-15T13:46:31.109Z - ============================================================
2026-03-15T13:46:31.381Z - 
🔄 .RATINGS_BACKUPS: Traitement...
2026-03-15T13:46:31.384Z -   ✓ Excel chargé: 0 places
2026-03-15T13:46:31.386Z -   ✓ Master JSON: 0 places
2026-03-15T13:46:31.388Z - 
🔄 AD: Traitement...
2026-03-15T13:46:31.503Z -   ✓ Excel chargé: 0 places
2026-03-15T13:46:31.505Z -   ✓ Master JSON: 0 places
2026-03-15T13:46:31.508Z - 
🔄 AE: Traitement...
2026-03-15T13:46:31.539Z -   ✓ Excel chargé: 8 places
2026-03-15T13:46:31.551Z -   ✓ Master JSON: 8 places
2026-03-15T13:46:31.639Z -   ✓ Excel sauvegardé: 8 places
2026-03-15T13:46:31.642Z - 
🔄 AF: Traitement...
2026-03-15T13:46:31.675Z -   ✓ Excel chargé: 0 places
2026-03-15T13:46:31.678Z -   ✓ Master JSON: 0 places
2026-03-15T13:46:31.679Z - 
🔄 AG: Traitement...
2026-03-15T13:46:31.699Z -   ✓ Excel chargé: 0 places
2026-03-15T13:46:31.701Z -   ✓ Master JSON: 0 places
2026-03-15T13:46:31.703Z - 
🔄 AI: Traitement...
2026-03-15T13:46:31.705Z -   ✓ Excel chargé: 0 places
2026-03-15T13:46:31.706Z -   ✓ Master JSON: 0 places
2026-03-15T13:46:31.708Z - 
🔄 AL: Traitement...
2026-03-15T13:46:31.735Z -   ✓ Excel chargé: 12 places
2026-03-15T13:46:31.752Z -   ✓ Master JSON: 12 places
2026-03-15T13:46:31.796Z -   ✓ Excel sauvegardé: 12 places
2026-03-15T13:46:31.798Z - 
🔄 AM: Traitement...
2026-03-15T13:46:31.829Z -   ✓ Excel chargé: 8 places
2026-03-15T13:46:31.852Z -   ✓ Master JSON: 8 places
2026-03-15T13:46:31.888Z -   ✓ Excel sauvegardé: 8 places
2026-03-15T13:46:31.890Z - 
🔄 AO: Traitement...
2026-03-15T13:46:31.912Z -   ✓ Excel chargé: 0 places
2026-03-15T13:46:31.915Z -   ✓ Master JSON: 0 places
2026-03-15T13:46:31.917Z - 
🔄 AR: Traitement...
2026-03-15T13:46:31.983Z -   ✓ Excel chargé: 46 places
2026-03-15T13:46:32.043Z -   ✓ Master JSON: 23 places
2026-03-15T13:46:32.117Z -   ✓ Excel sauvegardé: 46 places
2026-03-15T13:46:32.119Z - 
🔄 AS: Traitement...
2026-03-15T13:46:32.120Z -   ✓ Excel chargé: 0 places
2026-03-15T13:46:32.121Z -   ✓ Master JSON: 0 places
2026-03-15T13:46:32.123Z - 
🔄 AT: Traitement...
2026-03-15T13:46:32.168Z -   ✓ Excel chargé: 45 places
2026-03-15T13:46:32.233Z -   ✓ Master JSON: 43 places
2026-03-15T13:46:32.295Z -   ✓ Excel sauvegardé: 45 places
2026-03-15T13:46:32.297Z - 
🔄 AU: Traitement...
2026-03-15T13:46:32.345Z -   ✓ Excel chargé: 74 places
2026-03-15T13:46:32.411Z -   ✓ Master JSON: 42 places
2026-03-15T13:46:32.512Z -   ✓ Excel sauvegardé: 74 places
2026-03-15T13:46:32.515Z - 
🔄 AW: Traitement...
2026-03-15T13:46:32.542Z -   ✓ Excel chargé: 0 places
2026-03-15T13:46:32.545Z -   ✓ Master JSON: 0 places
2026-03-15T13:46:32.547Z - 
🔄 AZ: Traitement...
2026-03-15T13:46:32.578Z -   ✓ Excel chargé: 0 places
2026-03-15T13:46:32.580Z -   ✓ Master JSON: 0 places
2026-03-15T13:46:32.583Z - 
🔄 BA: Traitement...
2026-03-15T13:46:32.612Z -   ✓ Excel chargé: 15 places
2026-03-15T13:46:32.664Z -   ✓ Master JSON: 15 places
2026-03-15T13:46:32.700Z -   ✓ Excel sauvegardé: 15 places
2026-03-15T13:46:32.703Z - 
🔄 BB: Traitement...
2026-03-15T13:46:32.722Z -   ✓ Excel chargé: 6 places
2026-03-15T13:46:32.745Z -   ✓ Master JSON: 6 places
2026-03-15T13:46:32.778Z -   ✓ Excel sauvegardé: 6 places
2026-03-15T13:46:32.780Z - 
🔄 BD: Traitement...
2026-03-15T13:46:32.808Z -   ✓ Excel chargé: 17 places
2026-03-15T13:46:32.830Z -   ✓ Master JSON: 14 places
2026-03-15T13:46:32.869Z -   ✓ Excel sauvegardé: 17 places
2026-03-15T13:46:32.871Z - 
🔄 BE: Traitement...
2026-03-15T13:46:32.898Z -   ✓ Excel chargé: 24 places
2026-03-15T13:46:32.922Z -   ✓ Master JSON: 23 places
2026-03-15T13:46:32.969Z -   ✓ Excel sauvegardé: 24 places
2026-03-15T13:46:32.971Z - 
🔄 BF: Traitement...
2026-03-15T13:46:32.983Z -   ✓ Excel chargé: 0 places
2026-03-15T13:46:32.985Z -   ✓ Master JSON: 0 places
2026-03-15T13:46:32.986Z - 
🔄 BG: Traitement...
2026-03-15T13:46:33.009Z -   ✓ Excel chargé: 29 places
2026-03-15T13:46:33.032Z -   ✓ Master JSON: 21 places
2026-03-15T13:46:33.062Z -   ✓ Excel sauvegardé: 29 places
2026-03-15T13:46:33.063Z - 
🔄 BH: Traitement...
2026-03-15T13:46:33.079Z -   ✓ Excel chargé: 0 places
2026-03-15T13:46:33.080Z -   ✓ Master JSON: 0 places
2026-03-15T13:46:33.082Z - 
🔄 BI: Traitement...
2026-03-15T13:46:33.100Z -   ✓ Excel chargé: 0 places
2026-03-15T13:46:33.101Z -   ✓ Master JSON: 0 places
2026-03-15T13:46:33.103Z - 
🔄 BJ: Traitement...
2026-03-15T13:46:33.117Z -   ✓ Excel chargé: 0 places
2026-03-15T13:46:33.118Z -   ✓ Master JSON: 0 places
2026-03-15T13:46:33.120Z - 
🔄 BL: Traitement...
2026-03-15T13:46:33.133Z -   ✓ Excel chargé: 8 places
2026-03-15T13:46:33.139Z -   ✓ Master JSON: 8 places
2026-03-15T13:46:33.159Z -   ✓ Excel sauvegardé: 8 places
2026-03-15T13:46:33.163Z - 
🔄 BM: Traitement...
2026-03-15T13:46:33.180Z -   ✓ Excel chargé: 0 places
2026-03-15T13:46:33.182Z -   ✓ Master JSON: 0 places
2026-03-15T13:46:33.184Z - 
🔄 BN: Traitement...
2026-03-15T13:46:33.197Z -   ✓ Excel chargé: 0 places
2026-03-15T13:46:33.198Z -   ✓ Master JSON: 0 places
2026-03-15T13:46:33.200Z - 
🔄 BO: Traitement...
2026-03-15T13:46:33.215Z -   ✓ Excel chargé: 17 places
2026-03-15T13:46:33.235Z -   ✓ Master JSON: 17 places
2026-03-15T13:46:33.259Z -   ✓ Excel sauvegardé: 17 places
2026-03-15T13:46:33.260Z - 
🔄 BQ: Traitement...
2026-03-15T13:46:33.262Z -   ✓ Excel chargé: 0 places
2026-03-15T13:46:33.264Z -   ✓ Master JSON: 0 places
2026-03-15T13:46:33.265Z - 
🔄 BR: Traitement...
2026-03-15T13:46:33.286Z -   ✓ Excel chargé: 55 places
2026-03-15T13:46:33.316Z -   ✓ Master JSON: 49 places
2026-03-15T13:46:33.369Z -   ✓ Excel sauvegardé: 55 places
2026-03-15T13:46:33.371Z - 
🔄 BS: Traitement...
2026-03-15T13:46:33.384Z -   ✓ Excel chargé: 9 places
2026-03-15T13:46:33.399Z -   ✓ Master JSON: 9 places
2026-03-15T13:46:33.421Z -   ✓ Excel sauvegardé: 9 places
2026-03-15T13:46:33.423Z - 
🔄 BT: Traitement...
2026-03-15T13:46:33.439Z -   ✓ Excel chargé: 0 places
2026-03-15T13:46:33.441Z -   ✓ Master JSON: 0 places
2026-03-15T13:46:33.444Z - 
🔄 BW: Traitement...
2026-03-15T13:46:33.466Z -   ✓ Excel chargé: 16 places
2026-03-15T13:46:33.485Z -   ✓ Master JSON: 15 places
2026-03-15T13:46:33.515Z -   ✓ Excel sauvegardé: 16 places
2026-03-15T13:46:33.517Z - 
🔄 BY: Traitement...
2026-03-15T13:46:33.533Z -   ✓ Excel chargé: 0 places
2026-03-15T13:46:33.534Z -   ✓ Master JSON: 0 places
2026-03-15T13:46:33.536Z - 
🔄 BZ: Traitement...
2026-03-15T13:46:33.554Z -   ✓ Excel chargé: 6 places
2026-03-15T13:46:33.570Z -   ✓ Master JSON: 6 places
2026-03-15T13:46:33.591Z -   ✓ Excel sauvegardé: 6 places
2026-03-15T13:46:33.594Z - 
🔄 CA: Traitement...
2026-03-15T13:46:33.623Z -   ✓ Excel chargé: 60 places
2026-03-15T13:46:33.678Z -   ✓ Master JSON: 54 places
2026-03-15T13:46:33.752Z -   ✓ Excel sauvegardé: 60 places
2026-03-15T13:46:33.754Z - 
🔄 CD: Traitement...
2026-03-15T13:46:33.776Z -   ✓ Excel chargé: 0 places
2026-03-15T13:46:33.779Z -   ✓ Master JSON: 0 places
2026-03-15T13:46:33.781Z - 
🔄 CF: Traitement...
2026-03-15T13:46:33.793Z -   ✓ Excel chargé: 0 places
2026-03-15T13:46:33.794Z -   ✓ Master JSON: 0 places
2026-03-15T13:46:33.797Z - 
🔄 CG: Traitement...
2026-03-15T13:46:33.811Z -   ✓ Excel chargé: 0 places
2026-03-15T13:46:33.813Z -   ✓ Master JSON: 0 places
2026-03-15T13:46:33.815Z - 
🔄 CH: Traitement...
2026-03-15T13:46:33.840Z -   ✓ Excel chargé: 56 places
2026-03-15T13:46:33.874Z -   ✓ Master JSON: 56 places
2026-03-15T13:46:33.926Z -   ✓ Excel sauvegardé: 56 places
2026-03-15T13:46:33.927Z - 
🔄 CI: Traitement...
2026-03-15T13:46:33.945Z -   ✓ Excel chargé: 0 places
2026-03-15T13:46:33.947Z -   ✓ Master JSON: 0 places
2026-03-15T13:46:33.948Z - 
🔄 CK: Traitement...
2026-03-15T13:46:33.949Z -   ✓ Excel chargé: 0 places
2026-03-15T13:46:33.950Z -   ✓ Master JSON: 0 places
2026-03-15T13:46:33.951Z - 
🔄 CL: Traitement...
2026-03-15T13:46:33.968Z -   ✓ Excel chargé: 8 places
2026-03-15T13:46:33.984Z -   ✓ Master JSON: 7 places
2026-03-15T13:46:34.004Z -   ✓ Excel sauvegardé: 8 places
2026-03-15T13:46:34.005Z - 
🔄 CM: Traitement...
2026-03-15T13:46:34.019Z -   ✓ Excel chargé: 0 places
2026-03-15T13:46:34.020Z -   ✓ Master JSON: 0 places
2026-03-15T13:46:34.022Z - 
🔄 CN: Traitement...
2026-03-15T13:46:34.042Z -   ✓ Excel chargé: 60 places
2026-03-15T13:46:34.074Z -   ✓ Master JSON: 56 places
2026-03-15T13:46:34.116Z -   ✓ Excel sauvegardé: 60 places
2026-03-15T13:46:34.117Z - 
🔄 CO: Traitement...
2026-03-15T13:46:34.131Z -   ✓ Excel chargé: 12 places
2026-03-15T13:46:34.143Z -   ✓ Master JSON: 12 places
2026-03-15T13:46:34.166Z -   ✓ Excel sauvegardé: 12 places
2026-03-15T13:46:34.167Z - 
🔄 CR: Traitement...
2026-03-15T13:46:34.181Z -   ✓ Excel chargé: 8 places
2026-03-15T13:46:34.199Z -   ✓ Master JSON: 8 places
2026-03-15T13:46:34.220Z -   ✓ Excel sauvegardé: 8 places
2026-03-15T13:46:34.221Z - 
🔄 CU: Traitement...
2026-03-15T13:46:34.238Z -   ✓ Excel chargé: 12 places
2026-03-15T13:46:34.255Z -   ✓ Master JSON: 12 places
2026-03-15T13:46:34.280Z -   ✓ Excel sauvegardé: 12 places
2026-03-15T13:46:34.282Z - 
🔄 CV: Traitement...
2026-03-15T13:46:34.293Z -   ✓ Excel chargé: 0 places
2026-03-15T13:46:34.297Z -   ✓ Master JSON: 0 places
2026-03-15T13:46:34.299Z - 
🔄 CY: Traitement...
2026-03-15T13:46:34.313Z -   ✓ Excel chargé: 0 places
2026-03-15T13:46:34.314Z -   ✓ Master JSON: 0 places
2026-03-15T13:46:34.315Z - 
🔄 CZ: Traitement...
2026-03-15T13:46:34.329Z -   ✓ Excel chargé: 19 places
2026-03-15T13:46:34.342Z -   ✓ Master JSON: 19 places
2026-03-15T13:46:34.366Z -   ✓ Excel sauvegardé: 19 places
2026-03-15T13:46:34.367Z - 
🔄 DE: Traitement...
2026-03-15T13:46:34.417Z -   ✓ Excel chargé: 112 places
2026-03-15T13:46:34.470Z -   ✓ Master JSON: 111 places
2026-03-15T13:46:34.569Z -   ✓ Excel sauvegardé: 112 places
2026-03-15T13:46:34.571Z - 
🔄 DJ: Traitement...
2026-03-15T13:46:34.573Z -   ✓ Excel chargé: 0 places
2026-03-15T13:46:34.574Z -   ✓ Master JSON: 0 places
2026-03-15T13:46:34.576Z - 
🔄 DK: Traitement...
2026-03-15T13:46:34.590Z -   ✓ Excel chargé: 14 places
2026-03-15T13:46:34.607Z -   ✓ Master JSON: 14 places
2026-03-15T13:46:34.632Z -   ✓ Excel sauvegardé: 14 places
2026-03-15T13:46:34.634Z - 
🔄 DM: Traitement...
2026-03-15T13:46:34.635Z -   ✓ Excel chargé: 0 places
2026-03-15T13:46:34.636Z -   ✓ Master JSON: 0 places
2026-03-15T13:46:34.638Z - 
🔄 DO: Traitement...
2026-03-15T13:46:34.654Z -   ✓ Excel chargé: 15 places
2026-03-15T13:46:34.677Z -   ✓ Master JSON: 15 places
2026-03-15T13:46:34.701Z -   ✓ Excel sauvegardé: 15 places
2026-03-15T13:46:34.703Z - 
🔄 DZ: Traitement...
2026-03-15T13:46:34.704Z -   ✓ Excel chargé: 0 places
2026-03-15T13:46:34.705Z -   ✓ Master JSON: 0 places
2026-03-15T13:46:34.707Z - 
🔄 EA: Traitement...
2026-03-15T13:46:34.723Z -   ✓ Excel chargé: 23 places
2026-03-15T13:46:34.740Z -   ✓ Master JSON: 23 places
2026-03-15T13:46:34.769Z -   ✓ Excel sauvegardé: 23 places
2026-03-15T13:46:34.770Z - 
🔄 EC: Traitement...
2026-03-15T13:46:34.782Z -   ✓ Excel chargé: 13 places
2026-03-15T13:46:34.799Z -   ✓ Master JSON: 13 places
2026-03-15T13:46:34.826Z -   ✓ Excel sauvegardé: 13 places
2026-03-15T13:46:34.828Z - 
🔄 EE: Traitement...
2026-03-15T13:46:34.830Z -   ✓ Excel chargé: 0 places
2026-03-15T13:46:34.832Z -   ✓ Master JSON: 0 places
2026-03-15T13:46:34.833Z - 
🔄 EG: Traitement...
2026-03-15T13:46:34.849Z -   ✓ Excel chargé: 17 places
2026-03-15T13:46:34.866Z -   ✓ Master JSON: 17 places
2026-03-15T13:46:34.888Z -   ✓ Excel sauvegardé: 17 places
2026-03-15T13:46:34.890Z - 
🔄 ER: Traitement...
2026-03-15T13:46:34.891Z -   ✓ Excel chargé: 0 places
2026-03-15T13:46:34.892Z -   ✓ Master JSON: 0 places
2026-03-15T13:46:34.893Z - 
🔄 ES: Traitement...
2026-03-15T13:46:34.946Z -   ✓ Excel chargé: 202 places
2026-03-15T13:46:35.004Z -   ✓ Master JSON: 182 places
2026-03-15T13:46:35.139Z -   ✓ Excel sauvegardé: 202 places
2026-03-15T13:46:35.141Z - 
🔄 ET: Traitement...
2026-03-15T13:46:35.142Z -   ✓ Excel chargé: 0 places
2026-03-15T13:46:35.143Z -   ✓ Master JSON: 0 places
2026-03-15T13:46:35.146Z - 
🔄 FI: Traitement...
2026-03-15T13:46:35.158Z -   ✓ Excel chargé: 9 places
2026-03-15T13:46:35.171Z -   ✓ Master JSON: 9 places
2026-03-15T13:46:35.186Z -   ✓ Excel sauvegardé: 9 places
2026-03-15T13:46:35.187Z - 
🔄 FJ: Traitement...
2026-03-15T13:46:35.188Z -   ✓ Excel chargé: 0 places
2026-03-15T13:46:35.189Z -   ✓ Master JSON: 0 places
2026-03-15T13:46:35.190Z - 
🔄 FM: Traitement...
2026-03-15T13:46:35.191Z -   ✓ Excel chargé: 0 places
2026-03-15T13:46:35.191Z -   ✓ Master JSON: 0 places
2026-03-15T13:46:35.193Z - 
🔄 FR: Traitement...
2026-03-15T13:46:35.379Z -   ✓ Excel chargé: 1279 places
2026-03-15T13:46:35.717Z -   ✓ Master JSON: 1178 places
2026-03-15T13:46:36.458Z -   ✓ Excel sauvegardé: 1279 places
2026-03-15T13:46:36.461Z - 
🔄 GA: Traitement...
2026-03-15T13:46:36.463Z -   ✓ Excel chargé: 0 places
2026-03-15T13:46:36.465Z -   ✓ Master JSON: 0 places
2026-03-15T13:46:36.466Z - 
🔄 GB: Traitement...
2026-03-15T13:46:36.512Z -   ✓ Excel chargé: 175 places
2026-03-15T13:46:36.565Z -   ✓ Master JSON: 171 places
2026-03-15T13:46:36.659Z -   ✓ Excel sauvegardé: 175 places
2026-03-15T13:46:36.661Z - 
🔄 GD: Traitement...
2026-03-15T13:46:36.662Z -   ✓ Excel chargé: 0 places
2026-03-15T13:46:36.664Z -   ✓ Master JSON: 0 places
2026-03-15T13:46:36.665Z - 
🔄 GE: Traitement...
2026-03-15T13:46:36.676Z -   ✓ Excel chargé: 19 places
2026-03-15T13:46:36.688Z -   ✓ Master JSON: 19 places
2026-03-15T13:46:36.706Z -   ✓ Excel sauvegardé: 19 places
2026-03-15T13:46:36.707Z - 
🔄 GF: Traitement...
2026-03-15T13:46:36.718Z -   ✓ Excel chargé: 5 places
2026-03-15T13:46:36.729Z -   ✓ Master JSON: 5 places
2026-03-15T13:46:36.743Z -   ✓ Excel sauvegardé: 5 places
2026-03-15T13:46:36.745Z - 
🔄 GH: Traitement...
2026-03-15T13:46:36.746Z -   ✓ Excel chargé: 0 places
2026-03-15T13:46:36.747Z -   ✓ Master JSON: 0 places
2026-03-15T13:46:36.749Z - 
🔄 GM: Traitement...
2026-03-15T13:46:36.750Z -   ✓ Excel chargé: 0 places
2026-03-15T13:46:36.750Z -   ✓ Master JSON: 0 places
2026-03-15T13:46:36.751Z - 
🔄 GN: Traitement...
2026-03-15T13:46:36.752Z -   ✓ Excel chargé: 0 places
2026-03-15T13:46:36.753Z -   ✓ Master JSON: 0 places
2026-03-15T13:46:36.754Z - 
🔄 GP: Traitement...
2026-03-15T13:46:36.763Z -   ✓ Excel chargé: 8 places
2026-03-15T13:46:36.776Z -   ✓ Master JSON: 8 places
2026-03-15T13:46:36.799Z -   ✓ Excel sauvegardé: 8 places
2026-03-15T13:46:36.800Z - 
🔄 GQ: Traitement...
2026-03-15T13:46:36.801Z -   ✓ Excel chargé: 0 places
2026-03-15T13:46:36.803Z -   ✓ Master JSON: 0 places
2026-03-15T13:46:36.805Z - 
🔄 GR: Traitement...
2026-03-15T13:46:36.840Z -   ✓ Excel chargé: 106 places
2026-03-15T13:46:36.883Z -   ✓ Master JSON: 105 places
2026-03-15T13:46:36.954Z -   ✓ Excel sauvegardé: 106 places
2026-03-15T13:46:36.956Z - 
🔄 GT: Traitement...
2026-03-15T13:46:36.971Z -   ✓ Excel chargé: 6 places
2026-03-15T13:46:36.985Z -   ✓ Master JSON: 6 places
2026-03-15T13:46:37.004Z -   ✓ Excel sauvegardé: 6 places
2026-03-15T13:46:37.005Z - 
🔄 GW: Traitement...
2026-03-15T13:46:37.006Z -   ✓ Excel chargé: 0 places
2026-03-15T13:46:37.007Z -   ✓ Master JSON: 0 places
2026-03-15T13:46:37.009Z - 
🔄 GY: Traitement...
2026-03-15T13:46:37.010Z -   ✓ Excel chargé: 0 places
2026-03-15T13:46:37.011Z -   ✓ Master JSON: 0 places
2026-03-15T13:46:37.014Z - 
🔄 HN: Traitement...
2026-03-15T13:46:37.015Z -   ✓ Excel chargé: 0 places
2026-03-15T13:46:37.016Z -   ✓ Master JSON: 0 places
2026-03-15T13:46:37.017Z - 
🔄 HR: Traitement...
2026-03-15T13:46:37.051Z -   ✓ Excel chargé: 88 places
2026-03-15T13:46:37.093Z -   ✓ Master JSON: 71 places
2026-03-15T13:46:37.158Z -   ✓ Excel sauvegardé: 88 places
2026-03-15T13:46:37.160Z - 
🔄 HT: Traitement...
2026-03-15T13:46:37.163Z -   ✓ Excel chargé: 0 places
2026-03-15T13:46:37.165Z -   ✓ Master JSON: 0 places
2026-03-15T13:46:37.166Z - 
🔄 HU: Traitement...
2026-03-15T13:46:37.184Z -   ✓ Excel chargé: 34 places
2026-03-15T13:46:37.202Z -   ✓ Master JSON: 34 places
2026-03-15T13:46:37.240Z -   ✓ Excel sauvegardé: 34 places
2026-03-15T13:46:37.242Z - 
🔄 ID: Traitement...
2026-03-15T13:46:37.260Z -   ✓ Excel chargé: 72 places
2026-03-15T13:46:37.291Z -   ✓ Master JSON: 72 places
2026-03-15T13:46:37.341Z -   ✓ Excel sauvegardé: 72 places
2026-03-15T13:46:37.343Z - 
🔄 IE: Traitement...
2026-03-15T13:46:37.357Z -   ✓ Excel chargé: 31 places
2026-03-15T13:46:37.373Z -   ✓ Master JSON: 31 places
2026-03-15T13:46:37.400Z -   ✓ Excel sauvegardé: 31 places
2026-03-15T13:46:37.401Z - 
🔄 IL: Traitement...
2026-03-15T13:46:37.416Z -   ✓ Excel chargé: 12 places
2026-03-15T13:46:37.426Z -   ✓ Master JSON: 12 places
2026-03-15T13:46:37.443Z -   ✓ Excel sauvegardé: 12 places
2026-03-15T13:46:37.444Z - 
🔄 IN: Traitement...
2026-03-15T13:46:37.459Z -   ✓ Excel chargé: 56 places
2026-03-15T13:46:37.479Z -   ✓ Master JSON: 56 places
2026-03-15T13:46:37.519Z -   ✓ Excel sauvegardé: 56 places
2026-03-15T13:46:37.520Z - 
🔄 IQ: Traitement...
2026-03-15T13:46:37.521Z -   ✓ Excel chargé: 0 places
2026-03-15T13:46:37.522Z -   ✓ Master JSON: 0 places
2026-03-15T13:46:37.523Z - 
🔄 IR: Traitement...
2026-03-15T13:46:37.524Z -   ✓ Excel chargé: 0 places
2026-03-15T13:46:37.524Z -   ✓ Master JSON: 0 places
2026-03-15T13:46:37.526Z - 
🔄 IS: Traitement...
2026-03-15T13:46:37.537Z -   ✓ Excel chargé: 11 places
2026-03-15T13:46:37.549Z -   ✓ Master JSON: 11 places
2026-03-15T13:46:37.566Z -   ✓ Excel sauvegardé: 11 places
2026-03-15T13:46:37.567Z - 
🔄 IT: Traitement...
2026-03-15T13:46:37.649Z -   ✓ Excel chargé: 600 places
2026-03-15T13:46:37.788Z -   ✓ Master JSON: 510 places
2026-03-15T13:46:37.789Z -   ✓ 2 nouvelles places ajoutées
2026-03-15T13:47:13.004Z -   ✓ Excel sauvegardé: 602 places
2026-03-15T13:47:13.008Z - 
🔄 JM: Traitement...
2026-03-15T13:47:13.010Z -   ✓ Excel chargé: 0 places
2026-03-15T13:47:13.012Z -   ✓ Master JSON: 0 places
2026-03-15T13:47:13.015Z - 
🔄 JO: Traitement...
2026-03-15T13:47:13.072Z -   ✓ Excel chargé: 7 places
2026-03-15T13:47:13.088Z -   ✓ Master JSON: 7 places
2026-03-15T13:47:13.112Z -   ✓ Excel sauvegardé: 7 places
2026-03-15T13:47:13.114Z - 
🔄 JP: Traitement...
2026-03-15T13:47:13.189Z -   ✓ Excel chargé: 113 places
2026-03-15T13:47:13.233Z -   ✓ Master JSON: 113 places
2026-03-15T13:47:13.315Z -   ✓ Excel sauvegardé: 113 places
2026-03-15T13:47:13.317Z - 
🔄 KE: Traitement...
2026-03-15T13:47:13.318Z -   ✓ Excel chargé: 0 places
2026-03-15T13:47:13.320Z -   ✓ Master JSON: 0 places
2026-03-15T13:47:13.322Z - 
🔄 KG: Traitement...
2026-03-15T13:47:13.323Z -   ✓ Excel chargé: 0 places
2026-03-15T13:47:13.325Z -   ✓ Master JSON: 0 places
2026-03-15T13:47:13.327Z - 
🔄 KH: Traitement...
2026-03-15T13:47:13.341Z -   ✓ Excel chargé: 9 places
2026-03-15T13:47:13.357Z -   ✓ Master JSON: 8 places
2026-03-15T13:47:13.376Z -   ✓ Excel sauvegardé: 9 places
2026-03-15T13:47:13.377Z - 
🔄 KI: Traitement...
2026-03-15T13:47:13.378Z -   ✓ Excel chargé: 0 places
2026-03-15T13:47:13.379Z -   ✓ Master JSON: 0 places
2026-03-15T13:47:13.381Z - 
🔄 KM: Traitement...
2026-03-15T13:47:13.382Z -   ✓ Excel chargé: 0 places
2026-03-15T13:47:13.383Z -   ✓ Master JSON: 0 places
2026-03-15T13:47:13.384Z - 
🔄 KN: Traitement...
2026-03-15T13:47:13.385Z -   ✓ Excel chargé: 0 places
2026-03-15T13:47:13.387Z -   ✓ Master JSON: 0 places
2026-03-15T13:47:13.389Z - 
🔄 KP: Traitement...
2026-03-15T13:47:13.391Z -   ✓ Excel chargé: 0 places
2026-03-15T13:47:13.392Z -   ✓ Master JSON: 0 places
2026-03-15T13:47:13.395Z - 
🔄 KR: Traitement...
2026-03-15T13:47:13.423Z -   ✓ Excel chargé: 5 places
2026-03-15T13:47:13.448Z -   ✓ Master JSON: 5 places
2026-03-15T13:47:13.466Z -   ✓ Excel sauvegardé: 5 places
2026-03-15T13:47:13.468Z - 
🔄 KW: Traitement...
2026-03-15T13:47:13.470Z -   ✓ Excel chargé: 0 places
2026-03-15T13:47:13.472Z -   ✓ Master JSON: 0 places
2026-03-15T13:47:13.473Z - 
🔄 KZ: Traitement...
2026-03-15T13:47:13.485Z -   ✓ Excel chargé: 19 places
2026-03-15T13:47:13.499Z -   ✓ Master JSON: 19 places
2026-03-15T13:47:13.539Z -   ✓ Excel sauvegardé: 19 places
2026-03-15T13:47:13.541Z - 
🔄 LA: Traitement...
2026-03-15T13:47:13.573Z -   ✓ Excel chargé: 43 places
2026-03-15T13:47:13.604Z -   ✓ Master JSON: 21 places
2026-03-15T13:47:13.673Z -   ✓ Excel sauvegardé: 43 places
2026-03-15T13:47:13.676Z - 
🔄 LB: Traitement...
2026-03-15T13:47:13.677Z -   ✓ Excel chargé: 0 places
2026-03-15T13:47:13.679Z -   ✓ Master JSON: 0 places
2026-03-15T13:47:13.681Z - 
🔄 LC: Traitement...
2026-03-15T13:47:13.682Z -   ✓ Excel chargé: 0 places
2026-03-15T13:47:13.683Z -   ✓ Master JSON: 0 places
2026-03-15T13:47:13.685Z - 
🔄 LI: Traitement...
2026-03-15T13:47:13.687Z -   ✓ Excel chargé: 0 places
2026-03-15T13:47:13.689Z -   ✓ Master JSON: 0 places
2026-03-15T13:47:13.692Z - 
🔄 LK: Traitement...
2026-03-15T13:47:13.716Z -   ✓ Excel chargé: 34 places
2026-03-15T13:47:13.752Z -   ✓ Master JSON: 34 places
2026-03-15T13:47:13.807Z -   ✓ Excel sauvegardé: 34 places
2026-03-15T13:47:13.810Z - 
🔄 LR: Traitement...
2026-03-15T13:47:13.812Z -   ✓ Excel chargé: 0 places
2026-03-15T13:47:13.814Z -   ✓ Master JSON: 0 places
2026-03-15T13:47:13.816Z - 
🔄 LS: Traitement...
2026-03-15T13:47:13.818Z -   ✓ Excel chargé: 0 places
2026-03-15T13:47:13.819Z -   ✓ Master JSON: 0 places
2026-03-15T13:47:13.821Z - 
🔄 LT: Traitement...
2026-03-15T13:47:13.840Z -   ✓ Excel chargé: 4 places
2026-03-15T13:47:13.857Z -   ✓ Master JSON: 4 places
2026-03-15T13:47:13.880Z -   ✓ Excel sauvegardé: 4 places
2026-03-15T13:47:13.881Z - 
🔄 LU: Traitement...
2026-03-15T13:47:13.883Z -   ✓ Excel chargé: 0 places
2026-03-15T13:47:13.884Z -   ✓ Master JSON: 0 places
2026-03-15T13:47:13.886Z - 
🔄 LV: Traitement...
2026-03-15T13:47:13.899Z -   ✓ Excel chargé: 11 places
2026-03-15T13:47:13.915Z -   ✓ Master JSON: 11 places
2026-03-15T13:47:13.944Z -   ✓ Excel sauvegardé: 11 places
2026-03-15T13:47:13.946Z - 
🔄 LY: Traitement...
2026-03-15T13:47:13.948Z -   ✓ Excel chargé: 0 places
2026-03-15T13:47:13.949Z -   ✓ Master JSON: 0 places
2026-03-15T13:47:13.956Z - 
🔄 MA: Traitement...
2026-03-15T13:47:13.992Z -   ✓ Excel chargé: 5 places
2026-03-15T13:47:14.008Z -   ✓ Master JSON: 5 places
2026-03-15T13:47:14.027Z -   ✓ Excel sauvegardé: 5 places
2026-03-15T13:47:14.030Z - 
🔄 MC: Traitement...
2026-03-15T13:47:14.032Z -   ✓ Excel chargé: 0 places
2026-03-15T13:47:14.033Z -   ✓ Master JSON: 0 places
2026-03-15T13:47:14.035Z - 
🔄 MD: Traitement...
2026-03-15T13:47:14.046Z -   ✓ Excel chargé: 6 places
2026-03-15T13:47:14.062Z -   ✓ Master JSON: 6 places
2026-03-15T13:47:14.081Z -   ✓ Excel sauvegardé: 6 places
2026-03-15T13:47:14.083Z - 
🔄 ME: Traitement...
2026-03-15T13:47:14.098Z -   ✓ Excel chargé: 12 places
2026-03-15T13:47:14.114Z -   ✓ Master JSON: 12 places
2026-03-15T13:47:14.134Z -   ✓ Excel sauvegardé: 12 places
2026-03-15T13:47:14.135Z - 
🔄 MF: Traitement...
2026-03-15T13:47:14.146Z -   ✓ Excel chargé: 4 places
2026-03-15T13:47:14.165Z -   ✓ Master JSON: 4 places
2026-03-15T13:47:14.194Z -   ✓ Excel sauvegardé: 4 places
2026-03-15T13:47:14.196Z - 
🔄 MG: Traitement...
2026-03-15T13:47:14.216Z -   ✓ Excel chargé: 19 places
2026-03-15T13:47:14.232Z -   ✓ Master JSON: 19 places
2026-03-15T13:47:14.253Z -   ✓ Excel sauvegardé: 19 places
2026-03-15T13:47:14.255Z - 
🔄 MH: Traitement...
2026-03-15T13:47:14.256Z -   ✓ Excel chargé: 0 places
2026-03-15T13:47:14.257Z -   ✓ Master JSON: 0 places
2026-03-15T13:47:14.259Z - 
🔄 MK: Traitement...
2026-03-15T13:47:14.260Z -   ✓ Excel chargé: 0 places
2026-03-15T13:47:14.261Z -   ✓ Master JSON: 0 places
2026-03-15T13:47:14.263Z - 
🔄 ML: Traitement...
2026-03-15T13:47:14.264Z -   ✓ Excel chargé: 0 places
2026-03-15T13:47:14.264Z -   ✓ Master JSON: 0 places
2026-03-15T13:47:14.266Z - 
🔄 MM: Traitement...
2026-03-15T13:47:14.266Z -   ✓ Excel chargé: 0 places
2026-03-15T13:47:14.267Z -   ✓ Master JSON: 0 places
2026-03-15T13:47:14.268Z - 
🔄 MN: Traitement...
2026-03-15T13:47:14.280Z -   ✓ Excel chargé: 24 places
2026-03-15T13:47:14.296Z -   ✓ Master JSON: 24 places
2026-03-15T13:47:14.320Z -   ✓ Excel sauvegardé: 24 places
2026-03-15T13:47:14.321Z - 
🔄 MQ: Traitement...
2026-03-15T13:47:14.331Z -   ✓ Excel chargé: 5 places
2026-03-15T13:47:14.346Z -   ✓ Master JSON: 5 places
2026-03-15T13:47:14.362Z -   ✓ Excel sauvegardé: 5 places
2026-03-15T13:47:14.363Z - 
🔄 MR: Traitement...
2026-03-15T13:47:14.365Z -   ✓ Excel chargé: 0 places
2026-03-15T13:47:14.366Z -   ✓ Master JSON: 0 places
2026-03-15T13:47:14.367Z - 
🔄 MT: Traitement...
2026-03-15T13:47:14.368Z -   ✓ Excel chargé: 0 places
2026-03-15T13:47:14.369Z -   ✓ Master JSON: 0 places
2026-03-15T13:47:14.370Z - 
🔄 MU: Traitement...
2026-03-15T13:47:14.381Z -   ✓ Excel chargé: 14 places
2026-03-15T13:47:14.397Z -   ✓ Master JSON: 14 places
2026-03-15T13:47:14.414Z -   ✓ Excel sauvegardé: 14 places
2026-03-15T13:47:14.415Z - 
🔄 MV: Traitement...
2026-03-15T13:47:14.416Z -   ✓ Excel chargé: 0 places
2026-03-15T13:47:14.417Z -   ✓ Master JSON: 0 places
2026-03-15T13:47:14.419Z - 
🔄 MW: Traitement...
2026-03-15T13:47:14.420Z -   ✓ Excel chargé: 0 places
2026-03-15T13:47:14.421Z -   ✓ Master JSON: 0 places
2026-03-15T13:47:14.423Z - 
🔄 MX: Traitement...
2026-03-15T13:47:14.447Z -   ✓ Excel chargé: 27 places
2026-03-15T13:47:14.475Z -   ✓ Master JSON: 27 places
2026-03-15T13:47:14.502Z -   ✓ Excel sauvegardé: 27 places
2026-03-15T13:47:14.503Z - 
🔄 MY: Traitement...
2026-03-15T13:47:14.515Z -   ✓ Excel chargé: 6 places
2026-03-15T13:47:14.528Z -   ✓ Master JSON: 6 places
2026-03-15T13:47:14.552Z -   ✓ Excel sauvegardé: 6 places
2026-03-15T13:47:14.555Z - 
🔄 MZ: Traitement...
2026-03-15T13:47:14.556Z -   ✓ Excel chargé: 0 places
2026-03-15T13:47:14.559Z -   ✓ Master JSON: 0 places
2026-03-15T13:47:14.561Z - 
🔄 NA: Traitement...
2026-03-15T13:47:14.593Z -   ✓ Excel chargé: 49 places
2026-03-15T13:47:14.630Z -   ✓ Master JSON: 27 places
2026-03-15T13:47:14.875Z -   ✓ Excel sauvegardé: 49 places
2026-03-15T13:47:14.880Z - 
🔄 NC: Traitement...
2026-03-15T13:47:14.928Z -   ✓ Excel chargé: 5 places
2026-03-15T13:47:15.032Z -   ✓ Master JSON: 5 places
2026-03-15T13:47:15.166Z -   ✓ Excel sauvegardé: 5 places
2026-03-15T13:47:15.197Z - 
🔄 NE: Traitement...
2026-03-15T13:47:15.215Z -   ✓ Excel chargé: 0 places
2026-03-15T13:47:15.245Z -   ✓ Master JSON: 0 places
2026-03-15T13:47:15.281Z - 
🔄 NG: Traitement...
2026-03-15T13:47:15.309Z -   ✓ Excel chargé: 0 places
2026-03-15T13:47:15.316Z -   ✓ Master JSON: 0 places
2026-03-15T13:47:15.331Z - 
🔄 NI: Traitement...
2026-03-15T13:47:15.414Z -   ✓ Excel chargé: 45 places
2026-03-15T13:47:15.497Z -   ✓ Master JSON: 19 places
2026-03-15T13:47:15.671Z -   ✓ Excel sauvegardé: 45 places
2026-03-15T13:47:15.677Z - 
🔄 NL: Traitement...
2026-03-15T13:47:15.709Z -   ✓ Excel chargé: 28 places
2026-03-15T13:47:15.740Z -   ✓ Master JSON: 28 places
2026-03-15T13:47:15.781Z -   ✓ Excel sauvegardé: 28 places
2026-03-15T13:47:15.782Z - 
🔄 NO: Traitement...
2026-03-15T13:47:15.798Z -   ✓ Excel chargé: 16 places
2026-03-15T13:47:15.818Z -   ✓ Master JSON: 4 places
2026-03-15T13:47:15.853Z -   ✓ Excel sauvegardé: 16 places
2026-03-15T13:47:15.856Z - 
🔄 NP: Traitement...
2026-03-15T13:47:15.858Z -   ✓ Excel chargé: 0 places
2026-03-15T13:47:15.860Z -   ✓ Master JSON: 0 places
2026-03-15T13:47:15.862Z - 
🔄 NR: Traitement...
2026-03-15T13:47:15.863Z -   ✓ Excel chargé: 0 places
2026-03-15T13:47:15.865Z -   ✓ Master JSON: 0 places
2026-03-15T13:47:15.866Z - 
🔄 NZ: Traitement...
2026-03-15T13:47:15.891Z -   ✓ Excel chargé: 44 places
2026-03-15T13:47:15.917Z -   ✓ Master JSON: 33 places
2026-03-15T13:47:15.973Z -   ✓ Excel sauvegardé: 44 places
2026-03-15T13:47:15.975Z - 
🔄 OM: Traitement...
2026-03-15T13:47:15.996Z -   ✓ Excel chargé: 5 places
2026-03-15T13:47:16.015Z -   ✓ Master JSON: 5 places
2026-03-15T13:47:16.043Z -   ✓ Excel sauvegardé: 5 places
2026-03-15T13:47:16.045Z - 
🔄 PA: Traitement...
2026-03-15T13:47:16.060Z -   ✓ Excel chargé: 9 places
2026-03-15T13:47:16.079Z -   ✓ Master JSON: 8 places
2026-03-15T13:47:16.105Z -   ✓ Excel sauvegardé: 9 places
2026-03-15T13:47:16.108Z - 
🔄 PE: Traitement...
2026-03-15T13:47:16.126Z -   ✓ Excel chargé: 19 places
2026-03-15T13:47:16.164Z -   ✓ Master JSON: 19 places
2026-03-15T13:47:16.194Z -   ✓ Excel sauvegardé: 19 places
2026-03-15T13:47:16.196Z - 
🔄 PF: Traitement...
2026-03-15T13:47:16.214Z -   ✓ Excel chargé: 32 places
2026-03-15T13:47:16.238Z -   ✓ Master JSON: 31 places
2026-03-15T13:47:16.281Z -   ✓ Excel sauvegardé: 32 places
2026-03-15T13:47:16.283Z - 
🔄 PG: Traitement...
2026-03-15T13:47:16.285Z -   ✓ Excel chargé: 0 places
2026-03-15T13:47:16.286Z -   ✓ Master JSON: 0 places
2026-03-15T13:47:16.289Z - 
🔄 PH: Traitement...
2026-03-15T13:47:16.326Z -   ✓ Excel chargé: 11 places
2026-03-15T13:47:16.343Z -   ✓ Master JSON: 11 places
2026-03-15T13:47:16.363Z -   ✓ Excel sauvegardé: 11 places
2026-03-15T13:47:16.364Z - 
🔄 PK: Traitement...
2026-03-15T13:47:16.365Z -   ✓ Excel chargé: 0 places
2026-03-15T13:47:16.366Z -   ✓ Master JSON: 0 places
2026-03-15T13:47:16.368Z - 
🔄 PL: Traitement...
2026-03-15T13:47:16.382Z -   ✓ Excel chargé: 35 places
2026-03-15T13:47:16.409Z -   ✓ Master JSON: 35 places
2026-03-15T13:47:16.443Z -   ✓ Excel sauvegardé: 35 places
2026-03-15T13:47:16.444Z - 
🔄 PM: Traitement...
2026-03-15T13:47:16.446Z -   ✓ Excel chargé: 0 places
2026-03-15T13:47:16.447Z -   ✓ Master JSON: 0 places
2026-03-15T13:47:16.448Z - 
🔄 PT: Traitement...
2026-03-15T13:47:16.466Z -   ✓ Excel chargé: 66 places
2026-03-15T13:47:16.503Z -   ✓ Master JSON: 49 places
2026-03-15T13:47:16.581Z -   ✓ Excel sauvegardé: 66 places
2026-03-15T13:47:16.583Z - 
🔄 PW: Traitement...
2026-03-15T13:47:16.584Z -   ✓ Excel chargé: 0 places
2026-03-15T13:47:16.585Z -   ✓ Master JSON: 0 places
2026-03-15T13:47:16.586Z - 
🔄 PY: Traitement...
2026-03-15T13:47:16.601Z -   ✓ Excel chargé: 4 places
2026-03-15T13:47:16.617Z -   ✓ Master JSON: 4 places
2026-03-15T13:47:16.630Z -   ✓ Excel sauvegardé: 4 places
2026-03-15T13:47:16.631Z - 
🔄 QA: Traitement...
2026-03-15T13:47:16.632Z -   ✓ Excel chargé: 0 places
2026-03-15T13:47:16.633Z -   ✓ Master JSON: 0 places
2026-03-15T13:47:16.635Z - 
🔄 RE: Traitement...
2026-03-15T13:47:16.635Z -   ✓ Excel chargé: 0 places
2026-03-15T13:47:16.636Z -   ✓ Master JSON: 0 places
2026-03-15T13:47:16.637Z - 
🔄 RO: Traitement...
2026-03-15T13:47:16.648Z -   ✓ Excel chargé: 15 places
2026-03-15T13:47:16.661Z -   ✓ Master JSON: 13 places
2026-03-15T13:47:16.685Z -   ✓ Excel sauvegardé: 15 places
2026-03-15T13:47:16.687Z - 
🔄 RS: Traitement...
2026-03-15T13:47:16.709Z -   ✓ Excel chargé: 14 places
2026-03-15T13:47:16.726Z -   ✓ Master JSON: 14 places
2026-03-15T13:47:16.746Z -   ✓ Excel sauvegardé: 14 places
2026-03-15T13:47:16.748Z - 
🔄 RT IMPORTÉS: Traitement...
2026-03-15T13:47:16.749Z -   ✓ Excel chargé: 0 places
2026-03-15T13:47:16.749Z -   ✓ Master JSON: 0 places
2026-03-15T13:47:16.751Z - 
🔄 RU: Traitement...
2026-03-15T13:47:16.751Z -   ✓ Excel chargé: 0 places
2026-03-15T13:47:16.752Z -   ✓ Master JSON: 0 places
2026-03-15T13:47:16.754Z - 
🔄 RW: Traitement...
2026-03-15T13:47:16.754Z -   ✓ Excel chargé: 0 places
2026-03-15T13:47:16.755Z -   ✓ Master JSON: 0 places
2026-03-15T13:47:16.757Z - 
🔄 SA: Traitement...
2026-03-15T13:47:16.758Z -   ✓ Excel chargé: 0 places
2026-03-15T13:47:16.759Z -   ✓ Master JSON: 0 places
2026-03-15T13:47:16.761Z - 
🔄 SB: Traitement...
2026-03-15T13:47:16.762Z -   ✓ Excel chargé: 0 places
2026-03-15T13:47:16.763Z -   ✓ Master JSON: 0 places
2026-03-15T13:47:16.765Z - 
🔄 SC: Traitement...
2026-03-15T13:47:16.766Z -   ✓ Excel chargé: 0 places
2026-03-15T13:47:16.767Z -   ✓ Master JSON: 0 places
2026-03-15T13:47:16.769Z - 
🔄 SD: Traitement...
2026-03-15T13:47:16.770Z -   ✓ Excel chargé: 0 places
2026-03-15T13:47:16.771Z -   ✓ Master JSON: 0 places
2026-03-15T13:47:16.772Z - 
🔄 SE: Traitement...
2026-03-15T13:47:16.788Z -   ✓ Excel chargé: 42 places
2026-03-15T13:47:16.814Z -   ✓ Master JSON: 42 places
2026-03-15T13:47:16.866Z -   ✓ Excel sauvegardé: 42 places
2026-03-15T13:47:16.869Z - 
🔄 SG: Traitement...
2026-03-15T13:47:16.873Z -   ✓ Excel chargé: 0 places
2026-03-15T13:47:16.875Z -   ✓ Master JSON: 0 places
2026-03-15T13:47:16.878Z - 
🔄 SI: Traitement...
2026-03-15T13:47:16.910Z -   ✓ Excel chargé: 9 places
2026-03-15T13:47:16.947Z -   ✓ Master JSON: 9 places
2026-03-15T13:47:16.977Z -   ✓ Excel sauvegardé: 9 places
2026-03-15T13:47:16.979Z - 
🔄 SK: Traitement...
2026-03-15T13:47:16.993Z -   ✓ Excel chargé: 11 places
2026-03-15T13:47:17.043Z -   ✓ Master JSON: 11 places
2026-03-15T13:47:17.066Z -   ✓ Excel sauvegardé: 11 places
2026-03-15T13:47:17.068Z - 
🔄 SL: Traitement...
2026-03-15T13:47:17.070Z -   ✓ Excel chargé: 0 places
2026-03-15T13:47:17.072Z -   ✓ Master JSON: 0 places
2026-03-15T13:47:17.074Z - 
🔄 SM: Traitement...
2026-03-15T13:47:17.076Z -   ✓ Excel chargé: 0 places
2026-03-15T13:47:17.078Z -   ✓ Master JSON: 0 places
2026-03-15T13:47:17.080Z - 
🔄 SN: Traitement...
2026-03-15T13:47:17.097Z -   ✓ Excel chargé: 8 places
2026-03-15T13:47:17.129Z -   ✓ Master JSON: 8 places
2026-03-15T13:47:17.174Z -   ✓ Excel sauvegardé: 8 places
2026-03-15T13:47:17.176Z - 
🔄 SO: Traitement...
2026-03-15T13:47:17.178Z -   ✓ Excel chargé: 0 places
2026-03-15T13:47:17.179Z -   ✓ Master JSON: 0 places
2026-03-15T13:47:17.181Z - 
🔄 SR: Traitement...
2026-03-15T13:47:17.201Z -   ✓ Excel chargé: 10 places
2026-03-15T13:47:17.203Z -   ✓ Master JSON: 0 places
2026-03-15T13:47:17.230Z -   ✓ Excel sauvegardé: 10 places
2026-03-15T13:47:17.231Z - 
🔄 SS: Traitement...
2026-03-15T13:47:17.233Z -   ✓ Excel chargé: 0 places
2026-03-15T13:47:17.235Z -   ✓ Master JSON: 0 places
2026-03-15T13:47:17.237Z - 
🔄 ST: Traitement...
2026-03-15T13:47:17.238Z -   ✓ Excel chargé: 0 places
2026-03-15T13:47:17.239Z -   ✓ Master JSON: 0 places
2026-03-15T13:47:17.242Z - 
🔄 SV: Traitement...
2026-03-15T13:47:17.254Z -   ✓ Excel chargé: 9 places
2026-03-15T13:47:17.273Z -   ✓ Master JSON: 9 places
2026-03-15T13:47:17.296Z -   ✓ Excel sauvegardé: 9 places
2026-03-15T13:47:17.298Z - 
🔄 SY: Traitement...
2026-03-15T13:47:17.299Z -   ✓ Excel chargé: 0 places
2026-03-15T13:47:17.301Z -   ✓ Master JSON: 0 places
2026-03-15T13:47:17.302Z - 
🔄 SZ: Traitement...
2026-03-15T13:47:17.303Z -   ✓ Excel chargé: 0 places
2026-03-15T13:47:17.305Z -   ✓ Master JSON: 0 places
2026-03-15T13:47:17.307Z - 
🔄 TD: Traitement...
2026-03-15T13:47:17.308Z -   ✓ Excel chargé: 0 places
2026-03-15T13:47:17.309Z -   ✓ Master JSON: 0 places
2026-03-15T13:47:17.311Z - 
🔄 TG: Traitement...
2026-03-15T13:47:17.313Z -   ✓ Excel chargé: 0 places
2026-03-15T13:47:17.314Z -   ✓ Master JSON: 0 places
2026-03-15T13:47:17.316Z - 
🔄 TH: Traitement...
2026-03-15T13:47:17.332Z -   ✓ Excel chargé: 24 places
2026-03-15T13:47:17.349Z -   ✓ Master JSON: 24 places
2026-03-15T13:47:17.375Z -   ✓ Excel sauvegardé: 24 places
2026-03-15T13:47:17.377Z - 
🔄 TJ: Traitement...
2026-03-15T13:47:17.378Z -   ✓ Excel chargé: 0 places
2026-03-15T13:47:17.379Z -   ✓ Master JSON: 0 places
2026-03-15T13:47:17.380Z - 
🔄 TL: Traitement...
2026-03-15T13:47:17.381Z -   ✓ Excel chargé: 0 places
2026-03-15T13:47:17.382Z -   ✓ Master JSON: 0 places
2026-03-15T13:47:17.384Z - 
🔄 TM: Traitement...
2026-03-15T13:47:17.393Z -   ✓ Excel chargé: 8 places
2026-03-15T13:47:17.405Z -   ✓ Master JSON: 8 places
2026-03-15T13:47:17.420Z -   ✓ Excel sauvegardé: 8 places
2026-03-15T13:47:17.421Z - 
🔄 TN: Traitement...
2026-03-15T13:47:17.422Z -   ✓ Excel chargé: 0 places
2026-03-15T13:47:17.423Z -   ✓ Master JSON: 0 places
2026-03-15T13:47:17.425Z - 
🔄 TO: Traitement...
2026-03-15T13:47:17.426Z -   ✓ Excel chargé: 0 places
2026-03-15T13:47:17.427Z -   ✓ Master JSON: 0 places
2026-03-15T13:47:17.429Z - 
🔄 TR: Traitement...
2026-03-15T13:47:17.449Z -   ✓ Excel chargé: 61 places
2026-03-15T13:47:17.498Z -   ✓ Master JSON: 60 places
2026-03-15T13:47:17.564Z -   ✓ Excel sauvegardé: 61 places
2026-03-15T13:47:17.567Z - 
🔄 TT: Traitement...
2026-03-15T13:47:17.568Z -   ✓ Excel chargé: 0 places
2026-03-15T13:47:17.570Z -   ✓ Master JSON: 0 places
2026-03-15T13:47:17.573Z - 
🔄 TV: Traitement...
2026-03-15T13:47:17.575Z -   ✓ Excel chargé: 0 places
2026-03-15T13:47:17.577Z -   ✓ Master JSON: 0 places
2026-03-15T13:47:17.579Z - 
🔄 TZ: Traitement...
2026-03-15T13:47:17.598Z -   ✓ Excel chargé: 17 places
2026-03-15T13:47:17.616Z -   ✓ Master JSON: 17 places
2026-03-15T13:47:17.648Z -   ✓ Excel sauvegardé: 17 places
2026-03-15T13:47:17.649Z - 
🔄 UA: Traitement...
2026-03-15T13:47:17.651Z -   ✓ Excel chargé: 0 places
2026-03-15T13:47:17.652Z -   ✓ Master JSON: 0 places
2026-03-15T13:47:17.654Z - 
🔄 UG: Traitement...
2026-03-15T13:47:17.656Z -   ✓ Excel chargé: 0 places
2026-03-15T13:47:17.658Z -   ✓ Master JSON: 0 places
2026-03-15T13:47:17.660Z - 
🔄 US: Traitement...
2026-03-15T13:47:17.785Z -   ✓ Excel chargé: 540 places
2026-03-15T13:47:17.910Z -   ✓ Master JSON: 412 places
2026-03-15T13:47:18.200Z -   ✓ Excel sauvegardé: 540 places
2026-03-15T13:47:18.201Z - 
🔄 UY: Traitement...
2026-03-15T13:47:18.203Z -   ✓ Excel chargé: 0 places
2026-03-15T13:47:18.204Z -   ✓ Master JSON: 0 places
2026-03-15T13:47:18.205Z - 
🔄 UZ: Traitement...
2026-03-15T13:47:18.217Z -   ✓ Excel chargé: 6 places
2026-03-15T13:47:18.228Z -   ✓ Master JSON: 6 places
2026-03-15T13:47:18.238Z -   ✓ Excel sauvegardé: 6 places
2026-03-15T13:47:18.240Z - 
🔄 VA: Traitement...
2026-03-15T13:47:18.242Z -   ✓ Excel chargé: 0 places
2026-03-15T13:47:18.243Z -   ✓ Master JSON: 0 places
2026-03-15T13:47:18.244Z - 
🔄 VC: Traitement...
2026-03-15T13:47:18.245Z -   ✓ Excel chargé: 0 places
2026-03-15T13:47:18.246Z -   ✓ Master JSON: 0 places
2026-03-15T13:47:18.247Z - 
🔄 VE: Traitement...
2026-03-15T13:47:18.247Z -   ✓ Excel chargé: 0 places
2026-03-15T13:47:18.248Z -   ✓ Master JSON: 0 places
2026-03-15T13:47:18.249Z - 
🔄 VN: Traitement...
2026-03-15T13:47:18.260Z -   ✓ Excel chargé: 27 places
2026-03-15T13:47:18.278Z -   ✓ Master JSON: 26 places
2026-03-15T13:47:18.301Z -   ✓ Excel sauvegardé: 27 places
2026-03-15T13:47:18.302Z - 
🔄 VU: Traitement...
2026-03-15T13:47:18.303Z -   ✓ Excel chargé: 0 places
2026-03-15T13:47:18.304Z -   ✓ Master JSON: 0 places
2026-03-15T13:47:18.306Z - 
🔄 WF: Traitement...
2026-03-15T13:47:18.307Z -   ✓ Excel chargé: 0 places
2026-03-15T13:47:18.309Z -   ✓ Master JSON: 0 places
2026-03-15T13:47:18.310Z - 
🔄 WS: Traitement...
2026-03-15T13:47:18.311Z -   ✓ Excel chargé: 0 places
2026-03-15T13:47:18.312Z -   ✓ Master JSON: 0 places
2026-03-15T13:47:18.313Z - 
🔄 XX: Traitement...
2026-03-15T13:47:18.314Z -   ✓ Excel chargé: 0 places
2026-03-15T13:47:18.316Z -   ✓ Master JSON: 0 places
2026-03-15T13:47:18.317Z - 
🔄 YE: Traitement...
2026-03-15T13:47:18.317Z -   ✓ Excel chargé: 0 places
2026-03-15T13:47:18.319Z -   ✓ Master JSON: 0 places
2026-03-15T13:47:18.320Z - 
🔄 YT: Traitement...
2026-03-15T13:47:18.329Z -   ✓ Excel chargé: 5 places
2026-03-15T13:47:18.342Z -   ✓ Master JSON: 5 places
2026-03-15T13:47:18.353Z -   ✓ Excel sauvegardé: 5 places
2026-03-15T13:47:18.354Z - 
🔄 ZA: Traitement...
2026-03-15T13:47:18.378Z -   ✓ Excel chargé: 114 places
2026-03-15T13:47:18.426Z -   ✓ Master JSON: 85 places
2026-03-15T13:47:18.486Z -   ✓ Excel sauvegardé: 114 places
2026-03-15T13:47:18.487Z - 
🔄 ZM: Traitement...
2026-03-15T13:47:18.488Z -   ✓ Excel chargé: 0 places
2026-03-15T13:47:18.489Z -   ✓ Master JSON: 0 places
2026-03-15T13:47:18.491Z - 
🔄 ZW: Traitement...
2026-03-15T13:47:18.492Z -   ✓ Excel chargé: 0 places
2026-03-15T13:47:18.494Z -   ✓ Master JSON: 0 places
2026-03-15T13:47:18.495Z - 
🔄 _TR_CACHE: Traitement...
2026-03-15T13:47:18.509Z -   ✓ Excel chargé: 0 places
2026-03-15T13:47:18.511Z -   ✓ Master JSON: 0 places
