2026-03-05T10:54:02.426Z - 
============================================================
2026-03-05T10:54:02.451Z - 🔄 MODE UPDATE - 05/03/2026 11:54:02
2026-03-05T10:54:02.451Z - ============================================================
2026-03-05T10:54:02.604Z - 
🔄 .RATINGS_BACKUPS: Traitement...
2026-03-05T10:54:02.605Z -   ✓ Excel chargé: 0 places
2026-03-05T10:54:02.606Z -   ✓ Master JSON: 0 places
2026-03-05T10:54:02.607Z - 
🔄 AD: Traitement...
2026-03-05T10:54:02.675Z -   ✓ Excel chargé: 0 places
2026-03-05T10:54:02.676Z -   ✓ Master JSON: 0 places
2026-03-05T10:54:02.677Z - 
🔄 AE: Traitement...
2026-03-05T10:54:02.703Z -   ✓ Excel chargé: 8 places
2026-03-05T10:54:02.710Z -   ✓ Master JSON: 8 places
2026-03-05T10:54:02.758Z -   ✓ Excel sauvegardé: 8 places
2026-03-05T10:54:02.759Z - 
🔄 AF: Traitement...
2026-03-05T10:54:02.773Z -   ✓ Excel chargé: 0 places
2026-03-05T10:54:02.774Z -   ✓ Master JSON: 0 places
2026-03-05T10:54:02.775Z - 
🔄 AG: Traitement...
2026-03-05T10:54:02.787Z -   ✓ Excel chargé: 0 places
2026-03-05T10:54:02.788Z -   ✓ Master JSON: 0 places
2026-03-05T10:54:02.788Z - 
🔄 AI: Traitement...
2026-03-05T10:54:02.789Z -   ✓ Excel chargé: 0 places
2026-03-05T10:54:02.790Z -   ✓ Master JSON: 0 places
2026-03-05T10:54:02.791Z - 
🔄 AL: Traitement...
2026-03-05T10:54:02.802Z -   ✓ Excel chargé: 12 places
2026-03-05T10:54:02.806Z -   ✓ Master JSON: 12 places
2026-03-05T10:54:09.079Z -   ✓ Excel sauvegardé: 12 places
2026-03-05T10:54:09.081Z - 
🔄 AM: Traitement...
2026-03-05T10:54:09.097Z -   ✓ Excel chargé: 8 places
2026-03-05T10:54:09.108Z -   ✓ Master JSON: 8 places
2026-03-05T10:54:09.124Z -   ✓ Excel sauvegardé: 8 places
2026-03-05T10:54:09.125Z - 
🔄 AO: Traitement...
2026-03-05T10:54:09.138Z -   ✓ Excel chargé: 0 places
2026-03-05T10:54:09.139Z -   ✓ Master JSON: 0 places
2026-03-05T10:54:09.140Z - 
🔄 AR: Traitement...
2026-03-05T10:54:09.161Z -   ✓ Excel chargé: 46 places
2026-03-05T10:54:09.169Z -   ✓ Master JSON: 23 places
2026-03-05T10:54:12.914Z -   ✓ Excel sauvegardé: 46 places
2026-03-05T10:54:12.916Z - 
🔄 AS: Traitement...
2026-03-05T10:54:12.918Z -   ✓ Excel chargé: 0 places
2026-03-05T10:54:12.919Z -   ✓ Master JSON: 0 places
2026-03-05T10:54:12.921Z - 
🔄 AT: Traitement...
2026-03-05T10:54:12.954Z -   ✓ Excel chargé: 45 places
2026-03-05T10:54:12.973Z -   ✓ Master JSON: 43 places
2026-03-05T10:54:12.999Z -   ✓ Excel sauvegardé: 45 places
2026-03-05T10:54:13.000Z - 
🔄 AU: Traitement...
2026-03-05T10:54:13.018Z -   ✓ Excel chargé: 74 places
2026-03-05T10:54:13.028Z -   ✓ Master JSON: 42 places
2026-03-05T10:54:32.006Z -   ✓ Excel sauvegardé: 74 places
2026-03-05T10:54:32.007Z - 
🔄 AW: Traitement...
2026-03-05T10:54:32.026Z -   ✓ Excel chargé: 0 places
2026-03-05T10:54:32.027Z -   ✓ Master JSON: 0 places
2026-03-05T10:54:32.027Z - 
🔄 AZ: Traitement...
2026-03-05T10:54:32.040Z -   ✓ Excel chargé: 0 places
2026-03-05T10:54:32.041Z -   ✓ Master JSON: 0 places
2026-03-05T10:54:32.042Z - 
🔄 BA: Traitement...
2026-03-05T10:54:32.061Z -   ✓ Excel chargé: 15 places
2026-03-05T10:54:32.069Z -   ✓ Master JSON: 15 places
2026-03-05T10:54:32.081Z -   ✓ Excel sauvegardé: 15 places
2026-03-05T10:54:32.081Z - 
🔄 BB: Traitement...
2026-03-05T10:54:32.089Z -   ✓ Excel chargé: 6 places
2026-03-05T10:54:32.094Z -   ✓ Master JSON: 6 places
2026-03-05T10:54:32.102Z -   ✓ Excel sauvegardé: 6 places
2026-03-05T10:54:32.103Z - 
🔄 BD: Traitement...
2026-03-05T10:54:32.112Z -   ✓ Excel chargé: 13 places
2026-03-05T10:54:32.117Z -   ✓ Master JSON: 14 places
2026-03-05T10:54:32.118Z -   ✓ 4 nouvelles places ajoutées
2026-03-05T10:54:57.312Z -   ✓ Excel sauvegardé: 17 places
2026-03-05T10:54:57.314Z - 
🔄 BE: Traitement...
2026-03-05T10:54:57.334Z -   ✓ Excel chargé: 14 places
2026-03-05T10:54:57.343Z -   ✓ Master JSON: 14 places
2026-03-05T10:54:57.361Z -   ✓ Excel sauvegardé: 14 places
2026-03-05T10:54:57.362Z - 
🔄 BF: Traitement...
2026-03-05T10:54:57.375Z -   ✓ Excel chargé: 0 places
2026-03-05T10:54:57.375Z -   ✓ Master JSON: 0 places
2026-03-05T10:54:57.376Z - 
🔄 BG: Traitement...
2026-03-05T10:54:57.390Z -   ✓ Excel chargé: 23 places
2026-03-05T10:54:57.398Z -   ✓ Master JSON: 22 places
2026-03-05T10:54:57.415Z -   ✓ Excel sauvegardé: 23 places
2026-03-05T10:54:57.417Z - 
🔄 BH: Traitement...
2026-03-05T10:54:57.425Z -   ✓ Excel chargé: 0 places
2026-03-05T10:54:57.426Z -   ✓ Master JSON: 0 places
2026-03-05T10:54:57.427Z - 
🔄 BI: Traitement...
2026-03-05T10:54:57.436Z -   ✓ Excel chargé: 0 places
2026-03-05T10:54:57.437Z -   ✓ Master JSON: 0 places
2026-03-05T10:54:57.438Z - 
🔄 BJ: Traitement...
2026-03-05T10:54:57.444Z -   ✓ Excel chargé: 0 places
2026-03-05T10:54:57.445Z -   ✓ Master JSON: 0 places
2026-03-05T10:54:57.446Z - 
🔄 BL: Traitement...
2026-03-05T10:54:57.457Z -   ✓ Excel chargé: 8 places
2026-03-05T10:54:57.463Z -   ✓ Master JSON: 8 places
2026-03-05T10:54:57.474Z -   ✓ Excel sauvegardé: 8 places
2026-03-05T10:54:57.475Z - 
🔄 BM: Traitement...
2026-03-05T10:54:57.482Z -   ✓ Excel chargé: 0 places
2026-03-05T10:54:57.482Z -   ✓ Master JSON: 0 places
2026-03-05T10:54:57.484Z - 
🔄 BN: Traitement...
2026-03-05T10:54:57.491Z -   ✓ Excel chargé: 0 places
2026-03-05T10:54:57.491Z -   ✓ Master JSON: 0 places
2026-03-05T10:54:57.492Z - 
🔄 BO: Traitement...
2026-03-05T10:54:57.499Z -   ✓ Excel chargé: 17 places
2026-03-05T10:54:57.508Z -   ✓ Master JSON: 17 places
2026-03-05T10:54:57.525Z -   ✓ Excel sauvegardé: 17 places
2026-03-05T10:54:57.526Z - 
🔄 BQ: Traitement...
2026-03-05T10:54:57.526Z -   ✓ Excel chargé: 0 places
2026-03-05T10:54:57.527Z -   ✓ Master JSON: 0 places
2026-03-05T10:54:57.527Z - 
🔄 BR: Traitement...
2026-03-05T10:54:57.540Z -   ✓ Excel chargé: 46 places
2026-03-05T10:54:57.546Z -   ✓ Master JSON: 46 places
2026-03-05T10:54:57.565Z -   ✓ Excel sauvegardé: 46 places
2026-03-05T10:54:57.565Z - 
🔄 BS: Traitement...
2026-03-05T10:54:57.580Z -   ✓ Excel chargé: 9 places
2026-03-05T10:54:57.591Z -   ✓ Master JSON: 9 places
2026-03-05T10:54:57.605Z -   ✓ Excel sauvegardé: 9 places
2026-03-05T10:54:57.606Z - 
🔄 BT: Traitement...
2026-03-05T10:54:57.615Z -   ✓ Excel chargé: 0 places
2026-03-05T10:54:57.616Z -   ✓ Master JSON: 0 places
2026-03-05T10:54:57.617Z - 
🔄 BW: Traitement...
2026-03-05T10:54:57.629Z -   ✓ Excel chargé: 16 places
2026-03-05T10:54:57.639Z -   ✓ Master JSON: 15 places
2026-03-05T10:54:57.657Z -   ✓ Excel sauvegardé: 16 places
2026-03-05T10:54:57.658Z - 
🔄 BY: Traitement...
2026-03-05T10:54:57.666Z -   ✓ Excel chargé: 0 places
2026-03-05T10:54:57.667Z -   ✓ Master JSON: 0 places
2026-03-05T10:54:57.668Z - 
🔄 BZ: Traitement...
2026-03-05T10:54:57.679Z -   ✓ Excel chargé: 5 places
2026-03-05T10:54:57.691Z -   ✓ Master JSON: 5 places
2026-03-05T10:54:57.703Z -   ✓ Excel sauvegardé: 5 places
2026-03-05T10:54:57.704Z - 
🔄 CA: Traitement...
2026-03-05T10:54:57.714Z -   ✓ Excel chargé: 27 places
2026-03-05T10:54:57.723Z -   ✓ Master JSON: 27 places
2026-03-05T10:54:57.742Z -   ✓ Excel sauvegardé: 27 places
2026-03-05T10:54:57.743Z - 
🔄 CD: Traitement...
2026-03-05T10:54:57.754Z -   ✓ Excel chargé: 0 places
2026-03-05T10:54:57.755Z -   ✓ Master JSON: 0 places
2026-03-05T10:54:57.757Z - 
🔄 CF: Traitement...
2026-03-05T10:54:57.767Z -   ✓ Excel chargé: 0 places
2026-03-05T10:54:57.769Z -   ✓ Master JSON: 0 places
2026-03-05T10:54:57.770Z - 
🔄 CG: Traitement...
2026-03-05T10:54:57.779Z -   ✓ Excel chargé: 0 places
2026-03-05T10:54:57.781Z -   ✓ Master JSON: 0 places
2026-03-05T10:54:57.786Z - 
🔄 CH: Traitement...
2026-03-05T10:54:57.810Z -   ✓ Excel chargé: 56 places
2026-03-05T10:54:57.821Z -   ✓ Master JSON: 56 places
2026-03-05T10:54:57.844Z -   ✓ Excel sauvegardé: 56 places
2026-03-05T10:54:57.844Z - 
🔄 CI: Traitement...
2026-03-05T10:54:57.852Z -   ✓ Excel chargé: 0 places
2026-03-05T10:54:57.854Z -   ✓ Master JSON: 0 places
2026-03-05T10:54:57.855Z - 
🔄 CITIES: Traitement...
2026-03-05T10:54:57.868Z -   ✓ Excel chargé: 0 places
2026-03-05T10:54:57.869Z -   ✓ Master JSON: 0 places
2026-03-05T10:54:57.871Z - 
🔄 CK: Traitement...
2026-03-05T10:54:57.872Z -   ✓ Excel chargé: 0 places
2026-03-05T10:54:57.873Z -   ✓ Master JSON: 0 places
2026-03-05T10:54:57.874Z - 
🔄 CL: Traitement...
2026-03-05T10:54:57.889Z -   ✓ Excel chargé: 8 places
2026-03-05T10:54:57.898Z -   ✓ Master JSON: 8 places
2026-03-05T10:54:57.919Z -   ✓ Excel sauvegardé: 8 places
2026-03-05T10:54:57.921Z - 
🔄 CM: Traitement...
2026-03-05T10:54:57.930Z -   ✓ Excel chargé: 0 places
2026-03-05T10:54:57.931Z -   ✓ Master JSON: 0 places
2026-03-05T10:54:57.933Z - 
🔄 CN: Traitement...
2026-03-05T10:54:57.949Z -   ✓ Excel chargé: 34 places
2026-03-05T10:54:57.972Z -   ✓ Master JSON: 33 places
2026-03-05T10:54:57.973Z -   ✓ 1 nouvelles places ajoutées
2026-03-05T10:55:01.682Z -   ✓ Excel sauvegardé: 35 places
2026-03-05T10:55:01.684Z - 
🔄 CO: Traitement...
2026-03-05T10:55:01.700Z -   ✓ Excel chargé: 12 places
2026-03-05T10:55:01.708Z -   ✓ Master JSON: 12 places
2026-03-05T10:55:01.715Z -   ✓ Excel sauvegardé: 12 places
2026-03-05T10:55:01.716Z - 
🔄 CR: Traitement...
2026-03-05T10:55:01.723Z -   ✓ Excel chargé: 4 places
2026-03-05T10:55:01.725Z -   ✓ Master JSON: 8 places
2026-03-05T10:55:01.725Z -   ✓ 4 nouvelles places ajoutées
2026-03-05T10:55:35.379Z -   ✓ Excel sauvegardé: 8 places
2026-03-05T10:55:35.381Z - 
🔄 CU: Traitement...
2026-03-05T10:55:35.400Z -   ✓ Excel chargé: 12 places
2026-03-05T10:55:35.413Z -   ✓ Master JSON: 12 places
2026-03-05T10:55:35.431Z -   ✓ Excel sauvegardé: 12 places
2026-03-05T10:55:35.432Z - 
🔄 CV: Traitement...
2026-03-05T10:55:35.438Z -   ✓ Excel chargé: 0 places
2026-03-05T10:55:35.439Z -   ✓ Master JSON: 0 places
2026-03-05T10:55:35.440Z - 
🔄 CY: Traitement...
2026-03-05T10:55:35.447Z -   ✓ Excel chargé: 0 places
2026-03-05T10:55:35.448Z -   ✓ Master JSON: 0 places
2026-03-05T10:55:35.449Z - 
🔄 CZ: Traitement...
2026-03-05T10:55:35.455Z -   ✓ Excel chargé: 19 places
2026-03-05T10:55:35.467Z -   ✓ Master JSON: 19 places
2026-03-05T10:55:35.483Z -   ✓ Excel sauvegardé: 19 places
2026-03-05T10:55:35.484Z - 
🔄 DE: Traitement...
2026-03-05T10:55:35.505Z -   ✓ Excel chargé: 112 places
2026-03-05T10:55:35.519Z -   ✓ Master JSON: 111 places
2026-03-05T10:55:35.554Z -   ✓ Excel sauvegardé: 112 places
2026-03-05T10:55:35.555Z - 
🔄 DJ: Traitement...
2026-03-05T10:55:35.555Z -   ✓ Excel chargé: 0 places
2026-03-05T10:55:35.555Z -   ✓ Master JSON: 0 places
2026-03-05T10:55:35.556Z - 
🔄 DK: Traitement...
2026-03-05T10:55:35.563Z -   ✓ Excel chargé: 14 places
2026-03-05T10:55:35.567Z -   ✓ Master JSON: 14 places
2026-03-05T10:55:35.580Z -   ✓ Excel sauvegardé: 14 places
2026-03-05T10:55:35.581Z - 
🔄 DM: Traitement...
2026-03-05T10:55:35.581Z -   ✓ Excel chargé: 0 places
2026-03-05T10:55:35.584Z -   ✓ Master JSON: 0 places
2026-03-05T10:55:35.585Z - 
🔄 DO: Traitement...
2026-03-05T10:55:35.592Z -   ✓ Excel chargé: 15 places
2026-03-05T10:55:35.598Z -   ✓ Master JSON: 15 places
2026-03-05T10:55:35.607Z -   ✓ Excel sauvegardé: 15 places
2026-03-05T10:55:35.608Z - 
🔄 DZ: Traitement...
2026-03-05T10:55:35.609Z -   ✓ Excel chargé: 0 places
2026-03-05T10:55:35.609Z -   ✓ Master JSON: 0 places
2026-03-05T10:55:35.610Z - 
🔄 EA: Traitement...
2026-03-05T10:55:35.616Z -   ✓ Excel chargé: 23 places
2026-03-05T10:55:35.620Z -   ✓ Master JSON: 23 places
2026-03-05T10:55:35.636Z -   ✓ Excel sauvegardé: 23 places
2026-03-05T10:55:35.636Z - 
🔄 EC: Traitement...
2026-03-05T10:55:35.650Z -   ✓ Excel chargé: 13 places
2026-03-05T10:55:35.654Z -   ✓ Master JSON: 13 places
2026-03-05T10:55:35.664Z -   ✓ Excel sauvegardé: 13 places
2026-03-05T10:55:35.664Z - 
🔄 EE: Traitement...
2026-03-05T10:55:35.665Z -   ✓ Excel chargé: 0 places
2026-03-05T10:55:35.665Z -   ✓ Master JSON: 0 places
2026-03-05T10:55:35.666Z - 
🔄 EG: Traitement...
2026-03-05T10:55:35.672Z -   ✓ Excel chargé: 17 places
2026-03-05T10:55:35.676Z -   ✓ Master JSON: 17 places
2026-03-05T10:55:35.686Z -   ✓ Excel sauvegardé: 17 places
2026-03-05T10:55:35.687Z - 
🔄 ER: Traitement...
2026-03-05T10:55:35.688Z -   ✓ Excel chargé: 0 places
2026-03-05T10:55:35.688Z -   ✓ Master JSON: 0 places
2026-03-05T10:55:35.689Z - 
🔄 ES: Traitement...
2026-03-05T10:55:35.724Z -   ✓ Excel chargé: 202 places
2026-03-05T10:55:35.745Z -   ✓ Master JSON: 182 places
2026-03-05T10:55:35.812Z -   ✓ Excel sauvegardé: 202 places
2026-03-05T10:55:35.813Z - 
🔄 ET: Traitement...
2026-03-05T10:55:35.813Z -   ✓ Excel chargé: 0 places
2026-03-05T10:55:35.814Z -   ✓ Master JSON: 0 places
2026-03-05T10:55:35.814Z - 
🔄 FI: Traitement...
2026-03-05T10:55:35.820Z -   ✓ Excel chargé: 9 places
2026-03-05T10:55:35.823Z -   ✓ Master JSON: 9 places
2026-03-05T10:55:35.832Z -   ✓ Excel sauvegardé: 9 places
2026-03-05T10:55:35.833Z - 
🔄 FJ: Traitement...
2026-03-05T10:55:35.833Z -   ✓ Excel chargé: 0 places
2026-03-05T10:55:35.833Z -   ✓ Master JSON: 0 places
2026-03-05T10:55:35.834Z - 
🔄 FM: Traitement...
2026-03-05T10:55:35.834Z -   ✓ Excel chargé: 0 places
2026-03-05T10:55:35.835Z -   ✓ Master JSON: 0 places
2026-03-05T10:55:35.835Z - 
🔄 FR: Traitement...
2026-03-05T10:55:35.954Z -   ✓ Excel chargé: 1265 places
2026-03-05T10:55:36.092Z -   ✓ Master JSON: 1182 places
2026-03-05T10:55:36.425Z -   ✓ Excel sauvegardé: 1265 places
2026-03-05T10:55:36.426Z - 
🔄 GA: Traitement...
2026-03-05T10:55:36.427Z -   ✓ Excel chargé: 0 places
2026-03-05T10:55:36.428Z -   ✓ Master JSON: 0 places
2026-03-05T10:55:36.429Z - 
🔄 GB: Traitement...
2026-03-05T10:55:36.446Z -   ✓ Excel chargé: 175 places
2026-03-05T10:55:36.466Z -   ✓ Master JSON: 171 places
2026-03-05T10:55:36.514Z -   ✓ Excel sauvegardé: 175 places
2026-03-05T10:55:36.514Z - 
🔄 GD: Traitement...
2026-03-05T10:55:36.515Z -   ✓ Excel chargé: 0 places
2026-03-05T10:55:36.515Z -   ✓ Master JSON: 0 places
2026-03-05T10:55:36.516Z - 
🔄 GE: Traitement...
2026-03-05T10:55:36.521Z -   ✓ Excel chargé: 19 places
2026-03-05T10:55:36.525Z -   ✓ Master JSON: 19 places
2026-03-05T10:55:36.533Z -   ✓ Excel sauvegardé: 19 places
2026-03-05T10:55:36.534Z - 
🔄 GF: Traitement...
2026-03-05T10:55:36.538Z -   ✓ Excel chargé: 5 places
2026-03-05T10:55:36.542Z -   ✓ Master JSON: 5 places
2026-03-05T10:55:36.548Z -   ✓ Excel sauvegardé: 5 places
2026-03-05T10:55:36.548Z - 
🔄 GH: Traitement...
2026-03-05T10:55:36.549Z -   ✓ Excel chargé: 0 places
2026-03-05T10:55:36.549Z -   ✓ Master JSON: 0 places
2026-03-05T10:55:36.550Z - 
🔄 GM: Traitement...
2026-03-05T10:55:36.550Z -   ✓ Excel chargé: 0 places
2026-03-05T10:55:36.550Z -   ✓ Master JSON: 0 places
2026-03-05T10:55:36.551Z - 
🔄 GN: Traitement...
2026-03-05T10:55:36.551Z -   ✓ Excel chargé: 0 places
2026-03-05T10:55:36.551Z -   ✓ Master JSON: 0 places
2026-03-05T10:55:36.552Z - 
🔄 GP: Traitement...
2026-03-05T10:55:36.557Z -   ✓ Excel chargé: 8 places
2026-03-05T10:55:36.560Z -   ✓ Master JSON: 8 places
2026-03-05T10:55:36.568Z -   ✓ Excel sauvegardé: 8 places
2026-03-05T10:55:36.569Z - 
🔄 GQ: Traitement...
2026-03-05T10:55:36.569Z -   ✓ Excel chargé: 0 places
2026-03-05T10:55:36.569Z -   ✓ Master JSON: 0 places
2026-03-05T10:55:36.570Z - 
🔄 GR: Traitement...
2026-03-05T10:55:36.584Z -   ✓ Excel chargé: 106 places
2026-03-05T10:55:36.599Z -   ✓ Master JSON: 105 places
2026-03-05T10:55:36.626Z -   ✓ Excel sauvegardé: 106 places
2026-03-05T10:55:36.626Z - 
🔄 GT: Traitement...
2026-03-05T10:55:36.633Z -   ✓ Excel chargé: 6 places
2026-03-05T10:55:36.636Z -   ✓ Master JSON: 6 places
2026-03-05T10:55:36.642Z -   ✓ Excel sauvegardé: 6 places
2026-03-05T10:55:36.643Z - 
🔄 GW: Traitement...
2026-03-05T10:55:36.643Z -   ✓ Excel chargé: 0 places
2026-03-05T10:55:36.644Z -   ✓ Master JSON: 0 places
2026-03-05T10:55:36.645Z - 
🔄 GY: Traitement...
2026-03-05T10:55:36.646Z -   ✓ Excel chargé: 0 places
2026-03-05T10:55:36.646Z -   ✓ Master JSON: 0 places
2026-03-05T10:55:36.647Z - 
🔄 HN: Traitement...
2026-03-05T10:55:36.647Z -   ✓ Excel chargé: 0 places
2026-03-05T10:55:36.648Z -   ✓ Master JSON: 0 places
2026-03-05T10:55:36.648Z - 
🔄 HR: Traitement...
2026-03-05T10:55:36.658Z -   ✓ Excel chargé: 88 places
2026-03-05T10:55:36.673Z -   ✓ Master JSON: 71 places
2026-03-05T10:55:36.696Z -   ✓ Excel sauvegardé: 88 places
2026-03-05T10:55:36.697Z - 
🔄 HT: Traitement...
2026-03-05T10:55:36.698Z -   ✓ Excel chargé: 0 places
2026-03-05T10:55:36.698Z -   ✓ Master JSON: 0 places
2026-03-05T10:55:36.699Z - 
🔄 HU: Traitement...
2026-03-05T10:55:36.705Z -   ✓ Excel chargé: 34 places
2026-03-05T10:55:36.710Z -   ✓ Master JSON: 34 places
2026-03-05T10:55:36.722Z -   ✓ Excel sauvegardé: 34 places
2026-03-05T10:55:36.722Z - 
🔄 ID: Traitement...
2026-03-05T10:55:36.733Z -   ✓ Excel chargé: 72 places
2026-03-05T10:55:36.741Z -   ✓ Master JSON: 72 places
2026-03-05T10:55:36.759Z -   ✓ Excel sauvegardé: 72 places
2026-03-05T10:55:36.760Z - 
🔄 IE: Traitement...
2026-03-05T10:55:36.768Z -   ✓ Excel chargé: 31 places
2026-03-05T10:55:36.772Z -   ✓ Master JSON: 31 places
2026-03-05T10:55:36.783Z -   ✓ Excel sauvegardé: 31 places
2026-03-05T10:55:36.784Z - 
🔄 IL: Traitement...
2026-03-05T10:55:36.789Z -   ✓ Excel chargé: 12 places
2026-03-05T10:55:36.794Z -   ✓ Master JSON: 12 places
2026-03-05T10:55:36.803Z -   ✓ Excel sauvegardé: 12 places
2026-03-05T10:55:36.803Z - 
🔄 IN: Traitement...
2026-03-05T10:55:36.810Z -   ✓ Excel chargé: 56 places
2026-03-05T10:55:36.818Z -   ✓ Master JSON: 56 places
2026-03-05T10:55:36.836Z -   ✓ Excel sauvegardé: 56 places
2026-03-05T10:55:36.837Z - 
🔄 IQ: Traitement...
2026-03-05T10:55:36.837Z -   ✓ Excel chargé: 0 places
2026-03-05T10:55:36.837Z -   ✓ Master JSON: 0 places
2026-03-05T10:55:36.838Z - 
🔄 IR: Traitement...
2026-03-05T10:55:36.838Z -   ✓ Excel chargé: 0 places
2026-03-05T10:55:36.838Z -   ✓ Master JSON: 0 places
2026-03-05T10:55:36.839Z - 
🔄 IS: Traitement...
2026-03-05T10:55:36.843Z -   ✓ Excel chargé: 11 places
2026-03-05T10:55:36.848Z -   ✓ Master JSON: 11 places
2026-03-05T10:55:36.855Z -   ✓ Excel sauvegardé: 11 places
2026-03-05T10:55:36.856Z - 
🔄 IT: Traitement...
2026-03-05T10:55:36.892Z -   ✓ Excel chargé: 503 places
2026-03-05T10:55:36.935Z -   ✓ Master JSON: 447 places
2026-03-05T10:55:37.055Z -   ✓ Excel sauvegardé: 503 places
2026-03-05T10:55:37.056Z - 
🔄 JM: Traitement...
2026-03-05T10:55:37.057Z -   ✓ Excel chargé: 0 places
2026-03-05T10:55:37.057Z -   ✓ Master JSON: 0 places
2026-03-05T10:55:37.058Z - 
🔄 JO: Traitement...
2026-03-05T10:55:37.065Z -   ✓ Excel chargé: 7 places
2026-03-05T10:55:37.068Z -   ✓ Master JSON: 7 places
2026-03-05T10:55:37.075Z -   ✓ Excel sauvegardé: 7 places
2026-03-05T10:55:37.076Z - 
🔄 JP: Traitement...
2026-03-05T10:55:37.088Z -   ✓ Excel chargé: 113 places
2026-03-05T10:55:37.101Z -   ✓ Master JSON: 113 places
2026-03-05T10:55:37.127Z -   ✓ Excel sauvegardé: 113 places
2026-03-05T10:55:37.128Z - 
🔄 KE: Traitement...
2026-03-05T10:55:37.129Z -   ✓ Excel chargé: 0 places
2026-03-05T10:55:37.130Z -   ✓ Master JSON: 0 places
2026-03-05T10:55:37.131Z - 
🔄 KG: Traitement...
2026-03-05T10:55:37.131Z -   ✓ Excel chargé: 0 places
2026-03-05T10:55:37.132Z -   ✓ Master JSON: 0 places
2026-03-05T10:55:37.132Z - 
🔄 KH: Traitement...
2026-03-05T10:55:37.137Z -   ✓ Excel chargé: 9 places
2026-03-05T10:55:37.141Z -   ✓ Master JSON: 8 places
2026-03-05T10:55:37.149Z -   ✓ Excel sauvegardé: 9 places
2026-03-05T10:55:37.150Z - 
🔄 KI: Traitement...
2026-03-05T10:55:37.150Z -   ✓ Excel chargé: 0 places
2026-03-05T10:55:37.150Z -   ✓ Master JSON: 0 places
2026-03-05T10:55:37.151Z - 
🔄 KM: Traitement...
2026-03-05T10:55:37.151Z -   ✓ Excel chargé: 0 places
2026-03-05T10:55:37.152Z -   ✓ Master JSON: 0 places
2026-03-05T10:55:37.152Z - 
🔄 KN: Traitement...
2026-03-05T10:55:37.152Z -   ✓ Excel chargé: 0 places
2026-03-05T10:55:37.153Z -   ✓ Master JSON: 0 places
2026-03-05T10:55:37.153Z - 
🔄 KP: Traitement...
2026-03-05T10:55:37.154Z -   ✓ Excel chargé: 0 places
2026-03-05T10:55:37.154Z -   ✓ Master JSON: 0 places
2026-03-05T10:55:37.154Z - 
🔄 KR: Traitement...
2026-03-05T10:55:37.159Z -   ✓ Excel chargé: 5 places
2026-03-05T10:55:37.165Z -   ✓ Master JSON: 5 places
2026-03-05T10:55:37.170Z -   ✓ Excel sauvegardé: 5 places
2026-03-05T10:55:37.171Z - 
🔄 KW: Traitement...
2026-03-05T10:55:37.171Z -   ✓ Excel chargé: 0 places
2026-03-05T10:55:37.172Z -   ✓ Master JSON: 0 places
2026-03-05T10:55:37.172Z - 
🔄 KZ: Traitement...
2026-03-05T10:55:37.177Z -   ✓ Excel chargé: 19 places
2026-03-05T10:55:37.182Z -   ✓ Master JSON: 19 places
2026-03-05T10:55:37.190Z -   ✓ Excel sauvegardé: 19 places
2026-03-05T10:55:37.190Z - 
🔄 LA: Traitement...
2026-03-05T10:55:37.198Z -   ✓ Excel chargé: 43 places
2026-03-05T10:55:37.206Z -   ✓ Master JSON: 21 places
2026-03-05T10:55:37.220Z -   ✓ Excel sauvegardé: 43 places
2026-03-05T10:55:37.221Z - 
🔄 LB: Traitement...
2026-03-05T10:55:37.221Z -   ✓ Excel chargé: 0 places
2026-03-05T10:55:37.222Z -   ✓ Master JSON: 0 places
2026-03-05T10:55:37.222Z - 
🔄 LC: Traitement...
2026-03-05T10:55:37.222Z -   ✓ Excel chargé: 0 places
2026-03-05T10:55:37.223Z -   ✓ Master JSON: 0 places
2026-03-05T10:55:37.223Z - 
🔄 LI: Traitement...
2026-03-05T10:55:37.223Z -   ✓ Excel chargé: 0 places
2026-03-05T10:55:37.224Z -   ✓ Master JSON: 0 places
2026-03-05T10:55:37.224Z - 
🔄 LK: Traitement...
2026-03-05T10:55:37.233Z -   ✓ Excel chargé: 34 places
2026-03-05T10:55:37.241Z -   ✓ Master JSON: 34 places
2026-03-05T10:55:37.255Z -   ✓ Excel sauvegardé: 34 places
2026-03-05T10:55:37.255Z - 
🔄 LR: Traitement...
2026-03-05T10:55:37.256Z -   ✓ Excel chargé: 0 places
2026-03-05T10:55:37.256Z -   ✓ Master JSON: 0 places
2026-03-05T10:55:37.256Z - 
🔄 LS: Traitement...
2026-03-05T10:55:37.257Z -   ✓ Excel chargé: 0 places
2026-03-05T10:55:37.257Z -   ✓ Master JSON: 0 places
2026-03-05T10:55:37.258Z - 
🔄 LT: Traitement...
2026-03-05T10:55:37.264Z -   ✓ Excel chargé: 4 places
2026-03-05T10:55:37.267Z -   ✓ Master JSON: 4 places
2026-03-05T10:55:37.273Z -   ✓ Excel sauvegardé: 4 places
2026-03-05T10:55:37.274Z - 
🔄 LU: Traitement...
2026-03-05T10:55:37.274Z -   ✓ Excel chargé: 0 places
2026-03-05T10:55:37.274Z -   ✓ Master JSON: 0 places
2026-03-05T10:55:37.275Z - 
🔄 LV: Traitement...
2026-03-05T10:55:37.281Z -   ✓ Excel chargé: 11 places
2026-03-05T10:55:37.285Z -   ✓ Master JSON: 11 places
2026-03-05T10:55:37.292Z -   ✓ Excel sauvegardé: 11 places
2026-03-05T10:55:37.293Z - 
🔄 LY: Traitement...
2026-03-05T10:55:37.293Z -   ✓ Excel chargé: 0 places
2026-03-05T10:55:37.294Z -   ✓ Master JSON: 0 places
2026-03-05T10:55:37.294Z - 
🔄 MA: Traitement...
2026-03-05T10:55:37.300Z -   ✓ Excel chargé: 5 places
2026-03-05T10:55:37.303Z -   ✓ Master JSON: 5 places
2026-03-05T10:55:37.309Z -   ✓ Excel sauvegardé: 5 places
2026-03-05T10:55:37.310Z - 
🔄 MC: Traitement...
2026-03-05T10:55:37.310Z -   ✓ Excel chargé: 0 places
2026-03-05T10:55:37.310Z -   ✓ Master JSON: 0 places
2026-03-05T10:55:37.311Z - 
🔄 MD: Traitement...
2026-03-05T10:55:37.317Z -   ✓ Excel chargé: 6 places
2026-03-05T10:55:37.319Z -   ✓ Master JSON: 6 places
2026-03-05T10:55:37.326Z -   ✓ Excel sauvegardé: 6 places
2026-03-05T10:55:37.326Z - 
🔄 ME: Traitement...
2026-03-05T10:55:37.334Z -   ✓ Excel chargé: 12 places
2026-03-05T10:55:37.337Z -   ✓ Master JSON: 12 places
2026-03-05T10:55:37.344Z -   ✓ Excel sauvegardé: 12 places
2026-03-05T10:55:37.345Z - 
🔄 MF: Traitement...
2026-03-05T10:55:37.351Z -   ✓ Excel chargé: 4 places
2026-03-05T10:55:37.354Z -   ✓ Master JSON: 4 places
2026-03-05T10:55:37.358Z -   ✓ Excel sauvegardé: 4 places
2026-03-05T10:55:37.359Z - 
🔄 MG: Traitement...
2026-03-05T10:55:37.365Z -   ✓ Excel chargé: 19 places
2026-03-05T10:55:37.369Z -   ✓ Master JSON: 19 places
2026-03-05T10:55:37.377Z -   ✓ Excel sauvegardé: 19 places
2026-03-05T10:55:37.377Z - 
🔄 MH: Traitement...
2026-03-05T10:55:37.378Z -   ✓ Excel chargé: 0 places
2026-03-05T10:55:37.378Z -   ✓ Master JSON: 0 places
2026-03-05T10:55:37.379Z - 
🔄 MK: Traitement...
2026-03-05T10:55:37.380Z -   ✓ Excel chargé: 0 places
2026-03-05T10:55:37.380Z -   ✓ Master JSON: 0 places
2026-03-05T10:55:37.381Z - 
🔄 ML: Traitement...
2026-03-05T10:55:37.381Z -   ✓ Excel chargé: 0 places
2026-03-05T10:55:37.382Z -   ✓ Master JSON: 0 places
2026-03-05T10:55:37.382Z - 
🔄 MM: Traitement...
2026-03-05T10:55:37.382Z -   ✓ Excel chargé: 0 places
2026-03-05T10:55:37.383Z -   ✓ Master JSON: 0 places
2026-03-05T10:55:37.383Z - 
🔄 MN: Traitement...
2026-03-05T10:55:37.388Z -   ✓ Excel chargé: 24 places
2026-03-05T10:55:37.392Z -   ✓ Master JSON: 24 places
2026-03-05T10:55:37.401Z -   ✓ Excel sauvegardé: 24 places
2026-03-05T10:55:37.402Z - 
🔄 MQ: Traitement...
2026-03-05T10:55:37.406Z -   ✓ Excel chargé: 5 places
2026-03-05T10:55:37.409Z -   ✓ Master JSON: 5 places
2026-03-05T10:55:37.415Z -   ✓ Excel sauvegardé: 5 places
2026-03-05T10:55:37.416Z - 
🔄 MR: Traitement...
2026-03-05T10:55:37.416Z -   ✓ Excel chargé: 0 places
2026-03-05T10:55:37.417Z -   ✓ Master JSON: 0 places
2026-03-05T10:55:37.417Z - 
🔄 MT: Traitement...
2026-03-05T10:55:37.418Z -   ✓ Excel chargé: 0 places
2026-03-05T10:55:37.418Z -   ✓ Master JSON: 0 places
2026-03-05T10:55:37.419Z - 
🔄 MU: Traitement...
2026-03-05T10:55:37.424Z -   ✓ Excel chargé: 14 places
2026-03-05T10:55:37.428Z -   ✓ Master JSON: 14 places
2026-03-05T10:55:37.439Z -   ✓ Excel sauvegardé: 14 places
2026-03-05T10:55:37.440Z - 
🔄 MV: Traitement...
2026-03-05T10:55:37.440Z -   ✓ Excel chargé: 0 places
2026-03-05T10:55:37.441Z -   ✓ Master JSON: 0 places
2026-03-05T10:55:37.441Z - 
🔄 MW: Traitement...
2026-03-05T10:55:37.441Z -   ✓ Excel chargé: 0 places
2026-03-05T10:55:37.442Z -   ✓ Master JSON: 0 places
2026-03-05T10:55:37.442Z - 
🔄 MX: Traitement...
2026-03-05T10:55:37.449Z -   ✓ Excel chargé: 27 places
2026-03-05T10:55:37.454Z -   ✓ Master JSON: 27 places
2026-03-05T10:55:37.466Z -   ✓ Excel sauvegardé: 27 places
2026-03-05T10:55:37.466Z - 
🔄 MY: Traitement...
2026-03-05T10:55:37.471Z -   ✓ Excel chargé: 6 places
2026-03-05T10:55:37.474Z -   ✓ Master JSON: 6 places
2026-03-05T10:55:37.482Z -   ✓ Excel sauvegardé: 6 places
2026-03-05T10:55:37.482Z - 
🔄 MZ: Traitement...
2026-03-05T10:55:37.483Z -   ✓ Excel chargé: 0 places
2026-03-05T10:55:37.483Z -   ✓ Master JSON: 0 places
2026-03-05T10:55:37.484Z - 
🔄 NA: Traitement...
2026-03-05T10:55:37.490Z -   ✓ Excel chargé: 49 places
2026-03-05T10:55:37.497Z -   ✓ Master JSON: 27 places
2026-03-05T10:55:37.513Z -   ✓ Excel sauvegardé: 49 places
2026-03-05T10:55:37.514Z - 
🔄 NC: Traitement...
2026-03-05T10:55:37.521Z -   ✓ Excel chargé: 5 places
2026-03-05T10:55:37.524Z -   ✓ Master JSON: 5 places
2026-03-05T10:55:37.533Z -   ✓ Excel sauvegardé: 5 places
2026-03-05T10:55:37.533Z - 
🔄 NE: Traitement...
2026-03-05T10:55:37.534Z -   ✓ Excel chargé: 0 places
2026-03-05T10:55:37.534Z -   ✓ Master JSON: 0 places
2026-03-05T10:55:37.535Z - 
🔄 NG: Traitement...
2026-03-05T10:55:37.535Z -   ✓ Excel chargé: 0 places
2026-03-05T10:55:37.536Z -   ✓ Master JSON: 0 places
2026-03-05T10:55:37.536Z - 
🔄 NI: Traitement...
2026-03-05T10:55:37.543Z -   ✓ Excel chargé: 45 places
2026-03-05T10:55:37.551Z -   ✓ Master JSON: 19 places
2026-03-05T10:55:37.566Z -   ✓ Excel sauvegardé: 45 places
2026-03-05T10:55:37.566Z - 
🔄 NL: Traitement...
2026-03-05T10:55:37.572Z -   ✓ Excel chargé: 28 places
2026-03-05T10:55:37.577Z -   ✓ Master JSON: 28 places
2026-03-05T10:55:37.590Z -   ✓ Excel sauvegardé: 28 places
2026-03-05T10:55:37.590Z - 
🔄 NO: Traitement...
2026-03-05T10:55:37.597Z -   ✓ Excel chargé: 16 places
2026-03-05T10:55:37.600Z -   ✓ Master JSON: 4 places
2026-03-05T10:55:37.607Z -   ✓ Excel sauvegardé: 16 places
2026-03-05T10:55:37.608Z - 
🔄 NP: Traitement...
2026-03-05T10:55:37.608Z -   ✓ Excel chargé: 0 places
2026-03-05T10:55:37.609Z -   ✓ Master JSON: 0 places
2026-03-05T10:55:37.609Z - 
🔄 NR: Traitement...
2026-03-05T10:55:37.609Z -   ✓ Excel chargé: 0 places
2026-03-05T10:55:37.610Z -   ✓ Master JSON: 0 places
2026-03-05T10:55:37.610Z - 
🔄 NZ: Traitement...
2026-03-05T10:55:37.619Z -   ✓ Excel chargé: 44 places
2026-03-05T10:55:37.624Z -   ✓ Master JSON: 33 places
2026-03-05T10:55:37.640Z -   ✓ Excel sauvegardé: 44 places
2026-03-05T10:55:37.640Z - 
🔄 OM: Traitement...
2026-03-05T10:55:37.645Z -   ✓ Excel chargé: 5 places
2026-03-05T10:55:37.649Z -   ✓ Master JSON: 5 places
2026-03-05T10:55:37.654Z -   ✓ Excel sauvegardé: 5 places
2026-03-05T10:55:37.655Z - 
🔄 PA: Traitement...
2026-03-05T10:55:37.659Z -   ✓ Excel chargé: 9 places
2026-03-05T10:55:37.664Z -   ✓ Master JSON: 8 places
2026-03-05T10:55:37.670Z -   ✓ Excel sauvegardé: 9 places
2026-03-05T10:55:37.670Z - 
🔄 PE: Traitement...
2026-03-05T10:55:37.677Z -   ✓ Excel chargé: 19 places
2026-03-05T10:55:37.684Z -   ✓ Master JSON: 19 places
2026-03-05T10:55:37.693Z -   ✓ Excel sauvegardé: 19 places
2026-03-05T10:55:37.693Z - 
🔄 PF: Traitement...
2026-03-05T10:55:37.700Z -   ✓ Excel chargé: 32 places
2026-03-05T10:55:37.705Z -   ✓ Master JSON: 31 places
2026-03-05T10:55:37.718Z -   ✓ Excel sauvegardé: 32 places
2026-03-05T10:55:37.719Z - 
🔄 PG: Traitement...
2026-03-05T10:55:37.719Z -   ✓ Excel chargé: 0 places
2026-03-05T10:55:37.719Z -   ✓ Master JSON: 0 places
2026-03-05T10:55:37.720Z - 
🔄 PH: Traitement...
2026-03-05T10:55:37.725Z -   ✓ Excel chargé: 11 places
2026-03-05T10:55:37.728Z -   ✓ Master JSON: 11 places
2026-03-05T10:55:37.736Z -   ✓ Excel sauvegardé: 11 places
2026-03-05T10:55:37.736Z - 
🔄 PK: Traitement...
2026-03-05T10:55:37.737Z -   ✓ Excel chargé: 0 places
2026-03-05T10:55:37.737Z -   ✓ Master JSON: 0 places
2026-03-05T10:55:37.738Z - 
🔄 PL: Traitement...
2026-03-05T10:55:37.743Z -   ✓ Excel chargé: 35 places
2026-03-05T10:55:37.752Z -   ✓ Master JSON: 35 places
2026-03-05T10:55:37.764Z -   ✓ Excel sauvegardé: 35 places
2026-03-05T10:55:37.765Z - 
🔄 PM: Traitement...
2026-03-05T10:55:37.765Z -   ✓ Excel chargé: 0 places
2026-03-05T10:55:37.765Z -   ✓ Master JSON: 0 places
2026-03-05T10:55:37.766Z - 
🔄 PT: Traitement...
2026-03-05T10:55:37.772Z -   ✓ Excel chargé: 66 places
2026-03-05T10:55:37.783Z -   ✓ Master JSON: 49 places
2026-03-05T10:55:37.799Z -   ✓ Excel sauvegardé: 66 places
2026-03-05T10:55:37.800Z - 
🔄 PW: Traitement...
2026-03-05T10:55:37.800Z -   ✓ Excel chargé: 0 places
2026-03-05T10:55:37.801Z -   ✓ Master JSON: 0 places
2026-03-05T10:55:37.801Z - 
🔄 PY: Traitement...
2026-03-05T10:55:37.806Z -   ✓ Excel chargé: 4 places
2026-03-05T10:55:37.809Z -   ✓ Master JSON: 4 places
2026-03-05T10:55:37.815Z -   ✓ Excel sauvegardé: 4 places
2026-03-05T10:55:37.815Z - 
🔄 QA: Traitement...
2026-03-05T10:55:37.816Z -   ✓ Excel chargé: 0 places
2026-03-05T10:55:37.816Z -   ✓ Master JSON: 0 places
2026-03-05T10:55:37.817Z - 
🔄 RE: Traitement...
2026-03-05T10:55:37.817Z -   ✓ Excel chargé: 0 places
2026-03-05T10:55:37.818Z -   ✓ Master JSON: 0 places
2026-03-05T10:55:37.818Z - 
🔄 RO: Traitement...
2026-03-05T10:55:37.823Z -   ✓ Excel chargé: 15 places
2026-03-05T10:55:37.826Z -   ✓ Master JSON: 13 places
2026-03-05T10:55:37.835Z -   ✓ Excel sauvegardé: 15 places
2026-03-05T10:55:37.835Z - 
🔄 RS: Traitement...
2026-03-05T10:55:37.841Z -   ✓ Excel chargé: 14 places
2026-03-05T10:55:37.844Z -   ✓ Master JSON: 14 places
2026-03-05T10:55:37.852Z -   ✓ Excel sauvegardé: 14 places
2026-03-05T10:55:37.852Z - 
🔄 RT IMPORTÉS: Traitement...
2026-03-05T10:55:37.853Z -   ✓ Excel chargé: 0 places
2026-03-05T10:55:37.853Z -   ✓ Master JSON: 0 places
2026-03-05T10:55:37.853Z - 
🔄 RU: Traitement...
2026-03-05T10:55:37.854Z -   ✓ Excel chargé: 0 places
2026-03-05T10:55:37.854Z -   ✓ Master JSON: 0 places
2026-03-05T10:55:37.855Z - 
🔄 RW: Traitement...
2026-03-05T10:55:37.855Z -   ✓ Excel chargé: 0 places
2026-03-05T10:55:37.855Z -   ✓ Master JSON: 0 places
2026-03-05T10:55:37.856Z - 
🔄 SA: Traitement...
2026-03-05T10:55:37.856Z -   ✓ Excel chargé: 0 places
2026-03-05T10:55:37.856Z -   ✓ Master JSON: 0 places
2026-03-05T10:55:37.857Z - 
🔄 SB: Traitement...
2026-03-05T10:55:37.857Z -   ✓ Excel chargé: 0 places
2026-03-05T10:55:37.858Z -   ✓ Master JSON: 0 places
2026-03-05T10:55:37.858Z - 
🔄 SC: Traitement...
2026-03-05T10:55:37.858Z -   ✓ Excel chargé: 0 places
2026-03-05T10:55:37.859Z -   ✓ Master JSON: 0 places
2026-03-05T10:55:37.859Z - 
🔄 SD: Traitement...
2026-03-05T10:55:37.859Z -   ✓ Excel chargé: 0 places
2026-03-05T10:55:37.860Z -   ✓ Master JSON: 0 places
2026-03-05T10:55:37.860Z - 
🔄 SE: Traitement...
2026-03-05T10:55:37.867Z -   ✓ Excel chargé: 42 places
2026-03-05T10:55:37.873Z -   ✓ Master JSON: 42 places
2026-03-05T10:55:37.887Z -   ✓ Excel sauvegardé: 42 places
2026-03-05T10:55:37.888Z - 
🔄 SG: Traitement...
2026-03-05T10:55:37.889Z -   ✓ Excel chargé: 0 places
2026-03-05T10:55:37.889Z -   ✓ Master JSON: 0 places
2026-03-05T10:55:37.889Z - 
🔄 SI: Traitement...
2026-03-05T10:55:37.894Z -   ✓ Excel chargé: 9 places
2026-03-05T10:55:37.898Z -   ✓ Master JSON: 9 places
2026-03-05T10:55:37.904Z -   ✓ Excel sauvegardé: 9 places
2026-03-05T10:55:37.904Z - 
🔄 SK: Traitement...
2026-03-05T10:55:37.909Z -   ✓ Excel chargé: 11 places
2026-03-05T10:55:37.914Z -   ✓ Master JSON: 11 places
2026-03-05T10:55:37.920Z -   ✓ Excel sauvegardé: 11 places
2026-03-05T10:55:37.920Z - 
🔄 SL: Traitement...
2026-03-05T10:55:37.921Z -   ✓ Excel chargé: 0 places
2026-03-05T10:55:37.921Z -   ✓ Master JSON: 0 places
2026-03-05T10:55:37.921Z - 
🔄 SM: Traitement...
2026-03-05T10:55:37.922Z -   ✓ Excel chargé: 0 places
2026-03-05T10:55:37.922Z -   ✓ Master JSON: 0 places
2026-03-05T10:55:37.923Z - 
🔄 SN: Traitement...
2026-03-05T10:55:37.928Z -   ✓ Excel chargé: 8 places
2026-03-05T10:55:37.932Z -   ✓ Master JSON: 8 places
2026-03-05T10:55:37.938Z -   ✓ Excel sauvegardé: 8 places
2026-03-05T10:55:37.938Z - 
🔄 SO: Traitement...
2026-03-05T10:55:37.939Z -   ✓ Excel chargé: 0 places
2026-03-05T10:55:37.939Z -   ✓ Master JSON: 0 places
2026-03-05T10:55:37.939Z - 
🔄 SR: Traitement...
2026-03-05T10:55:37.944Z -   ✓ Excel chargé: 10 places
2026-03-05T10:55:37.944Z -   ✓ Master JSON: 0 places
2026-03-05T10:55:37.955Z -   ✓ Excel sauvegardé: 10 places
2026-03-05T10:55:37.956Z - 
🔄 SS: Traitement...
2026-03-05T10:55:37.956Z -   ✓ Excel chargé: 0 places
2026-03-05T10:55:37.957Z -   ✓ Master JSON: 0 places
2026-03-05T10:55:37.957Z - 
🔄 ST: Traitement...
2026-03-05T10:55:37.957Z -   ✓ Excel chargé: 0 places
2026-03-05T10:55:37.958Z -   ✓ Master JSON: 0 places
2026-03-05T10:55:37.958Z - 
🔄 SV: Traitement...
2026-03-05T10:55:37.964Z -   ✓ Excel chargé: 9 places
2026-03-05T10:55:37.967Z -   ✓ Master JSON: 9 places
2026-03-05T10:55:37.973Z -   ✓ Excel sauvegardé: 9 places
2026-03-05T10:55:37.973Z - 
🔄 SY: Traitement...
2026-03-05T10:55:37.974Z -   ✓ Excel chargé: 0 places
2026-03-05T10:55:37.974Z -   ✓ Master JSON: 0 places
2026-03-05T10:55:37.974Z - 
🔄 SZ: Traitement...
2026-03-05T10:55:37.975Z -   ✓ Excel chargé: 0 places
2026-03-05T10:55:37.975Z -   ✓ Master JSON: 0 places
2026-03-05T10:55:37.976Z - 
🔄 TD: Traitement...
2026-03-05T10:55:37.976Z -   ✓ Excel chargé: 0 places
2026-03-05T10:55:37.976Z -   ✓ Master JSON: 0 places
2026-03-05T10:55:37.977Z - 
🔄 TG: Traitement...
2026-03-05T10:55:37.977Z -   ✓ Excel chargé: 0 places
2026-03-05T10:55:37.977Z -   ✓ Master JSON: 0 places
2026-03-05T10:55:37.978Z - 
🔄 TH: Traitement...
2026-03-05T10:55:37.985Z -   ✓ Excel chargé: 24 places
2026-03-05T10:55:37.989Z -   ✓ Master JSON: 24 places
2026-03-05T10:55:37.998Z -   ✓ Excel sauvegardé: 24 places
2026-03-05T10:55:37.999Z - 
🔄 TJ: Traitement...
2026-03-05T10:55:37.999Z -   ✓ Excel chargé: 0 places
2026-03-05T10:55:38.000Z -   ✓ Master JSON: 0 places
2026-03-05T10:55:38.000Z - 
🔄 TL: Traitement...
2026-03-05T10:55:38.000Z -   ✓ Excel chargé: 0 places
2026-03-05T10:55:38.001Z -   ✓ Master JSON: 0 places
2026-03-05T10:55:38.001Z - 
🔄 TM: Traitement...
2026-03-05T10:55:38.005Z -   ✓ Excel chargé: 8 places
2026-03-05T10:55:38.008Z -   ✓ Master JSON: 8 places
2026-03-05T10:55:38.016Z -   ✓ Excel sauvegardé: 8 places
2026-03-05T10:55:38.017Z - 
🔄 TN: Traitement...
2026-03-05T10:55:38.017Z -   ✓ Excel chargé: 0 places
2026-03-05T10:55:38.018Z -   ✓ Master JSON: 0 places
2026-03-05T10:55:38.018Z - 
🔄 TO: Traitement...
2026-03-05T10:55:38.019Z -   ✓ Excel chargé: 0 places
2026-03-05T10:55:38.019Z -   ✓ Master JSON: 0 places
2026-03-05T10:55:38.019Z - 
🔄 TR: Traitement...
2026-03-05T10:55:38.027Z -   ✓ Excel chargé: 61 places
2026-03-05T10:55:38.034Z -   ✓ Master JSON: 60 places
2026-03-05T10:55:38.053Z -   ✓ Excel sauvegardé: 61 places
2026-03-05T10:55:38.053Z - 
🔄 TT: Traitement...
2026-03-05T10:55:38.054Z -   ✓ Excel chargé: 0 places
2026-03-05T10:55:38.054Z -   ✓ Master JSON: 0 places
2026-03-05T10:55:38.054Z - 
🔄 TV: Traitement...
2026-03-05T10:55:38.055Z -   ✓ Excel chargé: 0 places
2026-03-05T10:55:38.055Z -   ✓ Master JSON: 0 places
2026-03-05T10:55:38.056Z - 
🔄 TZ: Traitement...
2026-03-05T10:55:38.060Z -   ✓ Excel chargé: 17 places
2026-03-05T10:55:38.065Z -   ✓ Master JSON: 17 places
2026-03-05T10:55:38.071Z -   ✓ Excel sauvegardé: 17 places
2026-03-05T10:55:38.072Z - 
🔄 UA: Traitement...
2026-03-05T10:55:38.072Z -   ✓ Excel chargé: 0 places
2026-03-05T10:55:38.073Z -   ✓ Master JSON: 0 places
2026-03-05T10:55:38.073Z - 
🔄 UG: Traitement...
2026-03-05T10:55:38.073Z -   ✓ Excel chargé: 0 places
2026-03-05T10:55:38.074Z -   ✓ Master JSON: 0 places
2026-03-05T10:55:38.074Z - 
🔄 US: Traitement...
2026-03-05T10:55:38.104Z -   ✓ Excel chargé: 540 places
2026-03-05T10:55:38.154Z -   ✓ Master JSON: 412 places
2026-03-05T10:55:38.272Z -   ✓ Excel sauvegardé: 540 places
2026-03-05T10:55:38.273Z - 
🔄 UY: Traitement...
2026-03-05T10:55:38.274Z -   ✓ Excel chargé: 0 places
2026-03-05T10:55:38.274Z -   ✓ Master JSON: 0 places
2026-03-05T10:55:38.275Z - 
🔄 UZ: Traitement...
2026-03-05T10:55:38.281Z -   ✓ Excel chargé: 6 places
2026-03-05T10:55:38.284Z -   ✓ Master JSON: 6 places
2026-03-05T10:55:38.290Z -   ✓ Excel sauvegardé: 6 places
2026-03-05T10:55:38.291Z - 
🔄 VA: Traitement...
2026-03-05T10:55:38.291Z -   ✓ Excel chargé: 0 places
2026-03-05T10:55:38.291Z -   ✓ Master JSON: 0 places
2026-03-05T10:55:38.292Z - 
🔄 VC: Traitement...
2026-03-05T10:55:38.292Z -   ✓ Excel chargé: 0 places
2026-03-05T10:55:38.293Z -   ✓ Master JSON: 0 places
2026-03-05T10:55:38.293Z - 
🔄 VE: Traitement...
2026-03-05T10:55:38.294Z -   ✓ Excel chargé: 0 places
2026-03-05T10:55:38.294Z -   ✓ Master JSON: 0 places
2026-03-05T10:55:38.295Z - 
🔄 VN: Traitement...
2026-03-05T10:55:38.302Z -   ✓ Excel chargé: 27 places
2026-03-05T10:55:38.309Z -   ✓ Master JSON: 26 places
2026-03-05T10:55:38.319Z -   ✓ Excel sauvegardé: 27 places
2026-03-05T10:55:38.320Z - 
🔄 VU: Traitement...
2026-03-05T10:55:38.320Z -   ✓ Excel chargé: 0 places
2026-03-05T10:55:38.321Z -   ✓ Master JSON: 0 places
2026-03-05T10:55:38.321Z - 
🔄 WF: Traitement...
2026-03-05T10:55:38.321Z -   ✓ Excel chargé: 0 places
2026-03-05T10:55:38.322Z -   ✓ Master JSON: 0 places
2026-03-05T10:55:38.322Z - 
🔄 WS: Traitement...
2026-03-05T10:55:38.323Z -   ✓ Excel chargé: 0 places
2026-03-05T10:55:38.323Z -   ✓ Master JSON: 0 places
2026-03-05T10:55:38.323Z - 
🔄 XX: Traitement...
2026-03-05T10:55:38.324Z -   ✓ Excel chargé: 0 places
2026-03-05T10:55:38.324Z -   ✓ Master JSON: 0 places
2026-03-05T10:55:38.325Z - 
🔄 YE: Traitement...
2026-03-05T10:55:38.325Z -   ✓ Excel chargé: 0 places
2026-03-05T10:55:38.326Z -   ✓ Master JSON: 0 places
2026-03-05T10:55:38.326Z - 
🔄 YT: Traitement...
2026-03-05T10:55:38.331Z -   ✓ Excel chargé: 5 places
2026-03-05T10:55:38.335Z -   ✓ Master JSON: 5 places
2026-03-05T10:55:38.339Z -   ✓ Excel sauvegardé: 5 places
2026-03-05T10:55:38.340Z - 
🔄 ZA: Traitement...
2026-03-05T10:55:38.351Z -   ✓ Excel chargé: 114 places
2026-03-05T10:55:38.362Z -   ✓ Master JSON: 85 places
2026-03-05T10:55:38.389Z -   ✓ Excel sauvegardé: 114 places
2026-03-05T10:55:38.389Z - 
🔄 ZM: Traitement...
2026-03-05T10:55:38.390Z -   ✓ Excel chargé: 0 places
2026-03-05T10:55:38.390Z -   ✓ Master JSON: 0 places
2026-03-05T10:55:38.391Z - 
🔄 ZW: Traitement...
2026-03-05T10:55:38.391Z -   ✓ Excel chargé: 0 places
2026-03-05T10:55:38.391Z -   ✓ Master JSON: 0 places
2026-03-05T10:55:38.392Z - 
🔄 _BACKUPS: Traitement...
2026-03-05T10:55:38.392Z -   ✓ Excel chargé: 0 places
2026-03-05T10:55:38.392Z -   ✓ Master JSON: 0 places
2026-03-05T10:55:38.393Z - 
🔄 _TR_CACHE: Traitement...
2026-03-05T10:55:38.398Z -   ✓ Excel chargé: 0 places
2026-03-05T10:55:38.398Z -   ✓ Master JSON: 0 places
2026-03-05T18:09:48.589Z - 
============================================================
2026-03-05T18:09:48.593Z - 🔄 MODE UPDATE - 05/03/2026 19:09:48
2026-03-05T18:09:48.594Z - ============================================================
2026-03-05T18:09:48.741Z - 
🔄 .RATINGS_BACKUPS: Traitement...
2026-03-05T18:09:48.743Z -   ✓ Excel chargé: 0 places
2026-03-05T18:09:48.744Z -   ✓ Master JSON: 0 places
2026-03-05T18:09:48.745Z - 
🔄 AD: Traitement...
2026-03-05T18:09:48.795Z -   ✓ Excel chargé: 0 places
2026-03-05T18:09:48.796Z -   ✓ Master JSON: 0 places
2026-03-05T18:09:48.796Z - 
🔄 AE: Traitement...
2026-03-05T18:09:48.813Z -   ✓ Excel chargé: 8 places
2026-03-05T18:09:48.817Z -   ✓ Master JSON: 8 places
2026-03-05T18:09:48.863Z -   ✓ Excel sauvegardé: 8 places
2026-03-05T18:09:48.864Z - 
🔄 AF: Traitement...
2026-03-05T18:09:48.878Z -   ✓ Excel chargé: 0 places
2026-03-05T18:09:48.878Z -   ✓ Master JSON: 0 places
2026-03-05T18:09:48.879Z - 
🔄 AG: Traitement...
2026-03-05T18:09:48.887Z -   ✓ Excel chargé: 0 places
2026-03-05T18:09:48.889Z -   ✓ Master JSON: 0 places
2026-03-05T18:09:48.890Z - 
🔄 AI: Traitement...
2026-03-05T18:09:48.891Z -   ✓ Excel chargé: 0 places
2026-03-05T18:09:48.892Z -   ✓ Master JSON: 0 places
2026-03-05T18:09:48.893Z - 
🔄 AL: Traitement...
2026-03-05T18:09:48.904Z -   ✓ Excel chargé: 12 places
2026-03-05T18:09:48.911Z -   ✓ Master JSON: 12 places
2026-03-05T18:09:48.926Z -   ✓ Excel sauvegardé: 12 places
2026-03-05T18:09:48.927Z - 
🔄 AM: Traitement...
2026-03-05T18:09:48.936Z -   ✓ Excel chargé: 8 places
2026-03-05T18:09:48.943Z -   ✓ Master JSON: 8 places
2026-03-05T18:09:48.956Z -   ✓ Excel sauvegardé: 8 places
2026-03-05T18:09:48.957Z - 
🔄 AO: Traitement...
2026-03-05T18:09:48.964Z -   ✓ Excel chargé: 0 places
2026-03-05T18:09:48.965Z -   ✓ Master JSON: 0 places
2026-03-05T18:09:48.965Z - 
🔄 AR: Traitement...
2026-03-05T18:09:48.991Z -   ✓ Excel chargé: 46 places
2026-03-05T18:09:49.015Z -   ✓ Master JSON: 23 places
2026-03-05T18:09:49.045Z -   ✓ Excel sauvegardé: 46 places
2026-03-05T18:09:49.046Z - 
🔄 AS: Traitement...
2026-03-05T18:09:49.046Z -   ✓ Excel chargé: 0 places
2026-03-05T18:09:49.047Z -   ✓ Master JSON: 0 places
2026-03-05T18:09:49.047Z - 
🔄 AT: Traitement...
2026-03-05T18:09:49.069Z -   ✓ Excel chargé: 45 places
2026-03-05T18:09:49.079Z -   ✓ Master JSON: 43 places
2026-03-05T18:09:49.107Z -   ✓ Excel sauvegardé: 45 places
2026-03-05T18:09:49.108Z - 
🔄 AU: Traitement...
2026-03-05T18:09:49.129Z -   ✓ Excel chargé: 74 places
2026-03-05T18:09:49.141Z -   ✓ Master JSON: 42 places
2026-03-05T18:09:56.227Z -   ✓ Excel sauvegardé: 74 places
2026-03-05T18:09:56.228Z - 
🔄 AW: Traitement...
2026-03-05T18:09:56.235Z -   ✓ Excel chargé: 0 places
2026-03-05T18:09:56.237Z -   ✓ Master JSON: 0 places
2026-03-05T18:09:56.238Z - 
🔄 AZ: Traitement...
2026-03-05T18:09:56.246Z -   ✓ Excel chargé: 0 places
2026-03-05T18:09:56.247Z -   ✓ Master JSON: 0 places
2026-03-05T18:09:56.248Z - 
🔄 BA: Traitement...
2026-03-05T18:09:56.254Z -   ✓ Excel chargé: 15 places
2026-03-05T18:09:56.262Z -   ✓ Master JSON: 15 places
2026-03-05T18:09:56.272Z -   ✓ Excel sauvegardé: 15 places
2026-03-05T18:09:56.273Z - 
🔄 BB: Traitement...
2026-03-05T18:09:56.283Z -   ✓ Excel chargé: 6 places
2026-03-05T18:09:56.290Z -   ✓ Master JSON: 6 places
2026-03-05T18:09:56.305Z -   ✓ Excel sauvegardé: 6 places
2026-03-05T18:09:56.306Z - 
🔄 BD: Traitement...
2026-03-05T18:09:56.315Z -   ✓ Excel chargé: 17 places
2026-03-05T18:09:56.321Z -   ✓ Master JSON: 14 places
2026-03-05T18:10:00.319Z -   ✓ Excel sauvegardé: 17 places
2026-03-05T18:10:00.320Z - 
🔄 BE: Traitement...
2026-03-05T18:10:00.332Z -   ✓ Excel chargé: 14 places
2026-03-05T18:10:00.334Z -   ✓ Master JSON: 23 places
2026-03-05T18:10:00.335Z -   ✓ 10 nouvelles places ajoutées
2026-03-05T18:11:25.820Z -   ✓ Excel sauvegardé: 24 places
2026-03-05T18:11:25.821Z - 
🔄 BF: Traitement...
2026-03-05T18:11:25.838Z -   ✓ Excel chargé: 0 places
2026-03-05T18:11:25.839Z -   ✓ Master JSON: 0 places
2026-03-05T18:11:25.840Z - 
🔄 BG: Traitement...
2026-03-05T18:11:25.860Z -   ✓ Excel chargé: 23 places
2026-03-05T18:11:25.863Z -   ✓ Master JSON: 21 places
2026-03-05T18:11:25.863Z -   ✓ 6 nouvelles places ajoutées
2026-03-05T18:11:48.710Z -   ✓ Excel sauvegardé: 29 places
2026-03-05T18:11:48.711Z - 
🔄 BH: Traitement...
2026-03-05T18:11:48.723Z -   ✓ Excel chargé: 0 places
2026-03-05T18:11:48.724Z -   ✓ Master JSON: 0 places
2026-03-05T18:11:48.725Z - 
🔄 BI: Traitement...
2026-03-05T18:11:48.735Z -   ✓ Excel chargé: 0 places
2026-03-05T18:11:48.736Z -   ✓ Master JSON: 0 places
2026-03-05T18:11:48.737Z - 
🔄 BJ: Traitement...
2026-03-05T18:11:48.742Z -   ✓ Excel chargé: 0 places
2026-03-05T18:11:48.743Z -   ✓ Master JSON: 0 places
2026-03-05T18:11:48.743Z - 
🔄 BL: Traitement...
2026-03-05T18:11:48.749Z -   ✓ Excel chargé: 8 places
2026-03-05T18:11:48.752Z -   ✓ Master JSON: 8 places
2026-03-05T18:11:48.762Z -   ✓ Excel sauvegardé: 8 places
2026-03-05T18:11:48.763Z - 
🔄 BM: Traitement...
2026-03-05T18:11:48.772Z -   ✓ Excel chargé: 0 places
2026-03-05T18:11:48.773Z -   ✓ Master JSON: 0 places
2026-03-05T18:11:48.774Z - 
🔄 BN: Traitement...
2026-03-05T18:11:48.784Z -   ✓ Excel chargé: 0 places
2026-03-05T18:11:48.785Z -   ✓ Master JSON: 0 places
2026-03-05T18:11:48.786Z - 
🔄 BO: Traitement...
2026-03-05T18:11:48.794Z -   ✓ Excel chargé: 17 places
2026-03-05T18:11:48.798Z -   ✓ Master JSON: 17 places
2026-03-05T18:11:48.814Z -   ✓ Excel sauvegardé: 17 places
2026-03-05T18:11:48.815Z - 
🔄 BQ: Traitement...
2026-03-05T18:11:48.816Z -   ✓ Excel chargé: 0 places
2026-03-05T18:11:48.816Z -   ✓ Master JSON: 0 places
2026-03-05T18:11:48.817Z - 
🔄 BR: Traitement...
2026-03-05T18:11:48.830Z -   ✓ Excel chargé: 46 places
2026-03-05T18:11:48.843Z -   ✓ Master JSON: 46 places
2026-03-05T18:11:48.872Z -   ✓ Excel sauvegardé: 46 places
2026-03-05T18:11:48.873Z - 
🔄 BS: Traitement...
2026-03-05T18:11:48.881Z -   ✓ Excel chargé: 9 places
2026-03-05T18:11:48.887Z -   ✓ Master JSON: 9 places
2026-03-05T18:11:48.896Z -   ✓ Excel sauvegardé: 9 places
2026-03-05T18:11:48.896Z - 
🔄 BT: Traitement...
2026-03-05T18:11:48.902Z -   ✓ Excel chargé: 0 places
2026-03-05T18:11:48.903Z -   ✓ Master JSON: 0 places
2026-03-05T18:11:48.904Z - 
🔄 BW: Traitement...
2026-03-05T18:11:48.914Z -   ✓ Excel chargé: 16 places
2026-03-05T18:11:48.924Z -   ✓ Master JSON: 15 places
2026-03-05T18:11:48.937Z -   ✓ Excel sauvegardé: 16 places
2026-03-05T18:11:48.938Z - 
🔄 BY: Traitement...
2026-03-05T18:11:48.947Z -   ✓ Excel chargé: 0 places
2026-03-05T18:11:48.948Z -   ✓ Master JSON: 0 places
2026-03-05T18:11:48.949Z - 
🔄 BZ: Traitement...
2026-03-05T18:11:48.961Z -   ✓ Excel chargé: 5 places
2026-03-05T18:11:48.966Z -   ✓ Master JSON: 5 places
2026-03-05T18:11:48.976Z -   ✓ Excel sauvegardé: 5 places
2026-03-05T18:11:48.976Z - 
🔄 CA: Traitement...
2026-03-05T18:11:48.985Z -   ✓ Excel chargé: 27 places
2026-03-05T18:11:48.998Z -   ✓ Master JSON: 27 places
2026-03-05T18:11:49.019Z -   ✓ Excel sauvegardé: 27 places
2026-03-05T18:11:49.020Z - 
🔄 CD: Traitement...
2026-03-05T18:11:49.026Z -   ✓ Excel chargé: 0 places
2026-03-05T18:11:49.027Z -   ✓ Master JSON: 0 places
2026-03-05T18:11:49.028Z - 
🔄 CF: Traitement...
2026-03-05T18:11:49.032Z -   ✓ Excel chargé: 0 places
2026-03-05T18:11:49.032Z -   ✓ Master JSON: 0 places
2026-03-05T18:11:49.033Z - 
🔄 CG: Traitement...
2026-03-05T18:11:49.039Z -   ✓ Excel chargé: 0 places
2026-03-05T18:11:49.039Z -   ✓ Master JSON: 0 places
2026-03-05T18:11:49.040Z - 
🔄 CH: Traitement...
2026-03-05T18:11:49.053Z -   ✓ Excel chargé: 56 places
2026-03-05T18:11:49.073Z -   ✓ Master JSON: 56 places
2026-03-05T18:11:49.096Z -   ✓ Excel sauvegardé: 56 places
2026-03-05T18:11:49.096Z - 
🔄 CI: Traitement...
2026-03-05T18:11:49.103Z -   ✓ Excel chargé: 0 places
2026-03-05T18:11:49.104Z -   ✓ Master JSON: 0 places
2026-03-05T18:11:49.106Z - 
🔄 CK: Traitement...
2026-03-05T18:11:49.107Z -   ✓ Excel chargé: 0 places
2026-03-05T18:11:49.107Z -   ✓ Master JSON: 0 places
2026-03-05T18:11:49.108Z - 
🔄 CL: Traitement...
2026-03-05T18:11:49.116Z -   ✓ Excel chargé: 8 places
2026-03-05T18:11:49.123Z -   ✓ Master JSON: 8 places
2026-03-05T18:11:49.133Z -   ✓ Excel sauvegardé: 8 places
2026-03-05T18:11:49.134Z - 
🔄 CM: Traitement...
2026-03-05T18:11:49.140Z -   ✓ Excel chargé: 0 places
2026-03-05T18:11:49.141Z -   ✓ Master JSON: 0 places
2026-03-05T18:11:49.142Z - 
🔄 CN: Traitement...
2026-03-05T18:11:49.163Z -   ✓ Excel chargé: 34 places
2026-03-05T18:11:49.176Z -   ✓ Master JSON: 33 places
2026-03-05T18:11:49.177Z -   ✓ 1 nouvelles places ajoutées
2026-03-05T18:11:52.299Z -   ✓ Excel sauvegardé: 35 places
2026-03-05T18:11:52.300Z - 
🔄 CO: Traitement...
2026-03-05T18:11:52.304Z -   ✓ Excel chargé: 12 places
2026-03-05T18:11:52.309Z -   ✓ Master JSON: 12 places
2026-03-05T18:11:52.319Z -   ✓ Excel sauvegardé: 12 places
2026-03-05T18:11:52.320Z - 
🔄 CR: Traitement...
2026-03-05T18:11:52.325Z -   ✓ Excel chargé: 8 places
2026-03-05T18:11:52.331Z -   ✓ Master JSON: 8 places
2026-03-05T18:11:55.440Z -   ✓ Excel sauvegardé: 8 places
2026-03-05T18:11:55.441Z - 
🔄 CU: Traitement...
2026-03-05T18:11:55.449Z -   ✓ Excel chargé: 12 places
2026-03-05T18:11:55.457Z -   ✓ Master JSON: 12 places
2026-03-05T18:11:55.467Z -   ✓ Excel sauvegardé: 12 places
2026-03-05T18:11:55.468Z - 
🔄 CV: Traitement...
2026-03-05T18:11:55.474Z -   ✓ Excel chargé: 0 places
2026-03-05T18:11:55.475Z -   ✓ Master JSON: 0 places
2026-03-05T18:11:55.476Z - 
🔄 CY: Traitement...
2026-03-05T18:11:55.481Z -   ✓ Excel chargé: 0 places
2026-03-05T18:11:55.482Z -   ✓ Master JSON: 0 places
2026-03-05T18:11:55.482Z - 
🔄 CZ: Traitement...
2026-03-05T18:11:55.490Z -   ✓ Excel chargé: 19 places
2026-03-05T18:11:55.495Z -   ✓ Master JSON: 19 places
2026-03-05T18:11:55.513Z -   ✓ Excel sauvegardé: 19 places
2026-03-05T18:11:55.514Z - 
🔄 DE: Traitement...
2026-03-05T18:11:55.537Z -   ✓ Excel chargé: 112 places
2026-03-05T18:11:55.555Z -   ✓ Master JSON: 111 places
2026-03-05T18:11:55.598Z -   ✓ Excel sauvegardé: 112 places
2026-03-05T18:11:55.599Z - 
🔄 DJ: Traitement...
2026-03-05T18:11:55.600Z -   ✓ Excel chargé: 0 places
2026-03-05T18:11:55.600Z -   ✓ Master JSON: 0 places
2026-03-05T18:11:55.601Z - 
🔄 DK: Traitement...
2026-03-05T18:11:55.609Z -   ✓ Excel chargé: 14 places
2026-03-05T18:11:55.620Z -   ✓ Master JSON: 14 places
2026-03-05T18:11:55.638Z -   ✓ Excel sauvegardé: 14 places
2026-03-05T18:11:55.639Z - 
🔄 DM: Traitement...
2026-03-05T18:11:55.640Z -   ✓ Excel chargé: 0 places
2026-03-05T18:11:55.641Z -   ✓ Master JSON: 0 places
2026-03-05T18:11:55.641Z - 
🔄 DO: Traitement...
2026-03-05T18:11:55.650Z -   ✓ Excel chargé: 15 places
2026-03-05T18:11:55.657Z -   ✓ Master JSON: 15 places
2026-03-05T18:11:55.667Z -   ✓ Excel sauvegardé: 15 places
2026-03-05T18:11:55.668Z - 
🔄 DZ: Traitement...
2026-03-05T18:11:55.668Z -   ✓ Excel chargé: 0 places
2026-03-05T18:11:55.669Z -   ✓ Master JSON: 0 places
2026-03-05T18:11:55.670Z - 
🔄 EA: Traitement...
2026-03-05T18:11:55.678Z -   ✓ Excel chargé: 23 places
2026-03-05T18:11:55.687Z -   ✓ Master JSON: 23 places
2026-03-05T18:11:55.708Z -   ✓ Excel sauvegardé: 23 places
2026-03-05T18:11:55.709Z - 
🔄 EC: Traitement...
2026-03-05T18:11:55.716Z -   ✓ Excel chargé: 13 places
2026-03-05T18:11:55.723Z -   ✓ Master JSON: 13 places
2026-03-05T18:11:55.732Z -   ✓ Excel sauvegardé: 13 places
2026-03-05T18:11:55.733Z - 
🔄 EE: Traitement...
2026-03-05T18:11:55.734Z -   ✓ Excel chargé: 0 places
2026-03-05T18:11:55.734Z -   ✓ Master JSON: 0 places
2026-03-05T18:11:55.735Z - 
🔄 EG: Traitement...
2026-03-05T18:11:55.743Z -   ✓ Excel chargé: 17 places
2026-03-05T18:11:55.757Z -   ✓ Master JSON: 17 places
2026-03-05T18:11:55.768Z -   ✓ Excel sauvegardé: 17 places
2026-03-05T18:11:55.769Z - 
🔄 ER: Traitement...
2026-03-05T18:11:55.770Z -   ✓ Excel chargé: 0 places
2026-03-05T18:11:55.770Z -   ✓ Master JSON: 0 places
2026-03-05T18:11:55.771Z - 
🔄 ES: Traitement...
2026-03-05T18:11:55.797Z -   ✓ Excel chargé: 202 places
2026-03-05T18:11:55.819Z -   ✓ Master JSON: 182 places
2026-03-05T18:11:55.889Z -   ✓ Excel sauvegardé: 202 places
2026-03-05T18:11:55.890Z - 
🔄 ET: Traitement...
2026-03-05T18:11:55.890Z -   ✓ Excel chargé: 0 places
2026-03-05T18:11:55.891Z -   ✓ Master JSON: 0 places
2026-03-05T18:11:55.892Z - 
🔄 FI: Traitement...
2026-03-05T18:11:55.897Z -   ✓ Excel chargé: 9 places
2026-03-05T18:11:55.902Z -   ✓ Master JSON: 9 places
2026-03-05T18:11:55.911Z -   ✓ Excel sauvegardé: 9 places
2026-03-05T18:11:55.912Z - 
🔄 FJ: Traitement...
2026-03-05T18:11:55.912Z -   ✓ Excel chargé: 0 places
2026-03-05T18:11:55.913Z -   ✓ Master JSON: 0 places
2026-03-05T18:11:55.914Z - 
🔄 FM: Traitement...
2026-03-05T18:11:55.914Z -   ✓ Excel chargé: 0 places
2026-03-05T18:11:55.914Z -   ✓ Master JSON: 0 places
2026-03-05T18:11:55.915Z - 
🔄 FR: Traitement...
2026-03-05T18:11:56.017Z -   ✓ Excel chargé: 1265 places
2026-03-05T18:11:56.194Z -   ✓ Master JSON: 1182 places
2026-03-05T18:11:56.581Z -   ✓ Excel sauvegardé: 1265 places
2026-03-05T18:11:56.582Z - 
🔄 GA: Traitement...
2026-03-05T18:11:56.583Z -   ✓ Excel chargé: 0 places
2026-03-05T18:11:56.583Z -   ✓ Master JSON: 0 places
2026-03-05T18:11:56.584Z - 
🔄 GB: Traitement...
2026-03-05T18:11:56.602Z -   ✓ Excel chargé: 175 places
2026-03-05T18:11:56.642Z -   ✓ Master JSON: 171 places
2026-03-05T18:11:56.701Z -   ✓ Excel sauvegardé: 175 places
2026-03-05T18:11:56.703Z - 
🔄 GD: Traitement...
2026-03-05T18:11:56.703Z -   ✓ Excel chargé: 0 places
2026-03-05T18:11:56.704Z -   ✓ Master JSON: 0 places
2026-03-05T18:11:56.705Z - 
🔄 GE: Traitement...
2026-03-05T18:11:56.712Z -   ✓ Excel chargé: 19 places
2026-03-05T18:11:56.717Z -   ✓ Master JSON: 19 places
2026-03-05T18:11:56.729Z -   ✓ Excel sauvegardé: 19 places
2026-03-05T18:11:56.730Z - 
🔄 GF: Traitement...
2026-03-05T18:11:56.734Z -   ✓ Excel chargé: 5 places
2026-03-05T18:11:56.740Z -   ✓ Master JSON: 5 places
2026-03-05T18:11:56.746Z -   ✓ Excel sauvegardé: 5 places
2026-03-05T18:11:56.747Z - 
🔄 GH: Traitement...
2026-03-05T18:11:56.747Z -   ✓ Excel chargé: 0 places
2026-03-05T18:11:56.748Z -   ✓ Master JSON: 0 places
2026-03-05T18:11:56.748Z - 
🔄 GM: Traitement...
2026-03-05T18:11:56.748Z -   ✓ Excel chargé: 0 places
2026-03-05T18:11:56.749Z -   ✓ Master JSON: 0 places
2026-03-05T18:11:56.749Z - 
🔄 GN: Traitement...
2026-03-05T18:11:56.750Z -   ✓ Excel chargé: 0 places
2026-03-05T18:11:56.750Z -   ✓ Master JSON: 0 places
2026-03-05T18:11:56.751Z - 
🔄 GP: Traitement...
2026-03-05T18:11:56.758Z -   ✓ Excel chargé: 8 places
2026-03-05T18:11:56.762Z -   ✓ Master JSON: 8 places
2026-03-05T18:11:56.771Z -   ✓ Excel sauvegardé: 8 places
2026-03-05T18:11:56.771Z - 
🔄 GQ: Traitement...
2026-03-05T18:11:56.772Z -   ✓ Excel chargé: 0 places
2026-03-05T18:11:56.773Z -   ✓ Master JSON: 0 places
2026-03-05T18:11:56.773Z - 
🔄 GR: Traitement...
2026-03-05T18:11:56.785Z -   ✓ Excel chargé: 106 places
2026-03-05T18:11:56.801Z -   ✓ Master JSON: 105 places
2026-03-05T18:11:56.832Z -   ✓ Excel sauvegardé: 106 places
2026-03-05T18:11:56.832Z - 
🔄 GT: Traitement...
2026-03-05T18:11:56.838Z -   ✓ Excel chargé: 6 places
2026-03-05T18:11:56.842Z -   ✓ Master JSON: 6 places
2026-03-05T18:11:56.848Z -   ✓ Excel sauvegardé: 6 places
2026-03-05T18:11:56.849Z - 
🔄 GW: Traitement...
2026-03-05T18:11:56.849Z -   ✓ Excel chargé: 0 places
2026-03-05T18:11:56.850Z -   ✓ Master JSON: 0 places
2026-03-05T18:11:56.850Z - 
🔄 GY: Traitement...
2026-03-05T18:11:56.851Z -   ✓ Excel chargé: 0 places
2026-03-05T18:11:56.851Z -   ✓ Master JSON: 0 places
2026-03-05T18:11:56.852Z - 
🔄 HN: Traitement...
2026-03-05T18:11:56.852Z -   ✓ Excel chargé: 0 places
2026-03-05T18:11:56.853Z -   ✓ Master JSON: 0 places
2026-03-05T18:11:56.854Z - 
🔄 HR: Traitement...
2026-03-05T18:11:56.866Z -   ✓ Excel chargé: 88 places
2026-03-05T18:11:56.882Z -   ✓ Master JSON: 71 places
2026-03-05T18:11:56.910Z -   ✓ Excel sauvegardé: 88 places
2026-03-05T18:11:56.911Z - 
🔄 HT: Traitement...
2026-03-05T18:11:56.911Z -   ✓ Excel chargé: 0 places
2026-03-05T18:11:56.912Z -   ✓ Master JSON: 0 places
2026-03-05T18:11:56.913Z - 
🔄 HU: Traitement...
2026-03-05T18:11:56.919Z -   ✓ Excel chargé: 34 places
2026-03-05T18:11:56.927Z -   ✓ Master JSON: 34 places
2026-03-05T18:11:56.941Z -   ✓ Excel sauvegardé: 34 places
2026-03-05T18:11:56.942Z - 
🔄 ID: Traitement...
2026-03-05T18:11:56.949Z -   ✓ Excel chargé: 72 places
2026-03-05T18:11:56.960Z -   ✓ Master JSON: 72 places
2026-03-05T18:11:56.978Z -   ✓ Excel sauvegardé: 72 places
2026-03-05T18:11:56.979Z - 
🔄 IE: Traitement...
2026-03-05T18:11:56.985Z -   ✓ Excel chargé: 31 places
2026-03-05T18:11:56.993Z -   ✓ Master JSON: 31 places
2026-03-05T18:11:57.007Z -   ✓ Excel sauvegardé: 31 places
2026-03-05T18:11:57.008Z - 
🔄 IL: Traitement...
2026-03-05T18:11:57.013Z -   ✓ Excel chargé: 12 places
2026-03-05T18:11:57.017Z -   ✓ Master JSON: 12 places
2026-03-05T18:11:57.026Z -   ✓ Excel sauvegardé: 12 places
2026-03-05T18:11:57.027Z - 
🔄 IN: Traitement...
2026-03-05T18:11:57.033Z -   ✓ Excel chargé: 56 places
2026-03-05T18:11:57.043Z -   ✓ Master JSON: 56 places
2026-03-05T18:11:57.065Z -   ✓ Excel sauvegardé: 56 places
2026-03-05T18:11:57.066Z - 
🔄 IQ: Traitement...
2026-03-05T18:11:57.066Z -   ✓ Excel chargé: 0 places
2026-03-05T18:11:57.067Z -   ✓ Master JSON: 0 places
2026-03-05T18:11:57.068Z - 
🔄 IR: Traitement...
2026-03-05T18:11:57.068Z -   ✓ Excel chargé: 0 places
2026-03-05T18:11:57.069Z -   ✓ Master JSON: 0 places
2026-03-05T18:11:57.070Z - 
🔄 IS: Traitement...
2026-03-05T18:11:57.076Z -   ✓ Excel chargé: 11 places
2026-03-05T18:11:57.080Z -   ✓ Master JSON: 11 places
2026-03-05T18:11:57.088Z -   ✓ Excel sauvegardé: 11 places
2026-03-05T18:11:57.088Z - 
🔄 IT: Traitement...
2026-03-05T18:11:57.128Z -   ✓ Excel chargé: 503 places
2026-03-05T18:11:57.173Z -   ✓ Master JSON: 447 places
2026-03-05T18:11:57.329Z -   ✓ Excel sauvegardé: 503 places
2026-03-05T18:11:57.330Z - 
🔄 JM: Traitement...
2026-03-05T18:11:57.331Z -   ✓ Excel chargé: 0 places
2026-03-05T18:11:57.332Z -   ✓ Master JSON: 0 places
2026-03-05T18:11:57.332Z - 
🔄 JO: Traitement...
2026-03-05T18:11:57.339Z -   ✓ Excel chargé: 7 places
2026-03-05T18:11:57.343Z -   ✓ Master JSON: 7 places
2026-03-05T18:11:57.351Z -   ✓ Excel sauvegardé: 7 places
2026-03-05T18:11:57.352Z - 
🔄 JP: Traitement...
2026-03-05T18:11:57.367Z -   ✓ Excel chargé: 113 places
2026-03-05T18:11:57.383Z -   ✓ Master JSON: 113 places
2026-03-05T18:11:57.416Z -   ✓ Excel sauvegardé: 113 places
2026-03-05T18:11:57.417Z - 
🔄 KE: Traitement...
2026-03-05T18:11:57.418Z -   ✓ Excel chargé: 0 places
2026-03-05T18:11:57.418Z -   ✓ Master JSON: 0 places
2026-03-05T18:11:57.419Z - 
🔄 KG: Traitement...
2026-03-05T18:11:57.420Z -   ✓ Excel chargé: 0 places
2026-03-05T18:11:57.421Z -   ✓ Master JSON: 0 places
2026-03-05T18:11:57.421Z - 
🔄 KH: Traitement...
2026-03-05T18:11:57.427Z -   ✓ Excel chargé: 9 places
2026-03-05T18:11:57.431Z -   ✓ Master JSON: 8 places
2026-03-05T18:11:57.439Z -   ✓ Excel sauvegardé: 9 places
2026-03-05T18:11:57.440Z - 
🔄 KI: Traitement...
2026-03-05T18:11:57.441Z -   ✓ Excel chargé: 0 places
2026-03-05T18:11:57.441Z -   ✓ Master JSON: 0 places
2026-03-05T18:11:57.442Z - 
🔄 KM: Traitement...
2026-03-05T18:11:57.442Z -   ✓ Excel chargé: 0 places
2026-03-05T18:11:57.443Z -   ✓ Master JSON: 0 places
2026-03-05T18:11:57.443Z - 
🔄 KN: Traitement...
2026-03-05T18:11:57.444Z -   ✓ Excel chargé: 0 places
2026-03-05T18:11:57.444Z -   ✓ Master JSON: 0 places
2026-03-05T18:11:57.445Z - 
🔄 KP: Traitement...
2026-03-05T18:11:57.445Z -   ✓ Excel chargé: 0 places
2026-03-05T18:11:57.445Z -   ✓ Master JSON: 0 places
2026-03-05T18:11:57.446Z - 
🔄 KR: Traitement...
2026-03-05T18:11:57.450Z -   ✓ Excel chargé: 5 places
2026-03-05T18:11:57.454Z -   ✓ Master JSON: 5 places
2026-03-05T18:11:57.460Z -   ✓ Excel sauvegardé: 5 places
2026-03-05T18:11:57.461Z - 
🔄 KW: Traitement...
2026-03-05T18:11:57.461Z -   ✓ Excel chargé: 0 places
2026-03-05T18:11:57.462Z -   ✓ Master JSON: 0 places
2026-03-05T18:11:57.462Z - 
🔄 KZ: Traitement...
2026-03-05T18:11:57.467Z -   ✓ Excel chargé: 19 places
2026-03-05T18:11:57.472Z -   ✓ Master JSON: 19 places
2026-03-05T18:11:57.480Z -   ✓ Excel sauvegardé: 19 places
2026-03-05T18:11:57.481Z - 
🔄 LA: Traitement...
2026-03-05T18:11:57.487Z -   ✓ Excel chargé: 43 places
2026-03-05T18:11:57.496Z -   ✓ Master JSON: 21 places
2026-03-05T18:11:57.511Z -   ✓ Excel sauvegardé: 43 places
2026-03-05T18:11:57.512Z - 
🔄 LB: Traitement...
2026-03-05T18:11:57.512Z -   ✓ Excel chargé: 0 places
2026-03-05T18:11:57.512Z -   ✓ Master JSON: 0 places
2026-03-05T18:11:57.513Z - 
🔄 LC: Traitement...
2026-03-05T18:11:57.513Z -   ✓ Excel chargé: 0 places
2026-03-05T18:11:57.514Z -   ✓ Master JSON: 0 places
2026-03-05T18:11:57.514Z - 
🔄 LI: Traitement...
2026-03-05T18:11:57.514Z -   ✓ Excel chargé: 0 places
2026-03-05T18:11:57.515Z -   ✓ Master JSON: 0 places
2026-03-05T18:11:57.515Z - 
🔄 LK: Traitement...
2026-03-05T18:11:57.525Z -   ✓ Excel chargé: 34 places
2026-03-05T18:11:57.535Z -   ✓ Master JSON: 34 places
2026-03-05T18:11:57.550Z -   ✓ Excel sauvegardé: 34 places
2026-03-05T18:11:57.550Z - 
🔄 LR: Traitement...
2026-03-05T18:11:57.551Z -   ✓ Excel chargé: 0 places
2026-03-05T18:11:57.551Z -   ✓ Master JSON: 0 places
2026-03-05T18:11:57.552Z - 
🔄 LS: Traitement...
2026-03-05T18:11:57.552Z -   ✓ Excel chargé: 0 places
2026-03-05T18:11:57.553Z -   ✓ Master JSON: 0 places
2026-03-05T18:11:57.554Z - 
🔄 LT: Traitement...
2026-03-05T18:11:57.559Z -   ✓ Excel chargé: 4 places
2026-03-05T18:11:57.562Z -   ✓ Master JSON: 4 places
2026-03-05T18:11:57.572Z -   ✓ Excel sauvegardé: 4 places
2026-03-05T18:11:57.573Z - 
🔄 LU: Traitement...
2026-03-05T18:11:57.574Z -   ✓ Excel chargé: 0 places
2026-03-05T18:11:57.575Z -   ✓ Master JSON: 0 places
2026-03-05T18:11:57.576Z - 
🔄 LV: Traitement...
2026-03-05T18:11:57.582Z -   ✓ Excel chargé: 11 places
2026-03-05T18:11:57.588Z -   ✓ Master JSON: 11 places
2026-03-05T18:11:57.598Z -   ✓ Excel sauvegardé: 11 places
2026-03-05T18:11:57.598Z - 
🔄 LY: Traitement...
2026-03-05T18:11:57.599Z -   ✓ Excel chargé: 0 places
2026-03-05T18:11:57.599Z -   ✓ Master JSON: 0 places
2026-03-05T18:11:57.600Z - 
🔄 MA: Traitement...
2026-03-05T18:11:57.605Z -   ✓ Excel chargé: 5 places
2026-03-05T18:11:57.609Z -   ✓ Master JSON: 5 places
2026-03-05T18:11:57.616Z -   ✓ Excel sauvegardé: 5 places
2026-03-05T18:11:57.617Z - 
🔄 MC: Traitement...
2026-03-05T18:11:57.617Z -   ✓ Excel chargé: 0 places
2026-03-05T18:11:57.618Z -   ✓ Master JSON: 0 places
2026-03-05T18:11:57.618Z - 
🔄 MD: Traitement...
2026-03-05T18:11:57.624Z -   ✓ Excel chargé: 6 places
2026-03-05T18:11:57.628Z -   ✓ Master JSON: 6 places
2026-03-05T18:11:57.635Z -   ✓ Excel sauvegardé: 6 places
2026-03-05T18:11:57.636Z - 
🔄 ME: Traitement...
2026-03-05T18:11:57.643Z -   ✓ Excel chargé: 12 places
2026-03-05T18:11:57.649Z -   ✓ Master JSON: 12 places
2026-03-05T18:11:57.662Z -   ✓ Excel sauvegardé: 12 places
2026-03-05T18:11:57.662Z - 
🔄 MF: Traitement...
2026-03-05T18:11:57.673Z -   ✓ Excel chargé: 4 places
2026-03-05T18:11:57.680Z -   ✓ Master JSON: 4 places
2026-03-05T18:11:57.690Z -   ✓ Excel sauvegardé: 4 places
2026-03-05T18:11:57.691Z - 
🔄 MG: Traitement...
2026-03-05T18:11:57.700Z -   ✓ Excel chargé: 19 places
2026-03-05T18:11:57.713Z -   ✓ Master JSON: 19 places
2026-03-05T18:11:57.725Z -   ✓ Excel sauvegardé: 19 places
2026-03-05T18:11:57.725Z - 
🔄 MH: Traitement...
2026-03-05T18:11:57.726Z -   ✓ Excel chargé: 0 places
2026-03-05T18:11:57.726Z -   ✓ Master JSON: 0 places
2026-03-05T18:11:57.727Z - 
🔄 MK: Traitement...
2026-03-05T18:11:57.727Z -   ✓ Excel chargé: 0 places
2026-03-05T18:11:57.728Z -   ✓ Master JSON: 0 places
2026-03-05T18:11:57.728Z - 
🔄 ML: Traitement...
2026-03-05T18:11:57.729Z -   ✓ Excel chargé: 0 places
2026-03-05T18:11:57.729Z -   ✓ Master JSON: 0 places
2026-03-05T18:11:57.730Z - 
🔄 MM: Traitement...
2026-03-05T18:11:57.730Z -   ✓ Excel chargé: 0 places
2026-03-05T18:11:57.731Z -   ✓ Master JSON: 0 places
2026-03-05T18:11:57.731Z - 
🔄 MN: Traitement...
2026-03-05T18:11:57.740Z -   ✓ Excel chargé: 24 places
2026-03-05T18:11:57.748Z -   ✓ Master JSON: 24 places
2026-03-05T18:11:57.761Z -   ✓ Excel sauvegardé: 24 places
2026-03-05T18:11:57.762Z - 
🔄 MQ: Traitement...
2026-03-05T18:11:57.765Z -   ✓ Excel chargé: 5 places
2026-03-05T18:11:57.769Z -   ✓ Master JSON: 5 places
2026-03-05T18:11:57.775Z -   ✓ Excel sauvegardé: 5 places
2026-03-05T18:11:57.775Z - 
🔄 MR: Traitement...
2026-03-05T18:11:57.776Z -   ✓ Excel chargé: 0 places
2026-03-05T18:11:57.776Z -   ✓ Master JSON: 0 places
2026-03-05T18:11:57.777Z - 
🔄 MT: Traitement...
2026-03-05T18:11:57.777Z -   ✓ Excel chargé: 0 places
2026-03-05T18:11:57.778Z -   ✓ Master JSON: 0 places
2026-03-05T18:11:57.779Z - 
🔄 MU: Traitement...
2026-03-05T18:11:57.784Z -   ✓ Excel chargé: 14 places
2026-03-05T18:11:57.791Z -   ✓ Master JSON: 14 places
2026-03-05T18:11:57.799Z -   ✓ Excel sauvegardé: 14 places
2026-03-05T18:11:57.799Z - 
🔄 MV: Traitement...
2026-03-05T18:11:57.800Z -   ✓ Excel chargé: 0 places
2026-03-05T18:11:57.800Z -   ✓ Master JSON: 0 places
2026-03-05T18:11:57.801Z - 
🔄 MW: Traitement...
2026-03-05T18:11:57.801Z -   ✓ Excel chargé: 0 places
2026-03-05T18:11:57.802Z -   ✓ Master JSON: 0 places
2026-03-05T18:11:57.803Z - 
🔄 MX: Traitement...
2026-03-05T18:11:57.810Z -   ✓ Excel chargé: 27 places
2026-03-05T18:11:57.815Z -   ✓ Master JSON: 27 places
2026-03-05T18:11:57.826Z -   ✓ Excel sauvegardé: 27 places
2026-03-05T18:11:57.827Z - 
🔄 MY: Traitement...
2026-03-05T18:11:57.831Z -   ✓ Excel chargé: 6 places
2026-03-05T18:11:57.835Z -   ✓ Master JSON: 6 places
2026-03-05T18:11:57.844Z -   ✓ Excel sauvegardé: 6 places
2026-03-05T18:11:57.845Z - 
🔄 MZ: Traitement...
2026-03-05T18:11:57.845Z -   ✓ Excel chargé: 0 places
2026-03-05T18:11:57.846Z -   ✓ Master JSON: 0 places
2026-03-05T18:11:57.846Z - 
🔄 NA: Traitement...
2026-03-05T18:11:57.853Z -   ✓ Excel chargé: 49 places
2026-03-05T18:11:57.861Z -   ✓ Master JSON: 27 places
2026-03-05T18:11:57.875Z -   ✓ Excel sauvegardé: 49 places
2026-03-05T18:11:57.876Z - 
🔄 NC: Traitement...
2026-03-05T18:11:57.881Z -   ✓ Excel chargé: 5 places
2026-03-05T18:11:57.884Z -   ✓ Master JSON: 5 places
2026-03-05T18:11:57.890Z -   ✓ Excel sauvegardé: 5 places
2026-03-05T18:11:57.891Z - 
🔄 NE: Traitement...
2026-03-05T18:11:57.891Z -   ✓ Excel chargé: 0 places
2026-03-05T18:11:57.891Z -   ✓ Master JSON: 0 places
2026-03-05T18:11:57.892Z - 
🔄 NG: Traitement...
2026-03-05T18:11:57.892Z -   ✓ Excel chargé: 0 places
2026-03-05T18:11:57.893Z -   ✓ Master JSON: 0 places
2026-03-05T18:11:57.894Z - 
🔄 NI: Traitement...
2026-03-05T18:11:57.900Z -   ✓ Excel chargé: 45 places
2026-03-05T18:11:57.907Z -   ✓ Master JSON: 19 places
2026-03-05T18:11:57.923Z -   ✓ Excel sauvegardé: 45 places
2026-03-05T18:11:57.923Z - 
🔄 NL: Traitement...
2026-03-05T18:11:57.929Z -   ✓ Excel chargé: 28 places
2026-03-05T18:11:57.934Z -   ✓ Master JSON: 28 places
2026-03-05T18:11:57.945Z -   ✓ Excel sauvegardé: 28 places
2026-03-05T18:11:57.946Z - 
🔄 NO: Traitement...
2026-03-05T18:11:57.951Z -   ✓ Excel chargé: 16 places
2026-03-05T18:11:57.957Z -   ✓ Master JSON: 4 places
2026-03-05T18:11:57.964Z -   ✓ Excel sauvegardé: 16 places
2026-03-05T18:11:57.964Z - 
🔄 NP: Traitement...
2026-03-05T18:11:57.965Z -   ✓ Excel chargé: 0 places
2026-03-05T18:11:57.965Z -   ✓ Master JSON: 0 places
2026-03-05T18:11:57.966Z - 
🔄 NR: Traitement...
2026-03-05T18:11:57.966Z -   ✓ Excel chargé: 0 places
2026-03-05T18:11:57.966Z -   ✓ Master JSON: 0 places
2026-03-05T18:11:57.967Z - 
🔄 NZ: Traitement...
2026-03-05T18:11:57.976Z -   ✓ Excel chargé: 44 places
2026-03-05T18:11:57.984Z -   ✓ Master JSON: 33 places
2026-03-05T18:11:57.998Z -   ✓ Excel sauvegardé: 44 places
2026-03-05T18:11:57.998Z - 
🔄 OM: Traitement...
2026-03-05T18:11:58.003Z -   ✓ Excel chargé: 5 places
2026-03-05T18:11:58.008Z -   ✓ Master JSON: 5 places
2026-03-05T18:11:58.013Z -   ✓ Excel sauvegardé: 5 places
2026-03-05T18:11:58.013Z - 
🔄 PA: Traitement...
2026-03-05T18:11:58.018Z -   ✓ Excel chargé: 9 places
2026-03-05T18:11:58.024Z -   ✓ Master JSON: 8 places
2026-03-05T18:11:58.030Z -   ✓ Excel sauvegardé: 9 places
2026-03-05T18:11:58.030Z - 
🔄 PE: Traitement...
2026-03-05T18:11:58.035Z -   ✓ Excel chargé: 19 places
2026-03-05T18:11:58.043Z -   ✓ Master JSON: 19 places
2026-03-05T18:11:58.053Z -   ✓ Excel sauvegardé: 19 places
2026-03-05T18:11:58.054Z - 
🔄 PF: Traitement...
2026-03-05T18:11:58.061Z -   ✓ Excel chargé: 32 places
2026-03-05T18:11:58.069Z -   ✓ Master JSON: 31 places
2026-03-05T18:11:58.084Z -   ✓ Excel sauvegardé: 32 places
2026-03-05T18:11:58.085Z - 
🔄 PG: Traitement...
2026-03-05T18:11:58.085Z -   ✓ Excel chargé: 0 places
2026-03-05T18:11:58.085Z -   ✓ Master JSON: 0 places
2026-03-05T18:11:58.086Z - 
🔄 PH: Traitement...
2026-03-05T18:11:58.092Z -   ✓ Excel chargé: 11 places
2026-03-05T18:11:58.097Z -   ✓ Master JSON: 11 places
2026-03-05T18:11:58.105Z -   ✓ Excel sauvegardé: 11 places
2026-03-05T18:11:58.105Z - 
🔄 PK: Traitement...
2026-03-05T18:11:58.106Z -   ✓ Excel chargé: 0 places
2026-03-05T18:11:58.107Z -   ✓ Master JSON: 0 places
2026-03-05T18:11:58.108Z - 
🔄 PL: Traitement...
2026-03-05T18:11:58.114Z -   ✓ Excel chargé: 35 places
2026-03-05T18:11:58.124Z -   ✓ Master JSON: 35 places
2026-03-05T18:11:58.138Z -   ✓ Excel sauvegardé: 35 places
2026-03-05T18:11:58.139Z - 
🔄 PM: Traitement...
2026-03-05T18:11:58.139Z -   ✓ Excel chargé: 0 places
2026-03-05T18:11:58.140Z -   ✓ Master JSON: 0 places
2026-03-05T18:11:58.141Z - 
🔄 PT: Traitement...
2026-03-05T18:11:58.148Z -   ✓ Excel chargé: 66 places
2026-03-05T18:11:58.161Z -   ✓ Master JSON: 49 places
2026-03-05T18:11:58.181Z -   ✓ Excel sauvegardé: 66 places
2026-03-05T18:11:58.181Z - 
🔄 PW: Traitement...
2026-03-05T18:11:58.182Z -   ✓ Excel chargé: 0 places
2026-03-05T18:11:58.182Z -   ✓ Master JSON: 0 places
2026-03-05T18:11:58.183Z - 
🔄 PY: Traitement...
2026-03-05T18:11:58.187Z -   ✓ Excel chargé: 4 places
2026-03-05T18:11:58.192Z -   ✓ Master JSON: 4 places
2026-03-05T18:11:58.197Z -   ✓ Excel sauvegardé: 4 places
2026-03-05T18:11:58.197Z - 
🔄 QA: Traitement...
2026-03-05T18:11:58.198Z -   ✓ Excel chargé: 0 places
2026-03-05T18:11:58.198Z -   ✓ Master JSON: 0 places
2026-03-05T18:11:58.199Z - 
🔄 RE: Traitement...
2026-03-05T18:11:58.199Z -   ✓ Excel chargé: 0 places
2026-03-05T18:11:58.200Z -   ✓ Master JSON: 0 places
2026-03-05T18:11:58.200Z - 
🔄 RO: Traitement...
2026-03-05T18:11:58.207Z -   ✓ Excel chargé: 15 places
2026-03-05T18:11:58.212Z -   ✓ Master JSON: 13 places
2026-03-05T18:11:58.219Z -   ✓ Excel sauvegardé: 15 places
2026-03-05T18:11:58.220Z - 
🔄 RS: Traitement...
2026-03-05T18:11:58.229Z -   ✓ Excel chargé: 14 places
2026-03-05T18:11:58.234Z -   ✓ Master JSON: 14 places
2026-03-05T18:11:58.244Z -   ✓ Excel sauvegardé: 14 places
2026-03-05T18:11:58.245Z - 
🔄 RT IMPORTÉS: Traitement...
2026-03-05T18:11:58.245Z -   ✓ Excel chargé: 0 places
2026-03-05T18:11:58.246Z -   ✓ Master JSON: 0 places
2026-03-05T18:11:58.247Z - 
🔄 RU: Traitement...
2026-03-05T18:11:58.247Z -   ✓ Excel chargé: 0 places
2026-03-05T18:11:58.248Z -   ✓ Master JSON: 0 places
2026-03-05T18:11:58.248Z - 
🔄 RW: Traitement...
2026-03-05T18:11:58.249Z -   ✓ Excel chargé: 0 places
2026-03-05T18:11:58.249Z -   ✓ Master JSON: 0 places
2026-03-05T18:11:58.250Z - 
🔄 SA: Traitement...
2026-03-05T18:11:58.252Z -   ✓ Excel chargé: 0 places
2026-03-05T18:11:58.254Z -   ✓ Master JSON: 0 places
2026-03-05T18:11:58.256Z - 
🔄 SB: Traitement...
2026-03-05T18:11:58.256Z -   ✓ Excel chargé: 0 places
2026-03-05T18:11:58.257Z -   ✓ Master JSON: 0 places
2026-03-05T18:11:58.258Z - 
🔄 SC: Traitement...
2026-03-05T18:11:58.258Z -   ✓ Excel chargé: 0 places
2026-03-05T18:11:58.259Z -   ✓ Master JSON: 0 places
2026-03-05T18:11:58.260Z - 
🔄 SD: Traitement...
2026-03-05T18:11:58.260Z -   ✓ Excel chargé: 0 places
2026-03-05T18:11:58.261Z -   ✓ Master JSON: 0 places
2026-03-05T18:11:58.261Z - 
🔄 SE: Traitement...
2026-03-05T18:11:58.268Z -   ✓ Excel chargé: 42 places
2026-03-05T18:11:58.277Z -   ✓ Master JSON: 42 places
2026-03-05T18:11:58.293Z -   ✓ Excel sauvegardé: 42 places
2026-03-05T18:11:58.294Z - 
🔄 SG: Traitement...
2026-03-05T18:11:58.294Z -   ✓ Excel chargé: 0 places
2026-03-05T18:11:58.295Z -   ✓ Master JSON: 0 places
2026-03-05T18:11:58.295Z - 
🔄 SI: Traitement...
2026-03-05T18:11:58.299Z -   ✓ Excel chargé: 9 places
2026-03-05T18:11:58.304Z -   ✓ Master JSON: 9 places
2026-03-05T18:11:58.311Z -   ✓ Excel sauvegardé: 9 places
2026-03-05T18:11:58.311Z - 
🔄 SK: Traitement...
2026-03-05T18:11:58.315Z -   ✓ Excel chargé: 11 places
2026-03-05T18:11:58.321Z -   ✓ Master JSON: 11 places
2026-03-05T18:11:58.330Z -   ✓ Excel sauvegardé: 11 places
2026-03-05T18:11:58.331Z - 
🔄 SL: Traitement...
2026-03-05T18:11:58.331Z -   ✓ Excel chargé: 0 places
2026-03-05T18:11:58.332Z -   ✓ Master JSON: 0 places
2026-03-05T18:11:58.332Z - 
🔄 SM: Traitement...
2026-03-05T18:11:58.333Z -   ✓ Excel chargé: 0 places
2026-03-05T18:11:58.333Z -   ✓ Master JSON: 0 places
2026-03-05T18:11:58.334Z - 
🔄 SN: Traitement...
2026-03-05T18:11:58.342Z -   ✓ Excel chargé: 8 places
2026-03-05T18:11:58.347Z -   ✓ Master JSON: 8 places
2026-03-05T18:11:58.353Z -   ✓ Excel sauvegardé: 8 places
2026-03-05T18:11:58.354Z - 
🔄 SO: Traitement...
2026-03-05T18:11:58.355Z -   ✓ Excel chargé: 0 places
2026-03-05T18:11:58.357Z -   ✓ Master JSON: 0 places
2026-03-05T18:11:58.358Z - 
🔄 SR: Traitement...
2026-03-05T18:11:58.363Z -   ✓ Excel chargé: 10 places
2026-03-05T18:11:58.364Z -   ✓ Master JSON: 0 places
2026-03-05T18:11:58.374Z -   ✓ Excel sauvegardé: 10 places
2026-03-05T18:11:58.375Z - 
🔄 SS: Traitement...
2026-03-05T18:11:58.375Z -   ✓ Excel chargé: 0 places
2026-03-05T18:11:58.376Z -   ✓ Master JSON: 0 places
2026-03-05T18:11:58.377Z - 
🔄 ST: Traitement...
2026-03-05T18:11:58.377Z -   ✓ Excel chargé: 0 places
2026-03-05T18:11:58.378Z -   ✓ Master JSON: 0 places
2026-03-05T18:11:58.379Z - 
🔄 SV: Traitement...
2026-03-05T18:11:58.383Z -   ✓ Excel chargé: 9 places
2026-03-05T18:11:58.387Z -   ✓ Master JSON: 9 places
2026-03-05T18:11:58.394Z -   ✓ Excel sauvegardé: 9 places
2026-03-05T18:11:58.394Z - 
🔄 SY: Traitement...
2026-03-05T18:11:58.395Z -   ✓ Excel chargé: 0 places
2026-03-05T18:11:58.395Z -   ✓ Master JSON: 0 places
2026-03-05T18:11:58.395Z - 
🔄 SZ: Traitement...
2026-03-05T18:11:58.396Z -   ✓ Excel chargé: 0 places
2026-03-05T18:11:58.397Z -   ✓ Master JSON: 0 places
2026-03-05T18:11:58.397Z - 
🔄 TD: Traitement...
2026-03-05T18:11:58.398Z -   ✓ Excel chargé: 0 places
2026-03-05T18:11:58.398Z -   ✓ Master JSON: 0 places
2026-03-05T18:11:58.399Z - 
🔄 TG: Traitement...
2026-03-05T18:11:58.399Z -   ✓ Excel chargé: 0 places
2026-03-05T18:11:58.399Z -   ✓ Master JSON: 0 places
2026-03-05T18:11:58.400Z - 
🔄 TH: Traitement...
2026-03-05T18:11:58.406Z -   ✓ Excel chargé: 24 places
2026-03-05T18:11:58.411Z -   ✓ Master JSON: 24 places
2026-03-05T18:11:58.421Z -   ✓ Excel sauvegardé: 24 places
2026-03-05T18:11:58.422Z - 
🔄 TJ: Traitement...
2026-03-05T18:11:58.423Z -   ✓ Excel chargé: 0 places
2026-03-05T18:11:58.423Z -   ✓ Master JSON: 0 places
2026-03-05T18:11:58.424Z - 
🔄 TL: Traitement...
2026-03-05T18:11:58.425Z -   ✓ Excel chargé: 0 places
2026-03-05T18:11:58.426Z -   ✓ Master JSON: 0 places
2026-03-05T18:11:58.426Z - 
🔄 TM: Traitement...
2026-03-05T18:11:58.430Z -   ✓ Excel chargé: 8 places
2026-03-05T18:11:58.434Z -   ✓ Master JSON: 8 places
2026-03-05T18:11:58.442Z -   ✓ Excel sauvegardé: 8 places
2026-03-05T18:11:58.443Z - 
🔄 TN: Traitement...
2026-03-05T18:11:58.443Z -   ✓ Excel chargé: 0 places
2026-03-05T18:11:58.444Z -   ✓ Master JSON: 0 places
2026-03-05T18:11:58.444Z - 
🔄 TO: Traitement...
2026-03-05T18:11:58.445Z -   ✓ Excel chargé: 0 places
2026-03-05T18:11:58.445Z -   ✓ Master JSON: 0 places
2026-03-05T18:11:58.446Z - 
🔄 TR: Traitement...
2026-03-05T18:11:58.454Z -   ✓ Excel chargé: 61 places
2026-03-05T18:11:58.462Z -   ✓ Master JSON: 60 places
2026-03-05T18:11:58.482Z -   ✓ Excel sauvegardé: 61 places
2026-03-05T18:11:58.482Z - 
🔄 TT: Traitement...
2026-03-05T18:11:58.483Z -   ✓ Excel chargé: 0 places
2026-03-05T18:11:58.483Z -   ✓ Master JSON: 0 places
2026-03-05T18:11:58.484Z - 
🔄 TV: Traitement...
2026-03-05T18:11:58.484Z -   ✓ Excel chargé: 0 places
2026-03-05T18:11:58.484Z -   ✓ Master JSON: 0 places
2026-03-05T18:11:58.485Z - 
🔄 TZ: Traitement...
2026-03-05T18:11:58.492Z -   ✓ Excel chargé: 17 places
2026-03-05T18:11:58.496Z -   ✓ Master JSON: 17 places
2026-03-05T18:11:58.505Z -   ✓ Excel sauvegardé: 17 places
2026-03-05T18:11:58.506Z - 
🔄 UA: Traitement...
2026-03-05T18:11:58.507Z -   ✓ Excel chargé: 0 places
2026-03-05T18:11:58.507Z -   ✓ Master JSON: 0 places
2026-03-05T18:11:58.508Z - 
🔄 UG: Traitement...
2026-03-05T18:11:58.508Z -   ✓ Excel chargé: 0 places
2026-03-05T18:11:58.509Z -   ✓ Master JSON: 0 places
2026-03-05T18:11:58.509Z - 
🔄 US: Traitement...
2026-03-05T18:11:58.542Z -   ✓ Excel chargé: 540 places
2026-03-05T18:11:58.594Z -   ✓ Master JSON: 412 places
2026-03-05T18:11:58.729Z -   ✓ Excel sauvegardé: 540 places
2026-03-05T18:11:58.730Z - 
🔄 UY: Traitement...
2026-03-05T18:11:58.731Z -   ✓ Excel chargé: 0 places
2026-03-05T18:11:58.731Z -   ✓ Master JSON: 0 places
2026-03-05T18:11:58.732Z - 
🔄 UZ: Traitement...
2026-03-05T18:11:58.736Z -   ✓ Excel chargé: 6 places
2026-03-05T18:11:58.741Z -   ✓ Master JSON: 6 places
2026-03-05T18:11:58.747Z -   ✓ Excel sauvegardé: 6 places
2026-03-05T18:11:58.748Z - 
🔄 VA: Traitement...
2026-03-05T18:11:58.748Z -   ✓ Excel chargé: 0 places
2026-03-05T18:11:58.749Z -   ✓ Master JSON: 0 places
2026-03-05T18:11:58.749Z - 
🔄 VC: Traitement...
2026-03-05T18:11:58.749Z -   ✓ Excel chargé: 0 places
2026-03-05T18:11:58.750Z -   ✓ Master JSON: 0 places
2026-03-05T18:11:58.750Z - 
🔄 VE: Traitement...
2026-03-05T18:11:58.751Z -   ✓ Excel chargé: 0 places
2026-03-05T18:11:58.751Z -   ✓ Master JSON: 0 places
2026-03-05T18:11:58.751Z - 
🔄 VN: Traitement...
2026-03-05T18:11:58.762Z -   ✓ Excel chargé: 27 places
2026-03-05T18:11:58.770Z -   ✓ Master JSON: 26 places
2026-03-05T18:11:58.781Z -   ✓ Excel sauvegardé: 27 places
2026-03-05T18:11:58.782Z - 
🔄 VU: Traitement...
2026-03-05T18:11:58.782Z -   ✓ Excel chargé: 0 places
2026-03-05T18:11:58.783Z -   ✓ Master JSON: 0 places
2026-03-05T18:11:58.783Z - 
🔄 WF: Traitement...
2026-03-05T18:11:58.784Z -   ✓ Excel chargé: 0 places
2026-03-05T18:11:58.784Z -   ✓ Master JSON: 0 places
2026-03-05T18:11:58.784Z - 
🔄 WS: Traitement...
2026-03-05T18:11:58.785Z -   ✓ Excel chargé: 0 places
2026-03-05T18:11:58.785Z -   ✓ Master JSON: 0 places
2026-03-05T18:11:58.786Z - 
🔄 XX: Traitement...
2026-03-05T18:11:58.786Z -   ✓ Excel chargé: 0 places
2026-03-05T18:11:58.788Z -   ✓ Master JSON: 0 places
2026-03-05T18:11:58.788Z - 
🔄 YE: Traitement...
2026-03-05T18:11:58.789Z -   ✓ Excel chargé: 0 places
2026-03-05T18:11:58.790Z -   ✓ Master JSON: 0 places
2026-03-05T18:11:58.791Z - 
🔄 YT: Traitement...
2026-03-05T18:11:58.795Z -   ✓ Excel chargé: 5 places
2026-03-05T18:11:58.799Z -   ✓ Master JSON: 5 places
2026-03-05T18:11:58.804Z -   ✓ Excel sauvegardé: 5 places
2026-03-05T18:11:58.805Z - 
🔄 ZA: Traitement...
2026-03-05T18:11:58.815Z -   ✓ Excel chargé: 114 places
2026-03-05T18:11:58.828Z -   ✓ Master JSON: 85 places
2026-03-05T18:11:58.867Z -   ✓ Excel sauvegardé: 114 places
2026-03-05T18:11:58.868Z - 
🔄 ZM: Traitement...
2026-03-05T18:11:58.868Z -   ✓ Excel chargé: 0 places
2026-03-05T18:11:58.869Z -   ✓ Master JSON: 0 places
2026-03-05T18:11:58.870Z - 
🔄 ZW: Traitement...
2026-03-05T18:11:58.874Z -   ✓ Excel chargé: 0 places
2026-03-05T18:11:58.876Z -   ✓ Master JSON: 0 places
2026-03-05T18:11:58.879Z - 
🔄 _BACKUPS: Traitement...
2026-03-05T18:11:58.880Z -   ✓ Excel chargé: 0 places
2026-03-05T18:11:58.882Z -   ✓ Master JSON: 0 places
2026-03-05T18:11:58.883Z - 
🔄 _TR_CACHE: Traitement...
2026-03-05T18:11:58.889Z -   ✓ Excel chargé: 0 places
2026-03-05T18:11:58.890Z -   ✓ Master JSON: 0 places
