2026-03-22T16:24:54.631Z - 
============================================================
2026-03-22T16:24:54.652Z - 🔄 MODE UPDATE - 22/03/2026 17:24:54
2026-03-22T16:24:54.652Z - ============================================================
2026-03-22T16:24:54.787Z - 
🔄 .RATINGS_BACKUPS: Traitement...
2026-03-22T16:24:54.789Z -   ✓ Excel chargé: 0 places
2026-03-22T16:24:54.790Z -   ✓ Master JSON: 0 places
2026-03-22T16:24:54.791Z - 
🔄 AD: Traitement...
2026-03-22T16:24:54.838Z -   ✓ Excel chargé: 0 places
2026-03-22T16:24:54.839Z -   ✓ Master JSON: 0 places
2026-03-22T16:24:54.841Z - 
🔄 AE: Traitement...
2026-03-22T16:24:54.856Z -   ✓ Excel chargé: 9 places
2026-03-22T16:24:54.860Z -   ✓ Master JSON: 8 places
2026-03-22T16:24:54.907Z -   ✓ Excel sauvegardé: 9 places
2026-03-22T16:24:54.908Z - 
🔄 AF: Traitement...
2026-03-22T16:24:54.916Z -   ✓ Excel chargé: 0 places
2026-03-22T16:24:54.917Z -   ✓ Master JSON: 0 places
2026-03-22T16:24:54.918Z - 
🔄 AG: Traitement...
2026-03-22T16:24:54.929Z -   ✓ Excel chargé: 0 places
2026-03-22T16:24:54.930Z -   ✓ Master JSON: 0 places
2026-03-22T16:24:54.931Z - 
🔄 AI: Traitement...
2026-03-22T16:24:54.932Z -   ✓ Excel chargé: 0 places
2026-03-22T16:24:54.932Z -   ✓ Master JSON: 0 places
2026-03-22T16:24:54.933Z - 
🔄 AL: Traitement...
2026-03-22T16:24:54.945Z -   ✓ Excel chargé: 12 places
2026-03-22T16:24:54.950Z -   ✓ Master JSON: 12 places
2026-03-22T16:24:54.963Z -   ✓ Excel sauvegardé: 12 places
2026-03-22T16:24:54.964Z - 
🔄 AM: Traitement...
2026-03-22T16:24:54.976Z -   ✓ Excel chargé: 8 places
2026-03-22T16:24:54.981Z -   ✓ Master JSON: 8 places
2026-03-22T16:24:54.993Z -   ✓ Excel sauvegardé: 8 places
2026-03-22T16:24:54.993Z - 
🔄 AO: Traitement...
2026-03-22T16:24:54.999Z -   ✓ Excel chargé: 0 places
2026-03-22T16:24:55.000Z -   ✓ Master JSON: 0 places
2026-03-22T16:24:55.001Z - 
🔄 AR: Traitement...
2026-03-22T16:24:55.029Z -   ✓ Excel chargé: 46 places
2026-03-22T16:24:55.043Z -   ✓ Master JSON: 23 places
2026-03-22T16:24:55.068Z -   ✓ Excel sauvegardé: 46 places
2026-03-22T16:24:55.069Z - 
🔄 AS: Traitement...
2026-03-22T16:24:55.070Z -   ✓ Excel chargé: 0 places
2026-03-22T16:24:55.071Z -   ✓ Master JSON: 0 places
2026-03-22T16:24:55.072Z - 
🔄 AT: Traitement...
2026-03-22T16:24:55.088Z -   ✓ Excel chargé: 48 places
2026-03-22T16:24:55.096Z -   ✓ Master JSON: 43 places
2026-03-22T16:24:55.120Z -   ✓ Excel sauvegardé: 48 places
2026-03-22T16:24:55.121Z - 
🔄 AU: Traitement...
2026-03-22T16:24:55.145Z -   ✓ Excel chargé: 79 places
2026-03-22T16:24:55.162Z -   ✓ Master JSON: 42 places
2026-03-22T16:24:55.191Z -   ✓ Excel sauvegardé: 79 places
2026-03-22T16:24:55.192Z - 
🔄 AW: Traitement...
2026-03-22T16:24:55.199Z -   ✓ Excel chargé: 0 places
2026-03-22T16:24:55.200Z -   ✓ Master JSON: 0 places
2026-03-22T16:24:55.201Z - 
🔄 AZ: Traitement...
2026-03-22T16:24:55.209Z -   ✓ Excel chargé: 0 places
2026-03-22T16:24:55.210Z -   ✓ Master JSON: 0 places
2026-03-22T16:24:55.211Z - 
🔄 BA: Traitement...
2026-03-22T16:24:55.219Z -   ✓ Excel chargé: 15 places
2026-03-22T16:24:55.227Z -   ✓ Master JSON: 15 places
2026-03-22T16:24:55.237Z -   ✓ Excel sauvegardé: 15 places
2026-03-22T16:24:55.238Z - 
🔄 BB: Traitement...
2026-03-22T16:24:55.244Z -   ✓ Excel chargé: 6 places
2026-03-22T16:24:55.248Z -   ✓ Master JSON: 5 places
2026-03-22T16:24:55.259Z -   ✓ Excel sauvegardé: 6 places
2026-03-22T16:24:55.259Z - 
🔄 BD: Traitement...
2026-03-22T16:24:55.271Z -   ✓ Excel chargé: 16 places
2026-03-22T16:24:55.277Z -   ✓ Master JSON: 13 places
2026-03-22T16:24:55.289Z -   ✓ Excel sauvegardé: 16 places
2026-03-22T16:24:55.290Z - 
🔄 BE: Traitement...
2026-03-22T16:24:55.296Z -   ✓ Excel chargé: 24 places
2026-03-22T16:24:55.302Z -   ✓ Master JSON: 23 places
2026-03-22T16:24:55.316Z -   ✓ Excel sauvegardé: 24 places
2026-03-22T16:24:55.317Z - 
🔄 BF: Traitement...
2026-03-22T16:24:55.323Z -   ✓ Excel chargé: 0 places
2026-03-22T16:24:55.324Z -   ✓ Master JSON: 0 places
2026-03-22T16:24:55.324Z - 
🔄 BG: Traitement...
2026-03-22T16:24:55.331Z -   ✓ Excel chargé: 29 places
2026-03-22T16:24:55.335Z -   ✓ Master JSON: 21 places
2026-03-22T16:24:55.348Z -   ✓ Excel sauvegardé: 29 places
2026-03-22T16:24:55.348Z - 
🔄 BH: Traitement...
2026-03-22T16:24:55.353Z -   ✓ Excel chargé: 0 places
2026-03-22T16:24:55.354Z -   ✓ Master JSON: 0 places
2026-03-22T16:24:55.355Z - 
🔄 BI: Traitement...
2026-03-22T16:24:55.361Z -   ✓ Excel chargé: 0 places
2026-03-22T16:24:55.361Z -   ✓ Master JSON: 0 places
2026-03-22T16:24:55.362Z - 
🔄 BJ: Traitement...
2026-03-22T16:24:55.366Z -   ✓ Excel chargé: 0 places
2026-03-22T16:24:55.367Z -   ✓ Master JSON: 0 places
2026-03-22T16:24:55.368Z - 
🔄 BL: Traitement...
2026-03-22T16:24:55.373Z -   ✓ Excel chargé: 8 places
2026-03-22T16:24:55.375Z -   ✓ Master JSON: 8 places
2026-03-22T16:25:01.286Z -   ✓ Excel sauvegardé: 8 places
2026-03-22T16:25:01.288Z - 
🔄 BM: Traitement...
2026-03-22T16:25:01.301Z -   ✓ Excel chargé: 0 places
2026-03-22T16:25:01.302Z -   ✓ Master JSON: 0 places
2026-03-22T16:25:01.304Z - 
🔄 BN: Traitement...
2026-03-22T16:25:01.316Z -   ✓ Excel chargé: 0 places
2026-03-22T16:25:01.318Z -   ✓ Master JSON: 0 places
2026-03-22T16:25:01.320Z - 
🔄 BO: Traitement...
2026-03-22T16:25:01.336Z -   ✓ Excel chargé: 19 places
2026-03-22T16:25:01.351Z -   ✓ Master JSON: 17 places
2026-03-22T16:25:01.367Z -   ✓ Excel sauvegardé: 19 places
2026-03-22T16:25:01.368Z - 
🔄 BQ: Traitement...
2026-03-22T16:25:01.369Z -   ✓ Excel chargé: 0 places
2026-03-22T16:25:01.370Z -   ✓ Master JSON: 0 places
2026-03-22T16:25:01.371Z - 
🔄 BR: Traitement...
2026-03-22T16:25:01.379Z -   ✓ Excel chargé: 55 places
2026-03-22T16:25:01.390Z -   ✓ Master JSON: 49 places
2026-03-22T16:25:01.408Z -   ✓ Excel sauvegardé: 55 places
2026-03-22T16:25:01.408Z - 
🔄 BS: Traitement...
2026-03-22T16:25:01.414Z -   ✓ Excel chargé: 10 places
2026-03-22T16:25:01.417Z -   ✓ Master JSON: 9 places
2026-03-22T16:25:01.425Z -   ✓ Excel sauvegardé: 10 places
2026-03-22T16:25:01.426Z - 
🔄 BT: Traitement...
2026-03-22T16:25:01.430Z -   ✓ Excel chargé: 0 places
2026-03-22T16:25:01.431Z -   ✓ Master JSON: 0 places
2026-03-22T16:25:01.432Z - 
🔄 BW: Traitement...
2026-03-22T16:25:01.440Z -   ✓ Excel chargé: 17 places
2026-03-22T16:25:01.447Z -   ✓ Master JSON: 15 places
2026-03-22T16:25:01.457Z -   ✓ Excel sauvegardé: 17 places
2026-03-22T16:25:01.457Z - 
🔄 BY: Traitement...
2026-03-22T16:25:01.463Z -   ✓ Excel chargé: 0 places
2026-03-22T16:25:01.464Z -   ✓ Master JSON: 0 places
2026-03-22T16:25:01.465Z - 
🔄 BZ: Traitement...
2026-03-22T16:25:01.470Z -   ✓ Excel chargé: 6 places
2026-03-22T16:25:01.474Z -   ✓ Master JSON: 6 places
2026-03-22T16:25:01.483Z -   ✓ Excel sauvegardé: 6 places
2026-03-22T16:25:01.484Z - 
🔄 CA: Traitement...
2026-03-22T16:25:01.495Z -   ✓ Excel chargé: 64 places
2026-03-22T16:25:01.504Z -   ✓ Master JSON: 54 places
2026-03-22T16:25:01.527Z -   ✓ Excel sauvegardé: 64 places
2026-03-22T16:25:01.527Z - 
🔄 CD: Traitement...
2026-03-22T16:25:01.532Z -   ✓ Excel chargé: 0 places
2026-03-22T16:25:01.532Z -   ✓ Master JSON: 0 places
2026-03-22T16:25:01.533Z - 
🔄 CF: Traitement...
2026-03-22T16:25:01.537Z -   ✓ Excel chargé: 0 places
2026-03-22T16:25:01.538Z -   ✓ Master JSON: 0 places
2026-03-22T16:25:01.538Z - 
🔄 CG: Traitement...
2026-03-22T16:25:01.544Z -   ✓ Excel chargé: 0 places
2026-03-22T16:25:01.544Z -   ✓ Master JSON: 0 places
2026-03-22T16:25:01.545Z - 
🔄 CH: Traitement...
2026-03-22T16:25:01.552Z -   ✓ Excel chargé: 57 places
2026-03-22T16:25:01.562Z -   ✓ Master JSON: 56 places
2026-03-22T16:25:01.581Z -   ✓ Excel sauvegardé: 57 places
2026-03-22T16:25:01.581Z - 
🔄 CI: Traitement...
2026-03-22T16:25:01.586Z -   ✓ Excel chargé: 0 places
2026-03-22T16:25:01.586Z -   ✓ Master JSON: 0 places
2026-03-22T16:25:01.587Z - 
🔄 CK: Traitement...
2026-03-22T16:25:01.588Z -   ✓ Excel chargé: 0 places
2026-03-22T16:25:01.588Z -   ✓ Master JSON: 0 places
2026-03-22T16:25:01.589Z - 
🔄 CL: Traitement...
2026-03-22T16:25:01.594Z -   ✓ Excel chargé: 7 places
2026-03-22T16:25:01.598Z -   ✓ Master JSON: 7 places
2026-03-22T16:25:01.604Z -   ✓ Excel sauvegardé: 7 places
2026-03-22T16:25:01.605Z - 
🔄 CM: Traitement...
2026-03-22T16:25:01.611Z -   ✓ Excel chargé: 0 places
2026-03-22T16:25:01.611Z -   ✓ Master JSON: 0 places
2026-03-22T16:25:01.612Z - 
🔄 CN: Traitement...
2026-03-22T16:25:01.621Z -   ✓ Excel chargé: 60 places
2026-03-22T16:25:01.632Z -   ✓ Master JSON: 56 places
2026-03-22T16:25:01.650Z -   ✓ Excel sauvegardé: 60 places
2026-03-22T16:25:01.651Z - 
🔄 CO: Traitement...
2026-03-22T16:25:01.655Z -   ✓ Excel chargé: 16 places
2026-03-22T16:25:01.660Z -   ✓ Master JSON: 13 places
2026-03-22T16:25:01.668Z -   ✓ Excel sauvegardé: 16 places
2026-03-22T16:25:01.669Z - 
🔄 CR: Traitement...
2026-03-22T16:25:01.673Z -   ✓ Excel chargé: 9 places
2026-03-22T16:25:01.678Z -   ✓ Master JSON: 8 places
2026-03-22T16:25:01.685Z -   ✓ Excel sauvegardé: 9 places
2026-03-22T16:25:01.686Z - 
🔄 CU: Traitement...
2026-03-22T16:25:01.690Z -   ✓ Excel chargé: 17 places
2026-03-22T16:25:01.696Z -   ✓ Master JSON: 17 places
2026-03-22T16:25:01.705Z -   ✓ Excel sauvegardé: 17 places
2026-03-22T16:25:01.706Z - 
🔄 CV: Traitement...
2026-03-22T16:25:01.710Z -   ✓ Excel chargé: 0 places
2026-03-22T16:25:01.711Z -   ✓ Master JSON: 0 places
2026-03-22T16:25:01.711Z - 
🔄 CY: Traitement...
2026-03-22T16:25:01.715Z -   ✓ Excel chargé: 0 places
2026-03-22T16:25:01.715Z -   ✓ Master JSON: 0 places
2026-03-22T16:25:01.716Z - 
🔄 CZ: Traitement...
2026-03-22T16:25:01.721Z -   ✓ Excel chargé: 26 places
2026-03-22T16:25:01.726Z -   ✓ Master JSON: 14 places
2026-03-22T16:25:01.736Z -   ✓ Excel sauvegardé: 26 places
2026-03-22T16:25:01.737Z - 
🔄 DE: Traitement...
2026-03-22T16:25:01.751Z -   ✓ Excel chargé: 125 places
2026-03-22T16:25:01.768Z -   ✓ Master JSON: 119 places
2026-03-22T16:25:01.802Z -   ✓ Excel sauvegardé: 125 places
2026-03-22T16:25:01.803Z - 
🔄 DJ: Traitement...
2026-03-22T16:25:01.803Z -   ✓ Excel chargé: 0 places
2026-03-22T16:25:01.804Z -   ✓ Master JSON: 0 places
2026-03-22T16:25:01.804Z - 
🔄 DK: Traitement...
2026-03-22T16:25:01.810Z -   ✓ Excel chargé: 23 places
2026-03-22T16:25:01.815Z -   ✓ Master JSON: 16 places
2026-03-22T16:25:01.826Z -   ✓ Excel sauvegardé: 23 places
2026-03-22T16:25:01.826Z - 
🔄 DM: Traitement...
2026-03-22T16:25:01.827Z -   ✓ Excel chargé: 0 places
2026-03-22T16:25:01.827Z -   ✓ Master JSON: 0 places
2026-03-22T16:25:01.828Z - 
🔄 DO: Traitement...
2026-03-22T16:25:01.833Z -   ✓ Excel chargé: 18 places
2026-03-22T16:25:01.838Z -   ✓ Master JSON: 16 places
2026-03-22T16:25:01.848Z -   ✓ Excel sauvegardé: 18 places
2026-03-22T16:25:01.849Z - 
🔄 DZ: Traitement...
2026-03-22T16:25:01.849Z -   ✓ Excel chargé: 0 places
2026-03-22T16:25:01.850Z -   ✓ Master JSON: 0 places
2026-03-22T16:25:01.850Z - 
🔄 EA: Traitement...
2026-03-22T16:25:01.858Z -   ✓ Excel chargé: 24 places
2026-03-22T16:25:01.863Z -   ✓ Master JSON: 22 places
2026-03-22T16:25:01.874Z -   ✓ Excel sauvegardé: 24 places
2026-03-22T16:25:01.874Z - 
🔄 EC: Traitement...
2026-03-22T16:25:01.880Z -   ✓ Excel chargé: 18 places
2026-03-22T16:25:01.885Z -   ✓ Master JSON: 14 places
2026-03-22T16:25:01.894Z -   ✓ Excel sauvegardé: 18 places
2026-03-22T16:25:01.895Z - 
🔄 EE: Traitement...
2026-03-22T16:25:01.896Z -   ✓ Excel chargé: 0 places
2026-03-22T16:25:01.896Z -   ✓ Master JSON: 0 places
2026-03-22T16:25:01.897Z - 
🔄 EG: Traitement...
2026-03-22T16:25:01.902Z -   ✓ Excel chargé: 19 places
2026-03-22T16:25:01.906Z -   ✓ Master JSON: 9 places
2026-03-22T16:25:01.918Z -   ✓ Excel sauvegardé: 19 places
2026-03-22T16:25:01.919Z - 
🔄 ER: Traitement...
2026-03-22T16:25:01.919Z -   ✓ Excel chargé: 0 places
2026-03-22T16:25:01.920Z -   ✓ Master JSON: 0 places
2026-03-22T16:25:01.920Z - 
🔄 ES: Traitement...
2026-03-22T16:25:01.941Z -   ✓ Excel chargé: 211 places
2026-03-22T16:25:01.964Z -   ✓ Master JSON: 178 places
2026-03-22T16:25:04.401Z -   ✓ Excel sauvegardé: 211 places
2026-03-22T16:25:04.402Z - 
🔄 ET: Traitement...
2026-03-22T16:25:04.403Z -   ✓ Excel chargé: 0 places
2026-03-22T16:25:04.403Z -   ✓ Master JSON: 0 places
2026-03-22T16:25:04.404Z - 
🔄 FI: Traitement...
2026-03-22T16:25:04.414Z -   ✓ Excel chargé: 23 places
2026-03-22T16:25:04.420Z -   ✓ Master JSON: 19 places
2026-03-22T16:25:04.433Z -   ✓ Excel sauvegardé: 23 places
2026-03-22T16:25:04.434Z - 
🔄 FJ: Traitement...
2026-03-22T16:25:04.434Z -   ✓ Excel chargé: 0 places
2026-03-22T16:25:04.434Z -   ✓ Master JSON: 0 places
2026-03-22T16:25:04.435Z - 
🔄 FM: Traitement...
2026-03-22T16:25:04.435Z -   ✓ Excel chargé: 0 places
2026-03-22T16:25:04.435Z -   ✓ Master JSON: 0 places
2026-03-22T16:25:04.436Z - 
🔄 FR: Traitement...
2026-03-22T16:25:04.530Z -   ✓ Excel chargé: 1304 places
2026-03-22T16:25:04.668Z -   ✓ Master JSON: 1176 places
2026-03-22T16:25:17.895Z -   ✓ Excel sauvegardé: 1304 places
2026-03-22T16:25:17.896Z - 
🔄 GA: Traitement...
2026-03-22T16:25:17.897Z -   ✓ Excel chargé: 0 places
2026-03-22T16:25:17.898Z -   ✓ Master JSON: 0 places
2026-03-22T16:25:17.898Z - 
🔄 GB: Traitement...
2026-03-22T16:25:17.919Z -   ✓ Excel chargé: 209 places
2026-03-22T16:25:17.955Z -   ✓ Master JSON: 196 places
2026-03-22T16:25:18.004Z -   ✓ Excel sauvegardé: 209 places
2026-03-22T16:25:18.005Z - 
🔄 GD: Traitement...
2026-03-22T16:25:18.005Z -   ✓ Excel chargé: 0 places
2026-03-22T16:25:18.006Z -   ✓ Master JSON: 0 places
2026-03-22T16:25:18.007Z - 
🔄 GE: Traitement...
2026-03-22T16:25:18.013Z -   ✓ Excel chargé: 19 places
2026-03-22T16:25:18.017Z -   ✓ Master JSON: 19 places
2026-03-22T16:25:18.028Z -   ✓ Excel sauvegardé: 19 places
2026-03-22T16:25:18.028Z - 
🔄 GF: Traitement...
2026-03-22T16:25:18.032Z -   ✓ Excel chargé: 5 places
2026-03-22T16:25:18.036Z -   ✓ Master JSON: 5 places
2026-03-22T16:25:18.042Z -   ✓ Excel sauvegardé: 5 places
2026-03-22T16:25:18.042Z - 
🔄 GH: Traitement...
2026-03-22T16:25:18.043Z -   ✓ Excel chargé: 0 places
2026-03-22T16:25:18.043Z -   ✓ Master JSON: 0 places
2026-03-22T16:25:18.043Z - 
🔄 GM: Traitement...
2026-03-22T16:25:18.044Z -   ✓ Excel chargé: 0 places
2026-03-22T16:25:18.044Z -   ✓ Master JSON: 0 places
2026-03-22T16:25:18.045Z - 
🔄 GN: Traitement...
2026-03-22T16:25:18.045Z -   ✓ Excel chargé: 0 places
2026-03-22T16:25:18.046Z -   ✓ Master JSON: 0 places
2026-03-22T16:25:18.046Z - 
🔄 GP: Traitement...
2026-03-22T16:25:18.055Z -   ✓ Excel chargé: 8 places
2026-03-22T16:25:18.063Z -   ✓ Master JSON: 8 places
2026-03-22T16:25:18.071Z -   ✓ Excel sauvegardé: 8 places
2026-03-22T16:25:18.072Z - 
🔄 GQ: Traitement...
2026-03-22T16:25:18.072Z -   ✓ Excel chargé: 0 places
2026-03-22T16:25:18.073Z -   ✓ Master JSON: 0 places
2026-03-22T16:25:18.073Z - 
🔄 GR: Traitement...
2026-03-22T16:25:18.083Z -   ✓ Excel chargé: 134 places
2026-03-22T16:25:18.106Z -   ✓ Master JSON: 127 places
2026-03-22T16:25:18.140Z -   ✓ Excel sauvegardé: 134 places
2026-03-22T16:25:18.141Z - 
🔄 GT: Traitement...
2026-03-22T16:25:18.145Z -   ✓ Excel chargé: 9 places
2026-03-22T16:25:18.149Z -   ✓ Master JSON: 8 places
2026-03-22T16:25:18.156Z -   ✓ Excel sauvegardé: 9 places
2026-03-22T16:25:18.157Z - 
🔄 GW: Traitement...
2026-03-22T16:25:18.157Z -   ✓ Excel chargé: 0 places
2026-03-22T16:25:18.158Z -   ✓ Master JSON: 0 places
2026-03-22T16:25:18.158Z - 
🔄 GY: Traitement...
2026-03-22T16:25:18.158Z -   ✓ Excel chargé: 0 places
2026-03-22T16:25:18.159Z -   ✓ Master JSON: 0 places
2026-03-22T16:25:18.159Z - 
🔄 HN: Traitement...
2026-03-22T16:25:18.160Z -   ✓ Excel chargé: 0 places
2026-03-22T16:25:18.160Z -   ✓ Master JSON: 0 places
2026-03-22T16:25:18.160Z - 
🔄 HR: Traitement...
2026-03-22T16:25:18.168Z -   ✓ Excel chargé: 88 places
2026-03-22T16:25:18.188Z -   ✓ Master JSON: 71 places
2026-03-22T16:25:18.213Z -   ✓ Excel sauvegardé: 88 places
2026-03-22T16:25:18.214Z - 
🔄 HT: Traitement...
2026-03-22T16:25:18.215Z -   ✓ Excel chargé: 0 places
2026-03-22T16:25:18.215Z -   ✓ Master JSON: 0 places
2026-03-22T16:25:18.216Z - 
🔄 HU: Traitement...
2026-03-22T16:25:18.225Z -   ✓ Excel chargé: 34 places
2026-03-22T16:25:18.231Z -   ✓ Master JSON: 34 places
2026-03-22T16:25:18.243Z -   ✓ Excel sauvegardé: 34 places
2026-03-22T16:25:18.243Z - 
🔄 ID: Traitement...
2026-03-22T16:25:18.255Z -   ✓ Excel chargé: 102 places
2026-03-22T16:25:18.270Z -   ✓ Master JSON: 74 places
2026-03-22T16:25:18.293Z -   ✓ Excel sauvegardé: 102 places
2026-03-22T16:25:18.294Z - 
🔄 IE: Traitement...
2026-03-22T16:25:18.299Z -   ✓ Excel chargé: 31 places
2026-03-22T16:25:18.304Z -   ✓ Master JSON: 31 places
2026-03-22T16:25:18.317Z -   ✓ Excel sauvegardé: 31 places
2026-03-22T16:25:18.318Z - 
🔄 IL: Traitement...
2026-03-22T16:25:18.323Z -   ✓ Excel chargé: 12 places
2026-03-22T16:25:18.328Z -   ✓ Master JSON: 12 places
2026-03-22T16:25:18.336Z -   ✓ Excel sauvegardé: 12 places
2026-03-22T16:25:18.337Z - 
🔄 IN: Traitement...
2026-03-22T16:25:18.346Z -   ✓ Excel chargé: 56 places
2026-03-22T16:25:18.355Z -   ✓ Master JSON: 56 places
2026-03-22T16:25:18.371Z -   ✓ Excel sauvegardé: 56 places
2026-03-22T16:25:18.372Z - 
🔄 IQ: Traitement...
2026-03-22T16:25:18.373Z -   ✓ Excel chargé: 0 places
2026-03-22T16:25:18.373Z -   ✓ Master JSON: 0 places
2026-03-22T16:25:18.374Z - 
🔄 IR: Traitement...
2026-03-22T16:25:18.374Z -   ✓ Excel chargé: 0 places
2026-03-22T16:25:18.375Z -   ✓ Master JSON: 0 places
2026-03-22T16:25:18.376Z - 
🔄 IS: Traitement...
2026-03-22T16:25:18.380Z -   ✓ Excel chargé: 11 places
2026-03-22T16:25:18.383Z -   ✓ Master JSON: 11 places
2026-03-22T16:25:18.391Z -   ✓ Excel sauvegardé: 11 places
2026-03-22T16:25:18.392Z - 
🔄 IT: Traitement...
2026-03-22T16:25:18.429Z -   ✓ Excel chargé: 602 places
2026-03-22T16:25:18.485Z -   ✓ Master JSON: 506 places
2026-03-22T16:25:18.630Z -   ✓ Excel sauvegardé: 602 places
2026-03-22T16:25:18.631Z - 
🔄 JM: Traitement...
2026-03-22T16:25:18.631Z -   ✓ Excel chargé: 0 places
2026-03-22T16:25:18.632Z -   ✓ Master JSON: 0 places
2026-03-22T16:25:18.633Z - 
🔄 JO: Traitement...
2026-03-22T16:25:18.641Z -   ✓ Excel chargé: 8 places
2026-03-22T16:25:18.645Z -   ✓ Master JSON: 7 places
2026-03-22T16:25:18.657Z -   ✓ Excel sauvegardé: 8 places
2026-03-22T16:25:18.658Z - 
🔄 JP: Traitement...
2026-03-22T16:25:18.667Z -   ✓ Excel chargé: 113 places
2026-03-22T16:25:18.683Z -   ✓ Master JSON: 113 places
2026-03-22T16:25:18.719Z -   ✓ Excel sauvegardé: 113 places
2026-03-22T16:25:18.720Z - 
🔄 KE: Traitement...
2026-03-22T16:25:18.728Z -   ✓ Excel chargé: 10 places
2026-03-22T16:25:18.728Z -   ✓ Master JSON: 0 places
2026-03-22T16:25:18.736Z -   ✓ Excel sauvegardé: 10 places
2026-03-22T16:25:18.737Z - 
🔄 KG: Traitement...
2026-03-22T16:25:18.739Z -   ✓ Excel chargé: 0 places
2026-03-22T16:25:18.739Z -   ✓ Master JSON: 0 places
2026-03-22T16:25:18.740Z - 
🔄 KH: Traitement...
2026-03-22T16:25:18.746Z -   ✓ Excel chargé: 10 places
2026-03-22T16:25:18.750Z -   ✓ Master JSON: 8 places
2026-03-22T16:25:18.760Z -   ✓ Excel sauvegardé: 10 places
2026-03-22T16:25:18.760Z - 
🔄 KI: Traitement...
2026-03-22T16:25:18.761Z -   ✓ Excel chargé: 0 places
2026-03-22T16:25:18.762Z -   ✓ Master JSON: 0 places
2026-03-22T16:25:18.762Z - 
🔄 KM: Traitement...
2026-03-22T16:25:18.763Z -   ✓ Excel chargé: 0 places
2026-03-22T16:25:18.764Z -   ✓ Master JSON: 0 places
2026-03-22T16:25:18.765Z - 
🔄 KN: Traitement...
2026-03-22T16:25:18.765Z -   ✓ Excel chargé: 0 places
2026-03-22T16:25:18.766Z -   ✓ Master JSON: 0 places
2026-03-22T16:25:18.766Z - 
🔄 KP: Traitement...
2026-03-22T16:25:18.767Z -   ✓ Excel chargé: 0 places
2026-03-22T16:25:18.767Z -   ✓ Master JSON: 0 places
2026-03-22T16:25:18.768Z - 
🔄 KR: Traitement...
2026-03-22T16:25:18.775Z -   ✓ Excel chargé: 6 places
2026-03-22T16:25:18.779Z -   ✓ Master JSON: 5 places
2026-03-22T16:25:18.785Z -   ✓ Excel sauvegardé: 6 places
2026-03-22T16:25:18.786Z - 
🔄 KW: Traitement...
2026-03-22T16:25:18.787Z -   ✓ Excel chargé: 0 places
2026-03-22T16:25:18.788Z -   ✓ Master JSON: 0 places
2026-03-22T16:25:18.789Z - 
🔄 KZ: Traitement...
2026-03-22T16:25:18.795Z -   ✓ Excel chargé: 19 places
2026-03-22T16:25:18.800Z -   ✓ Master JSON: 19 places
2026-03-22T16:25:18.812Z -   ✓ Excel sauvegardé: 19 places
2026-03-22T16:25:18.813Z - 
🔄 LA: Traitement...
2026-03-22T16:25:18.820Z -   ✓ Excel chargé: 44 places
2026-03-22T16:25:18.834Z -   ✓ Master JSON: 21 places
2026-03-22T16:25:18.835Z -   ✓ 1 nouvelles places ajoutées
2026-03-22T16:25:23.265Z -   ✓ Excel sauvegardé: 45 places
2026-03-22T16:25:23.266Z - 
🔄 LB: Traitement...
2026-03-22T16:25:23.266Z -   ✓ Excel chargé: 0 places
2026-03-22T16:25:23.267Z -   ✓ Master JSON: 0 places
2026-03-22T16:25:23.267Z - 
🔄 LC: Traitement...
2026-03-22T16:25:23.268Z -   ✓ Excel chargé: 0 places
2026-03-22T16:25:23.268Z -   ✓ Master JSON: 0 places
2026-03-22T16:25:23.268Z - 
🔄 LI: Traitement...
2026-03-22T16:25:23.269Z -   ✓ Excel chargé: 0 places
2026-03-22T16:25:23.270Z -   ✓ Master JSON: 0 places
2026-03-22T16:25:23.270Z - 
🔄 LK: Traitement...
2026-03-22T16:25:23.279Z -   ✓ Excel chargé: 35 places
2026-03-22T16:25:23.285Z -   ✓ Master JSON: 34 places
2026-03-22T16:25:23.301Z -   ✓ Excel sauvegardé: 35 places
2026-03-22T16:25:23.301Z - 
🔄 LR: Traitement...
2026-03-22T16:25:23.301Z -   ✓ Excel chargé: 0 places
2026-03-22T16:25:23.302Z -   ✓ Master JSON: 0 places
2026-03-22T16:25:23.302Z - 
🔄 LS: Traitement...
2026-03-22T16:25:23.303Z -   ✓ Excel chargé: 0 places
2026-03-22T16:25:23.303Z -   ✓ Master JSON: 0 places
2026-03-22T16:25:23.304Z - 
🔄 LT: Traitement...
2026-03-22T16:25:23.310Z -   ✓ Excel chargé: 4 places
2026-03-22T16:25:23.313Z -   ✓ Master JSON: 4 places
2026-03-22T16:25:23.319Z -   ✓ Excel sauvegardé: 4 places
2026-03-22T16:25:23.319Z - 
🔄 LU: Traitement...
2026-03-22T16:25:23.322Z -   ✓ Excel chargé: 0 places
2026-03-22T16:25:23.322Z -   ✓ Master JSON: 0 places
2026-03-22T16:25:23.324Z - 
🔄 LV: Traitement...
2026-03-22T16:25:23.329Z -   ✓ Excel chargé: 11 places
2026-03-22T16:25:23.333Z -   ✓ Master JSON: 11 places
2026-03-22T16:25:23.344Z -   ✓ Excel sauvegardé: 11 places
2026-03-22T16:25:23.344Z - 
🔄 LY: Traitement...
2026-03-22T16:25:23.345Z -   ✓ Excel chargé: 0 places
2026-03-22T16:25:23.345Z -   ✓ Master JSON: 0 places
2026-03-22T16:25:23.346Z - 
🔄 MA: Traitement...
2026-03-22T16:25:23.352Z -   ✓ Excel chargé: 5 places
2026-03-22T16:25:23.356Z -   ✓ Master JSON: 5 places
2026-03-22T16:25:23.366Z -   ✓ Excel sauvegardé: 5 places
2026-03-22T16:25:23.366Z - 
🔄 MC: Traitement...
2026-03-22T16:25:23.367Z -   ✓ Excel chargé: 0 places
2026-03-22T16:25:23.367Z -   ✓ Master JSON: 0 places
2026-03-22T16:25:23.368Z - 
🔄 MD: Traitement...
2026-03-22T16:25:23.372Z -   ✓ Excel chargé: 6 places
2026-03-22T16:25:23.378Z -   ✓ Master JSON: 6 places
2026-03-22T16:25:23.384Z -   ✓ Excel sauvegardé: 6 places
2026-03-22T16:25:23.385Z - 
🔄 ME: Traitement...
2026-03-22T16:25:23.392Z -   ✓ Excel chargé: 12 places
2026-03-22T16:25:23.396Z -   ✓ Master JSON: 12 places
2026-03-22T16:25:23.404Z -   ✓ Excel sauvegardé: 12 places
2026-03-22T16:25:23.405Z - 
🔄 MF: Traitement...
2026-03-22T16:25:23.411Z -   ✓ Excel chargé: 5 places
2026-03-22T16:25:23.415Z -   ✓ Master JSON: 4 places
2026-03-22T16:25:23.421Z -   ✓ Excel sauvegardé: 5 places
2026-03-22T16:25:23.422Z - 
🔄 MG: Traitement...
2026-03-22T16:25:23.431Z -   ✓ Excel chargé: 20 places
2026-03-22T16:25:23.435Z -   ✓ Master JSON: 19 places
2026-03-22T16:25:23.447Z -   ✓ Excel sauvegardé: 20 places
2026-03-22T16:25:23.447Z - 
🔄 MH: Traitement...
2026-03-22T16:25:23.448Z -   ✓ Excel chargé: 0 places
2026-03-22T16:25:23.448Z -   ✓ Master JSON: 0 places
2026-03-22T16:25:23.449Z - 
🔄 MK: Traitement...
2026-03-22T16:25:23.449Z -   ✓ Excel chargé: 0 places
2026-03-22T16:25:23.450Z -   ✓ Master JSON: 0 places
2026-03-22T16:25:23.450Z - 
🔄 ML: Traitement...
2026-03-22T16:25:23.450Z -   ✓ Excel chargé: 0 places
2026-03-22T16:25:23.451Z -   ✓ Master JSON: 0 places
2026-03-22T16:25:23.451Z - 
🔄 MM: Traitement...
2026-03-22T16:25:23.452Z -   ✓ Excel chargé: 0 places
2026-03-22T16:25:23.452Z -   ✓ Master JSON: 0 places
2026-03-22T16:25:23.453Z - 
🔄 MN: Traitement...
2026-03-22T16:25:23.460Z -   ✓ Excel chargé: 25 places
2026-03-22T16:25:23.464Z -   ✓ Master JSON: 24 places
2026-03-22T16:25:23.475Z -   ✓ Excel sauvegardé: 25 places
2026-03-22T16:25:23.476Z - 
🔄 MQ: Traitement...
2026-03-22T16:25:23.480Z -   ✓ Excel chargé: 5 places
2026-03-22T16:25:23.485Z -   ✓ Master JSON: 5 places
2026-03-22T16:25:23.493Z -   ✓ Excel sauvegardé: 5 places
2026-03-22T16:25:23.493Z - 
🔄 MR: Traitement...
2026-03-22T16:25:23.494Z -   ✓ Excel chargé: 0 places
2026-03-22T16:25:23.494Z -   ✓ Master JSON: 0 places
2026-03-22T16:25:23.495Z - 
🔄 MT: Traitement...
2026-03-22T16:25:23.495Z -   ✓ Excel chargé: 0 places
2026-03-22T16:25:23.495Z -   ✓ Master JSON: 0 places
2026-03-22T16:25:23.496Z - 
🔄 MU: Traitement...
2026-03-22T16:25:23.501Z -   ✓ Excel chargé: 13 places
2026-03-22T16:25:23.505Z -   ✓ Master JSON: 14 places
2026-03-22T16:25:23.505Z -   ✓ 2 nouvelles places ajoutées
2026-03-22T16:25:27.658Z -   ✓ Excel sauvegardé: 15 places
2026-03-22T16:25:27.659Z - 
🔄 MV: Traitement...
2026-03-22T16:25:27.660Z -   ✓ Excel chargé: 0 places
2026-03-22T16:25:27.661Z -   ✓ Master JSON: 0 places
2026-03-22T16:25:27.662Z - 
🔄 MW: Traitement...
2026-03-22T16:25:27.662Z -   ✓ Excel chargé: 0 places
2026-03-22T16:25:27.663Z -   ✓ Master JSON: 0 places
2026-03-22T16:25:27.664Z - 
🔄 MX: Traitement...
2026-03-22T16:25:27.676Z -   ✓ Excel chargé: 28 places
2026-03-22T16:25:27.685Z -   ✓ Master JSON: 27 places
2026-03-22T16:25:27.704Z -   ✓ Excel sauvegardé: 28 places
2026-03-22T16:25:27.705Z - 
🔄 MY: Traitement...
2026-03-22T16:25:27.709Z -   ✓ Excel chargé: 10 places
2026-03-22T16:25:27.714Z -   ✓ Master JSON: 10 places
2026-03-22T16:25:27.722Z -   ✓ Excel sauvegardé: 10 places
2026-03-22T16:25:27.723Z - 
🔄 MZ: Traitement...
2026-03-22T16:25:27.724Z -   ✓ Excel chargé: 0 places
2026-03-22T16:25:27.724Z -   ✓ Master JSON: 0 places
2026-03-22T16:25:27.725Z - 
🔄 NA: Traitement...
2026-03-22T16:25:27.739Z -   ✓ Excel chargé: 50 places
2026-03-22T16:25:27.752Z -   ✓ Master JSON: 27 places
2026-03-22T16:25:27.780Z -   ✓ Excel sauvegardé: 50 places
2026-03-22T16:25:27.781Z - 
🔄 NC: Traitement...
2026-03-22T16:25:27.787Z -   ✓ Excel chargé: 6 places
2026-03-22T16:25:27.793Z -   ✓ Master JSON: 5 places
2026-03-22T16:25:27.800Z -   ✓ Excel sauvegardé: 6 places
2026-03-22T16:25:27.801Z - 
🔄 NE: Traitement...
2026-03-22T16:25:27.801Z -   ✓ Excel chargé: 0 places
2026-03-22T16:25:27.802Z -   ✓ Master JSON: 0 places
2026-03-22T16:25:27.802Z - 
🔄 NG: Traitement...
2026-03-22T16:25:27.803Z -   ✓ Excel chargé: 0 places
2026-03-22T16:25:27.803Z -   ✓ Master JSON: 0 places
2026-03-22T16:25:27.803Z - 
🔄 NI: Traitement...
2026-03-22T16:25:27.811Z -   ✓ Excel chargé: 44 places
2026-03-22T16:25:27.818Z -   ✓ Master JSON: 17 places
2026-03-22T16:25:27.842Z -   ✓ Excel sauvegardé: 44 places
2026-03-22T16:25:27.844Z - 
🔄 NL: Traitement...
2026-03-22T16:25:27.854Z -   ✓ Excel chargé: 29 places
2026-03-22T16:25:27.863Z -   ✓ Master JSON: 28 places
2026-03-22T16:25:27.874Z -   ✓ Excel sauvegardé: 29 places
2026-03-22T16:25:27.875Z - 
🔄 NO: Traitement...
2026-03-22T16:25:27.881Z -   ✓ Excel chargé: 16 places
2026-03-22T16:25:27.885Z -   ✓ Master JSON: 4 places
2026-03-22T16:25:27.896Z -   ✓ Excel sauvegardé: 16 places
2026-03-22T16:25:27.897Z - 
🔄 NP: Traitement...
2026-03-22T16:25:27.897Z -   ✓ Excel chargé: 0 places
2026-03-22T16:25:27.898Z -   ✓ Master JSON: 0 places
2026-03-22T16:25:27.899Z - 
🔄 NR: Traitement...
2026-03-22T16:25:27.900Z -   ✓ Excel chargé: 0 places
2026-03-22T16:25:27.901Z -   ✓ Master JSON: 0 places
2026-03-22T16:25:27.902Z - 
🔄 NZ: Traitement...
2026-03-22T16:25:27.912Z -   ✓ Excel chargé: 46 places
2026-03-22T16:25:27.918Z -   ✓ Master JSON: 33 places
2026-03-22T16:25:27.932Z -   ✓ Excel sauvegardé: 46 places
2026-03-22T16:25:27.933Z - 
🔄 OM: Traitement...
2026-03-22T16:25:27.937Z -   ✓ Excel chargé: 5 places
2026-03-22T16:25:27.941Z -   ✓ Master JSON: 5 places
2026-03-22T16:25:27.948Z -   ✓ Excel sauvegardé: 5 places
2026-03-22T16:25:27.949Z - 
🔄 PA: Traitement...
2026-03-22T16:25:27.955Z -   ✓ Excel chargé: 9 places
2026-03-22T16:25:27.959Z -   ✓ Master JSON: 8 places
2026-03-22T16:25:27.965Z -   ✓ Excel sauvegardé: 9 places
2026-03-22T16:25:27.966Z - 
🔄 PE: Traitement...
2026-03-22T16:25:27.970Z -   ✓ Excel chargé: 18 places
2026-03-22T16:25:27.974Z -   ✓ Master JSON: 18 places
2026-03-22T16:25:27.982Z -   ✓ Excel sauvegardé: 18 places
2026-03-22T16:25:27.983Z - 
🔄 PF: Traitement...
2026-03-22T16:25:27.989Z -   ✓ Excel chargé: 33 places
2026-03-22T16:25:27.995Z -   ✓ Master JSON: 31 places
2026-03-22T16:25:28.008Z -   ✓ Excel sauvegardé: 33 places
2026-03-22T16:25:28.009Z - 
🔄 PG: Traitement...
2026-03-22T16:25:28.009Z -   ✓ Excel chargé: 0 places
2026-03-22T16:25:28.010Z -   ✓ Master JSON: 0 places
2026-03-22T16:25:28.011Z - 
🔄 PH: Traitement...
2026-03-22T16:25:28.016Z -   ✓ Excel chargé: 11 places
2026-03-22T16:25:28.020Z -   ✓ Master JSON: 11 places
2026-03-22T16:25:28.028Z -   ✓ Excel sauvegardé: 11 places
2026-03-22T16:25:28.028Z - 
🔄 PK: Traitement...
2026-03-22T16:25:28.029Z -   ✓ Excel chargé: 0 places
2026-03-22T16:25:28.029Z -   ✓ Master JSON: 0 places
2026-03-22T16:25:28.030Z - 
🔄 PL: Traitement...
2026-03-22T16:25:28.036Z -   ✓ Excel chargé: 35 places
2026-03-22T16:25:28.044Z -   ✓ Master JSON: 35 places
2026-03-22T16:25:28.057Z -   ✓ Excel sauvegardé: 35 places
2026-03-22T16:25:28.058Z - 
🔄 PM: Traitement...
2026-03-22T16:25:28.058Z -   ✓ Excel chargé: 0 places
2026-03-22T16:25:28.059Z -   ✓ Master JSON: 0 places
2026-03-22T16:25:28.061Z - 
🔄 PT: Traitement...
2026-03-22T16:25:28.070Z -   ✓ Excel chargé: 68 places
2026-03-22T16:25:28.080Z -   ✓ Master JSON: 49 places
2026-03-22T16:25:28.100Z -   ✓ Excel sauvegardé: 68 places
2026-03-22T16:25:28.100Z - 
🔄 PW: Traitement...
2026-03-22T16:25:28.101Z -   ✓ Excel chargé: 0 places
2026-03-22T16:25:28.101Z -   ✓ Master JSON: 0 places
2026-03-22T16:25:28.102Z - 
🔄 PY: Traitement...
2026-03-22T16:25:28.107Z -   ✓ Excel chargé: 4 places
2026-03-22T16:25:28.111Z -   ✓ Master JSON: 4 places
2026-03-22T16:25:28.117Z -   ✓ Excel sauvegardé: 4 places
2026-03-22T16:25:28.117Z - 
🔄 QA: Traitement...
2026-03-22T16:25:28.118Z -   ✓ Excel chargé: 0 places
2026-03-22T16:25:28.118Z -   ✓ Master JSON: 0 places
2026-03-22T16:25:28.119Z - 
🔄 RE: Traitement...
2026-03-22T16:25:28.119Z -   ✓ Excel chargé: 0 places
2026-03-22T16:25:28.120Z -   ✓ Master JSON: 0 places
2026-03-22T16:25:28.120Z - 
🔄 RO: Traitement...
2026-03-22T16:25:28.125Z -   ✓ Excel chargé: 15 places
2026-03-22T16:25:28.130Z -   ✓ Master JSON: 13 places
2026-03-22T16:25:28.137Z -   ✓ Excel sauvegardé: 15 places
2026-03-22T16:25:28.138Z - 
🔄 RS: Traitement...
2026-03-22T16:25:28.142Z -   ✓ Excel chargé: 14 places
2026-03-22T16:25:28.146Z -   ✓ Master JSON: 14 places
2026-03-22T16:25:28.153Z -   ✓ Excel sauvegardé: 14 places
2026-03-22T16:25:28.154Z - 
🔄 RT IMPORTÉS: Traitement...
2026-03-22T16:25:28.154Z -   ✓ Excel chargé: 0 places
2026-03-22T16:25:28.155Z -   ✓ Master JSON: 0 places
2026-03-22T16:25:28.155Z - 
🔄 RU: Traitement...
2026-03-22T16:25:28.156Z -   ✓ Excel chargé: 0 places
2026-03-22T16:25:28.156Z -   ✓ Master JSON: 0 places
2026-03-22T16:25:28.157Z - 
🔄 RW: Traitement...
2026-03-22T16:25:28.162Z -   ✓ Excel chargé: 4 places
2026-03-22T16:25:28.162Z -   ✓ Master JSON: 0 places
2026-03-22T16:25:28.167Z -   ✓ Excel sauvegardé: 4 places
2026-03-22T16:25:28.167Z - 
🔄 SA: Traitement...
2026-03-22T16:25:28.168Z -   ✓ Excel chargé: 0 places
2026-03-22T16:25:28.168Z -   ✓ Master JSON: 0 places
2026-03-22T16:25:28.168Z - 
🔄 SB: Traitement...
2026-03-22T16:25:28.169Z -   ✓ Excel chargé: 0 places
2026-03-22T16:25:28.169Z -   ✓ Master JSON: 0 places
2026-03-22T16:25:28.169Z - 
🔄 SC: Traitement...
2026-03-22T16:25:28.170Z -   ✓ Excel chargé: 0 places
2026-03-22T16:25:28.170Z -   ✓ Master JSON: 0 places
2026-03-22T16:25:28.170Z - 
🔄 SD: Traitement...
2026-03-22T16:25:28.171Z -   ✓ Excel chargé: 0 places
2026-03-22T16:25:28.171Z -   ✓ Master JSON: 0 places
2026-03-22T16:25:28.172Z - 
🔄 SE: Traitement...
2026-03-22T16:25:28.178Z -   ✓ Excel chargé: 41 places
2026-03-22T16:25:28.184Z -   ✓ Master JSON: 41 places
2026-03-22T16:25:28.197Z -   ✓ Excel sauvegardé: 41 places
2026-03-22T16:25:28.197Z - 
🔄 SG: Traitement...
2026-03-22T16:25:28.198Z -   ✓ Excel chargé: 0 places
2026-03-22T16:25:28.199Z -   ✓ Master JSON: 0 places
2026-03-22T16:25:28.200Z - 
🔄 SI: Traitement...
2026-03-22T16:25:28.205Z -   ✓ Excel chargé: 9 places
2026-03-22T16:25:28.208Z -   ✓ Master JSON: 9 places
2026-03-22T16:25:28.215Z -   ✓ Excel sauvegardé: 9 places
2026-03-22T16:25:28.216Z - 
🔄 SK: Traitement...
2026-03-22T16:25:28.221Z -   ✓ Excel chargé: 11 places
2026-03-22T16:25:28.225Z -   ✓ Master JSON: 11 places
2026-03-22T16:25:28.233Z -   ✓ Excel sauvegardé: 11 places
2026-03-22T16:25:28.233Z - 
🔄 SL: Traitement...
2026-03-22T16:25:28.234Z -   ✓ Excel chargé: 0 places
2026-03-22T16:25:28.234Z -   ✓ Master JSON: 0 places
2026-03-22T16:25:28.235Z - 
🔄 SM: Traitement...
2026-03-22T16:25:28.236Z -   ✓ Excel chargé: 0 places
2026-03-22T16:25:28.236Z -   ✓ Master JSON: 0 places
2026-03-22T16:25:28.237Z - 
🔄 SN: Traitement...
2026-03-22T16:25:28.241Z -   ✓ Excel chargé: 8 places
2026-03-22T16:25:28.246Z -   ✓ Master JSON: 8 places
2026-03-22T16:25:28.253Z -   ✓ Excel sauvegardé: 8 places
2026-03-22T16:25:28.253Z - 
🔄 SO: Traitement...
2026-03-22T16:25:28.254Z -   ✓ Excel chargé: 0 places
2026-03-22T16:25:28.254Z -   ✓ Master JSON: 0 places
2026-03-22T16:25:28.255Z - 
🔄 SR: Traitement...
2026-03-22T16:25:28.259Z -   ✓ Excel chargé: 10 places
2026-03-22T16:25:28.260Z -   ✓ Master JSON: 0 places
2026-03-22T16:25:28.269Z -   ✓ Excel sauvegardé: 10 places
2026-03-22T16:25:28.269Z - 
🔄 SS: Traitement...
2026-03-22T16:25:28.270Z -   ✓ Excel chargé: 0 places
2026-03-22T16:25:28.270Z -   ✓ Master JSON: 0 places
2026-03-22T16:25:28.270Z - 
🔄 ST: Traitement...
2026-03-22T16:25:28.271Z -   ✓ Excel chargé: 0 places
2026-03-22T16:25:28.271Z -   ✓ Master JSON: 0 places
2026-03-22T16:25:28.272Z - 
🔄 SV: Traitement...
2026-03-22T16:25:28.277Z -   ✓ Excel chargé: 10 places
2026-03-22T16:25:28.282Z -   ✓ Master JSON: 9 places
2026-03-22T16:25:28.289Z -   ✓ Excel sauvegardé: 10 places
2026-03-22T16:25:28.290Z - 
🔄 SY: Traitement...
2026-03-22T16:25:28.290Z -   ✓ Excel chargé: 0 places
2026-03-22T16:25:28.291Z -   ✓ Master JSON: 0 places
2026-03-22T16:25:28.291Z - 
🔄 SZ: Traitement...
2026-03-22T16:25:28.292Z -   ✓ Excel chargé: 0 places
2026-03-22T16:25:28.292Z -   ✓ Master JSON: 0 places
2026-03-22T16:25:28.293Z - 
🔄 TD: Traitement...
2026-03-22T16:25:28.294Z -   ✓ Excel chargé: 0 places
2026-03-22T16:25:28.294Z -   ✓ Master JSON: 0 places
2026-03-22T16:25:28.295Z - 
🔄 TG: Traitement...
2026-03-22T16:25:28.295Z -   ✓ Excel chargé: 0 places
2026-03-22T16:25:28.295Z -   ✓ Master JSON: 0 places
2026-03-22T16:25:28.296Z - 
🔄 TH: Traitement...
2026-03-22T16:25:28.301Z -   ✓ Excel chargé: 27 places
2026-03-22T16:25:28.308Z -   ✓ Master JSON: 23 places
2026-03-22T16:25:28.317Z -   ✓ Excel sauvegardé: 27 places
2026-03-22T16:25:28.317Z - 
🔄 TJ: Traitement...
2026-03-22T16:25:28.318Z -   ✓ Excel chargé: 0 places
2026-03-22T16:25:28.318Z -   ✓ Master JSON: 0 places
2026-03-22T16:25:28.318Z - 
🔄 TL: Traitement...
2026-03-22T16:25:28.319Z -   ✓ Excel chargé: 0 places
2026-03-22T16:25:28.319Z -   ✓ Master JSON: 0 places
2026-03-22T16:25:28.320Z - 
🔄 TM: Traitement...
2026-03-22T16:25:28.324Z -   ✓ Excel chargé: 8 places
2026-03-22T16:25:28.328Z -   ✓ Master JSON: 8 places
2026-03-22T16:25:28.332Z -   ✓ Excel sauvegardé: 8 places
2026-03-22T16:25:28.333Z - 
🔄 TN: Traitement...
2026-03-22T16:25:28.333Z -   ✓ Excel chargé: 0 places
2026-03-22T16:25:28.334Z -   ✓ Master JSON: 0 places
2026-03-22T16:25:28.334Z - 
🔄 TO: Traitement...
2026-03-22T16:25:28.334Z -   ✓ Excel chargé: 0 places
2026-03-22T16:25:28.335Z -   ✓ Master JSON: 0 places
2026-03-22T16:25:28.335Z - 
🔄 TR: Traitement...
2026-03-22T16:25:28.343Z -   ✓ Excel chargé: 58 places
2026-03-22T16:25:28.349Z -   ✓ Master JSON: 60 places
2026-03-22T16:25:28.349Z -   ✓ 2 nouvelles places ajoutées
2026-03-22T16:25:33.493Z -   ✓ Excel sauvegardé: 60 places
2026-03-22T16:25:33.494Z - 
🔄 TT: Traitement...
2026-03-22T16:25:33.494Z -   ✓ Excel chargé: 0 places
2026-03-22T16:25:33.495Z -   ✓ Master JSON: 0 places
2026-03-22T16:25:33.498Z - 
🔄 TV: Traitement...
2026-03-22T16:25:33.499Z -   ✓ Excel chargé: 0 places
2026-03-22T16:25:33.499Z -   ✓ Master JSON: 0 places
2026-03-22T16:25:33.501Z - 
🔄 TZ: Traitement...
2026-03-22T16:25:33.506Z -   ✓ Excel chargé: 18 places
2026-03-22T16:25:33.514Z -   ✓ Master JSON: 17 places
2026-03-22T16:25:33.523Z -   ✓ Excel sauvegardé: 18 places
2026-03-22T16:25:33.529Z - 
🔄 UA: Traitement...
2026-03-22T16:25:33.529Z -   ✓ Excel chargé: 0 places
2026-03-22T16:25:33.530Z -   ✓ Master JSON: 0 places
2026-03-22T16:25:33.531Z - 
🔄 UG: Traitement...
2026-03-22T16:25:33.536Z -   ✓ Excel chargé: 9 places
2026-03-22T16:25:33.536Z -   ✓ Master JSON: 0 places
2026-03-22T16:25:33.543Z -   ✓ Excel sauvegardé: 9 places
2026-03-22T16:25:33.544Z - 
🔄 US: Traitement...
2026-03-22T16:25:33.586Z -   ✓ Excel chargé: 546 places
2026-03-22T16:25:33.638Z -   ✓ Master JSON: 401 places
2026-03-22T16:25:33.791Z -   ✓ Excel sauvegardé: 546 places
2026-03-22T16:25:33.791Z - 
🔄 UY: Traitement...
2026-03-22T16:25:33.792Z -   ✓ Excel chargé: 0 places
2026-03-22T16:25:33.792Z -   ✓ Master JSON: 0 places
2026-03-22T16:25:33.793Z - 
🔄 UZ: Traitement...
2026-03-22T16:25:33.803Z -   ✓ Excel chargé: 6 places
2026-03-22T16:25:33.809Z -   ✓ Master JSON: 6 places
2026-03-22T16:25:33.822Z -   ✓ Excel sauvegardé: 6 places
2026-03-22T16:25:33.822Z - 
🔄 VA: Traitement...
2026-03-22T16:25:33.823Z -   ✓ Excel chargé: 0 places
2026-03-22T16:25:33.825Z -   ✓ Master JSON: 0 places
2026-03-22T16:25:33.827Z - 
🔄 VC: Traitement...
2026-03-22T16:25:33.827Z -   ✓ Excel chargé: 0 places
2026-03-22T16:25:33.828Z -   ✓ Master JSON: 0 places
2026-03-22T16:25:33.829Z - 
🔄 VE: Traitement...
2026-03-22T16:25:33.833Z -   ✓ Excel chargé: 0 places
2026-03-22T16:25:33.835Z -   ✓ Master JSON: 0 places
2026-03-22T16:25:33.836Z - 
🔄 VN: Traitement...
2026-03-22T16:25:33.863Z -   ✓ Excel chargé: 32 places
2026-03-22T16:25:33.873Z -   ✓ Master JSON: 25 places
2026-03-22T16:25:33.897Z -   ✓ Excel sauvegardé: 32 places
2026-03-22T16:25:33.898Z - 
🔄 VU: Traitement...
2026-03-22T16:25:33.899Z -   ✓ Excel chargé: 0 places
2026-03-22T16:25:33.900Z -   ✓ Master JSON: 0 places
2026-03-22T16:25:33.901Z - 
🔄 WF: Traitement...
2026-03-22T16:25:33.902Z -   ✓ Excel chargé: 0 places
2026-03-22T16:25:33.904Z -   ✓ Master JSON: 0 places
2026-03-22T16:25:33.906Z - 
🔄 WS: Traitement...
2026-03-22T16:25:33.908Z -   ✓ Excel chargé: 0 places
2026-03-22T16:25:33.909Z -   ✓ Master JSON: 0 places
2026-03-22T16:25:33.910Z - 
🔄 XX: Traitement...
2026-03-22T16:25:33.911Z -   ✓ Excel chargé: 0 places
2026-03-22T16:25:33.913Z -   ✓ Master JSON: 0 places
2026-03-22T16:25:33.915Z - 
🔄 YE: Traitement...
2026-03-22T16:25:33.916Z -   ✓ Excel chargé: 0 places
2026-03-22T16:25:33.916Z -   ✓ Master JSON: 0 places
2026-03-22T16:25:33.917Z - 
🔄 YT: Traitement...
2026-03-22T16:25:33.925Z -   ✓ Excel chargé: 5 places
2026-03-22T16:25:33.932Z -   ✓ Master JSON: 5 places
2026-03-22T16:25:33.941Z -   ✓ Excel sauvegardé: 5 places
2026-03-22T16:25:33.942Z - 
🔄 ZA: Traitement...
2026-03-22T16:25:33.959Z -   ✓ Excel chargé: 118 places
2026-03-22T16:25:33.977Z -   ✓ Master JSON: 85 places
2026-03-22T16:25:34.018Z -   ✓ Excel sauvegardé: 118 places
2026-03-22T16:25:34.019Z - 
🔄 ZM: Traitement...
2026-03-22T16:25:34.019Z -   ✓ Excel chargé: 0 places
2026-03-22T16:25:34.020Z -   ✓ Master JSON: 0 places
2026-03-22T16:25:34.021Z - 
🔄 ZW: Traitement...
2026-03-22T16:25:34.021Z -   ✓ Excel chargé: 0 places
2026-03-22T16:25:34.022Z -   ✓ Master JSON: 0 places
2026-03-22T16:25:34.022Z - 
🔄 _BACKUPS: Traitement...
2026-03-22T16:25:34.023Z -   ✓ Excel chargé: 0 places
2026-03-22T16:25:34.024Z -   ✓ Master JSON: 0 places
2026-03-22T16:25:34.025Z - 
🔄 _TR_CACHE: Traitement...
2026-03-22T16:25:34.029Z -   ✓ Excel chargé: 0 places
2026-03-22T16:25:34.031Z -   ✓ Master JSON: 0 places
