2026-03-18T15:24:03.133Z - 
============================================================
2026-03-18T15:24:03.140Z - 🔄 MODE UPDATE - 18/03/2026 16:24:03
2026-03-18T15:24:03.140Z - ============================================================
2026-03-18T15:24:03.291Z - 
🔄 AD: Traitement...
2026-03-18T15:24:03.337Z -   ✓ Excel chargé: 0 places
2026-03-18T15:24:03.339Z -   ✓ Master JSON: 0 places
2026-03-18T15:24:03.340Z - 
🔄 AE: Traitement...
2026-03-18T15:24:03.356Z -   ✓ Excel chargé: 9 places
2026-03-18T15:24:03.367Z -   ✓ Master JSON: 8 places
2026-03-18T15:24:03.417Z -   ✓ Excel sauvegardé: 9 places
2026-03-18T15:24:03.418Z - 
🔄 AF: Traitement...
2026-03-18T15:24:03.428Z -   ✓ Excel chargé: 0 places
2026-03-18T15:24:03.429Z -   ✓ Master JSON: 0 places
2026-03-18T15:24:03.429Z - 
🔄 AG: Traitement...
2026-03-18T15:24:03.437Z -   ✓ Excel chargé: 0 places
2026-03-18T15:24:03.437Z -   ✓ Master JSON: 0 places
2026-03-18T15:24:03.439Z - 
🔄 AI: Traitement...
2026-03-18T15:24:03.439Z -   ✓ Excel chargé: 0 places
2026-03-18T15:24:03.440Z -   ✓ Master JSON: 0 places
2026-03-18T15:24:03.442Z - 
🔄 AL: Traitement...
2026-03-18T15:24:03.451Z -   ✓ Excel chargé: 12 places
2026-03-18T15:24:03.462Z -   ✓ Master JSON: 12 places
2026-03-18T15:24:03.476Z -   ✓ Excel sauvegardé: 12 places
2026-03-18T15:24:03.477Z - 
🔄 AM: Traitement...
2026-03-18T15:24:03.485Z -   ✓ Excel chargé: 8 places
2026-03-18T15:24:03.496Z -   ✓ Master JSON: 8 places
2026-03-18T15:24:03.507Z -   ✓ Excel sauvegardé: 8 places
2026-03-18T15:24:03.508Z - 
🔄 AO: Traitement...
2026-03-18T15:24:03.516Z -   ✓ Excel chargé: 0 places
2026-03-18T15:24:03.517Z -   ✓ Master JSON: 0 places
2026-03-18T15:24:03.517Z - 
🔄 AR: Traitement...
2026-03-18T15:24:03.547Z -   ✓ Excel chargé: 46 places
2026-03-18T15:24:03.566Z -   ✓ Master JSON: 23 places
2026-03-18T15:24:03.589Z -   ✓ Excel sauvegardé: 46 places
2026-03-18T15:24:03.590Z - 
🔄 AS: Traitement...
2026-03-18T15:24:03.591Z -   ✓ Excel chargé: 0 places
2026-03-18T15:24:03.592Z -   ✓ Master JSON: 0 places
2026-03-18T15:24:03.593Z - 
🔄 AT: Traitement...
2026-03-18T15:24:03.610Z -   ✓ Excel chargé: 48 places
2026-03-18T15:24:03.625Z -   ✓ Master JSON: 43 places
2026-03-18T15:24:06.173Z -   ✓ Excel sauvegardé: 48 places
2026-03-18T15:24:06.174Z - 
🔄 AU: Traitement...
2026-03-18T15:24:06.201Z -   ✓ Excel chargé: 79 places
2026-03-18T15:24:06.220Z -   ✓ Master JSON: 42 places
2026-03-18T15:24:06.248Z -   ✓ Excel sauvegardé: 79 places
2026-03-18T15:24:06.249Z - 
🔄 AW: Traitement...
2026-03-18T15:24:06.254Z -   ✓ Excel chargé: 0 places
2026-03-18T15:24:06.255Z -   ✓ Master JSON: 0 places
2026-03-18T15:24:06.256Z - 
🔄 AZ: Traitement...
2026-03-18T15:24:06.266Z -   ✓ Excel chargé: 0 places
2026-03-18T15:24:06.267Z -   ✓ Master JSON: 0 places
2026-03-18T15:24:06.268Z - 
🔄 BA: Traitement...
2026-03-18T15:24:06.275Z -   ✓ Excel chargé: 15 places
2026-03-18T15:24:06.288Z -   ✓ Master JSON: 15 places
2026-03-18T15:24:06.299Z -   ✓ Excel sauvegardé: 15 places
2026-03-18T15:24:06.300Z - 
🔄 BB: Traitement...
2026-03-18T15:24:06.306Z -   ✓ Excel chargé: 6 places
2026-03-18T15:24:06.316Z -   ✓ Master JSON: 6 places
2026-03-18T15:24:06.326Z -   ✓ Excel sauvegardé: 6 places
2026-03-18T15:24:06.327Z - 
🔄 BD: Traitement...
2026-03-18T15:24:06.336Z -   ✓ Excel chargé: 16 places
2026-03-18T15:24:06.348Z -   ✓ Master JSON: 13 places
2026-03-18T15:24:06.359Z -   ✓ Excel sauvegardé: 16 places
2026-03-18T15:24:06.361Z - 
🔄 BE: Traitement...
2026-03-18T15:24:06.368Z -   ✓ Excel chargé: 24 places
2026-03-18T15:24:06.382Z -   ✓ Master JSON: 23 places
2026-03-18T15:24:06.402Z -   ✓ Excel sauvegardé: 24 places
2026-03-18T15:24:06.402Z - 
🔄 BF: Traitement...
2026-03-18T15:24:06.407Z -   ✓ Excel chargé: 0 places
2026-03-18T15:24:06.408Z -   ✓ Master JSON: 0 places
2026-03-18T15:24:06.408Z - 
🔄 BG: Traitement...
2026-03-18T15:24:06.416Z -   ✓ Excel chargé: 29 places
2026-03-18T15:24:06.426Z -   ✓ Master JSON: 21 places
2026-03-18T15:24:06.439Z -   ✓ Excel sauvegardé: 29 places
2026-03-18T15:24:06.439Z - 
🔄 BH: Traitement...
2026-03-18T15:24:06.445Z -   ✓ Excel chargé: 0 places
2026-03-18T15:24:06.446Z -   ✓ Master JSON: 0 places
2026-03-18T15:24:06.447Z - 
🔄 BI: Traitement...
2026-03-18T15:24:06.452Z -   ✓ Excel chargé: 0 places
2026-03-18T15:24:06.453Z -   ✓ Master JSON: 0 places
2026-03-18T15:24:06.453Z - 
🔄 BJ: Traitement...
2026-03-18T15:24:06.458Z -   ✓ Excel chargé: 0 places
2026-03-18T15:24:06.459Z -   ✓ Master JSON: 0 places
2026-03-18T15:24:06.460Z - 
🔄 BL: Traitement...
2026-03-18T15:24:06.468Z -   ✓ Excel chargé: 8 places
2026-03-18T15:24:06.472Z -   ✓ Master JSON: 8 places
2026-03-18T15:24:06.480Z -   ✓ Excel sauvegardé: 8 places
2026-03-18T15:24:06.481Z - 
🔄 BM: Traitement...
2026-03-18T15:24:06.486Z -   ✓ Excel chargé: 0 places
2026-03-18T15:24:06.487Z -   ✓ Master JSON: 0 places
2026-03-18T15:24:06.488Z - 
🔄 BN: Traitement...
2026-03-18T15:24:06.494Z -   ✓ Excel chargé: 0 places
2026-03-18T15:24:06.495Z -   ✓ Master JSON: 0 places
2026-03-18T15:24:06.496Z - 
🔄 BO: Traitement...
2026-03-18T15:24:06.502Z -   ✓ Excel chargé: 19 places
2026-03-18T15:24:06.513Z -   ✓ Master JSON: 17 places
2026-03-18T15:24:11.119Z -   ✓ Excel sauvegardé: 19 places
2026-03-18T15:24:11.120Z - 
🔄 BQ: Traitement...
2026-03-18T15:24:11.121Z -   ✓ Excel chargé: 0 places
2026-03-18T15:24:11.122Z -   ✓ Master JSON: 0 places
2026-03-18T15:24:11.123Z - 
🔄 BR: Traitement...
2026-03-18T15:24:11.134Z -   ✓ Excel chargé: 55 places
2026-03-18T15:24:11.150Z -   ✓ Master JSON: 49 places
2026-03-18T15:24:11.171Z -   ✓ Excel sauvegardé: 55 places
2026-03-18T15:24:11.172Z - 
🔄 BS: Traitement...
2026-03-18T15:24:11.180Z -   ✓ Excel chargé: 10 places
2026-03-18T15:24:11.190Z -   ✓ Master JSON: 9 places
2026-03-18T15:24:11.200Z -   ✓ Excel sauvegardé: 10 places
2026-03-18T15:24:11.201Z - 
🔄 BT: Traitement...
2026-03-18T15:24:11.209Z -   ✓ Excel chargé: 0 places
2026-03-18T15:24:11.209Z -   ✓ Master JSON: 0 places
2026-03-18T15:24:11.210Z - 
🔄 BW: Traitement...
2026-03-18T15:24:11.218Z -   ✓ Excel chargé: 17 places
2026-03-18T15:24:11.230Z -   ✓ Master JSON: 15 places
2026-03-18T15:24:11.241Z -   ✓ Excel sauvegardé: 17 places
2026-03-18T15:24:11.242Z - 
🔄 BY: Traitement...
2026-03-18T15:24:11.251Z -   ✓ Excel chargé: 0 places
2026-03-18T15:24:11.252Z -   ✓ Master JSON: 0 places
2026-03-18T15:24:11.253Z - 
🔄 BZ: Traitement...
2026-03-18T15:24:11.263Z -   ✓ Excel chargé: 6 places
2026-03-18T15:24:11.273Z -   ✓ Master JSON: 6 places
2026-03-18T15:24:11.287Z -   ✓ Excel sauvegardé: 6 places
2026-03-18T15:24:11.288Z - 
🔄 CA: Traitement...
2026-03-18T15:24:11.301Z -   ✓ Excel chargé: 64 places
2026-03-18T15:24:11.318Z -   ✓ Master JSON: 54 places
2026-03-18T15:24:16.503Z -   ✓ Excel sauvegardé: 64 places
2026-03-18T15:24:16.505Z - 
🔄 CD: Traitement...
2026-03-18T15:24:16.513Z -   ✓ Excel chargé: 0 places
2026-03-18T15:24:16.514Z -   ✓ Master JSON: 0 places
2026-03-18T15:24:16.516Z - 
🔄 CF: Traitement...
2026-03-18T15:24:16.523Z -   ✓ Excel chargé: 0 places
2026-03-18T15:24:16.524Z -   ✓ Master JSON: 0 places
2026-03-18T15:24:16.525Z - 
🔄 CG: Traitement...
2026-03-18T15:24:16.531Z -   ✓ Excel chargé: 0 places
2026-03-18T15:24:16.532Z -   ✓ Master JSON: 0 places
2026-03-18T15:24:16.533Z - 
🔄 CH: Traitement...
2026-03-18T15:24:16.544Z -   ✓ Excel chargé: 57 places
2026-03-18T15:24:16.562Z -   ✓ Master JSON: 56 places
2026-03-18T15:24:16.583Z -   ✓ Excel sauvegardé: 57 places
2026-03-18T15:24:16.584Z - 
🔄 CI: Traitement...
2026-03-18T15:24:16.589Z -   ✓ Excel chargé: 0 places
2026-03-18T15:24:16.590Z -   ✓ Master JSON: 0 places
2026-03-18T15:24:16.590Z - 
🔄 CK: Traitement...
2026-03-18T15:24:16.590Z -   ✓ Excel chargé: 0 places
2026-03-18T15:24:16.591Z -   ✓ Master JSON: 0 places
2026-03-18T15:24:16.591Z - 
🔄 CL: Traitement...
2026-03-18T15:24:16.596Z -   ✓ Excel chargé: 7 places
2026-03-18T15:24:16.605Z -   ✓ Master JSON: 7 places
2026-03-18T15:24:16.612Z -   ✓ Excel sauvegardé: 7 places
2026-03-18T15:24:16.613Z - 
🔄 CM: Traitement...
2026-03-18T15:24:16.619Z -   ✓ Excel chargé: 0 places
2026-03-18T15:24:16.620Z -   ✓ Master JSON: 0 places
2026-03-18T15:24:16.621Z - 
🔄 CN: Traitement...
2026-03-18T15:24:16.628Z -   ✓ Excel chargé: 60 places
2026-03-18T15:24:16.646Z -   ✓ Master JSON: 56 places
2026-03-18T15:24:16.665Z -   ✓ Excel sauvegardé: 60 places
2026-03-18T15:24:16.666Z - 
🔄 CO: Traitement...
2026-03-18T15:24:16.672Z -   ✓ Excel chargé: 13 places
2026-03-18T15:24:16.682Z -   ✓ Master JSON: 13 places
2026-03-18T15:24:16.682Z -   ✓ 3 nouvelles places ajoutées
2026-03-18T15:24:46.296Z -   ✓ Excel sauvegardé: 16 places
2026-03-18T15:24:46.301Z - 
🔄 CR: Traitement...
2026-03-18T15:24:46.339Z -   ✓ Excel chargé: 9 places
2026-03-18T15:24:46.352Z -   ✓ Master JSON: 8 places
2026-03-18T15:24:46.364Z -   ✓ Excel sauvegardé: 9 places
2026-03-18T15:24:46.365Z - 
🔄 CU: Traitement...
2026-03-18T15:24:46.379Z -   ✓ Excel chargé: 12 places
2026-03-18T15:24:46.391Z -   ✓ Master JSON: 17 places
2026-03-18T15:24:46.392Z -   ✓ 5 nouvelles places ajoutées
2026-03-18T15:25:21.430Z -   ✓ Excel sauvegardé: 17 places
2026-03-18T15:25:21.431Z - 
🔄 CV: Traitement...
2026-03-18T15:25:21.443Z -   ✓ Excel chargé: 0 places
2026-03-18T15:25:21.444Z -   ✓ Master JSON: 0 places
2026-03-18T15:25:21.445Z - 
🔄 CY: Traitement...
2026-03-18T15:25:21.452Z -   ✓ Excel chargé: 0 places
2026-03-18T15:25:21.454Z -   ✓ Master JSON: 0 places
2026-03-18T15:25:21.455Z - 
🔄 CZ: Traitement...
2026-03-18T15:25:21.467Z -   ✓ Excel chargé: 20 places
2026-03-18T15:25:21.483Z -   ✓ Master JSON: 14 places
2026-03-18T15:25:21.483Z -   ✓ 6 nouvelles places ajoutées
2026-03-18T15:25:46.585Z -   ✓ Excel sauvegardé: 26 places
2026-03-18T15:25:46.587Z - 
🔄 DE: Traitement...
2026-03-18T15:25:46.641Z -   ✓ Excel chargé: 114 places
2026-03-18T15:25:46.681Z -   ✓ Master JSON: 119 places
2026-03-18T15:25:46.681Z -   ✓ 11 nouvelles places ajoutées
2026-03-18T15:27:36.892Z -   ✓ Excel sauvegardé: 125 places
2026-03-18T15:27:36.894Z - 
🔄 DJ: Traitement...
2026-03-18T15:27:36.895Z -   ✓ Excel chargé: 0 places
2026-03-18T15:27:36.896Z -   ✓ Master JSON: 0 places
2026-03-18T15:27:36.897Z - 
🔄 DK: Traitement...
2026-03-18T15:27:36.911Z -   ✓ Excel chargé: 15 places
2026-03-18T15:27:36.923Z -   ✓ Master JSON: 16 places
2026-03-18T15:27:36.924Z -   ✓ 8 nouvelles places ajoutées
2026-03-18T15:28:22.893Z -   ✓ Excel sauvegardé: 23 places
2026-03-18T15:28:22.894Z - 
🔄 DM: Traitement...
2026-03-18T15:28:22.896Z -   ✓ Excel chargé: 0 places
2026-03-18T15:28:22.897Z -   ✓ Master JSON: 0 places
2026-03-18T15:28:22.898Z - 
🔄 DO: Traitement...
2026-03-18T15:28:22.914Z -   ✓ Excel chargé: 15 places
2026-03-18T15:28:22.931Z -   ✓ Master JSON: 15 places
2026-03-18T15:28:22.945Z -   ✓ Excel sauvegardé: 15 places
2026-03-18T15:28:22.946Z - 
🔄 DZ: Traitement...
2026-03-18T15:28:22.948Z -   ✓ Excel chargé: 0 places
2026-03-18T15:28:22.949Z -   ✓ Master JSON: 0 places
2026-03-18T15:28:22.950Z - 
🔄 EA: Traitement...
2026-03-18T15:28:22.959Z -   ✓ Excel chargé: 23 places
2026-03-18T15:28:22.972Z -   ✓ Master JSON: 23 places
2026-03-18T15:28:22.984Z -   ✓ Excel sauvegardé: 23 places
2026-03-18T15:28:22.985Z - 
🔄 EC: Traitement...
2026-03-18T15:28:22.993Z -   ✓ Excel chargé: 13 places
2026-03-18T15:28:23.004Z -   ✓ Master JSON: 13 places
2026-03-18T15:28:23.012Z -   ✓ Excel sauvegardé: 13 places
2026-03-18T15:28:23.013Z - 
🔄 EE: Traitement...
2026-03-18T15:28:23.013Z -   ✓ Excel chargé: 0 places
2026-03-18T15:28:23.014Z -   ✓ Master JSON: 0 places
2026-03-18T15:28:23.015Z - 
🔄 EG: Traitement...
2026-03-18T15:28:23.021Z -   ✓ Excel chargé: 17 places
2026-03-18T15:28:23.030Z -   ✓ Master JSON: 17 places
2026-03-18T15:28:23.038Z -   ✓ Excel sauvegardé: 17 places
2026-03-18T15:28:23.039Z - 
🔄 ER: Traitement...
2026-03-18T15:28:23.040Z -   ✓ Excel chargé: 0 places
2026-03-18T15:28:23.040Z -   ✓ Master JSON: 0 places
2026-03-18T15:28:23.041Z - 
🔄 ES: Traitement...
2026-03-18T15:28:23.066Z -   ✓ Excel chargé: 204 places
2026-03-18T15:28:23.099Z -   ✓ Master JSON: 182 places
2026-03-18T15:28:23.178Z -   ✓ Excel sauvegardé: 204 places
2026-03-18T15:28:23.178Z - 
🔄 ET: Traitement...
2026-03-18T15:28:23.179Z -   ✓ Excel chargé: 0 places
2026-03-18T15:28:23.179Z -   ✓ Master JSON: 0 places
2026-03-18T15:28:23.180Z - 
🔄 FI: Traitement...
2026-03-18T15:28:23.188Z -   ✓ Excel chargé: 10 places
2026-03-18T15:28:23.196Z -   ✓ Master JSON: 9 places
2026-03-18T15:28:23.206Z -   ✓ Excel sauvegardé: 10 places
2026-03-18T15:28:23.206Z - 
🔄 FJ: Traitement...
2026-03-18T15:28:23.207Z -   ✓ Excel chargé: 0 places
2026-03-18T15:28:23.207Z -   ✓ Master JSON: 0 places
2026-03-18T15:28:23.208Z - 
🔄 FM: Traitement...
2026-03-18T15:28:23.208Z -   ✓ Excel chargé: 0 places
2026-03-18T15:28:23.208Z -   ✓ Master JSON: 0 places
2026-03-18T15:28:23.209Z - 
🔄 FR: Traitement...
2026-03-18T15:28:23.300Z -   ✓ Excel chargé: 1304 places
2026-03-18T15:28:23.448Z -   ✓ Master JSON: 1176 places
2026-03-18T15:29:07.811Z -   ✓ Excel sauvegardé: 1304 places
2026-03-18T15:29:07.813Z - 
🔄 GA: Traitement...
2026-03-18T15:29:07.814Z -   ✓ Excel chargé: 0 places
2026-03-18T15:29:07.814Z -   ✓ Master JSON: 0 places
2026-03-18T15:29:07.815Z - 
🔄 GB: Traitement...
2026-03-18T15:29:07.878Z -   ✓ Excel chargé: 175 places
2026-03-18T15:29:07.912Z -   ✓ Master JSON: 170 places
2026-03-18T15:29:07.967Z -   ✓ Excel sauvegardé: 175 places
2026-03-18T15:29:07.968Z - 
🔄 GD: Traitement...
2026-03-18T15:29:07.969Z -   ✓ Excel chargé: 0 places
2026-03-18T15:29:07.969Z -   ✓ Master JSON: 0 places
2026-03-18T15:29:07.970Z - 
🔄 GE: Traitement...
2026-03-18T15:29:07.978Z -   ✓ Excel chargé: 19 places
2026-03-18T15:29:07.987Z -   ✓ Master JSON: 19 places
2026-03-18T15:29:07.998Z -   ✓ Excel sauvegardé: 19 places
2026-03-18T15:29:07.999Z - 
🔄 GF: Traitement...
2026-03-18T15:29:08.005Z -   ✓ Excel chargé: 5 places
2026-03-18T15:29:08.012Z -   ✓ Master JSON: 5 places
2026-03-18T15:29:08.020Z -   ✓ Excel sauvegardé: 5 places
2026-03-18T15:29:08.021Z - 
🔄 GH: Traitement...
2026-03-18T15:29:08.021Z -   ✓ Excel chargé: 0 places
2026-03-18T15:29:08.022Z -   ✓ Master JSON: 0 places
2026-03-18T15:29:08.022Z - 
🔄 GM: Traitement...
2026-03-18T15:29:08.023Z -   ✓ Excel chargé: 0 places
2026-03-18T15:29:08.023Z -   ✓ Master JSON: 0 places
2026-03-18T15:29:08.023Z - 
🔄 GN: Traitement...
2026-03-18T15:29:08.024Z -   ✓ Excel chargé: 0 places
2026-03-18T15:29:08.024Z -   ✓ Master JSON: 0 places
2026-03-18T15:29:08.025Z - 
🔄 GP: Traitement...
2026-03-18T15:29:08.031Z -   ✓ Excel chargé: 8 places
2026-03-18T15:29:08.038Z -   ✓ Master JSON: 8 places
2026-03-18T15:29:08.046Z -   ✓ Excel sauvegardé: 8 places
2026-03-18T15:29:08.046Z - 
🔄 GQ: Traitement...
2026-03-18T15:29:08.047Z -   ✓ Excel chargé: 0 places
2026-03-18T15:29:08.047Z -   ✓ Master JSON: 0 places
2026-03-18T15:29:08.048Z - 
🔄 GR: Traitement...
2026-03-18T15:29:08.069Z -   ✓ Excel chargé: 105 places
2026-03-18T15:29:08.095Z -   ✓ Master JSON: 104 places
2026-03-18T15:29:08.127Z -   ✓ Excel sauvegardé: 105 places
2026-03-18T15:29:08.128Z - 
🔄 GT: Traitement...
2026-03-18T15:29:08.135Z -   ✓ Excel chargé: 6 places
2026-03-18T15:29:08.143Z -   ✓ Master JSON: 6 places
2026-03-18T15:29:08.151Z -   ✓ Excel sauvegardé: 6 places
2026-03-18T15:29:08.151Z - 
🔄 GW: Traitement...
2026-03-18T15:29:08.152Z -   ✓ Excel chargé: 0 places
2026-03-18T15:29:08.152Z -   ✓ Master JSON: 0 places
2026-03-18T15:29:08.153Z - 
🔄 GY: Traitement...
2026-03-18T15:29:08.153Z -   ✓ Excel chargé: 0 places
2026-03-18T15:29:08.154Z -   ✓ Master JSON: 0 places
2026-03-18T15:29:08.154Z - 
🔄 HN: Traitement...
2026-03-18T15:29:08.155Z -   ✓ Excel chargé: 0 places
2026-03-18T15:29:08.155Z -   ✓ Master JSON: 0 places
2026-03-18T15:29:08.156Z - 
🔄 HR: Traitement...
2026-03-18T15:29:08.166Z -   ✓ Excel chargé: 87 places
2026-03-18T15:29:08.195Z -   ✓ Master JSON: 70 places
2026-03-18T15:29:08.221Z -   ✓ Excel sauvegardé: 87 places
2026-03-18T15:29:08.222Z - 
🔄 HT: Traitement...
2026-03-18T15:29:08.222Z -   ✓ Excel chargé: 0 places
2026-03-18T15:29:08.223Z -   ✓ Master JSON: 0 places
2026-03-18T15:29:08.223Z - 
🔄 HU: Traitement...
2026-03-18T15:29:08.231Z -   ✓ Excel chargé: 34 places
2026-03-18T15:29:08.242Z -   ✓ Master JSON: 34 places
2026-03-18T15:29:08.255Z -   ✓ Excel sauvegardé: 34 places
2026-03-18T15:29:08.256Z - 
🔄 ID: Traitement...
2026-03-18T15:29:08.264Z -   ✓ Excel chargé: 75 places
2026-03-18T15:29:08.279Z -   ✓ Master JSON: 72 places
2026-03-18T15:29:26.538Z -   ✓ Excel sauvegardé: 75 places
2026-03-18T15:29:26.540Z - 
🔄 IE: Traitement...
2026-03-18T15:29:26.556Z -   ✓ Excel chargé: 31 places
2026-03-18T15:29:26.575Z -   ✓ Master JSON: 31 places
2026-03-18T15:29:26.592Z -   ✓ Excel sauvegardé: 31 places
2026-03-18T15:29:26.593Z - 
🔄 IL: Traitement...
2026-03-18T15:29:26.600Z -   ✓ Excel chargé: 12 places
2026-03-18T15:29:26.613Z -   ✓ Master JSON: 12 places
2026-03-18T15:29:26.621Z -   ✓ Excel sauvegardé: 12 places
2026-03-18T15:29:26.621Z - 
🔄 IN: Traitement...
2026-03-18T15:29:26.642Z -   ✓ Excel chargé: 56 places
2026-03-18T15:29:26.658Z -   ✓ Master JSON: 56 places
2026-03-18T15:29:26.678Z -   ✓ Excel sauvegardé: 56 places
2026-03-18T15:29:26.678Z - 
🔄 IQ: Traitement...
2026-03-18T15:29:26.679Z -   ✓ Excel chargé: 0 places
2026-03-18T15:29:26.680Z -   ✓ Master JSON: 0 places
2026-03-18T15:29:26.681Z - 
🔄 IR: Traitement...
2026-03-18T15:29:26.681Z -   ✓ Excel chargé: 0 places
2026-03-18T15:29:26.682Z -   ✓ Master JSON: 0 places
2026-03-18T15:29:26.683Z - 
🔄 IS: Traitement...
2026-03-18T15:29:26.688Z -   ✓ Excel chargé: 11 places
2026-03-18T15:29:26.696Z -   ✓ Master JSON: 11 places
2026-03-18T15:29:26.706Z -   ✓ Excel sauvegardé: 11 places
2026-03-18T15:29:26.707Z - 
🔄 IT: Traitement...
2026-03-18T15:29:26.781Z -   ✓ Excel chargé: 602 places
2026-03-18T15:29:26.848Z -   ✓ Master JSON: 506 places
2026-03-18T15:29:37.686Z -   ✓ Excel sauvegardé: 602 places
2026-03-18T15:29:37.688Z - 
🔄 JM: Traitement...
2026-03-18T15:29:37.689Z -   ✓ Excel chargé: 0 places
2026-03-18T15:29:37.690Z -   ✓ Master JSON: 0 places
2026-03-18T15:29:37.691Z - 
🔄 JO: Traitement...
2026-03-18T15:29:37.708Z -   ✓ Excel chargé: 8 places
2026-03-18T15:29:37.719Z -   ✓ Master JSON: 7 places
2026-03-18T15:29:37.727Z -   ✓ Excel sauvegardé: 8 places
2026-03-18T15:29:37.728Z - 
🔄 JP: Traitement...
2026-03-18T15:29:37.740Z -   ✓ Excel chargé: 113 places
2026-03-18T15:29:37.760Z -   ✓ Master JSON: 113 places
2026-03-18T15:29:37.788Z -   ✓ Excel sauvegardé: 113 places
2026-03-18T15:29:37.789Z - 
🔄 KE: Traitement...
2026-03-18T15:29:37.789Z -   ✓ Excel chargé: 0 places
2026-03-18T15:29:37.790Z -   ✓ Master JSON: 0 places
2026-03-18T15:29:37.790Z - 
🔄 KG: Traitement...
2026-03-18T15:29:37.791Z -   ✓ Excel chargé: 0 places
2026-03-18T15:29:37.791Z -   ✓ Master JSON: 0 places
2026-03-18T15:29:37.791Z - 
🔄 KH: Traitement...
2026-03-18T15:29:37.800Z -   ✓ Excel chargé: 10 places
2026-03-18T15:29:37.815Z -   ✓ Master JSON: 8 places
2026-03-18T15:29:37.822Z -   ✓ Excel sauvegardé: 10 places
2026-03-18T15:29:37.823Z - 
🔄 KI: Traitement...
2026-03-18T15:29:37.823Z -   ✓ Excel chargé: 0 places
2026-03-18T15:29:37.824Z -   ✓ Master JSON: 0 places
2026-03-18T15:29:37.824Z - 
🔄 KM: Traitement...
2026-03-18T15:29:37.825Z -   ✓ Excel chargé: 0 places
2026-03-18T15:29:37.825Z -   ✓ Master JSON: 0 places
2026-03-18T15:29:37.826Z - 
🔄 KN: Traitement...
2026-03-18T15:29:37.826Z -   ✓ Excel chargé: 0 places
2026-03-18T15:29:37.826Z -   ✓ Master JSON: 0 places
2026-03-18T15:29:37.827Z - 
🔄 KP: Traitement...
2026-03-18T15:29:37.827Z -   ✓ Excel chargé: 0 places
2026-03-18T15:29:37.828Z -   ✓ Master JSON: 0 places
2026-03-18T15:29:37.829Z - 
🔄 KR: Traitement...
2026-03-18T15:29:37.834Z -   ✓ Excel chargé: 5 places
2026-03-18T15:29:37.843Z -   ✓ Master JSON: 5 places
2026-03-18T15:29:37.849Z -   ✓ Excel sauvegardé: 5 places
2026-03-18T15:29:37.849Z - 
🔄 KW: Traitement...
2026-03-18T15:29:37.850Z -   ✓ Excel chargé: 0 places
2026-03-18T15:29:37.850Z -   ✓ Master JSON: 0 places
2026-03-18T15:29:37.851Z - 
🔄 KZ: Traitement...
2026-03-18T15:29:37.857Z -   ✓ Excel chargé: 19 places
2026-03-18T15:29:37.873Z -   ✓ Master JSON: 19 places
2026-03-18T15:29:37.884Z -   ✓ Excel sauvegardé: 19 places
2026-03-18T15:29:37.885Z - 
🔄 LA: Traitement...
2026-03-18T15:29:37.894Z -   ✓ Excel chargé: 44 places
2026-03-18T15:29:37.906Z -   ✓ Master JSON: 21 places
2026-03-18T15:29:37.907Z -   ✓ 1 nouvelles places ajoutées
2026-03-18T15:29:58.161Z -   ✓ Excel sauvegardé: 45 places
2026-03-18T15:29:58.162Z - 
🔄 LB: Traitement...
2026-03-18T15:29:58.163Z -   ✓ Excel chargé: 0 places
2026-03-18T15:29:58.165Z -   ✓ Master JSON: 0 places
2026-03-18T15:29:58.166Z - 
🔄 LC: Traitement...
2026-03-18T15:29:58.167Z -   ✓ Excel chargé: 0 places
2026-03-18T15:29:58.168Z -   ✓ Master JSON: 0 places
2026-03-18T15:29:58.170Z - 
🔄 LI: Traitement...
2026-03-18T15:29:58.171Z -   ✓ Excel chargé: 0 places
2026-03-18T15:29:58.172Z -   ✓ Master JSON: 0 places
2026-03-18T15:29:58.173Z - 
🔄 LK: Traitement...
2026-03-18T15:29:58.184Z -   ✓ Excel chargé: 35 places
2026-03-18T15:29:58.202Z -   ✓ Master JSON: 34 places
2026-03-18T15:30:00.034Z -   ✓ Excel sauvegardé: 35 places
2026-03-18T15:30:00.036Z - 
🔄 LR: Traitement...
2026-03-18T15:30:00.039Z -   ✓ Excel chargé: 0 places
2026-03-18T15:30:00.040Z -   ✓ Master JSON: 0 places
2026-03-18T15:30:00.043Z - 
🔄 LS: Traitement...
2026-03-18T15:30:00.044Z -   ✓ Excel chargé: 0 places
2026-03-18T15:30:00.046Z -   ✓ Master JSON: 0 places
2026-03-18T15:30:00.047Z - 
🔄 LT: Traitement...
2026-03-18T15:30:00.059Z -   ✓ Excel chargé: 4 places
2026-03-18T15:30:00.073Z -   ✓ Master JSON: 4 places
2026-03-18T15:30:00.080Z -   ✓ Excel sauvegardé: 4 places
2026-03-18T15:30:00.081Z - 
🔄 LU: Traitement...
2026-03-18T15:30:00.081Z -   ✓ Excel chargé: 0 places
2026-03-18T15:30:00.082Z -   ✓ Master JSON: 0 places
2026-03-18T15:30:00.082Z - 
🔄 LV: Traitement...
2026-03-18T15:30:00.094Z -   ✓ Excel chargé: 11 places
2026-03-18T15:30:00.107Z -   ✓ Master JSON: 11 places
2026-03-18T15:30:00.116Z -   ✓ Excel sauvegardé: 11 places
2026-03-18T15:30:00.116Z - 
🔄 LY: Traitement...
2026-03-18T15:30:00.117Z -   ✓ Excel chargé: 0 places
2026-03-18T15:30:00.118Z -   ✓ Master JSON: 0 places
2026-03-18T15:30:00.119Z - 
🔄 MA: Traitement...
2026-03-18T15:30:00.124Z -   ✓ Excel chargé: 5 places
2026-03-18T15:30:00.132Z -   ✓ Master JSON: 5 places
2026-03-18T15:30:00.138Z -   ✓ Excel sauvegardé: 5 places
2026-03-18T15:30:00.139Z - 
🔄 MC: Traitement...
2026-03-18T15:30:00.139Z -   ✓ Excel chargé: 0 places
2026-03-18T15:30:00.140Z -   ✓ Master JSON: 0 places
2026-03-18T15:30:00.140Z - 
🔄 MD: Traitement...
2026-03-18T15:30:00.145Z -   ✓ Excel chargé: 6 places
2026-03-18T15:30:00.153Z -   ✓ Master JSON: 6 places
2026-03-18T15:30:00.162Z -   ✓ Excel sauvegardé: 6 places
2026-03-18T15:30:00.163Z - 
🔄 ME: Traitement...
2026-03-18T15:30:00.179Z -   ✓ Excel chargé: 12 places
2026-03-18T15:30:00.189Z -   ✓ Master JSON: 12 places
2026-03-18T15:30:00.196Z -   ✓ Excel sauvegardé: 12 places
2026-03-18T15:30:00.196Z - 
🔄 MF: Traitement...
2026-03-18T15:30:00.201Z -   ✓ Excel chargé: 5 places
2026-03-18T15:30:00.210Z -   ✓ Master JSON: 4 places
2026-03-18T15:30:00.215Z -   ✓ Excel sauvegardé: 5 places
2026-03-18T15:30:00.215Z - 
🔄 MG: Traitement...
2026-03-18T15:30:00.221Z -   ✓ Excel chargé: 20 places
2026-03-18T15:30:00.239Z -   ✓ Master JSON: 19 places
2026-03-18T15:30:00.252Z -   ✓ Excel sauvegardé: 20 places
2026-03-18T15:30:00.252Z - 
🔄 MH: Traitement...
2026-03-18T15:30:00.253Z -   ✓ Excel chargé: 0 places
2026-03-18T15:30:00.254Z -   ✓ Master JSON: 0 places
2026-03-18T15:30:00.254Z - 
🔄 MK: Traitement...
2026-03-18T15:30:00.255Z -   ✓ Excel chargé: 0 places
2026-03-18T15:30:00.255Z -   ✓ Master JSON: 0 places
2026-03-18T15:30:00.256Z - 
🔄 ML: Traitement...
2026-03-18T15:30:00.256Z -   ✓ Excel chargé: 0 places
2026-03-18T15:30:00.257Z -   ✓ Master JSON: 0 places
2026-03-18T15:30:00.258Z - 
🔄 MM: Traitement...
2026-03-18T15:30:00.258Z -   ✓ Excel chargé: 0 places
2026-03-18T15:30:00.259Z -   ✓ Master JSON: 0 places
2026-03-18T15:30:00.259Z - 
🔄 MN: Traitement...
2026-03-18T15:30:00.266Z -   ✓ Excel chargé: 25 places
2026-03-18T15:30:00.276Z -   ✓ Master JSON: 24 places
2026-03-18T15:30:00.286Z -   ✓ Excel sauvegardé: 25 places
2026-03-18T15:30:00.287Z - 
🔄 MQ: Traitement...
2026-03-18T15:30:00.292Z -   ✓ Excel chargé: 5 places
2026-03-18T15:30:00.300Z -   ✓ Master JSON: 5 places
2026-03-18T15:30:00.307Z -   ✓ Excel sauvegardé: 5 places
2026-03-18T15:30:00.308Z - 
🔄 MR: Traitement...
2026-03-18T15:30:00.308Z -   ✓ Excel chargé: 0 places
2026-03-18T15:30:00.308Z -   ✓ Master JSON: 0 places
2026-03-18T15:30:00.309Z - 
🔄 MT: Traitement...
2026-03-18T15:30:00.309Z -   ✓ Excel chargé: 0 places
2026-03-18T15:30:00.310Z -   ✓ Master JSON: 0 places
2026-03-18T15:30:00.310Z - 
🔄 MU: Traitement...
2026-03-18T15:30:00.315Z -   ✓ Excel chargé: 13 places
2026-03-18T15:30:00.324Z -   ✓ Master JSON: 14 places
2026-03-18T15:30:00.325Z -   ✓ 2 nouvelles places ajoutées
2026-03-18T15:30:12.609Z -   ✓ Excel sauvegardé: 15 places
2026-03-18T15:30:12.611Z - 
🔄 MV: Traitement...
2026-03-18T15:30:12.613Z -   ✓ Excel chargé: 0 places
2026-03-18T15:30:12.615Z -   ✓ Master JSON: 0 places
2026-03-18T15:30:12.617Z - 
🔄 MW: Traitement...
2026-03-18T15:30:12.618Z -   ✓ Excel chargé: 0 places
2026-03-18T15:30:12.619Z -   ✓ Master JSON: 0 places
2026-03-18T15:30:12.622Z - 
🔄 MX: Traitement...
2026-03-18T15:30:12.642Z -   ✓ Excel chargé: 28 places
2026-03-18T15:30:12.671Z -   ✓ Master JSON: 27 places
2026-03-18T15:30:12.698Z -   ✓ Excel sauvegardé: 28 places
2026-03-18T15:30:12.700Z - 
🔄 MY: Traitement...
2026-03-18T15:30:12.715Z -   ✓ Excel chargé: 6 places
2026-03-18T15:30:12.725Z -   ✓ Master JSON: 6 places
2026-03-18T15:30:12.732Z -   ✓ Excel sauvegardé: 6 places
2026-03-18T15:30:12.732Z - 
🔄 MZ: Traitement...
2026-03-18T15:30:12.733Z -   ✓ Excel chargé: 0 places
2026-03-18T15:30:12.733Z -   ✓ Master JSON: 0 places
2026-03-18T15:30:12.734Z - 
🔄 NA: Traitement...
2026-03-18T15:30:12.741Z -   ✓ Excel chargé: 50 places
2026-03-18T15:30:12.753Z -   ✓ Master JSON: 27 places
2026-03-18T15:30:12.770Z -   ✓ Excel sauvegardé: 50 places
2026-03-18T15:30:12.771Z - 
🔄 NC: Traitement...
2026-03-18T15:30:12.777Z -   ✓ Excel chargé: 6 places
2026-03-18T15:30:12.793Z -   ✓ Master JSON: 5 places
2026-03-18T15:30:20.658Z -   ✓ Excel sauvegardé: 6 places
2026-03-18T15:30:20.659Z - 
🔄 NE: Traitement...
2026-03-18T15:30:20.660Z -   ✓ Excel chargé: 0 places
2026-03-18T15:30:20.661Z -   ✓ Master JSON: 0 places
2026-03-18T15:30:20.662Z - 
🔄 NG: Traitement...
2026-03-18T15:30:20.663Z -   ✓ Excel chargé: 0 places
2026-03-18T15:30:20.664Z -   ✓ Master JSON: 0 places
2026-03-18T15:30:20.665Z - 
🔄 NI: Traitement...
2026-03-18T15:30:20.676Z -   ✓ Excel chargé: 44 places
2026-03-18T15:30:20.694Z -   ✓ Master JSON: 17 places
2026-03-18T15:30:34.301Z -   ✓ Excel sauvegardé: 44 places
2026-03-18T15:30:34.302Z - 
🔄 NL: Traitement...
2026-03-18T15:30:34.318Z -   ✓ Excel chargé: 29 places
2026-03-18T15:30:34.335Z -   ✓ Master JSON: 28 places
2026-03-18T15:30:34.348Z -   ✓ Excel sauvegardé: 29 places
2026-03-18T15:30:34.349Z - 
🔄 NO: Traitement...
2026-03-18T15:30:34.355Z -   ✓ Excel chargé: 16 places
2026-03-18T15:30:34.371Z -   ✓ Master JSON: 4 places
2026-03-18T15:30:34.382Z -   ✓ Excel sauvegardé: 16 places
2026-03-18T15:30:34.382Z - 
🔄 NP: Traitement...
2026-03-18T15:30:34.383Z -   ✓ Excel chargé: 0 places
2026-03-18T15:30:34.384Z -   ✓ Master JSON: 0 places
2026-03-18T15:30:34.384Z - 
🔄 NR: Traitement...
2026-03-18T15:30:34.385Z -   ✓ Excel chargé: 0 places
2026-03-18T15:30:34.386Z -   ✓ Master JSON: 0 places
2026-03-18T15:30:34.386Z - 
🔄 NZ: Traitement...
2026-03-18T15:30:34.395Z -   ✓ Excel chargé: 46 places
2026-03-18T15:30:34.410Z -   ✓ Master JSON: 33 places
2026-03-18T15:30:34.426Z -   ✓ Excel sauvegardé: 46 places
2026-03-18T15:30:34.426Z - 
🔄 OM: Traitement...
2026-03-18T15:30:34.435Z -   ✓ Excel chargé: 5 places
2026-03-18T15:30:34.448Z -   ✓ Master JSON: 5 places
2026-03-18T15:30:34.453Z -   ✓ Excel sauvegardé: 5 places
2026-03-18T15:30:34.454Z - 
🔄 PA: Traitement...
2026-03-18T15:30:34.460Z -   ✓ Excel chargé: 9 places
2026-03-18T15:30:34.468Z -   ✓ Master JSON: 8 places
2026-03-18T15:30:34.474Z -   ✓ Excel sauvegardé: 9 places
2026-03-18T15:30:34.475Z - 
🔄 PE: Traitement...
2026-03-18T15:30:34.481Z -   ✓ Excel chargé: 18 places
2026-03-18T15:30:34.496Z -   ✓ Master JSON: 18 places
2026-03-18T15:30:34.507Z -   ✓ Excel sauvegardé: 18 places
2026-03-18T15:30:34.508Z - 
🔄 PF: Traitement...
2026-03-18T15:30:34.516Z -   ✓ Excel chargé: 33 places
2026-03-18T15:30:34.528Z -   ✓ Master JSON: 31 places
2026-03-18T15:30:34.542Z -   ✓ Excel sauvegardé: 33 places
2026-03-18T15:30:34.543Z - 
🔄 PG: Traitement...
2026-03-18T15:30:34.543Z -   ✓ Excel chargé: 0 places
2026-03-18T15:30:34.544Z -   ✓ Master JSON: 0 places
2026-03-18T15:30:34.544Z - 
🔄 PH: Traitement...
2026-03-18T15:30:34.550Z -   ✓ Excel chargé: 11 places
2026-03-18T15:30:34.558Z -   ✓ Master JSON: 11 places
2026-03-18T15:30:34.566Z -   ✓ Excel sauvegardé: 11 places
2026-03-18T15:30:34.567Z - 
🔄 PK: Traitement...
2026-03-18T15:30:34.567Z -   ✓ Excel chargé: 0 places
2026-03-18T15:30:34.568Z -   ✓ Master JSON: 0 places
2026-03-18T15:30:34.569Z - 
🔄 PL: Traitement...
2026-03-18T15:30:34.575Z -   ✓ Excel chargé: 35 places
2026-03-18T15:30:34.588Z -   ✓ Master JSON: 35 places
2026-03-18T15:30:34.607Z -   ✓ Excel sauvegardé: 35 places
2026-03-18T15:30:34.611Z - 
🔄 PM: Traitement...
2026-03-18T15:30:34.611Z -   ✓ Excel chargé: 0 places
2026-03-18T15:30:34.612Z -   ✓ Master JSON: 0 places
2026-03-18T15:30:34.613Z - 
🔄 PT: Traitement...
2026-03-18T15:30:34.622Z -   ✓ Excel chargé: 68 places
2026-03-18T15:30:34.638Z -   ✓ Master JSON: 49 places
2026-03-18T15:30:39.901Z -   ✓ Excel sauvegardé: 68 places
2026-03-18T15:30:39.903Z - 
🔄 PW: Traitement...
2026-03-18T15:30:39.905Z -   ✓ Excel chargé: 0 places
2026-03-18T15:30:39.906Z -   ✓ Master JSON: 0 places
2026-03-18T15:30:39.908Z - 
🔄 PY: Traitement...
2026-03-18T15:30:39.920Z -   ✓ Excel chargé: 4 places
2026-03-18T15:30:39.936Z -   ✓ Master JSON: 4 places
2026-03-18T15:30:39.952Z -   ✓ Excel sauvegardé: 4 places
2026-03-18T15:30:39.953Z - 
🔄 QA: Traitement...
2026-03-18T15:30:39.954Z -   ✓ Excel chargé: 0 places
2026-03-18T15:30:39.955Z -   ✓ Master JSON: 0 places
2026-03-18T15:30:39.956Z - 
🔄 RE: Traitement...
2026-03-18T15:30:39.957Z -   ✓ Excel chargé: 0 places
2026-03-18T15:30:39.958Z -   ✓ Master JSON: 0 places
2026-03-18T15:30:39.962Z - 
🔄 RO: Traitement...
2026-03-18T15:30:39.970Z -   ✓ Excel chargé: 15 places
2026-03-18T15:30:39.977Z -   ✓ Master JSON: 13 places
2026-03-18T15:30:39.986Z -   ✓ Excel sauvegardé: 15 places
2026-03-18T15:30:39.987Z - 
🔄 RS: Traitement...
2026-03-18T15:30:39.992Z -   ✓ Excel chargé: 14 places
2026-03-18T15:30:40.007Z -   ✓ Master JSON: 14 places
2026-03-18T15:30:40.016Z -   ✓ Excel sauvegardé: 14 places
2026-03-18T15:30:40.016Z - 
🔄 RT IMPORTÉS: Traitement...
2026-03-18T15:30:40.017Z -   ✓ Excel chargé: 0 places
2026-03-18T15:30:40.017Z -   ✓ Master JSON: 0 places
2026-03-18T15:30:40.018Z - 
🔄 RU: Traitement...
2026-03-18T15:30:40.018Z -   ✓ Excel chargé: 0 places
2026-03-18T15:30:40.018Z -   ✓ Master JSON: 0 places
2026-03-18T15:30:40.019Z - 
🔄 RW: Traitement...
2026-03-18T15:30:40.019Z -   ✓ Excel chargé: 0 places
2026-03-18T15:30:40.020Z -   ✓ Master JSON: 0 places
2026-03-18T15:30:40.020Z - 
🔄 SA: Traitement...
2026-03-18T15:30:40.020Z -   ✓ Excel chargé: 0 places
2026-03-18T15:30:40.021Z -   ✓ Master JSON: 0 places
2026-03-18T15:30:40.021Z - 
🔄 SB: Traitement...
2026-03-18T15:30:40.022Z -   ✓ Excel chargé: 0 places
2026-03-18T15:30:40.022Z -   ✓ Master JSON: 0 places
2026-03-18T15:30:40.022Z - 
🔄 SC: Traitement...
2026-03-18T15:30:40.023Z -   ✓ Excel chargé: 0 places
2026-03-18T15:30:40.023Z -   ✓ Master JSON: 0 places
2026-03-18T15:30:40.024Z - 
🔄 SD: Traitement...
2026-03-18T15:30:40.024Z -   ✓ Excel chargé: 0 places
2026-03-18T15:30:40.025Z -   ✓ Master JSON: 0 places
2026-03-18T15:30:40.026Z - 
🔄 SE: Traitement...
2026-03-18T15:30:40.033Z -   ✓ Excel chargé: 41 places
2026-03-18T15:30:40.044Z -   ✓ Master JSON: 41 places
2026-03-18T15:30:40.061Z -   ✓ Excel sauvegardé: 41 places
2026-03-18T15:30:40.062Z - 
🔄 SG: Traitement...
2026-03-18T15:30:40.064Z -   ✓ Excel chargé: 0 places
2026-03-18T15:30:40.065Z -   ✓ Master JSON: 0 places
2026-03-18T15:30:40.068Z - 
🔄 SI: Traitement...
2026-03-18T15:30:40.075Z -   ✓ Excel chargé: 9 places
2026-03-18T15:30:40.083Z -   ✓ Master JSON: 9 places
2026-03-18T15:30:40.090Z -   ✓ Excel sauvegardé: 9 places
2026-03-18T15:30:40.090Z - 
🔄 SK: Traitement...
2026-03-18T15:30:40.096Z -   ✓ Excel chargé: 11 places
2026-03-18T15:30:40.105Z -   ✓ Master JSON: 11 places
2026-03-18T15:30:40.110Z -   ✓ Excel sauvegardé: 11 places
2026-03-18T15:30:40.111Z - 
🔄 SL: Traitement...
2026-03-18T15:30:40.111Z -   ✓ Excel chargé: 0 places
2026-03-18T15:30:40.112Z -   ✓ Master JSON: 0 places
2026-03-18T15:30:40.113Z - 
🔄 SM: Traitement...
2026-03-18T15:30:40.113Z -   ✓ Excel chargé: 0 places
2026-03-18T15:30:40.114Z -   ✓ Master JSON: 0 places
2026-03-18T15:30:40.114Z - 
🔄 SN: Traitement...
2026-03-18T15:30:40.122Z -   ✓ Excel chargé: 8 places
2026-03-18T15:30:40.137Z -   ✓ Master JSON: 8 places
2026-03-18T15:30:40.145Z -   ✓ Excel sauvegardé: 8 places
2026-03-18T15:30:40.146Z - 
🔄 SO: Traitement...
2026-03-18T15:30:40.147Z -   ✓ Excel chargé: 0 places
2026-03-18T15:30:40.147Z -   ✓ Master JSON: 0 places
2026-03-18T15:30:40.148Z - 
🔄 SR: Traitement...
2026-03-18T15:30:40.153Z -   ✓ Excel chargé: 10 places
2026-03-18T15:30:40.154Z -   ✓ Master JSON: 0 places
2026-03-18T15:30:40.161Z -   ✓ Excel sauvegardé: 10 places
2026-03-18T15:30:40.162Z - 
🔄 SS: Traitement...
2026-03-18T15:30:40.163Z -   ✓ Excel chargé: 0 places
2026-03-18T15:30:40.164Z -   ✓ Master JSON: 0 places
2026-03-18T15:30:40.165Z - 
🔄 ST: Traitement...
2026-03-18T15:30:40.165Z -   ✓ Excel chargé: 0 places
2026-03-18T15:30:40.166Z -   ✓ Master JSON: 0 places
2026-03-18T15:30:40.166Z - 
🔄 SV: Traitement...
2026-03-18T15:30:40.171Z -   ✓ Excel chargé: 10 places
2026-03-18T15:30:40.180Z -   ✓ Master JSON: 9 places
2026-03-18T15:30:40.187Z -   ✓ Excel sauvegardé: 10 places
2026-03-18T15:30:40.188Z - 
🔄 SY: Traitement...
2026-03-18T15:30:40.188Z -   ✓ Excel chargé: 0 places
2026-03-18T15:30:40.189Z -   ✓ Master JSON: 0 places
2026-03-18T15:30:40.189Z - 
🔄 SZ: Traitement...
2026-03-18T15:30:40.190Z -   ✓ Excel chargé: 0 places
2026-03-18T15:30:40.190Z -   ✓ Master JSON: 0 places
2026-03-18T15:30:40.191Z - 
🔄 TD: Traitement...
2026-03-18T15:30:40.191Z -   ✓ Excel chargé: 0 places
2026-03-18T15:30:40.191Z -   ✓ Master JSON: 0 places
2026-03-18T15:30:40.192Z - 
🔄 TG: Traitement...
2026-03-18T15:30:40.192Z -   ✓ Excel chargé: 0 places
2026-03-18T15:30:40.193Z -   ✓ Master JSON: 0 places
2026-03-18T15:30:40.193Z - 
🔄 TH: Traitement...
2026-03-18T15:30:40.203Z -   ✓ Excel chargé: 27 places
2026-03-18T15:30:40.218Z -   ✓ Master JSON: 23 places
2026-03-18T15:30:40.230Z -   ✓ Excel sauvegardé: 27 places
2026-03-18T15:30:40.231Z - 
🔄 TJ: Traitement...
2026-03-18T15:30:40.231Z -   ✓ Excel chargé: 0 places
2026-03-18T15:30:40.231Z -   ✓ Master JSON: 0 places
2026-03-18T15:30:40.232Z - 
🔄 TL: Traitement...
2026-03-18T15:30:40.232Z -   ✓ Excel chargé: 0 places
2026-03-18T15:30:40.233Z -   ✓ Master JSON: 0 places
2026-03-18T15:30:40.233Z - 
🔄 TM: Traitement...
2026-03-18T15:30:40.238Z -   ✓ Excel chargé: 8 places
2026-03-18T15:30:40.246Z -   ✓ Master JSON: 8 places
2026-03-18T15:30:40.252Z -   ✓ Excel sauvegardé: 8 places
2026-03-18T15:30:40.253Z - 
🔄 TN: Traitement...
2026-03-18T15:30:40.253Z -   ✓ Excel chargé: 0 places
2026-03-18T15:30:40.253Z -   ✓ Master JSON: 0 places
2026-03-18T15:30:40.254Z - 
🔄 TO: Traitement...
2026-03-18T15:30:40.254Z -   ✓ Excel chargé: 0 places
2026-03-18T15:30:40.255Z -   ✓ Master JSON: 0 places
2026-03-18T15:30:40.255Z - 
🔄 TR: Traitement...
2026-03-18T15:30:40.266Z -   ✓ Excel chargé: 58 places
2026-03-18T15:30:40.292Z -   ✓ Master JSON: 60 places
2026-03-18T15:30:40.292Z -   ✓ 2 nouvelles places ajoutées
2026-03-18T15:30:46.863Z -   ✓ Excel sauvegardé: 60 places
2026-03-18T15:30:46.864Z - 
🔄 TT: Traitement...
2026-03-18T15:30:46.865Z -   ✓ Excel chargé: 0 places
2026-03-18T15:30:46.867Z -   ✓ Master JSON: 0 places
2026-03-18T15:30:46.868Z - 
🔄 TV: Traitement...
2026-03-18T15:30:46.869Z -   ✓ Excel chargé: 0 places
2026-03-18T15:30:46.870Z -   ✓ Master JSON: 0 places
2026-03-18T15:30:46.871Z - 
🔄 TZ: Traitement...
2026-03-18T15:30:46.890Z -   ✓ Excel chargé: 18 places
2026-03-18T15:30:46.907Z -   ✓ Master JSON: 17 places
2026-03-18T15:30:46.917Z -   ✓ Excel sauvegardé: 18 places
2026-03-18T15:30:46.919Z - 
🔄 UA: Traitement...
2026-03-18T15:30:46.919Z -   ✓ Excel chargé: 0 places
2026-03-18T15:30:46.919Z -   ✓ Master JSON: 0 places
2026-03-18T15:30:46.920Z - 
🔄 UG: Traitement...
2026-03-18T15:30:46.920Z -   ✓ Excel chargé: 0 places
2026-03-18T15:30:46.921Z -   ✓ Master JSON: 0 places
2026-03-18T15:30:46.921Z - 
🔄 US: Traitement...
2026-03-18T15:30:46.955Z -   ✓ Excel chargé: 546 places
2026-03-18T15:30:47.020Z -   ✓ Master JSON: 401 places
2026-03-18T15:31:07.634Z -   ✓ Excel sauvegardé: 546 places
2026-03-18T15:31:07.635Z - 
🔄 UY: Traitement...
2026-03-18T15:31:07.636Z -   ✓ Excel chargé: 0 places
2026-03-18T15:31:07.637Z -   ✓ Master JSON: 0 places
2026-03-18T15:31:07.638Z - 
🔄 UZ: Traitement...
2026-03-18T15:31:07.654Z -   ✓ Excel chargé: 6 places
2026-03-18T15:31:07.665Z -   ✓ Master JSON: 6 places
2026-03-18T15:31:07.671Z -   ✓ Excel sauvegardé: 6 places
2026-03-18T15:31:07.672Z - 
🔄 VA: Traitement...
2026-03-18T15:31:07.672Z -   ✓ Excel chargé: 0 places
2026-03-18T15:31:07.672Z -   ✓ Master JSON: 0 places
2026-03-18T15:31:07.673Z - 
🔄 VC: Traitement...
2026-03-18T15:31:07.673Z -   ✓ Excel chargé: 0 places
2026-03-18T15:31:07.674Z -   ✓ Master JSON: 0 places
2026-03-18T15:31:07.674Z - 
🔄 VE: Traitement...
2026-03-18T15:31:07.675Z -   ✓ Excel chargé: 0 places
2026-03-18T15:31:07.675Z -   ✓ Master JSON: 0 places
2026-03-18T15:31:07.676Z - 
🔄 VN: Traitement...
2026-03-18T15:31:07.682Z -   ✓ Excel chargé: 32 places
2026-03-18T15:31:07.695Z -   ✓ Master JSON: 25 places
2026-03-18T15:31:26.047Z -   ✓ Excel sauvegardé: 32 places
2026-03-18T15:31:26.049Z - 
🔄 VU: Traitement...
2026-03-18T15:31:26.050Z -   ✓ Excel chargé: 0 places
2026-03-18T15:31:26.052Z -   ✓ Master JSON: 0 places
2026-03-18T15:31:26.054Z - 
🔄 WF: Traitement...
2026-03-18T15:31:26.056Z -   ✓ Excel chargé: 0 places
2026-03-18T15:31:26.057Z -   ✓ Master JSON: 0 places
2026-03-18T15:31:26.059Z - 
🔄 WS: Traitement...
2026-03-18T15:31:26.061Z -   ✓ Excel chargé: 0 places
2026-03-18T15:31:26.063Z -   ✓ Master JSON: 0 places
2026-03-18T15:31:26.065Z - 
🔄 XX: Traitement...
2026-03-18T15:31:26.066Z -   ✓ Excel chargé: 0 places
2026-03-18T15:31:26.070Z -   ✓ Master JSON: 0 places
2026-03-18T15:31:26.072Z - 
🔄 YE: Traitement...
2026-03-18T15:31:26.074Z -   ✓ Excel chargé: 0 places
2026-03-18T15:31:26.075Z -   ✓ Master JSON: 0 places
2026-03-18T15:31:26.077Z - 
🔄 YT: Traitement...
2026-03-18T15:31:26.092Z -   ✓ Excel chargé: 5 places
2026-03-18T15:31:26.108Z -   ✓ Master JSON: 5 places
2026-03-18T15:31:26.114Z -   ✓ Excel sauvegardé: 5 places
2026-03-18T15:31:26.115Z - 
🔄 ZA: Traitement...
2026-03-18T15:31:26.129Z -   ✓ Excel chargé: 118 places
2026-03-18T15:31:26.149Z -   ✓ Master JSON: 85 places
2026-03-18T15:31:26.180Z -   ✓ Excel sauvegardé: 118 places
2026-03-18T15:31:26.181Z - 
🔄 ZM: Traitement...
2026-03-18T15:31:26.182Z -   ✓ Excel chargé: 0 places
2026-03-18T15:31:26.183Z -   ✓ Master JSON: 0 places
2026-03-18T15:31:26.184Z - 
🔄 ZW: Traitement...
2026-03-18T15:31:26.185Z -   ✓ Excel chargé: 0 places
2026-03-18T15:31:26.185Z -   ✓ Master JSON: 0 places
2026-03-18T15:31:26.186Z - 
🔄 _TR_CACHE: Traitement...
2026-03-18T15:31:26.198Z -   ✓ Excel chargé: 0 places
2026-03-18T15:31:26.199Z -   ✓ Master JSON: 0 places
