2026-03-26T09:25:03.163Z - 
============================================================
2026-03-26T09:25:03.182Z - 🔄 MODE UPDATE - 26/03/2026 10:25:03
2026-03-26T09:25:03.182Z - ============================================================
2026-03-26T09:25:03.336Z - 
🔄 .RATINGS_BACKUPS: Traitement...
2026-03-26T09:25:03.338Z -   ✓ Excel chargé: 0 places
2026-03-26T09:25:03.340Z -   ✓ Master JSON: 0 places
2026-03-26T09:25:03.341Z - 
🔄 AD: Traitement...
2026-03-26T09:25:03.406Z -   ✓ Excel chargé: 0 places
2026-03-26T09:25:03.406Z -   ✓ Master JSON: 0 places
2026-03-26T09:25:03.408Z - 
🔄 AE: Traitement...
2026-03-26T09:25:03.424Z -   ✓ Excel chargé: 9 places
2026-03-26T09:25:03.435Z -   ✓ Master JSON: 8 places
2026-03-26T09:25:03.484Z -   ✓ Excel sauvegardé: 9 places
2026-03-26T09:25:03.485Z - 
🔄 AF: Traitement...
2026-03-26T09:25:03.495Z -   ✓ Excel chargé: 0 places
2026-03-26T09:25:03.496Z -   ✓ Master JSON: 0 places
2026-03-26T09:25:03.497Z - 
🔄 AG: Traitement...
2026-03-26T09:25:03.508Z -   ✓ Excel chargé: 0 places
2026-03-26T09:25:03.510Z -   ✓ Master JSON: 0 places
2026-03-26T09:25:03.512Z - 
🔄 AI: Traitement...
2026-03-26T09:25:03.513Z -   ✓ Excel chargé: 0 places
2026-03-26T09:25:03.514Z -   ✓ Master JSON: 0 places
2026-03-26T09:25:03.515Z - 
🔄 AL: Traitement...
2026-03-26T09:25:03.530Z -   ✓ Excel chargé: 12 places
2026-03-26T09:25:03.546Z -   ✓ Master JSON: 12 places
2026-03-26T09:25:03.578Z -   ✓ Excel sauvegardé: 12 places
2026-03-26T09:25:03.581Z - 
🔄 AM: Traitement...
2026-03-26T09:25:03.602Z -   ✓ Excel chargé: 8 places
2026-03-26T09:25:03.622Z -   ✓ Master JSON: 8 places
2026-03-26T09:25:03.646Z -   ✓ Excel sauvegardé: 8 places
2026-03-26T09:25:03.648Z - 
🔄 AO: Traitement...
2026-03-26T09:25:03.667Z -   ✓ Excel chargé: 0 places
2026-03-26T09:25:03.668Z -   ✓ Master JSON: 0 places
2026-03-26T09:25:03.670Z - 
🔄 AR: Traitement...
2026-03-26T09:25:03.742Z -   ✓ Excel chargé: 46 places
2026-03-26T09:25:03.769Z -   ✓ Master JSON: 23 places
2026-03-26T09:25:03.801Z -   ✓ Excel sauvegardé: 46 places
2026-03-26T09:25:03.802Z - 
🔄 AS: Traitement...
2026-03-26T09:25:03.803Z -   ✓ Excel chargé: 0 places
2026-03-26T09:25:03.803Z -   ✓ Master JSON: 0 places
2026-03-26T09:25:03.804Z - 
🔄 AT: Traitement...
2026-03-26T09:25:03.822Z -   ✓ Excel chargé: 48 places
2026-03-26T09:25:03.840Z -   ✓ Master JSON: 43 places
2026-03-26T09:25:03.869Z -   ✓ Excel sauvegardé: 48 places
2026-03-26T09:25:03.870Z - 
🔄 AU: Traitement...
2026-03-26T09:25:03.896Z -   ✓ Excel chargé: 79 places
2026-03-26T09:25:03.914Z -   ✓ Master JSON: 42 places
2026-03-26T09:25:03.939Z -   ✓ Excel sauvegardé: 79 places
2026-03-26T09:25:03.940Z - 
🔄 AW: Traitement...
2026-03-26T09:25:03.947Z -   ✓ Excel chargé: 0 places
2026-03-26T09:25:03.948Z -   ✓ Master JSON: 0 places
2026-03-26T09:25:03.950Z - 
🔄 AZ: Traitement...
2026-03-26T09:25:03.960Z -   ✓ Excel chargé: 0 places
2026-03-26T09:25:03.961Z -   ✓ Master JSON: 0 places
2026-03-26T09:25:03.963Z - 
🔄 BA: Traitement...
2026-03-26T09:25:03.976Z -   ✓ Excel chargé: 15 places
2026-03-26T09:25:03.990Z -   ✓ Master JSON: 15 places
2026-03-26T09:25:04.001Z -   ✓ Excel sauvegardé: 15 places
2026-03-26T09:25:04.003Z - 
🔄 BB: Traitement...
2026-03-26T09:25:04.009Z -   ✓ Excel chargé: 6 places
2026-03-26T09:25:04.020Z -   ✓ Master JSON: 5 places
2026-03-26T09:25:04.035Z -   ✓ Excel sauvegardé: 6 places
2026-03-26T09:25:04.037Z - 
🔄 BD: Traitement...
2026-03-26T09:25:04.052Z -   ✓ Excel chargé: 16 places
2026-03-26T09:25:04.069Z -   ✓ Master JSON: 13 places
2026-03-26T09:25:04.083Z -   ✓ Excel sauvegardé: 16 places
2026-03-26T09:25:04.085Z - 
🔄 BE: Traitement...
2026-03-26T09:25:04.103Z -   ✓ Excel chargé: 24 places
2026-03-26T09:25:04.131Z -   ✓ Master JSON: 23 places
2026-03-26T09:25:04.174Z -   ✓ Excel sauvegardé: 24 places
2026-03-26T09:25:04.176Z - 
🔄 BF: Traitement...
2026-03-26T09:25:04.189Z -   ✓ Excel chargé: 0 places
2026-03-26T09:25:04.191Z -   ✓ Master JSON: 0 places
2026-03-26T09:25:04.193Z - 
🔄 BG: Traitement...
2026-03-26T09:25:04.211Z -   ✓ Excel chargé: 29 places
2026-03-26T09:25:04.235Z -   ✓ Master JSON: 21 places
2026-03-26T09:25:04.254Z -   ✓ Excel sauvegardé: 29 places
2026-03-26T09:25:04.255Z - 
🔄 BH: Traitement...
2026-03-26T09:25:04.269Z -   ✓ Excel chargé: 0 places
2026-03-26T09:25:04.271Z -   ✓ Master JSON: 0 places
2026-03-26T09:25:04.272Z - 
🔄 BI: Traitement...
2026-03-26T09:25:04.282Z -   ✓ Excel chargé: 0 places
2026-03-26T09:25:04.282Z -   ✓ Master JSON: 0 places
2026-03-26T09:25:04.284Z - 
🔄 BJ: Traitement...
2026-03-26T09:25:04.292Z -   ✓ Excel chargé: 0 places
2026-03-26T09:25:04.293Z -   ✓ Master JSON: 0 places
2026-03-26T09:25:04.295Z - 
🔄 BL: Traitement...
2026-03-26T09:25:04.303Z -   ✓ Excel chargé: 8 places
2026-03-26T09:25:04.306Z -   ✓ Master JSON: 8 places
2026-03-26T09:25:04.315Z -   ✓ Excel sauvegardé: 8 places
2026-03-26T09:25:04.316Z - 
🔄 BM: Traitement...
2026-03-26T09:25:04.323Z -   ✓ Excel chargé: 0 places
2026-03-26T09:25:04.323Z -   ✓ Master JSON: 0 places
2026-03-26T09:25:04.325Z - 
🔄 BN: Traitement...
2026-03-26T09:25:04.332Z -   ✓ Excel chargé: 0 places
2026-03-26T09:25:04.332Z -   ✓ Master JSON: 0 places
2026-03-26T09:25:04.333Z - 
🔄 BO: Traitement...
2026-03-26T09:25:04.339Z -   ✓ Excel chargé: 19 places
2026-03-26T09:25:04.349Z -   ✓ Master JSON: 17 places
2026-03-26T09:25:04.359Z -   ✓ Excel sauvegardé: 19 places
2026-03-26T09:25:04.361Z - 
🔄 BQ: Traitement...
2026-03-26T09:25:04.362Z -   ✓ Excel chargé: 0 places
2026-03-26T09:25:04.363Z -   ✓ Master JSON: 0 places
2026-03-26T09:25:04.364Z - 
🔄 BR: Traitement...
2026-03-26T09:25:04.372Z -   ✓ Excel chargé: 55 places
2026-03-26T09:25:04.387Z -   ✓ Master JSON: 49 places
2026-03-26T09:25:04.407Z -   ✓ Excel sauvegardé: 55 places
2026-03-26T09:25:04.408Z - 
🔄 BS: Traitement...
2026-03-26T09:25:04.415Z -   ✓ Excel chargé: 10 places
2026-03-26T09:25:04.422Z -   ✓ Master JSON: 9 places
2026-03-26T09:25:04.432Z -   ✓ Excel sauvegardé: 10 places
2026-03-26T09:25:04.433Z - 
🔄 BT: Traitement...
2026-03-26T09:25:04.438Z -   ✓ Excel chargé: 0 places
2026-03-26T09:25:04.439Z -   ✓ Master JSON: 0 places
2026-03-26T09:25:04.440Z - 
🔄 BW: Traitement...
2026-03-26T09:25:04.448Z -   ✓ Excel chargé: 17 places
2026-03-26T09:25:04.458Z -   ✓ Master JSON: 15 places
2026-03-26T09:25:04.469Z -   ✓ Excel sauvegardé: 17 places
2026-03-26T09:25:04.470Z - 
🔄 BY: Traitement...
2026-03-26T09:25:04.475Z -   ✓ Excel chargé: 0 places
2026-03-26T09:25:04.476Z -   ✓ Master JSON: 0 places
2026-03-26T09:25:04.477Z - 
🔄 BZ: Traitement...
2026-03-26T09:25:04.484Z -   ✓ Excel chargé: 6 places
2026-03-26T09:25:04.491Z -   ✓ Master JSON: 6 places
2026-03-26T09:25:04.500Z -   ✓ Excel sauvegardé: 6 places
2026-03-26T09:25:04.501Z - 
🔄 CA: Traitement...
2026-03-26T09:25:04.513Z -   ✓ Excel chargé: 64 places
2026-03-26T09:25:04.531Z -   ✓ Master JSON: 54 places
2026-03-26T09:25:04.554Z -   ✓ Excel sauvegardé: 64 places
2026-03-26T09:25:04.555Z - 
🔄 CD: Traitement...
2026-03-26T09:25:04.561Z -   ✓ Excel chargé: 0 places
2026-03-26T09:25:04.562Z -   ✓ Master JSON: 0 places
2026-03-26T09:25:04.563Z - 
🔄 CF: Traitement...
2026-03-26T09:25:04.569Z -   ✓ Excel chargé: 0 places
2026-03-26T09:25:04.570Z -   ✓ Master JSON: 0 places
2026-03-26T09:25:04.571Z - 
🔄 CG: Traitement...
2026-03-26T09:25:04.576Z -   ✓ Excel chargé: 0 places
2026-03-26T09:25:04.577Z -   ✓ Master JSON: 0 places
2026-03-26T09:25:04.579Z - 
🔄 CH: Traitement...
2026-03-26T09:25:04.588Z -   ✓ Excel chargé: 57 places
2026-03-26T09:25:04.604Z -   ✓ Master JSON: 56 places
2026-03-26T09:25:04.623Z -   ✓ Excel sauvegardé: 57 places
2026-03-26T09:25:04.624Z - 
🔄 CI: Traitement...
2026-03-26T09:25:04.632Z -   ✓ Excel chargé: 0 places
2026-03-26T09:25:04.632Z -   ✓ Master JSON: 0 places
2026-03-26T09:25:04.633Z - 
🔄 CK: Traitement...
2026-03-26T09:25:04.634Z -   ✓ Excel chargé: 0 places
2026-03-26T09:25:04.634Z -   ✓ Master JSON: 0 places
2026-03-26T09:25:04.635Z - 
🔄 CL: Traitement...
2026-03-26T09:25:04.641Z -   ✓ Excel chargé: 7 places
2026-03-26T09:25:04.650Z -   ✓ Master JSON: 7 places
2026-03-26T09:25:04.658Z -   ✓ Excel sauvegardé: 7 places
2026-03-26T09:25:04.659Z - 
🔄 CM: Traitement...
2026-03-26T09:25:04.665Z -   ✓ Excel chargé: 0 places
2026-03-26T09:25:04.666Z -   ✓ Master JSON: 0 places
2026-03-26T09:25:04.667Z - 
🔄 CN: Traitement...
2026-03-26T09:25:04.675Z -   ✓ Excel chargé: 60 places
2026-03-26T09:25:04.695Z -   ✓ Master JSON: 56 places
2026-03-26T09:25:04.714Z -   ✓ Excel sauvegardé: 60 places
2026-03-26T09:25:04.715Z - 
🔄 CO: Traitement...
2026-03-26T09:25:04.721Z -   ✓ Excel chargé: 16 places
2026-03-26T09:25:04.731Z -   ✓ Master JSON: 13 places
2026-03-26T09:25:04.742Z -   ✓ Excel sauvegardé: 16 places
2026-03-26T09:25:04.743Z - 
🔄 CR: Traitement...
2026-03-26T09:25:04.750Z -   ✓ Excel chargé: 9 places
2026-03-26T09:25:04.759Z -   ✓ Master JSON: 8 places
2026-03-26T09:25:04.768Z -   ✓ Excel sauvegardé: 9 places
2026-03-26T09:25:04.769Z - 
🔄 CU: Traitement...
2026-03-26T09:25:04.774Z -   ✓ Excel chargé: 17 places
2026-03-26T09:25:04.784Z -   ✓ Master JSON: 17 places
2026-03-26T09:25:04.793Z -   ✓ Excel sauvegardé: 17 places
2026-03-26T09:25:04.794Z - 
🔄 CV: Traitement...
2026-03-26T09:25:04.799Z -   ✓ Excel chargé: 0 places
2026-03-26T09:25:04.800Z -   ✓ Master JSON: 0 places
2026-03-26T09:25:04.801Z - 
🔄 CY: Traitement...
2026-03-26T09:25:04.805Z -   ✓ Excel chargé: 0 places
2026-03-26T09:25:04.806Z -   ✓ Master JSON: 0 places
2026-03-26T09:25:04.807Z - 
🔄 CZ: Traitement...
2026-03-26T09:25:04.814Z -   ✓ Excel chargé: 26 places
2026-03-26T09:25:04.822Z -   ✓ Master JSON: 14 places
2026-03-26T09:25:04.834Z -   ✓ Excel sauvegardé: 26 places
2026-03-26T09:25:04.835Z - 
🔄 DE: Traitement...
2026-03-26T09:25:04.856Z -   ✓ Excel chargé: 125 places
2026-03-26T09:25:04.883Z -   ✓ Master JSON: 119 places
2026-03-26T09:25:04.920Z -   ✓ Excel sauvegardé: 125 places
2026-03-26T09:25:04.922Z - 
🔄 DJ: Traitement...
2026-03-26T09:25:04.922Z -   ✓ Excel chargé: 0 places
2026-03-26T09:25:04.923Z -   ✓ Master JSON: 0 places
2026-03-26T09:25:04.924Z - 
🔄 DK: Traitement...
2026-03-26T09:25:04.931Z -   ✓ Excel chargé: 23 places
2026-03-26T09:25:04.942Z -   ✓ Master JSON: 16 places
2026-03-26T09:25:04.954Z -   ✓ Excel sauvegardé: 23 places
2026-03-26T09:25:04.955Z - 
🔄 DM: Traitement...
2026-03-26T09:25:04.955Z -   ✓ Excel chargé: 0 places
2026-03-26T09:25:04.956Z -   ✓ Master JSON: 0 places
2026-03-26T09:25:04.956Z - 
🔄 DO: Traitement...
2026-03-26T09:25:04.963Z -   ✓ Excel chargé: 18 places
2026-03-26T09:25:04.973Z -   ✓ Master JSON: 16 places
2026-03-26T09:25:04.983Z -   ✓ Excel sauvegardé: 18 places
2026-03-26T09:25:04.984Z - 
🔄 DZ: Traitement...
2026-03-26T09:25:04.984Z -   ✓ Excel chargé: 0 places
2026-03-26T09:25:04.985Z -   ✓ Master JSON: 0 places
2026-03-26T09:25:04.986Z - 
🔄 EA: Traitement...
2026-03-26T09:25:04.992Z -   ✓ Excel chargé: 24 places
2026-03-26T09:25:05.002Z -   ✓ Master JSON: 22 places
2026-03-26T09:25:05.013Z -   ✓ Excel sauvegardé: 24 places
2026-03-26T09:25:05.015Z - 
🔄 EC: Traitement...
2026-03-26T09:25:05.020Z -   ✓ Excel chargé: 18 places
2026-03-26T09:25:05.031Z -   ✓ Master JSON: 14 places
2026-03-26T09:25:05.041Z -   ✓ Excel sauvegardé: 18 places
2026-03-26T09:25:05.042Z - 
🔄 EE: Traitement...
2026-03-26T09:25:05.043Z -   ✓ Excel chargé: 0 places
2026-03-26T09:25:05.043Z -   ✓ Master JSON: 0 places
2026-03-26T09:25:05.044Z - 
🔄 EG: Traitement...
2026-03-26T09:25:05.050Z -   ✓ Excel chargé: 19 places
2026-03-26T09:25:05.059Z -   ✓ Master JSON: 9 places
2026-03-26T09:25:05.070Z -   ✓ Excel sauvegardé: 19 places
2026-03-26T09:25:05.071Z - 
🔄 ER: Traitement...
2026-03-26T09:25:05.072Z -   ✓ Excel chargé: 0 places
2026-03-26T09:25:05.072Z -   ✓ Master JSON: 0 places
2026-03-26T09:25:05.073Z - 
🔄 ES: Traitement...
2026-03-26T09:25:05.099Z -   ✓ Excel chargé: 251 places
2026-03-26T09:25:05.140Z -   ✓ Master JSON: 220 places
2026-03-26T09:25:05.213Z -   ✓ Excel sauvegardé: 251 places
2026-03-26T09:25:05.214Z - 
🔄 ET: Traitement...
2026-03-26T09:25:05.215Z -   ✓ Excel chargé: 0 places
2026-03-26T09:25:05.215Z -   ✓ Master JSON: 0 places
2026-03-26T09:25:05.216Z - 
🔄 FI: Traitement...
2026-03-26T09:25:05.222Z -   ✓ Excel chargé: 23 places
2026-03-26T09:25:05.237Z -   ✓ Master JSON: 19 places
2026-03-26T09:25:05.248Z -   ✓ Excel sauvegardé: 23 places
2026-03-26T09:25:05.249Z - 
🔄 FJ: Traitement...
2026-03-26T09:25:05.250Z -   ✓ Excel chargé: 0 places
2026-03-26T09:25:05.250Z -   ✓ Master JSON: 0 places
2026-03-26T09:25:05.251Z - 
🔄 FM: Traitement...
2026-03-26T09:25:05.252Z -   ✓ Excel chargé: 0 places
2026-03-26T09:25:05.252Z -   ✓ Master JSON: 0 places
2026-03-26T09:25:05.253Z - 
🔄 FR: Traitement...
2026-03-26T09:25:05.364Z -   ✓ Excel chargé: 1344 places
2026-03-26T09:25:05.497Z -   ✓ Master JSON: 1214 places
2026-03-26T09:25:26.499Z -   ✓ Excel sauvegardé: 1344 places
2026-03-26T09:25:26.501Z - 
🔄 GA: Traitement...
2026-03-26T09:25:26.502Z -   ✓ Excel chargé: 0 places
2026-03-26T09:25:26.502Z -   ✓ Master JSON: 0 places
2026-03-26T09:25:26.503Z - 
🔄 GB: Traitement...
2026-03-26T09:25:26.524Z -   ✓ Excel chargé: 209 places
2026-03-26T09:25:26.563Z -   ✓ Master JSON: 196 places
2026-03-26T09:25:26.627Z -   ✓ Excel sauvegardé: 209 places
2026-03-26T09:25:26.628Z - 
🔄 GD: Traitement...
2026-03-26T09:25:26.629Z -   ✓ Excel chargé: 0 places
2026-03-26T09:25:26.629Z -   ✓ Master JSON: 0 places
2026-03-26T09:25:26.630Z - 
🔄 GE: Traitement...
2026-03-26T09:25:26.637Z -   ✓ Excel chargé: 19 places
2026-03-26T09:25:26.646Z -   ✓ Master JSON: 19 places
2026-03-26T09:25:26.655Z -   ✓ Excel sauvegardé: 19 places
2026-03-26T09:25:26.656Z - 
🔄 GF: Traitement...
2026-03-26T09:25:26.662Z -   ✓ Excel chargé: 5 places
2026-03-26T09:25:26.669Z -   ✓ Master JSON: 5 places
2026-03-26T09:25:26.676Z -   ✓ Excel sauvegardé: 5 places
2026-03-26T09:25:26.677Z - 
🔄 GH: Traitement...
2026-03-26T09:25:26.678Z -   ✓ Excel chargé: 0 places
2026-03-26T09:25:26.678Z -   ✓ Master JSON: 0 places
2026-03-26T09:25:26.679Z - 
🔄 GM: Traitement...
2026-03-26T09:25:26.680Z -   ✓ Excel chargé: 0 places
2026-03-26T09:25:26.680Z -   ✓ Master JSON: 0 places
2026-03-26T09:25:26.681Z - 
🔄 GN: Traitement...
2026-03-26T09:25:26.682Z -   ✓ Excel chargé: 0 places
2026-03-26T09:25:26.682Z -   ✓ Master JSON: 0 places
2026-03-26T09:25:26.683Z - 
🔄 GP: Traitement...
2026-03-26T09:25:26.687Z -   ✓ Excel chargé: 8 places
2026-03-26T09:25:26.695Z -   ✓ Master JSON: 8 places
2026-03-26T09:25:26.702Z -   ✓ Excel sauvegardé: 8 places
2026-03-26T09:25:26.703Z - 
🔄 GQ: Traitement...
2026-03-26T09:25:26.704Z -   ✓ Excel chargé: 0 places
2026-03-26T09:25:26.704Z -   ✓ Master JSON: 0 places
2026-03-26T09:25:26.705Z - 
🔄 GR: Traitement...
2026-03-26T09:25:26.725Z -   ✓ Excel chargé: 129 places
2026-03-26T09:25:26.762Z -   ✓ Master JSON: 123 places
2026-03-26T09:25:26.801Z -   ✓ Excel sauvegardé: 129 places
2026-03-26T09:25:26.802Z - 
🔄 GT: Traitement...
2026-03-26T09:25:26.808Z -   ✓ Excel chargé: 9 places
2026-03-26T09:25:26.819Z -   ✓ Master JSON: 8 places
2026-03-26T09:25:26.833Z -   ✓ Excel sauvegardé: 9 places
2026-03-26T09:25:26.834Z - 
🔄 GW: Traitement...
2026-03-26T09:25:26.835Z -   ✓ Excel chargé: 0 places
2026-03-26T09:25:26.836Z -   ✓ Master JSON: 0 places
2026-03-26T09:25:26.837Z - 
🔄 GY: Traitement...
2026-03-26T09:25:26.842Z -   ✓ Excel chargé: 0 places
2026-03-26T09:25:26.844Z -   ✓ Master JSON: 0 places
2026-03-26T09:25:26.846Z - 
🔄 HN: Traitement...
2026-03-26T09:25:26.847Z -   ✓ Excel chargé: 0 places
2026-03-26T09:25:26.847Z -   ✓ Master JSON: 0 places
2026-03-26T09:25:26.848Z - 
🔄 HR: Traitement...
2026-03-26T09:25:26.860Z -   ✓ Excel chargé: 88 places
2026-03-26T09:25:26.881Z -   ✓ Master JSON: 71 places
2026-03-26T09:25:26.906Z -   ✓ Excel sauvegardé: 88 places
2026-03-26T09:25:26.907Z - 
🔄 HT: Traitement...
2026-03-26T09:25:26.908Z -   ✓ Excel chargé: 0 places
2026-03-26T09:25:26.908Z -   ✓ Master JSON: 0 places
2026-03-26T09:25:26.910Z - 
🔄 HU: Traitement...
2026-03-26T09:25:26.916Z -   ✓ Excel chargé: 34 places
2026-03-26T09:25:26.930Z -   ✓ Master JSON: 34 places
2026-03-26T09:25:26.946Z -   ✓ Excel sauvegardé: 34 places
2026-03-26T09:25:26.947Z - 
🔄 ID: Traitement...
2026-03-26T09:25:26.957Z -   ✓ Excel chargé: 102 places
2026-03-26T09:25:26.979Z -   ✓ Master JSON: 74 places
2026-03-26T09:25:27.005Z -   ✓ Excel sauvegardé: 102 places
2026-03-26T09:25:27.006Z - 
🔄 IE: Traitement...
2026-03-26T09:25:27.016Z -   ✓ Excel chargé: 32 places
2026-03-26T09:25:27.028Z -   ✓ Master JSON: 23 places
2026-03-26T09:25:27.041Z -   ✓ Excel sauvegardé: 32 places
2026-03-26T09:25:27.042Z - 
🔄 IL: Traitement...
2026-03-26T09:25:27.048Z -   ✓ Excel chargé: 12 places
2026-03-26T09:25:27.055Z -   ✓ Master JSON: 12 places
2026-03-26T09:25:27.064Z -   ✓ Excel sauvegardé: 12 places
2026-03-26T09:25:27.065Z - 
🔄 IN: Traitement...
2026-03-26T09:25:27.074Z -   ✓ Excel chargé: 81 places
2026-03-26T09:25:27.092Z -   ✓ Master JSON: 56 places
2026-03-26T09:25:27.119Z -   ✓ Excel sauvegardé: 81 places
2026-03-26T09:25:27.120Z - 
🔄 IQ: Traitement...
2026-03-26T09:25:27.121Z -   ✓ Excel chargé: 0 places
2026-03-26T09:25:27.121Z -   ✓ Master JSON: 0 places
2026-03-26T09:25:27.122Z - 
🔄 IR: Traitement...
2026-03-26T09:25:27.122Z -   ✓ Excel chargé: 0 places
2026-03-26T09:25:27.123Z -   ✓ Master JSON: 0 places
2026-03-26T09:25:27.123Z - 
🔄 IS: Traitement...
2026-03-26T09:25:27.130Z -   ✓ Excel chargé: 21 places
2026-03-26T09:25:27.134Z -   ✓ Master JSON: 18 places
2026-03-26T09:25:27.145Z -   ✓ Excel sauvegardé: 21 places
2026-03-26T09:25:27.146Z - 
🔄 IT: Traitement...
2026-03-26T09:25:27.185Z -   ✓ Excel chargé: 627 places
2026-03-26T09:25:27.257Z -   ✓ Master JSON: 532 places
2026-03-26T09:25:27.403Z -   ✓ Excel sauvegardé: 627 places
2026-03-26T09:25:27.404Z - 
🔄 JM: Traitement...
2026-03-26T09:25:27.405Z -   ✓ Excel chargé: 0 places
2026-03-26T09:25:27.405Z -   ✓ Master JSON: 0 places
2026-03-26T09:25:27.406Z - 
🔄 JO: Traitement...
2026-03-26T09:25:27.412Z -   ✓ Excel chargé: 8 places
2026-03-26T09:25:27.414Z -   ✓ Master JSON: 6 places
2026-03-26T09:25:27.421Z -   ✓ Excel sauvegardé: 8 places
2026-03-26T09:25:27.422Z - 
🔄 JP: Traitement...
2026-03-26T09:25:27.433Z -   ✓ Excel chargé: 116 places
2026-03-26T09:25:27.452Z -   ✓ Master JSON: 113 places
2026-03-26T09:25:27.483Z -   ✓ Excel sauvegardé: 116 places
2026-03-26T09:25:27.484Z - 
🔄 KE: Traitement...
2026-03-26T09:25:27.489Z -   ✓ Excel chargé: 10 places
2026-03-26T09:25:27.490Z -   ✓ Master JSON: 0 places
2026-03-26T09:25:27.498Z -   ✓ Excel sauvegardé: 10 places
2026-03-26T09:25:27.499Z - 
🔄 KG: Traitement...
2026-03-26T09:25:27.499Z -   ✓ Excel chargé: 0 places
2026-03-26T09:25:27.500Z -   ✓ Master JSON: 0 places
2026-03-26T09:25:27.500Z - 
🔄 KH: Traitement...
2026-03-26T09:25:27.506Z -   ✓ Excel chargé: 10 places
2026-03-26T09:25:27.515Z -   ✓ Master JSON: 8 places
2026-03-26T09:25:27.521Z -   ✓ Excel sauvegardé: 10 places
2026-03-26T09:25:27.522Z - 
🔄 KI: Traitement...
2026-03-26T09:25:27.523Z -   ✓ Excel chargé: 0 places
2026-03-26T09:25:27.523Z -   ✓ Master JSON: 0 places
2026-03-26T09:25:27.524Z - 
🔄 KM: Traitement...
2026-03-26T09:25:27.524Z -   ✓ Excel chargé: 0 places
2026-03-26T09:25:27.525Z -   ✓ Master JSON: 0 places
2026-03-26T09:25:27.525Z - 
🔄 KN: Traitement...
2026-03-26T09:25:27.526Z -   ✓ Excel chargé: 0 places
2026-03-26T09:25:27.526Z -   ✓ Master JSON: 0 places
2026-03-26T09:25:27.528Z - 
🔄 KP: Traitement...
2026-03-26T09:25:27.529Z -   ✓ Excel chargé: 0 places
2026-03-26T09:25:27.529Z -   ✓ Master JSON: 0 places
2026-03-26T09:25:27.530Z - 
🔄 KR: Traitement...
2026-03-26T09:25:27.534Z -   ✓ Excel chargé: 6 places
2026-03-26T09:25:27.543Z -   ✓ Master JSON: 5 places
2026-03-26T09:25:27.550Z -   ✓ Excel sauvegardé: 6 places
2026-03-26T09:25:27.551Z - 
🔄 KW: Traitement...
2026-03-26T09:25:27.552Z -   ✓ Excel chargé: 0 places
2026-03-26T09:25:27.552Z -   ✓ Master JSON: 0 places
2026-03-26T09:25:27.553Z - 
🔄 KZ: Traitement...
2026-03-26T09:25:27.559Z -   ✓ Excel chargé: 19 places
2026-03-26T09:25:27.567Z -   ✓ Master JSON: 19 places
2026-03-26T09:25:27.576Z -   ✓ Excel sauvegardé: 19 places
2026-03-26T09:25:27.577Z - 
🔄 LA: Traitement...
2026-03-26T09:25:27.585Z -   ✓ Excel chargé: 44 places
2026-03-26T09:25:27.598Z -   ✓ Master JSON: 20 places
2026-03-26T09:25:27.613Z -   ✓ Excel sauvegardé: 44 places
2026-03-26T09:25:27.614Z - 
🔄 LB: Traitement...
2026-03-26T09:25:27.615Z -   ✓ Excel chargé: 0 places
2026-03-26T09:25:27.615Z -   ✓ Master JSON: 0 places
2026-03-26T09:25:27.616Z - 
🔄 LC: Traitement...
2026-03-26T09:25:27.616Z -   ✓ Excel chargé: 0 places
2026-03-26T09:25:27.617Z -   ✓ Master JSON: 0 places
2026-03-26T09:25:27.617Z - 
🔄 LI: Traitement...
2026-03-26T09:25:27.618Z -   ✓ Excel chargé: 0 places
2026-03-26T09:25:27.618Z -   ✓ Master JSON: 0 places
2026-03-26T09:25:27.619Z - 
🔄 LK: Traitement...
2026-03-26T09:25:27.625Z -   ✓ Excel chargé: 35 places
2026-03-26T09:25:27.637Z -   ✓ Master JSON: 34 places
2026-03-26T09:25:27.650Z -   ✓ Excel sauvegardé: 35 places
2026-03-26T09:25:27.651Z - 
🔄 LR: Traitement...
2026-03-26T09:25:27.651Z -   ✓ Excel chargé: 0 places
2026-03-26T09:25:27.652Z -   ✓ Master JSON: 0 places
2026-03-26T09:25:27.653Z - 
🔄 LS: Traitement...
2026-03-26T09:25:27.653Z -   ✓ Excel chargé: 0 places
2026-03-26T09:25:27.653Z -   ✓ Master JSON: 0 places
2026-03-26T09:25:27.654Z - 
🔄 LT: Traitement...
2026-03-26T09:25:27.659Z -   ✓ Excel chargé: 4 places
2026-03-26T09:25:27.667Z -   ✓ Master JSON: 4 places
2026-03-26T09:25:27.672Z -   ✓ Excel sauvegardé: 4 places
2026-03-26T09:25:27.673Z - 
🔄 LU: Traitement...
2026-03-26T09:25:27.674Z -   ✓ Excel chargé: 0 places
2026-03-26T09:25:27.674Z -   ✓ Master JSON: 0 places
2026-03-26T09:25:27.675Z - 
🔄 LV: Traitement...
2026-03-26T09:25:27.680Z -   ✓ Excel chargé: 11 places
2026-03-26T09:25:27.689Z -   ✓ Master JSON: 11 places
2026-03-26T09:25:27.697Z -   ✓ Excel sauvegardé: 11 places
2026-03-26T09:25:27.698Z - 
🔄 LY: Traitement...
2026-03-26T09:25:27.699Z -   ✓ Excel chargé: 0 places
2026-03-26T09:25:27.699Z -   ✓ Master JSON: 0 places
2026-03-26T09:25:27.700Z - 
🔄 MA: Traitement...
2026-03-26T09:25:27.704Z -   ✓ Excel chargé: 5 places
2026-03-26T09:25:27.712Z -   ✓ Master JSON: 5 places
2026-03-26T09:25:27.717Z -   ✓ Excel sauvegardé: 5 places
2026-03-26T09:25:27.718Z - 
🔄 MC: Traitement...
2026-03-26T09:25:27.718Z -   ✓ Excel chargé: 0 places
2026-03-26T09:25:27.719Z -   ✓ Master JSON: 0 places
2026-03-26T09:25:27.720Z - 
🔄 MD: Traitement...
2026-03-26T09:25:27.724Z -   ✓ Excel chargé: 6 places
2026-03-26T09:25:27.732Z -   ✓ Master JSON: 6 places
2026-03-26T09:25:27.737Z -   ✓ Excel sauvegardé: 6 places
2026-03-26T09:25:27.737Z - 
🔄 ME: Traitement...
2026-03-26T09:25:27.742Z -   ✓ Excel chargé: 12 places
2026-03-26T09:25:27.752Z -   ✓ Master JSON: 12 places
2026-03-26T09:25:27.758Z -   ✓ Excel sauvegardé: 12 places
2026-03-26T09:25:27.758Z - 
🔄 MF: Traitement...
2026-03-26T09:25:27.764Z -   ✓ Excel chargé: 5 places
2026-03-26T09:25:27.771Z -   ✓ Master JSON: 4 places
2026-03-26T09:25:27.777Z -   ✓ Excel sauvegardé: 5 places
2026-03-26T09:25:27.778Z - 
🔄 MG: Traitement...
2026-03-26T09:25:27.783Z -   ✓ Excel chargé: 20 places
2026-03-26T09:25:27.791Z -   ✓ Master JSON: 19 places
2026-03-26T09:25:27.801Z -   ✓ Excel sauvegardé: 20 places
2026-03-26T09:25:27.802Z - 
🔄 MH: Traitement...
2026-03-26T09:25:27.803Z -   ✓ Excel chargé: 0 places
2026-03-26T09:25:27.803Z -   ✓ Master JSON: 0 places
2026-03-26T09:25:27.804Z - 
🔄 MK: Traitement...
2026-03-26T09:25:27.804Z -   ✓ Excel chargé: 0 places
2026-03-26T09:25:27.805Z -   ✓ Master JSON: 0 places
2026-03-26T09:25:27.805Z - 
🔄 ML: Traitement...
2026-03-26T09:25:27.806Z -   ✓ Excel chargé: 0 places
2026-03-26T09:25:27.806Z -   ✓ Master JSON: 0 places
2026-03-26T09:25:27.807Z - 
🔄 MM: Traitement...
2026-03-26T09:25:27.807Z -   ✓ Excel chargé: 0 places
2026-03-26T09:25:27.808Z -   ✓ Master JSON: 0 places
2026-03-26T09:25:27.808Z - 
🔄 MN: Traitement...
2026-03-26T09:25:27.815Z -   ✓ Excel chargé: 25 places
2026-03-26T09:25:27.825Z -   ✓ Master JSON: 24 places
2026-03-26T09:25:27.836Z -   ✓ Excel sauvegardé: 25 places
2026-03-26T09:25:27.837Z - 
🔄 MQ: Traitement...
2026-03-26T09:25:27.842Z -   ✓ Excel chargé: 5 places
2026-03-26T09:25:27.852Z -   ✓ Master JSON: 5 places
2026-03-26T09:25:27.858Z -   ✓ Excel sauvegardé: 5 places
2026-03-26T09:25:27.859Z - 
🔄 MR: Traitement...
2026-03-26T09:25:27.860Z -   ✓ Excel chargé: 0 places
2026-03-26T09:25:27.860Z -   ✓ Master JSON: 0 places
2026-03-26T09:25:27.861Z - 
🔄 MT: Traitement...
2026-03-26T09:25:27.862Z -   ✓ Excel chargé: 0 places
2026-03-26T09:25:27.862Z -   ✓ Master JSON: 0 places
2026-03-26T09:25:27.863Z - 
🔄 MU: Traitement...
2026-03-26T09:25:27.868Z -   ✓ Excel chargé: 15 places
2026-03-26T09:25:27.876Z -   ✓ Master JSON: 14 places
2026-03-26T09:25:27.886Z -   ✓ Excel sauvegardé: 15 places
2026-03-26T09:25:27.886Z - 
🔄 MV: Traitement...
2026-03-26T09:25:27.887Z -   ✓ Excel chargé: 0 places
2026-03-26T09:25:27.887Z -   ✓ Master JSON: 0 places
2026-03-26T09:25:27.888Z - 
🔄 MW: Traitement...
2026-03-26T09:25:27.888Z -   ✓ Excel chargé: 0 places
2026-03-26T09:25:27.889Z -   ✓ Master JSON: 0 places
2026-03-26T09:25:27.890Z - 
🔄 MX: Traitement...
2026-03-26T09:25:27.897Z -   ✓ Excel chargé: 28 places
2026-03-26T09:25:27.906Z -   ✓ Master JSON: 27 places
2026-03-26T09:25:27.918Z -   ✓ Excel sauvegardé: 28 places
2026-03-26T09:25:27.919Z - 
🔄 MY: Traitement...
2026-03-26T09:25:27.924Z -   ✓ Excel chargé: 10 places
2026-03-26T09:25:27.935Z -   ✓ Master JSON: 10 places
2026-03-26T09:25:27.941Z -   ✓ Excel sauvegardé: 10 places
2026-03-26T09:25:27.941Z - 
🔄 MZ: Traitement...
2026-03-26T09:25:27.942Z -   ✓ Excel chargé: 0 places
2026-03-26T09:25:27.942Z -   ✓ Master JSON: 0 places
2026-03-26T09:25:27.943Z - 
🔄 NA: Traitement...
2026-03-26T09:25:27.951Z -   ✓ Excel chargé: 50 places
2026-03-26T09:25:27.964Z -   ✓ Master JSON: 27 places
2026-03-26T09:25:27.979Z -   ✓ Excel sauvegardé: 50 places
2026-03-26T09:25:27.980Z - 
🔄 NC: Traitement...
2026-03-26T09:25:27.984Z -   ✓ Excel chargé: 6 places
2026-03-26T09:25:27.993Z -   ✓ Master JSON: 5 places
2026-03-26T09:25:27.998Z -   ✓ Excel sauvegardé: 6 places
2026-03-26T09:25:27.999Z - 
🔄 NE: Traitement...
2026-03-26T09:25:28.000Z -   ✓ Excel chargé: 0 places
2026-03-26T09:25:28.000Z -   ✓ Master JSON: 0 places
2026-03-26T09:25:28.001Z - 
🔄 NG: Traitement...
2026-03-26T09:25:28.001Z -   ✓ Excel chargé: 0 places
2026-03-26T09:25:28.002Z -   ✓ Master JSON: 0 places
2026-03-26T09:25:28.002Z - 
🔄 NI: Traitement...
2026-03-26T09:25:28.009Z -   ✓ Excel chargé: 44 places
2026-03-26T09:25:28.021Z -   ✓ Master JSON: 17 places
2026-03-26T09:25:28.036Z -   ✓ Excel sauvegardé: 44 places
2026-03-26T09:25:28.037Z - 
🔄 NL: Traitement...
2026-03-26T09:25:28.043Z -   ✓ Excel chargé: 29 places
2026-03-26T09:25:28.053Z -   ✓ Master JSON: 28 places
2026-03-26T09:25:28.064Z -   ✓ Excel sauvegardé: 29 places
2026-03-26T09:25:28.065Z - 
🔄 NO: Traitement...
2026-03-26T09:25:28.070Z -   ✓ Excel chargé: 16 places
2026-03-26T09:25:28.078Z -   ✓ Master JSON: 4 places
2026-03-26T09:25:28.086Z -   ✓ Excel sauvegardé: 16 places
2026-03-26T09:25:28.087Z - 
🔄 NP: Traitement...
2026-03-26T09:25:28.088Z -   ✓ Excel chargé: 0 places
2026-03-26T09:25:28.088Z -   ✓ Master JSON: 0 places
2026-03-26T09:25:28.089Z - 
🔄 NR: Traitement...
2026-03-26T09:25:28.089Z -   ✓ Excel chargé: 0 places
2026-03-26T09:25:28.090Z -   ✓ Master JSON: 0 places
2026-03-26T09:25:28.090Z - 
🔄 NZ: Traitement...
2026-03-26T09:25:28.098Z -   ✓ Excel chargé: 46 places
2026-03-26T09:25:28.107Z -   ✓ Master JSON: 33 places
2026-03-26T09:25:28.121Z -   ✓ Excel sauvegardé: 46 places
2026-03-26T09:25:28.122Z - 
🔄 OM: Traitement...
2026-03-26T09:25:28.126Z -   ✓ Excel chargé: 5 places
2026-03-26T09:25:28.134Z -   ✓ Master JSON: 5 places
2026-03-26T09:25:28.139Z -   ✓ Excel sauvegardé: 5 places
2026-03-26T09:25:28.140Z - 
🔄 PA: Traitement...
2026-03-26T09:25:28.146Z -   ✓ Excel chargé: 9 places
2026-03-26T09:25:28.153Z -   ✓ Master JSON: 8 places
2026-03-26T09:25:28.159Z -   ✓ Excel sauvegardé: 9 places
2026-03-26T09:25:28.160Z - 
🔄 PE: Traitement...
2026-03-26T09:25:28.165Z -   ✓ Excel chargé: 18 places
2026-03-26T09:25:28.173Z -   ✓ Master JSON: 18 places
2026-03-26T09:25:28.182Z -   ✓ Excel sauvegardé: 18 places
2026-03-26T09:25:28.183Z - 
🔄 PF: Traitement...
2026-03-26T09:25:28.189Z -   ✓ Excel chargé: 33 places
2026-03-26T09:25:28.202Z -   ✓ Master JSON: 31 places
2026-03-26T09:25:28.215Z -   ✓ Excel sauvegardé: 33 places
2026-03-26T09:25:28.216Z - 
🔄 PG: Traitement...
2026-03-26T09:25:28.216Z -   ✓ Excel chargé: 0 places
2026-03-26T09:25:28.217Z -   ✓ Master JSON: 0 places
2026-03-26T09:25:28.218Z - 
🔄 PH: Traitement...
2026-03-26T09:25:28.223Z -   ✓ Excel chargé: 11 places
2026-03-26T09:25:28.232Z -   ✓ Master JSON: 11 places
2026-03-26T09:25:28.239Z -   ✓ Excel sauvegardé: 11 places
2026-03-26T09:25:28.240Z - 
🔄 PK: Traitement...
2026-03-26T09:25:28.240Z -   ✓ Excel chargé: 0 places
2026-03-26T09:25:28.241Z -   ✓ Master JSON: 0 places
2026-03-26T09:25:28.242Z - 
🔄 PL: Traitement...
2026-03-26T09:25:28.248Z -   ✓ Excel chargé: 35 places
2026-03-26T09:25:28.260Z -   ✓ Master JSON: 35 places
2026-03-26T09:25:28.273Z -   ✓ Excel sauvegardé: 35 places
2026-03-26T09:25:28.273Z - 
🔄 PM: Traitement...
2026-03-26T09:25:28.274Z -   ✓ Excel chargé: 0 places
2026-03-26T09:25:28.274Z -   ✓ Master JSON: 0 places
2026-03-26T09:25:28.275Z - 
🔄 PT: Traitement...
2026-03-26T09:25:28.283Z -   ✓ Excel chargé: 68 places
2026-03-26T09:25:28.300Z -   ✓ Master JSON: 49 places
2026-03-26T09:25:28.319Z -   ✓ Excel sauvegardé: 68 places
2026-03-26T09:25:28.320Z - 
🔄 PW: Traitement...
2026-03-26T09:25:28.320Z -   ✓ Excel chargé: 0 places
2026-03-26T09:25:28.321Z -   ✓ Master JSON: 0 places
2026-03-26T09:25:28.322Z - 
🔄 PY: Traitement...
2026-03-26T09:25:28.328Z -   ✓ Excel chargé: 4 places
2026-03-26T09:25:28.335Z -   ✓ Master JSON: 4 places
2026-03-26T09:25:28.342Z -   ✓ Excel sauvegardé: 4 places
2026-03-26T09:25:28.343Z - 
🔄 QA: Traitement...
2026-03-26T09:25:28.343Z -   ✓ Excel chargé: 0 places
2026-03-26T09:25:28.344Z -   ✓ Master JSON: 0 places
2026-03-26T09:25:28.345Z - 
🔄 RE: Traitement...
2026-03-26T09:25:28.350Z -   ✓ Excel chargé: 7 places
2026-03-26T09:25:28.352Z -   ✓ Master JSON: 7 places
2026-03-26T09:25:42.664Z -   ✓ Excel sauvegardé: 7 places
2026-03-26T09:25:42.666Z - 
🔄 RO: Traitement...
2026-03-26T09:25:42.679Z -   ✓ Excel chargé: 15 places
2026-03-26T09:25:42.699Z -   ✓ Master JSON: 13 places
2026-03-26T09:25:42.709Z -   ✓ Excel sauvegardé: 15 places
2026-03-26T09:25:42.710Z - 
🔄 RS: Traitement...
2026-03-26T09:25:42.716Z -   ✓ Excel chargé: 14 places
2026-03-26T09:25:42.724Z -   ✓ Master JSON: 14 places
2026-03-26T09:25:42.732Z -   ✓ Excel sauvegardé: 14 places
2026-03-26T09:25:42.733Z - 
🔄 RT IMPORTES: Traitement...
2026-03-26T09:25:42.733Z -   ✓ Excel chargé: 0 places
2026-03-26T09:25:42.734Z -   ✓ Master JSON: 0 places
2026-03-26T09:25:42.735Z - 
🔄 RU: Traitement...
2026-03-26T09:25:42.735Z -   ✓ Excel chargé: 0 places
2026-03-26T09:25:42.735Z -   ✓ Master JSON: 0 places
2026-03-26T09:25:42.736Z - 
🔄 RW: Traitement...
2026-03-26T09:25:42.741Z -   ✓ Excel chargé: 4 places
2026-03-26T09:25:42.742Z -   ✓ Master JSON: 0 places
2026-03-26T09:25:42.748Z -   ✓ Excel sauvegardé: 4 places
2026-03-26T09:25:42.748Z - 
🔄 SA: Traitement...
2026-03-26T09:25:42.749Z -   ✓ Excel chargé: 0 places
2026-03-26T09:25:42.749Z -   ✓ Master JSON: 0 places
2026-03-26T09:25:42.750Z - 
🔄 SB: Traitement...
2026-03-26T09:25:42.750Z -   ✓ Excel chargé: 0 places
2026-03-26T09:25:42.751Z -   ✓ Master JSON: 0 places
2026-03-26T09:25:42.751Z - 
🔄 SC: Traitement...
2026-03-26T09:25:42.752Z -   ✓ Excel chargé: 0 places
2026-03-26T09:25:42.752Z -   ✓ Master JSON: 0 places
2026-03-26T09:25:42.753Z - 
🔄 SD: Traitement...
2026-03-26T09:25:42.753Z -   ✓ Excel chargé: 0 places
2026-03-26T09:25:42.754Z -   ✓ Master JSON: 0 places
2026-03-26T09:25:42.755Z - 
🔄 SE: Traitement...
2026-03-26T09:25:42.762Z -   ✓ Excel chargé: 41 places
2026-03-26T09:25:42.773Z -   ✓ Master JSON: 41 places
2026-03-26T09:25:42.786Z -   ✓ Excel sauvegardé: 41 places
2026-03-26T09:25:42.787Z - 
🔄 SG: Traitement...
2026-03-26T09:25:42.787Z -   ✓ Excel chargé: 0 places
2026-03-26T09:25:42.788Z -   ✓ Master JSON: 0 places
2026-03-26T09:25:42.789Z - 
🔄 SI: Traitement...
2026-03-26T09:25:42.794Z -   ✓ Excel chargé: 9 places
2026-03-26T09:25:42.801Z -   ✓ Master JSON: 9 places
2026-03-26T09:25:42.808Z -   ✓ Excel sauvegardé: 9 places
2026-03-26T09:25:42.808Z - 
🔄 SK: Traitement...
2026-03-26T09:25:42.813Z -   ✓ Excel chargé: 11 places
2026-03-26T09:25:42.823Z -   ✓ Master JSON: 11 places
2026-03-26T09:25:42.829Z -   ✓ Excel sauvegardé: 11 places
2026-03-26T09:25:42.830Z - 
🔄 SL: Traitement...
2026-03-26T09:25:42.830Z -   ✓ Excel chargé: 0 places
2026-03-26T09:25:42.830Z -   ✓ Master JSON: 0 places
2026-03-26T09:25:42.831Z - 
🔄 SM: Traitement...
2026-03-26T09:25:42.832Z -   ✓ Excel chargé: 0 places
2026-03-26T09:25:42.832Z -   ✓ Master JSON: 0 places
2026-03-26T09:25:42.833Z - 
🔄 SN: Traitement...
2026-03-26T09:25:42.838Z -   ✓ Excel chargé: 8 places
2026-03-26T09:25:42.847Z -   ✓ Master JSON: 8 places
2026-03-26T09:25:42.852Z -   ✓ Excel sauvegardé: 8 places
2026-03-26T09:25:42.853Z - 
🔄 SO: Traitement...
2026-03-26T09:25:42.854Z -   ✓ Excel chargé: 0 places
2026-03-26T09:25:42.854Z -   ✓ Master JSON: 0 places
2026-03-26T09:25:42.855Z - 
🔄 SR: Traitement...
2026-03-26T09:25:42.860Z -   ✓ Excel chargé: 10 places
2026-03-26T09:25:42.860Z -   ✓ Master JSON: 0 places
2026-03-26T09:25:42.867Z -   ✓ Excel sauvegardé: 10 places
2026-03-26T09:25:42.868Z - 
🔄 SS: Traitement...
2026-03-26T09:25:42.869Z -   ✓ Excel chargé: 0 places
2026-03-26T09:25:42.870Z -   ✓ Master JSON: 0 places
2026-03-26T09:25:42.871Z - 
🔄 ST: Traitement...
2026-03-26T09:25:42.872Z -   ✓ Excel chargé: 0 places
2026-03-26T09:25:42.872Z -   ✓ Master JSON: 0 places
2026-03-26T09:25:42.873Z - 
🔄 SV: Traitement...
2026-03-26T09:25:42.878Z -   ✓ Excel chargé: 10 places
2026-03-26T09:25:42.888Z -   ✓ Master JSON: 9 places
2026-03-26T09:25:42.895Z -   ✓ Excel sauvegardé: 10 places
2026-03-26T09:25:42.896Z - 
🔄 SY: Traitement...
2026-03-26T09:25:42.897Z -   ✓ Excel chargé: 0 places
2026-03-26T09:25:42.897Z -   ✓ Master JSON: 0 places
2026-03-26T09:25:42.898Z - 
🔄 SZ: Traitement...
2026-03-26T09:25:42.898Z -   ✓ Excel chargé: 0 places
2026-03-26T09:25:42.899Z -   ✓ Master JSON: 0 places
2026-03-26T09:25:42.899Z - 
🔄 TD: Traitement...
2026-03-26T09:25:42.900Z -   ✓ Excel chargé: 0 places
2026-03-26T09:25:42.900Z -   ✓ Master JSON: 0 places
2026-03-26T09:25:42.901Z - 
🔄 TG: Traitement...
2026-03-26T09:25:42.901Z -   ✓ Excel chargé: 0 places
2026-03-26T09:25:42.902Z -   ✓ Master JSON: 0 places
2026-03-26T09:25:42.902Z - 
🔄 TH: Traitement...
2026-03-26T09:25:42.910Z -   ✓ Excel chargé: 27 places
2026-03-26T09:25:42.920Z -   ✓ Master JSON: 23 places
2026-03-26T09:25:42.931Z -   ✓ Excel sauvegardé: 27 places
2026-03-26T09:25:42.932Z - 
🔄 TJ: Traitement...
2026-03-26T09:25:42.933Z -   ✓ Excel chargé: 0 places
2026-03-26T09:25:42.933Z -   ✓ Master JSON: 0 places
2026-03-26T09:25:42.934Z - 
🔄 TL: Traitement...
2026-03-26T09:25:42.934Z -   ✓ Excel chargé: 0 places
2026-03-26T09:25:42.935Z -   ✓ Master JSON: 0 places
2026-03-26T09:25:42.935Z - 
🔄 TM: Traitement...
2026-03-26T09:25:42.941Z -   ✓ Excel chargé: 8 places
2026-03-26T09:25:42.948Z -   ✓ Master JSON: 8 places
2026-03-26T09:25:42.954Z -   ✓ Excel sauvegardé: 8 places
2026-03-26T09:25:42.956Z - 
🔄 TN: Traitement...
2026-03-26T09:25:42.956Z -   ✓ Excel chargé: 0 places
2026-03-26T09:25:42.957Z -   ✓ Master JSON: 0 places
2026-03-26T09:25:42.957Z - 
🔄 TO: Traitement...
2026-03-26T09:25:42.958Z -   ✓ Excel chargé: 0 places
2026-03-26T09:25:42.958Z -   ✓ Master JSON: 0 places
2026-03-26T09:25:42.959Z - 
🔄 TR: Traitement...
2026-03-26T09:25:42.967Z -   ✓ Excel chargé: 59 places
2026-03-26T09:25:42.980Z -   ✓ Master JSON: 59 places
2026-03-26T09:25:43.002Z -   ✓ Excel sauvegardé: 59 places
2026-03-26T09:25:43.003Z - 
🔄 TT: Traitement...
2026-03-26T09:25:43.003Z -   ✓ Excel chargé: 0 places
2026-03-26T09:25:43.004Z -   ✓ Master JSON: 0 places
2026-03-26T09:25:43.005Z - 
🔄 TV: Traitement...
2026-03-26T09:25:43.006Z -   ✓ Excel chargé: 0 places
2026-03-26T09:25:43.007Z -   ✓ Master JSON: 0 places
2026-03-26T09:25:43.007Z - 
🔄 TZ: Traitement...
2026-03-26T09:25:43.013Z -   ✓ Excel chargé: 18 places
2026-03-26T09:25:43.023Z -   ✓ Master JSON: 17 places
2026-03-26T09:25:43.030Z -   ✓ Excel sauvegardé: 18 places
2026-03-26T09:25:43.030Z - 
🔄 UA: Traitement...
2026-03-26T09:25:43.031Z -   ✓ Excel chargé: 0 places
2026-03-26T09:25:43.031Z -   ✓ Master JSON: 0 places
2026-03-26T09:25:43.032Z - 
🔄 UG: Traitement...
2026-03-26T09:25:43.036Z -   ✓ Excel chargé: 9 places
2026-03-26T09:25:43.037Z -   ✓ Master JSON: 0 places
2026-03-26T09:25:43.043Z -   ✓ Excel sauvegardé: 9 places
2026-03-26T09:25:43.044Z - 
🔄 US: Traitement...
2026-03-26T09:25:43.075Z -   ✓ Excel chargé: 546 places
2026-03-26T09:25:43.135Z -   ✓ Master JSON: 401 places
2026-03-26T09:25:43.256Z -   ✓ Excel sauvegardé: 546 places
2026-03-26T09:25:43.257Z - 
🔄 UY: Traitement...
2026-03-26T09:25:43.257Z -   ✓ Excel chargé: 0 places
2026-03-26T09:25:43.258Z -   ✓ Master JSON: 0 places
2026-03-26T09:25:43.259Z - 
🔄 UZ: Traitement...
2026-03-26T09:25:43.266Z -   ✓ Excel chargé: 6 places
2026-03-26T09:25:43.275Z -   ✓ Master JSON: 6 places
2026-03-26T09:25:43.281Z -   ✓ Excel sauvegardé: 6 places
2026-03-26T09:25:43.282Z - 
🔄 VA: Traitement...
2026-03-26T09:25:43.283Z -   ✓ Excel chargé: 0 places
2026-03-26T09:25:43.283Z -   ✓ Master JSON: 0 places
2026-03-26T09:25:43.285Z - 
🔄 VC: Traitement...
2026-03-26T09:25:43.285Z -   ✓ Excel chargé: 0 places
2026-03-26T09:25:43.286Z -   ✓ Master JSON: 0 places
2026-03-26T09:25:43.287Z - 
🔄 VE: Traitement...
2026-03-26T09:25:43.287Z -   ✓ Excel chargé: 0 places
2026-03-26T09:25:43.288Z -   ✓ Master JSON: 0 places
2026-03-26T09:25:43.290Z - 
🔄 VN: Traitement...
2026-03-26T09:25:43.296Z -   ✓ Excel chargé: 32 places
2026-03-26T09:25:43.309Z -   ✓ Master JSON: 25 places
2026-03-26T09:25:43.322Z -   ✓ Excel sauvegardé: 32 places
2026-03-26T09:25:43.323Z - 
🔄 VU: Traitement...
2026-03-26T09:25:43.324Z -   ✓ Excel chargé: 0 places
2026-03-26T09:25:43.325Z -   ✓ Master JSON: 0 places
2026-03-26T09:25:43.326Z - 
🔄 WF: Traitement...
2026-03-26T09:25:43.326Z -   ✓ Excel chargé: 0 places
2026-03-26T09:25:43.327Z -   ✓ Master JSON: 0 places
2026-03-26T09:25:43.328Z - 
🔄 WS: Traitement...
2026-03-26T09:25:43.329Z -   ✓ Excel chargé: 0 places
2026-03-26T09:25:43.329Z -   ✓ Master JSON: 0 places
2026-03-26T09:25:43.330Z - 
🔄 XX: Traitement...
2026-03-26T09:25:43.330Z -   ✓ Excel chargé: 0 places
2026-03-26T09:25:43.332Z -   ✓ Master JSON: 0 places
2026-03-26T09:25:43.332Z - 
🔄 YE: Traitement...
2026-03-26T09:25:43.333Z -   ✓ Excel chargé: 0 places
2026-03-26T09:25:43.333Z -   ✓ Master JSON: 0 places
2026-03-26T09:25:43.334Z - 
🔄 YT: Traitement...
2026-03-26T09:25:43.343Z -   ✓ Excel chargé: 5 places
2026-03-26T09:25:43.361Z -   ✓ Master JSON: 5 places
2026-03-26T09:25:43.367Z -   ✓ Excel sauvegardé: 5 places
2026-03-26T09:25:43.368Z - 
🔄 ZA: Traitement...
2026-03-26T09:25:43.381Z -   ✓ Excel chargé: 118 places
2026-03-26T09:25:43.405Z -   ✓ Master JSON: 85 places
2026-03-26T09:25:43.434Z -   ✓ Excel sauvegardé: 118 places
2026-03-26T09:25:43.435Z - 
🔄 ZM: Traitement...
2026-03-26T09:25:43.435Z -   ✓ Excel chargé: 0 places
2026-03-26T09:25:43.436Z -   ✓ Master JSON: 0 places
2026-03-26T09:25:43.436Z - 
🔄 ZW: Traitement...
2026-03-26T09:25:43.437Z -   ✓ Excel chargé: 0 places
2026-03-26T09:25:43.438Z -   ✓ Master JSON: 0 places
2026-03-26T09:25:43.439Z - 
🔄 _BACKUPS: Traitement...
2026-03-26T09:25:43.440Z -   ✓ Excel chargé: 0 places
2026-03-26T09:25:43.440Z -   ✓ Master JSON: 0 places
2026-03-26T09:25:43.441Z - 
🔄 _TR_CACHE: Traitement...
2026-03-26T09:25:43.450Z -   ✓ Excel chargé: 0 places
2026-03-26T09:25:43.450Z -   ✓ Master JSON: 0 places
