2026-03-24T18:26:14.907Z - 
============================================================
2026-03-24T18:26:14.926Z - 🔄 MODE UPDATE - 24/03/2026 19:26:14
2026-03-24T18:26:14.926Z - ============================================================
2026-03-24T18:26:15.075Z - 
🔄 .RATINGS_BACKUPS: Traitement...
2026-03-24T18:26:15.077Z -   ✓ Excel chargé: 0 places
2026-03-24T18:26:15.078Z -   ✓ Master JSON: 0 places
2026-03-24T18:26:15.079Z - 
🔄 AD: Traitement...
2026-03-24T18:26:15.124Z -   ✓ Excel chargé: 0 places
2026-03-24T18:26:15.125Z -   ✓ Master JSON: 0 places
2026-03-24T18:26:15.126Z - 
🔄 AE: Traitement...
2026-03-24T18:26:15.142Z -   ✓ Excel chargé: 9 places
2026-03-24T18:26:15.146Z -   ✓ Master JSON: 8 places
2026-03-24T18:26:15.203Z -   ✓ Excel sauvegardé: 9 places
2026-03-24T18:26:15.204Z - 
🔄 AF: Traitement...
2026-03-24T18:26:15.213Z -   ✓ Excel chargé: 0 places
2026-03-24T18:26:15.214Z -   ✓ Master JSON: 0 places
2026-03-24T18:26:15.215Z - 
🔄 AG: Traitement...
2026-03-24T18:26:15.224Z -   ✓ Excel chargé: 0 places
2026-03-24T18:26:15.225Z -   ✓ Master JSON: 0 places
2026-03-24T18:26:15.226Z - 
🔄 AI: Traitement...
2026-03-24T18:26:15.227Z -   ✓ Excel chargé: 0 places
2026-03-24T18:26:15.228Z -   ✓ Master JSON: 0 places
2026-03-24T18:26:15.228Z - 
🔄 AL: Traitement...
2026-03-24T18:26:15.238Z -   ✓ Excel chargé: 12 places
2026-03-24T18:26:15.244Z -   ✓ Master JSON: 12 places
2026-03-24T18:26:15.259Z -   ✓ Excel sauvegardé: 12 places
2026-03-24T18:26:15.260Z - 
🔄 AM: Traitement...
2026-03-24T18:26:15.269Z -   ✓ Excel chargé: 8 places
2026-03-24T18:26:15.275Z -   ✓ Master JSON: 8 places
2026-03-24T18:26:15.288Z -   ✓ Excel sauvegardé: 8 places
2026-03-24T18:26:15.290Z - 
🔄 AO: Traitement...
2026-03-24T18:26:15.297Z -   ✓ Excel chargé: 0 places
2026-03-24T18:26:15.297Z -   ✓ Master JSON: 0 places
2026-03-24T18:26:15.298Z - 
🔄 AR: Traitement...
2026-03-24T18:26:15.329Z -   ✓ Excel chargé: 46 places
2026-03-24T18:26:15.343Z -   ✓ Master JSON: 23 places
2026-03-24T18:26:15.369Z -   ✓ Excel sauvegardé: 46 places
2026-03-24T18:26:15.370Z - 
🔄 AS: Traitement...
2026-03-24T18:26:15.371Z -   ✓ Excel chargé: 0 places
2026-03-24T18:26:15.372Z -   ✓ Master JSON: 0 places
2026-03-24T18:26:15.373Z - 
🔄 AT: Traitement...
2026-03-24T18:26:15.392Z -   ✓ Excel chargé: 48 places
2026-03-24T18:26:15.400Z -   ✓ Master JSON: 43 places
2026-03-24T18:26:15.425Z -   ✓ Excel sauvegardé: 48 places
2026-03-24T18:26:15.425Z - 
🔄 AU: Traitement...
2026-03-24T18:26:15.444Z -   ✓ Excel chargé: 79 places
2026-03-24T18:26:15.455Z -   ✓ Master JSON: 42 places
2026-03-24T18:26:15.482Z -   ✓ Excel sauvegardé: 79 places
2026-03-24T18:26:15.483Z - 
🔄 AW: Traitement...
2026-03-24T18:26:15.489Z -   ✓ Excel chargé: 0 places
2026-03-24T18:26:15.491Z -   ✓ Master JSON: 0 places
2026-03-24T18:26:15.492Z - 
🔄 AZ: Traitement...
2026-03-24T18:26:15.497Z -   ✓ Excel chargé: 0 places
2026-03-24T18:26:15.498Z -   ✓ Master JSON: 0 places
2026-03-24T18:26:15.498Z - 
🔄 BA: Traitement...
2026-03-24T18:26:15.511Z -   ✓ Excel chargé: 15 places
2026-03-24T18:26:15.522Z -   ✓ Master JSON: 15 places
2026-03-24T18:26:15.544Z -   ✓ Excel sauvegardé: 15 places
2026-03-24T18:26:15.546Z - 
🔄 BB: Traitement...
2026-03-24T18:26:15.559Z -   ✓ Excel chargé: 6 places
2026-03-24T18:26:15.566Z -   ✓ Master JSON: 5 places
2026-03-24T18:26:15.587Z -   ✓ Excel sauvegardé: 6 places
2026-03-24T18:26:15.589Z - 
🔄 BD: Traitement...
2026-03-24T18:26:15.606Z -   ✓ Excel chargé: 16 places
2026-03-24T18:26:15.614Z -   ✓ Master JSON: 13 places
2026-03-24T18:26:15.627Z -   ✓ Excel sauvegardé: 16 places
2026-03-24T18:26:15.628Z - 
🔄 BE: Traitement...
2026-03-24T18:26:15.638Z -   ✓ Excel chargé: 24 places
2026-03-24T18:26:15.650Z -   ✓ Master JSON: 23 places
2026-03-24T18:26:15.669Z -   ✓ Excel sauvegardé: 24 places
2026-03-24T18:26:15.670Z - 
🔄 BF: Traitement...
2026-03-24T18:26:15.677Z -   ✓ Excel chargé: 0 places
2026-03-24T18:26:15.678Z -   ✓ Master JSON: 0 places
2026-03-24T18:26:15.679Z - 
🔄 BG: Traitement...
2026-03-24T18:26:15.689Z -   ✓ Excel chargé: 29 places
2026-03-24T18:26:15.698Z -   ✓ Master JSON: 21 places
2026-03-24T18:26:15.712Z -   ✓ Excel sauvegardé: 29 places
2026-03-24T18:26:15.713Z - 
🔄 BH: Traitement...
2026-03-24T18:26:15.719Z -   ✓ Excel chargé: 0 places
2026-03-24T18:26:15.720Z -   ✓ Master JSON: 0 places
2026-03-24T18:26:15.721Z - 
🔄 BI: Traitement...
2026-03-24T18:26:15.726Z -   ✓ Excel chargé: 0 places
2026-03-24T18:26:15.727Z -   ✓ Master JSON: 0 places
2026-03-24T18:26:15.728Z - 
🔄 BJ: Traitement...
2026-03-24T18:26:15.732Z -   ✓ Excel chargé: 0 places
2026-03-24T18:26:15.732Z -   ✓ Master JSON: 0 places
2026-03-24T18:26:15.733Z - 
🔄 BL: Traitement...
2026-03-24T18:26:15.738Z -   ✓ Excel chargé: 8 places
2026-03-24T18:26:15.740Z -   ✓ Master JSON: 8 places
2026-03-24T18:26:15.747Z -   ✓ Excel sauvegardé: 8 places
2026-03-24T18:26:15.748Z - 
🔄 BM: Traitement...
2026-03-24T18:26:15.754Z -   ✓ Excel chargé: 0 places
2026-03-24T18:26:15.755Z -   ✓ Master JSON: 0 places
2026-03-24T18:26:15.756Z - 
🔄 BN: Traitement...
2026-03-24T18:26:15.761Z -   ✓ Excel chargé: 0 places
2026-03-24T18:26:15.762Z -   ✓ Master JSON: 0 places
2026-03-24T18:26:15.763Z - 
🔄 BO: Traitement...
2026-03-24T18:26:15.768Z -   ✓ Excel chargé: 19 places
2026-03-24T18:26:15.774Z -   ✓ Master JSON: 17 places
2026-03-24T18:26:15.784Z -   ✓ Excel sauvegardé: 19 places
2026-03-24T18:26:15.784Z - 
🔄 BQ: Traitement...
2026-03-24T18:26:15.785Z -   ✓ Excel chargé: 0 places
2026-03-24T18:26:15.786Z -   ✓ Master JSON: 0 places
2026-03-24T18:26:15.786Z - 
🔄 BR: Traitement...
2026-03-24T18:26:15.795Z -   ✓ Excel chargé: 55 places
2026-03-24T18:26:15.803Z -   ✓ Master JSON: 49 places
2026-03-24T18:26:15.826Z -   ✓ Excel sauvegardé: 55 places
2026-03-24T18:26:15.826Z - 
🔄 BS: Traitement...
2026-03-24T18:26:15.831Z -   ✓ Excel chargé: 10 places
2026-03-24T18:26:15.835Z -   ✓ Master JSON: 9 places
2026-03-24T18:26:15.844Z -   ✓ Excel sauvegardé: 10 places
2026-03-24T18:26:15.844Z - 
🔄 BT: Traitement...
2026-03-24T18:26:15.849Z -   ✓ Excel chargé: 0 places
2026-03-24T18:26:15.850Z -   ✓ Master JSON: 0 places
2026-03-24T18:26:15.850Z - 
🔄 BW: Traitement...
2026-03-24T18:26:15.858Z -   ✓ Excel chargé: 17 places
2026-03-24T18:26:15.864Z -   ✓ Master JSON: 15 places
2026-03-24T18:26:15.875Z -   ✓ Excel sauvegardé: 17 places
2026-03-24T18:26:15.875Z - 
🔄 BY: Traitement...
2026-03-24T18:26:15.880Z -   ✓ Excel chargé: 0 places
2026-03-24T18:26:15.881Z -   ✓ Master JSON: 0 places
2026-03-24T18:26:15.882Z - 
🔄 BZ: Traitement...
2026-03-24T18:26:15.887Z -   ✓ Excel chargé: 6 places
2026-03-24T18:26:15.893Z -   ✓ Master JSON: 6 places
2026-03-24T18:26:15.900Z -   ✓ Excel sauvegardé: 6 places
2026-03-24T18:26:15.901Z - 
🔄 CA: Traitement...
2026-03-24T18:26:15.912Z -   ✓ Excel chargé: 64 places
2026-03-24T18:26:15.924Z -   ✓ Master JSON: 54 places
2026-03-24T18:26:15.946Z -   ✓ Excel sauvegardé: 64 places
2026-03-24T18:26:15.946Z - 
🔄 CD: Traitement...
2026-03-24T18:26:15.951Z -   ✓ Excel chargé: 0 places
2026-03-24T18:26:15.951Z -   ✓ Master JSON: 0 places
2026-03-24T18:26:15.952Z - 
🔄 CF: Traitement...
2026-03-24T18:26:15.958Z -   ✓ Excel chargé: 0 places
2026-03-24T18:26:15.959Z -   ✓ Master JSON: 0 places
2026-03-24T18:26:15.960Z - 
🔄 CG: Traitement...
2026-03-24T18:26:15.965Z -   ✓ Excel chargé: 0 places
2026-03-24T18:26:15.966Z -   ✓ Master JSON: 0 places
2026-03-24T18:26:15.966Z - 
🔄 CH: Traitement...
2026-03-24T18:26:15.976Z -   ✓ Excel chargé: 57 places
2026-03-24T18:26:15.986Z -   ✓ Master JSON: 56 places
2026-03-24T18:26:16.008Z -   ✓ Excel sauvegardé: 57 places
2026-03-24T18:26:16.009Z - 
🔄 CI: Traitement...
2026-03-24T18:26:16.013Z -   ✓ Excel chargé: 0 places
2026-03-24T18:26:16.014Z -   ✓ Master JSON: 0 places
2026-03-24T18:26:16.014Z - 
🔄 CK: Traitement...
2026-03-24T18:26:16.015Z -   ✓ Excel chargé: 0 places
2026-03-24T18:26:16.016Z -   ✓ Master JSON: 0 places
2026-03-24T18:26:16.016Z - 
🔄 CL: Traitement...
2026-03-24T18:26:16.021Z -   ✓ Excel chargé: 7 places
2026-03-24T18:26:16.027Z -   ✓ Master JSON: 7 places
2026-03-24T18:26:16.034Z -   ✓ Excel sauvegardé: 7 places
2026-03-24T18:26:16.034Z - 
🔄 CM: Traitement...
2026-03-24T18:26:16.040Z -   ✓ Excel chargé: 0 places
2026-03-24T18:26:16.041Z -   ✓ Master JSON: 0 places
2026-03-24T18:26:16.042Z - 
🔄 CN: Traitement...
2026-03-24T18:26:16.049Z -   ✓ Excel chargé: 60 places
2026-03-24T18:26:16.061Z -   ✓ Master JSON: 56 places
2026-03-24T18:26:16.080Z -   ✓ Excel sauvegardé: 60 places
2026-03-24T18:26:16.081Z - 
🔄 CO: Traitement...
2026-03-24T18:26:16.086Z -   ✓ Excel chargé: 16 places
2026-03-24T18:26:16.092Z -   ✓ Master JSON: 13 places
2026-03-24T18:26:16.101Z -   ✓ Excel sauvegardé: 16 places
2026-03-24T18:26:16.102Z - 
🔄 CR: Traitement...
2026-03-24T18:26:16.107Z -   ✓ Excel chargé: 9 places
2026-03-24T18:26:16.112Z -   ✓ Master JSON: 8 places
2026-03-24T18:26:16.120Z -   ✓ Excel sauvegardé: 9 places
2026-03-24T18:26:16.121Z - 
🔄 CU: Traitement...
2026-03-24T18:26:16.126Z -   ✓ Excel chargé: 17 places
2026-03-24T18:26:16.131Z -   ✓ Master JSON: 17 places
2026-03-24T18:26:16.141Z -   ✓ Excel sauvegardé: 17 places
2026-03-24T18:26:16.141Z - 
🔄 CV: Traitement...
2026-03-24T18:26:16.145Z -   ✓ Excel chargé: 0 places
2026-03-24T18:26:16.146Z -   ✓ Master JSON: 0 places
2026-03-24T18:26:16.146Z - 
🔄 CY: Traitement...
2026-03-24T18:26:16.151Z -   ✓ Excel chargé: 0 places
2026-03-24T18:26:16.151Z -   ✓ Master JSON: 0 places
2026-03-24T18:26:16.152Z - 
🔄 CZ: Traitement...
2026-03-24T18:26:16.159Z -   ✓ Excel chargé: 26 places
2026-03-24T18:26:16.164Z -   ✓ Master JSON: 14 places
2026-03-24T18:26:16.178Z -   ✓ Excel sauvegardé: 26 places
2026-03-24T18:26:16.178Z - 
🔄 DE: Traitement...
2026-03-24T18:26:16.199Z -   ✓ Excel chargé: 125 places
2026-03-24T18:26:16.218Z -   ✓ Master JSON: 119 places
2026-03-24T18:26:16.262Z -   ✓ Excel sauvegardé: 125 places
2026-03-24T18:26:16.263Z - 
🔄 DJ: Traitement...
2026-03-24T18:26:16.263Z -   ✓ Excel chargé: 0 places
2026-03-24T18:26:16.264Z -   ✓ Master JSON: 0 places
2026-03-24T18:26:16.264Z - 
🔄 DK: Traitement...
2026-03-24T18:26:16.270Z -   ✓ Excel chargé: 23 places
2026-03-24T18:26:16.275Z -   ✓ Master JSON: 16 places
2026-03-24T18:26:16.286Z -   ✓ Excel sauvegardé: 23 places
2026-03-24T18:26:16.287Z - 
🔄 DM: Traitement...
2026-03-24T18:26:16.288Z -   ✓ Excel chargé: 0 places
2026-03-24T18:26:16.289Z -   ✓ Master JSON: 0 places
2026-03-24T18:26:16.290Z - 
🔄 DO: Traitement...
2026-03-24T18:26:16.296Z -   ✓ Excel chargé: 18 places
2026-03-24T18:26:16.301Z -   ✓ Master JSON: 16 places
2026-03-24T18:26:16.313Z -   ✓ Excel sauvegardé: 18 places
2026-03-24T18:26:16.313Z - 
🔄 DZ: Traitement...
2026-03-24T18:26:16.314Z -   ✓ Excel chargé: 0 places
2026-03-24T18:26:16.314Z -   ✓ Master JSON: 0 places
2026-03-24T18:26:16.315Z - 
🔄 EA: Traitement...
2026-03-24T18:26:16.320Z -   ✓ Excel chargé: 24 places
2026-03-24T18:26:16.326Z -   ✓ Master JSON: 22 places
2026-03-24T18:26:16.338Z -   ✓ Excel sauvegardé: 24 places
2026-03-24T18:26:16.339Z - 
🔄 EC: Traitement...
2026-03-24T18:26:16.346Z -   ✓ Excel chargé: 18 places
2026-03-24T18:26:16.351Z -   ✓ Master JSON: 14 places
2026-03-24T18:26:16.361Z -   ✓ Excel sauvegardé: 18 places
2026-03-24T18:26:16.361Z - 
🔄 EE: Traitement...
2026-03-24T18:26:16.362Z -   ✓ Excel chargé: 0 places
2026-03-24T18:26:16.363Z -   ✓ Master JSON: 0 places
2026-03-24T18:26:16.363Z - 
🔄 EG: Traitement...
2026-03-24T18:26:16.368Z -   ✓ Excel chargé: 19 places
2026-03-24T18:26:16.375Z -   ✓ Master JSON: 9 places
2026-03-24T18:26:16.385Z -   ✓ Excel sauvegardé: 19 places
2026-03-24T18:26:16.385Z - 
🔄 ER: Traitement...
2026-03-24T18:26:16.386Z -   ✓ Excel chargé: 0 places
2026-03-24T18:26:16.386Z -   ✓ Master JSON: 0 places
2026-03-24T18:26:16.387Z - 
🔄 ES: Traitement...
2026-03-24T18:26:16.416Z -   ✓ Excel chargé: 251 places
2026-03-24T18:26:16.447Z -   ✓ Master JSON: 220 places
2026-03-24T18:27:11.135Z -   ✓ Excel sauvegardé: 251 places
2026-03-24T18:27:11.136Z - 
🔄 ET: Traitement...
2026-03-24T18:27:11.137Z -   ✓ Excel chargé: 0 places
2026-03-24T18:27:11.138Z -   ✓ Master JSON: 0 places
2026-03-24T18:27:11.139Z - 
🔄 FI: Traitement...
2026-03-24T18:27:11.168Z -   ✓ Excel chargé: 23 places
2026-03-24T18:27:11.179Z -   ✓ Master JSON: 19 places
2026-03-24T18:27:11.194Z -   ✓ Excel sauvegardé: 23 places
2026-03-24T18:27:11.195Z - 
🔄 FJ: Traitement...
2026-03-24T18:27:11.195Z -   ✓ Excel chargé: 0 places
2026-03-24T18:27:11.196Z -   ✓ Master JSON: 0 places
2026-03-24T18:27:11.197Z - 
🔄 FM: Traitement...
2026-03-24T18:27:11.198Z -   ✓ Excel chargé: 0 places
2026-03-24T18:27:11.199Z -   ✓ Master JSON: 0 places
2026-03-24T18:27:11.200Z - 
🔄 FR: Traitement...
2026-03-24T18:27:11.387Z -   ✓ Excel chargé: 1304 places
2026-03-24T18:27:11.648Z -   ✓ Master JSON: 1176 places
2026-03-24T18:27:12.106Z -   ✓ Excel sauvegardé: 1304 places
2026-03-24T18:27:12.175Z - 
🔄 GA: Traitement...
2026-03-24T18:27:12.179Z -   ✓ Excel chargé: 0 places
2026-03-24T18:27:12.180Z -   ✓ Master JSON: 0 places
2026-03-24T18:27:12.181Z - 
🔄 GB: Traitement...
2026-03-24T18:27:12.219Z -   ✓ Excel chargé: 209 places
2026-03-24T18:27:12.252Z -   ✓ Master JSON: 196 places
2026-03-24T18:27:12.312Z -   ✓ Excel sauvegardé: 209 places
2026-03-24T18:27:12.314Z - 
🔄 GD: Traitement...
2026-03-24T18:27:12.315Z -   ✓ Excel chargé: 0 places
2026-03-24T18:27:12.315Z -   ✓ Master JSON: 0 places
2026-03-24T18:27:12.317Z - 
🔄 GE: Traitement...
2026-03-24T18:27:12.322Z -   ✓ Excel chargé: 19 places
2026-03-24T18:27:12.328Z -   ✓ Master JSON: 19 places
2026-03-24T18:27:12.339Z -   ✓ Excel sauvegardé: 19 places
2026-03-24T18:27:12.340Z - 
🔄 GF: Traitement...
2026-03-24T18:27:12.346Z -   ✓ Excel chargé: 5 places
2026-03-24T18:27:12.350Z -   ✓ Master JSON: 5 places
2026-03-24T18:27:12.357Z -   ✓ Excel sauvegardé: 5 places
2026-03-24T18:27:12.361Z - 
🔄 GH: Traitement...
2026-03-24T18:27:12.362Z -   ✓ Excel chargé: 0 places
2026-03-24T18:27:12.362Z -   ✓ Master JSON: 0 places
2026-03-24T18:27:12.363Z - 
🔄 GM: Traitement...
2026-03-24T18:27:12.363Z -   ✓ Excel chargé: 0 places
2026-03-24T18:27:12.364Z -   ✓ Master JSON: 0 places
2026-03-24T18:27:12.364Z - 
🔄 GN: Traitement...
2026-03-24T18:27:12.365Z -   ✓ Excel chargé: 0 places
2026-03-24T18:27:12.365Z -   ✓ Master JSON: 0 places
2026-03-24T18:27:12.366Z - 
🔄 GP: Traitement...
2026-03-24T18:27:12.373Z -   ✓ Excel chargé: 8 places
2026-03-24T18:27:12.378Z -   ✓ Master JSON: 8 places
2026-03-24T18:27:12.385Z -   ✓ Excel sauvegardé: 8 places
2026-03-24T18:27:12.385Z - 
🔄 GQ: Traitement...
2026-03-24T18:27:12.386Z -   ✓ Excel chargé: 0 places
2026-03-24T18:27:12.386Z -   ✓ Master JSON: 0 places
2026-03-24T18:27:12.387Z - 
🔄 GR: Traitement...
2026-03-24T18:27:12.400Z -   ✓ Excel chargé: 129 places
2026-03-24T18:27:12.427Z -   ✓ Master JSON: 123 places
2026-03-24T18:27:12.470Z -   ✓ Excel sauvegardé: 129 places
2026-03-24T18:27:12.471Z - 
🔄 GT: Traitement...
2026-03-24T18:27:12.476Z -   ✓ Excel chargé: 9 places
2026-03-24T18:27:12.483Z -   ✓ Master JSON: 8 places
2026-03-24T18:27:12.491Z -   ✓ Excel sauvegardé: 9 places
2026-03-24T18:27:12.491Z - 
🔄 GW: Traitement...
2026-03-24T18:27:12.492Z -   ✓ Excel chargé: 0 places
2026-03-24T18:27:12.494Z -   ✓ Master JSON: 0 places
2026-03-24T18:27:12.495Z - 
🔄 GY: Traitement...
2026-03-24T18:27:12.496Z -   ✓ Excel chargé: 0 places
2026-03-24T18:27:12.497Z -   ✓ Master JSON: 0 places
2026-03-24T18:27:12.498Z - 
🔄 HN: Traitement...
2026-03-24T18:27:12.499Z -   ✓ Excel chargé: 0 places
2026-03-24T18:27:12.499Z -   ✓ Master JSON: 0 places
2026-03-24T18:27:12.500Z - 
🔄 HR: Traitement...
2026-03-24T18:27:12.512Z -   ✓ Excel chargé: 88 places
2026-03-24T18:27:12.525Z -   ✓ Master JSON: 71 places
2026-03-24T18:27:12.553Z -   ✓ Excel sauvegardé: 88 places
2026-03-24T18:27:12.555Z - 
🔄 HT: Traitement...
2026-03-24T18:27:12.556Z -   ✓ Excel chargé: 0 places
2026-03-24T18:27:12.557Z -   ✓ Master JSON: 0 places
2026-03-24T18:27:12.559Z - 
🔄 HU: Traitement...
2026-03-24T18:27:12.570Z -   ✓ Excel chargé: 34 places
2026-03-24T18:27:12.586Z -   ✓ Master JSON: 34 places
2026-03-24T18:27:12.601Z -   ✓ Excel sauvegardé: 34 places
2026-03-24T18:27:12.611Z - 
🔄 ID: Traitement...
2026-03-24T18:27:12.623Z -   ✓ Excel chargé: 102 places
2026-03-24T18:27:12.638Z -   ✓ Master JSON: 74 places
2026-03-24T18:27:12.666Z -   ✓ Excel sauvegardé: 102 places
2026-03-24T18:27:12.668Z - 
🔄 IE: Traitement...
2026-03-24T18:27:12.673Z -   ✓ Excel chargé: 32 places
2026-03-24T18:27:12.680Z -   ✓ Master JSON: 23 places
2026-03-24T18:27:12.692Z -   ✓ Excel sauvegardé: 32 places
2026-03-24T18:27:12.693Z - 
🔄 IL: Traitement...
2026-03-24T18:27:12.700Z -   ✓ Excel chargé: 12 places
2026-03-24T18:27:12.704Z -   ✓ Master JSON: 12 places
2026-03-24T18:27:12.712Z -   ✓ Excel sauvegardé: 12 places
2026-03-24T18:27:12.713Z - 
🔄 IN: Traitement...
2026-03-24T18:27:12.721Z -   ✓ Excel chargé: 81 places
2026-03-24T18:27:12.745Z -   ✓ Master JSON: 56 places
2026-03-24T18:27:21.822Z -   ✓ Excel sauvegardé: 81 places
2026-03-24T18:27:21.823Z - 
🔄 IQ: Traitement...
2026-03-24T18:27:21.824Z -   ✓ Excel chargé: 0 places
2026-03-24T18:27:21.825Z -   ✓ Master JSON: 0 places
2026-03-24T18:27:21.826Z - 
🔄 IR: Traitement...
2026-03-24T18:27:21.826Z -   ✓ Excel chargé: 0 places
2026-03-24T18:27:21.826Z -   ✓ Master JSON: 0 places
2026-03-24T18:27:21.827Z - 
🔄 IS: Traitement...
2026-03-24T18:27:21.832Z -   ✓ Excel chargé: 11 places
2026-03-24T18:27:21.835Z -   ✓ Master JSON: 18 places
2026-03-24T18:27:21.835Z -   ✓ 10 nouvelles places ajoutées
2026-03-24T18:27:52.340Z -   ✓ Excel sauvegardé: 21 places
2026-03-24T18:27:52.344Z - 
🔄 IT: Traitement...
2026-03-24T18:27:52.515Z -   ✓ Excel chargé: 627 places
2026-03-24T18:27:52.614Z -   ✓ Master JSON: 532 places
2026-03-24T18:27:53.097Z -   ✓ Excel sauvegardé: 627 places
2026-03-24T18:27:53.098Z - 
🔄 JM: Traitement...
2026-03-24T18:27:53.099Z -   ✓ Excel chargé: 0 places
2026-03-24T18:27:53.100Z -   ✓ Master JSON: 0 places
2026-03-24T18:27:53.100Z - 
🔄 JO: Traitement...
2026-03-24T18:27:53.113Z -   ✓ Excel chargé: 8 places
2026-03-24T18:27:53.115Z -   ✓ Master JSON: 6 places
2026-03-24T18:27:53.124Z -   ✓ Excel sauvegardé: 8 places
2026-03-24T18:27:53.124Z - 
🔄 JP: Traitement...
2026-03-24T18:27:53.140Z -   ✓ Excel chargé: 113 places
2026-03-24T18:27:53.152Z -   ✓ Master JSON: 113 places
2026-03-24T18:27:53.152Z -   ✓ 3 nouvelles places ajoutées
2026-03-24T18:28:05.254Z -   ✓ Excel sauvegardé: 116 places
2026-03-24T18:28:05.256Z - 
🔄 KE: Traitement...
2026-03-24T18:28:05.270Z -   ✓ Excel chargé: 10 places
2026-03-24T18:28:05.272Z -   ✓ Master JSON: 0 places
2026-03-24T18:28:05.290Z -   ✓ Excel sauvegardé: 10 places
2026-03-24T18:28:05.291Z - 
🔄 KG: Traitement...
2026-03-24T18:28:05.293Z -   ✓ Excel chargé: 0 places
2026-03-24T18:28:05.294Z -   ✓ Master JSON: 0 places
2026-03-24T18:28:05.295Z - 
🔄 KH: Traitement...
2026-03-24T18:28:05.307Z -   ✓ Excel chargé: 10 places
2026-03-24T18:28:05.318Z -   ✓ Master JSON: 8 places
2026-03-24T18:28:05.335Z -   ✓ Excel sauvegardé: 10 places
2026-03-24T18:28:05.337Z - 
🔄 KI: Traitement...
2026-03-24T18:28:05.338Z -   ✓ Excel chargé: 0 places
2026-03-24T18:28:05.339Z -   ✓ Master JSON: 0 places
2026-03-24T18:28:05.340Z - 
🔄 KM: Traitement...
2026-03-24T18:28:05.341Z -   ✓ Excel chargé: 0 places
2026-03-24T18:28:05.342Z -   ✓ Master JSON: 0 places
2026-03-24T18:28:05.343Z - 
🔄 KN: Traitement...
2026-03-24T18:28:05.344Z -   ✓ Excel chargé: 0 places
2026-03-24T18:28:05.345Z -   ✓ Master JSON: 0 places
2026-03-24T18:28:05.347Z - 
🔄 KP: Traitement...
2026-03-24T18:28:05.348Z -   ✓ Excel chargé: 0 places
2026-03-24T18:28:05.348Z -   ✓ Master JSON: 0 places
2026-03-24T18:28:05.349Z - 
🔄 KR: Traitement...
2026-03-24T18:28:05.357Z -   ✓ Excel chargé: 6 places
2026-03-24T18:28:05.366Z -   ✓ Master JSON: 5 places
2026-03-24T18:28:05.376Z -   ✓ Excel sauvegardé: 6 places
2026-03-24T18:28:05.377Z - 
🔄 KW: Traitement...
2026-03-24T18:28:05.377Z -   ✓ Excel chargé: 0 places
2026-03-24T18:28:05.378Z -   ✓ Master JSON: 0 places
2026-03-24T18:28:05.380Z - 
🔄 KZ: Traitement...
2026-03-24T18:28:05.391Z -   ✓ Excel chargé: 19 places
2026-03-24T18:28:05.397Z -   ✓ Master JSON: 19 places
2026-03-24T18:28:05.408Z -   ✓ Excel sauvegardé: 19 places
2026-03-24T18:28:05.409Z - 
🔄 LA: Traitement...
2026-03-24T18:28:05.418Z -   ✓ Excel chargé: 44 places
2026-03-24T18:28:05.426Z -   ✓ Master JSON: 20 places
2026-03-24T18:28:05.509Z -   ✓ Excel sauvegardé: 44 places
2026-03-24T18:28:05.510Z - 
🔄 LB: Traitement...
2026-03-24T18:28:05.510Z -   ✓ Excel chargé: 0 places
2026-03-24T18:28:05.511Z -   ✓ Master JSON: 0 places
2026-03-24T18:28:05.511Z - 
🔄 LC: Traitement...
2026-03-24T18:28:05.512Z -   ✓ Excel chargé: 0 places
2026-03-24T18:28:05.513Z -   ✓ Master JSON: 0 places
2026-03-24T18:28:05.514Z - 
🔄 LI: Traitement...
2026-03-24T18:28:05.514Z -   ✓ Excel chargé: 0 places
2026-03-24T18:28:05.515Z -   ✓ Master JSON: 0 places
2026-03-24T18:28:05.516Z - 
🔄 LK: Traitement...
2026-03-24T18:28:05.522Z -   ✓ Excel chargé: 35 places
2026-03-24T18:28:05.527Z -   ✓ Master JSON: 34 places
2026-03-24T18:28:05.540Z -   ✓ Excel sauvegardé: 35 places
2026-03-24T18:28:05.541Z - 
🔄 LR: Traitement...
2026-03-24T18:28:05.541Z -   ✓ Excel chargé: 0 places
2026-03-24T18:28:05.541Z -   ✓ Master JSON: 0 places
2026-03-24T18:28:05.542Z - 
🔄 LS: Traitement...
2026-03-24T18:28:05.542Z -   ✓ Excel chargé: 0 places
2026-03-24T18:28:05.543Z -   ✓ Master JSON: 0 places
2026-03-24T18:28:05.543Z - 
🔄 LT: Traitement...
2026-03-24T18:28:05.548Z -   ✓ Excel chargé: 4 places
2026-03-24T18:28:05.552Z -   ✓ Master JSON: 4 places
2026-03-24T18:28:05.558Z -   ✓ Excel sauvegardé: 4 places
2026-03-24T18:28:05.559Z - 
🔄 LU: Traitement...
2026-03-24T18:28:05.559Z -   ✓ Excel chargé: 0 places
2026-03-24T18:28:05.560Z -   ✓ Master JSON: 0 places
2026-03-24T18:28:05.560Z - 
🔄 LV: Traitement...
2026-03-24T18:28:05.566Z -   ✓ Excel chargé: 11 places
2026-03-24T18:28:05.571Z -   ✓ Master JSON: 11 places
2026-03-24T18:28:05.577Z -   ✓ Excel sauvegardé: 11 places
2026-03-24T18:28:05.577Z - 
🔄 LY: Traitement...
2026-03-24T18:28:05.578Z -   ✓ Excel chargé: 0 places
2026-03-24T18:28:05.578Z -   ✓ Master JSON: 0 places
2026-03-24T18:28:05.579Z - 
🔄 MA: Traitement...
2026-03-24T18:28:05.584Z -   ✓ Excel chargé: 5 places
2026-03-24T18:28:05.587Z -   ✓ Master JSON: 5 places
2026-03-24T18:28:05.593Z -   ✓ Excel sauvegardé: 5 places
2026-03-24T18:28:05.593Z - 
🔄 MC: Traitement...
2026-03-24T18:28:05.594Z -   ✓ Excel chargé: 0 places
2026-03-24T18:28:05.594Z -   ✓ Master JSON: 0 places
2026-03-24T18:28:05.595Z - 
🔄 MD: Traitement...
2026-03-24T18:28:05.600Z -   ✓ Excel chargé: 6 places
2026-03-24T18:28:05.604Z -   ✓ Master JSON: 6 places
2026-03-24T18:28:05.610Z -   ✓ Excel sauvegardé: 6 places
2026-03-24T18:28:05.611Z - 
🔄 ME: Traitement...
2026-03-24T18:28:05.617Z -   ✓ Excel chargé: 12 places
2026-03-24T18:28:05.621Z -   ✓ Master JSON: 12 places
2026-03-24T18:28:05.628Z -   ✓ Excel sauvegardé: 12 places
2026-03-24T18:28:05.628Z - 
🔄 MF: Traitement...
2026-03-24T18:28:05.633Z -   ✓ Excel chargé: 5 places
2026-03-24T18:28:05.636Z -   ✓ Master JSON: 4 places
2026-03-24T18:28:05.642Z -   ✓ Excel sauvegardé: 5 places
2026-03-24T18:28:05.643Z - 
🔄 MG: Traitement...
2026-03-24T18:28:05.651Z -   ✓ Excel chargé: 20 places
2026-03-24T18:28:05.654Z -   ✓ Master JSON: 19 places
2026-03-24T18:28:05.664Z -   ✓ Excel sauvegardé: 20 places
2026-03-24T18:28:05.665Z - 
🔄 MH: Traitement...
2026-03-24T18:28:05.665Z -   ✓ Excel chargé: 0 places
2026-03-24T18:28:05.666Z -   ✓ Master JSON: 0 places
2026-03-24T18:28:05.666Z - 
🔄 MK: Traitement...
2026-03-24T18:28:05.666Z -   ✓ Excel chargé: 0 places
2026-03-24T18:28:05.667Z -   ✓ Master JSON: 0 places
2026-03-24T18:28:05.667Z - 
🔄 ML: Traitement...
2026-03-24T18:28:05.668Z -   ✓ Excel chargé: 0 places
2026-03-24T18:28:05.668Z -   ✓ Master JSON: 0 places
2026-03-24T18:28:05.668Z - 
🔄 MM: Traitement...
2026-03-24T18:28:05.669Z -   ✓ Excel chargé: 0 places
2026-03-24T18:28:05.669Z -   ✓ Master JSON: 0 places
2026-03-24T18:28:05.670Z - 
🔄 MN: Traitement...
2026-03-24T18:28:05.676Z -   ✓ Excel chargé: 25 places
2026-03-24T18:28:05.683Z -   ✓ Master JSON: 24 places
2026-03-24T18:28:05.694Z -   ✓ Excel sauvegardé: 25 places
2026-03-24T18:28:05.695Z - 
🔄 MQ: Traitement...
2026-03-24T18:28:05.700Z -   ✓ Excel chargé: 5 places
2026-03-24T18:28:05.704Z -   ✓ Master JSON: 5 places
2026-03-24T18:28:05.710Z -   ✓ Excel sauvegardé: 5 places
2026-03-24T18:28:05.711Z - 
🔄 MR: Traitement...
2026-03-24T18:28:05.711Z -   ✓ Excel chargé: 0 places
2026-03-24T18:28:05.712Z -   ✓ Master JSON: 0 places
2026-03-24T18:28:05.712Z - 
🔄 MT: Traitement...
2026-03-24T18:28:05.713Z -   ✓ Excel chargé: 0 places
2026-03-24T18:28:05.714Z -   ✓ Master JSON: 0 places
2026-03-24T18:28:05.714Z - 
🔄 MU: Traitement...
2026-03-24T18:28:05.719Z -   ✓ Excel chargé: 13 places
2026-03-24T18:28:05.723Z -   ✓ Master JSON: 14 places
2026-03-24T18:28:05.723Z -   ✓ 2 nouvelles places ajoutées
2026-03-24T18:28:16.951Z -   ✓ Excel sauvegardé: 15 places
2026-03-24T18:28:16.952Z - 
🔄 MV: Traitement...
2026-03-24T18:28:16.954Z -   ✓ Excel chargé: 0 places
2026-03-24T18:28:16.956Z -   ✓ Master JSON: 0 places
2026-03-24T18:28:16.958Z - 
🔄 MW: Traitement...
2026-03-24T18:28:16.959Z -   ✓ Excel chargé: 0 places
2026-03-24T18:28:16.961Z -   ✓ Master JSON: 0 places
2026-03-24T18:28:16.963Z - 
🔄 MX: Traitement...
2026-03-24T18:28:16.976Z -   ✓ Excel chargé: 28 places
2026-03-24T18:28:16.988Z -   ✓ Master JSON: 27 places
2026-03-24T18:28:17.002Z -   ✓ Excel sauvegardé: 28 places
2026-03-24T18:28:17.003Z - 
🔄 MY: Traitement...
2026-03-24T18:28:17.008Z -   ✓ Excel chargé: 10 places
2026-03-24T18:28:17.014Z -   ✓ Master JSON: 10 places
2026-03-24T18:28:17.021Z -   ✓ Excel sauvegardé: 10 places
2026-03-24T18:28:17.022Z - 
🔄 MZ: Traitement...
2026-03-24T18:28:17.023Z -   ✓ Excel chargé: 0 places
2026-03-24T18:28:17.023Z -   ✓ Master JSON: 0 places
2026-03-24T18:28:17.024Z - 
🔄 NA: Traitement...
2026-03-24T18:28:17.031Z -   ✓ Excel chargé: 50 places
2026-03-24T18:28:17.041Z -   ✓ Master JSON: 27 places
2026-03-24T18:28:17.054Z -   ✓ Excel sauvegardé: 50 places
2026-03-24T18:28:17.055Z - 
🔄 NC: Traitement...
2026-03-24T18:28:17.060Z -   ✓ Excel chargé: 6 places
2026-03-24T18:28:17.065Z -   ✓ Master JSON: 5 places
2026-03-24T18:28:17.069Z -   ✓ Excel sauvegardé: 6 places
2026-03-24T18:28:17.070Z - 
🔄 NE: Traitement...
2026-03-24T18:28:17.070Z -   ✓ Excel chargé: 0 places
2026-03-24T18:28:17.071Z -   ✓ Master JSON: 0 places
2026-03-24T18:28:17.072Z - 
🔄 NG: Traitement...
2026-03-24T18:28:17.073Z -   ✓ Excel chargé: 0 places
2026-03-24T18:28:17.073Z -   ✓ Master JSON: 0 places
2026-03-24T18:28:17.074Z - 
🔄 NI: Traitement...
2026-03-24T18:28:17.080Z -   ✓ Excel chargé: 44 places
2026-03-24T18:28:17.086Z -   ✓ Master JSON: 17 places
2026-03-24T18:28:17.103Z -   ✓ Excel sauvegardé: 44 places
2026-03-24T18:28:17.103Z - 
🔄 NL: Traitement...
2026-03-24T18:28:17.110Z -   ✓ Excel chargé: 29 places
2026-03-24T18:28:17.115Z -   ✓ Master JSON: 28 places
2026-03-24T18:28:17.125Z -   ✓ Excel sauvegardé: 29 places
2026-03-24T18:28:17.126Z - 
🔄 NO: Traitement...
2026-03-24T18:28:17.130Z -   ✓ Excel chargé: 16 places
2026-03-24T18:28:17.133Z -   ✓ Master JSON: 4 places
2026-03-24T18:28:17.140Z -   ✓ Excel sauvegardé: 16 places
2026-03-24T18:28:17.141Z - 
🔄 NP: Traitement...
2026-03-24T18:28:17.141Z -   ✓ Excel chargé: 0 places
2026-03-24T18:28:17.142Z -   ✓ Master JSON: 0 places
2026-03-24T18:28:17.142Z - 
🔄 NR: Traitement...
2026-03-24T18:28:17.142Z -   ✓ Excel chargé: 0 places
2026-03-24T18:28:17.143Z -   ✓ Master JSON: 0 places
2026-03-24T18:28:17.143Z - 
🔄 NZ: Traitement...
2026-03-24T18:28:17.149Z -   ✓ Excel chargé: 46 places
2026-03-24T18:28:17.155Z -   ✓ Master JSON: 33 places
2026-03-24T18:28:17.169Z -   ✓ Excel sauvegardé: 46 places
2026-03-24T18:28:17.170Z - 
🔄 OM: Traitement...
2026-03-24T18:28:17.174Z -   ✓ Excel chargé: 5 places
2026-03-24T18:28:17.177Z -   ✓ Master JSON: 5 places
2026-03-24T18:28:17.184Z -   ✓ Excel sauvegardé: 5 places
2026-03-24T18:28:17.185Z - 
🔄 PA: Traitement...
2026-03-24T18:28:17.190Z -   ✓ Excel chargé: 9 places
2026-03-24T18:28:17.193Z -   ✓ Master JSON: 8 places
2026-03-24T18:28:17.200Z -   ✓ Excel sauvegardé: 9 places
2026-03-24T18:28:17.201Z - 
🔄 PE: Traitement...
2026-03-24T18:28:17.206Z -   ✓ Excel chargé: 18 places
2026-03-24T18:28:17.210Z -   ✓ Master JSON: 18 places
2026-03-24T18:28:17.219Z -   ✓ Excel sauvegardé: 18 places
2026-03-24T18:28:17.220Z - 
🔄 PF: Traitement...
2026-03-24T18:28:17.226Z -   ✓ Excel chargé: 33 places
2026-03-24T18:28:17.233Z -   ✓ Master JSON: 31 places
2026-03-24T18:28:17.245Z -   ✓ Excel sauvegardé: 33 places
2026-03-24T18:28:17.245Z - 
🔄 PG: Traitement...
2026-03-24T18:28:17.246Z -   ✓ Excel chargé: 0 places
2026-03-24T18:28:17.246Z -   ✓ Master JSON: 0 places
2026-03-24T18:28:17.247Z - 
🔄 PH: Traitement...
2026-03-24T18:28:17.251Z -   ✓ Excel chargé: 11 places
2026-03-24T18:28:17.256Z -   ✓ Master JSON: 11 places
2026-03-24T18:28:17.263Z -   ✓ Excel sauvegardé: 11 places
2026-03-24T18:28:17.263Z - 
🔄 PK: Traitement...
2026-03-24T18:28:17.264Z -   ✓ Excel chargé: 0 places
2026-03-24T18:28:17.264Z -   ✓ Master JSON: 0 places
2026-03-24T18:28:17.265Z - 
🔄 PL: Traitement...
2026-03-24T18:28:17.270Z -   ✓ Excel chargé: 35 places
2026-03-24T18:28:17.276Z -   ✓ Master JSON: 35 places
2026-03-24T18:28:17.287Z -   ✓ Excel sauvegardé: 35 places
2026-03-24T18:28:17.287Z - 
🔄 PM: Traitement...
2026-03-24T18:28:17.288Z -   ✓ Excel chargé: 0 places
2026-03-24T18:28:17.288Z -   ✓ Master JSON: 0 places
2026-03-24T18:28:17.289Z - 
🔄 PT: Traitement...
2026-03-24T18:28:17.296Z -   ✓ Excel chargé: 68 places
2026-03-24T18:28:17.305Z -   ✓ Master JSON: 49 places
2026-03-24T18:28:17.326Z -   ✓ Excel sauvegardé: 68 places
2026-03-24T18:28:17.326Z - 
🔄 PW: Traitement...
2026-03-24T18:28:17.327Z -   ✓ Excel chargé: 0 places
2026-03-24T18:28:17.327Z -   ✓ Master JSON: 0 places
2026-03-24T18:28:17.328Z - 
🔄 PY: Traitement...
2026-03-24T18:28:17.332Z -   ✓ Excel chargé: 4 places
2026-03-24T18:28:17.335Z -   ✓ Master JSON: 4 places
2026-03-24T18:28:17.341Z -   ✓ Excel sauvegardé: 4 places
2026-03-24T18:28:17.342Z - 
🔄 QA: Traitement...
2026-03-24T18:28:17.342Z -   ✓ Excel chargé: 0 places
2026-03-24T18:28:17.343Z -   ✓ Master JSON: 0 places
2026-03-24T18:28:17.343Z - 
🔄 RE: Traitement...
2026-03-24T18:28:17.344Z -   ✓ Excel chargé: 0 places
2026-03-24T18:28:17.345Z -   ✓ Master JSON: 7 places
2026-03-24T18:28:17.345Z -   ✓ 7 nouvelles places ajoutées
2026-03-24T18:29:31.903Z -   ✓ Excel sauvegardé: 7 places
2026-03-24T18:29:31.906Z - 
🔄 RO: Traitement...
2026-03-24T18:29:31.948Z -   ✓ Excel chargé: 15 places
2026-03-24T18:29:31.955Z -   ✓ Master JSON: 13 places
2026-03-24T18:29:31.968Z -   ✓ Excel sauvegardé: 15 places
2026-03-24T18:29:31.969Z - 
🔄 RS: Traitement...
2026-03-24T18:29:31.984Z -   ✓ Excel chargé: 14 places
2026-03-24T18:29:31.990Z -   ✓ Master JSON: 14 places
2026-03-24T18:29:32.001Z -   ✓ Excel sauvegardé: 14 places
2026-03-24T18:29:32.002Z - 
🔄 RT IMPORTÉS: Traitement...
2026-03-24T18:29:32.002Z -   ✓ Excel chargé: 0 places
2026-03-24T18:29:32.002Z -   ✓ Master JSON: 0 places
2026-03-24T18:29:32.003Z - 
🔄 RU: Traitement...
2026-03-24T18:29:32.003Z -   ✓ Excel chargé: 0 places
2026-03-24T18:29:32.004Z -   ✓ Master JSON: 0 places
2026-03-24T18:29:32.004Z - 
🔄 RW: Traitement...
2026-03-24T18:29:32.011Z -   ✓ Excel chargé: 4 places
2026-03-24T18:29:32.012Z -   ✓ Master JSON: 0 places
2026-03-24T18:29:32.021Z -   ✓ Excel sauvegardé: 4 places
2026-03-24T18:29:32.023Z - 
🔄 SA: Traitement...
2026-03-24T18:29:32.024Z -   ✓ Excel chargé: 0 places
2026-03-24T18:29:32.025Z -   ✓ Master JSON: 0 places
2026-03-24T18:29:32.026Z - 
🔄 SB: Traitement...
2026-03-24T18:29:32.026Z -   ✓ Excel chargé: 0 places
2026-03-24T18:29:32.027Z -   ✓ Master JSON: 0 places
2026-03-24T18:29:32.028Z - 
🔄 SC: Traitement...
2026-03-24T18:29:32.028Z -   ✓ Excel chargé: 0 places
2026-03-24T18:29:32.028Z -   ✓ Master JSON: 0 places
2026-03-24T18:29:32.029Z - 
🔄 SD: Traitement...
2026-03-24T18:29:32.029Z -   ✓ Excel chargé: 0 places
2026-03-24T18:29:32.030Z -   ✓ Master JSON: 0 places
2026-03-24T18:29:32.031Z - 
🔄 SE: Traitement...
2026-03-24T18:29:32.050Z -   ✓ Excel chargé: 41 places
2026-03-24T18:29:32.061Z -   ✓ Master JSON: 41 places
2026-03-24T18:29:32.086Z -   ✓ Excel sauvegardé: 41 places
2026-03-24T18:29:32.087Z - 
🔄 SG: Traitement...
2026-03-24T18:29:32.087Z -   ✓ Excel chargé: 0 places
2026-03-24T18:29:32.088Z -   ✓ Master JSON: 0 places
2026-03-24T18:29:32.089Z - 
🔄 SI: Traitement...
2026-03-24T18:29:32.099Z -   ✓ Excel chargé: 9 places
2026-03-24T18:29:32.105Z -   ✓ Master JSON: 9 places
2026-03-24T18:29:32.112Z -   ✓ Excel sauvegardé: 9 places
2026-03-24T18:29:32.113Z - 
🔄 SK: Traitement...
2026-03-24T18:29:32.118Z -   ✓ Excel chargé: 11 places
2026-03-24T18:29:32.124Z -   ✓ Master JSON: 11 places
2026-03-24T18:29:32.130Z -   ✓ Excel sauvegardé: 11 places
2026-03-24T18:29:32.131Z - 
🔄 SL: Traitement...
2026-03-24T18:29:32.131Z -   ✓ Excel chargé: 0 places
2026-03-24T18:29:32.132Z -   ✓ Master JSON: 0 places
2026-03-24T18:29:32.133Z - 
🔄 SM: Traitement...
2026-03-24T18:29:32.133Z -   ✓ Excel chargé: 0 places
2026-03-24T18:29:32.133Z -   ✓ Master JSON: 0 places
2026-03-24T18:29:32.134Z - 
🔄 SN: Traitement...
2026-03-24T18:29:32.141Z -   ✓ Excel chargé: 8 places
2026-03-24T18:29:32.148Z -   ✓ Master JSON: 8 places
2026-03-24T18:29:32.155Z -   ✓ Excel sauvegardé: 8 places
2026-03-24T18:29:32.156Z - 
🔄 SO: Traitement...
2026-03-24T18:29:32.157Z -   ✓ Excel chargé: 0 places
2026-03-24T18:29:32.158Z -   ✓ Master JSON: 0 places
2026-03-24T18:29:32.158Z - 
🔄 SR: Traitement...
2026-03-24T18:29:32.165Z -   ✓ Excel chargé: 10 places
2026-03-24T18:29:32.166Z -   ✓ Master JSON: 0 places
2026-03-24T18:29:32.179Z -   ✓ Excel sauvegardé: 10 places
2026-03-24T18:29:32.180Z - 
🔄 SS: Traitement...
2026-03-24T18:29:32.181Z -   ✓ Excel chargé: 0 places
2026-03-24T18:29:32.182Z -   ✓ Master JSON: 0 places
2026-03-24T18:29:32.187Z - 
🔄 ST: Traitement...
2026-03-24T18:29:32.188Z -   ✓ Excel chargé: 0 places
2026-03-24T18:29:32.191Z -   ✓ Master JSON: 0 places
2026-03-24T18:29:32.193Z - 
🔄 SV: Traitement...
2026-03-24T18:29:32.205Z -   ✓ Excel chargé: 10 places
2026-03-24T18:29:32.213Z -   ✓ Master JSON: 9 places
2026-03-24T18:29:32.223Z -   ✓ Excel sauvegardé: 10 places
2026-03-24T18:29:32.225Z - 
🔄 SY: Traitement...
2026-03-24T18:29:32.226Z -   ✓ Excel chargé: 0 places
2026-03-24T18:29:32.226Z -   ✓ Master JSON: 0 places
2026-03-24T18:29:32.227Z - 
🔄 SZ: Traitement...
2026-03-24T18:29:32.227Z -   ✓ Excel chargé: 0 places
2026-03-24T18:29:32.228Z -   ✓ Master JSON: 0 places
2026-03-24T18:29:32.229Z - 
🔄 TD: Traitement...
2026-03-24T18:29:32.229Z -   ✓ Excel chargé: 0 places
2026-03-24T18:29:32.229Z -   ✓ Master JSON: 0 places
2026-03-24T18:29:32.230Z - 
🔄 TG: Traitement...
2026-03-24T18:29:32.230Z -   ✓ Excel chargé: 0 places
2026-03-24T18:29:32.231Z -   ✓ Master JSON: 0 places
2026-03-24T18:29:32.232Z - 
🔄 TH: Traitement...
2026-03-24T18:29:32.242Z -   ✓ Excel chargé: 27 places
2026-03-24T18:29:32.246Z -   ✓ Master JSON: 23 places
2026-03-24T18:29:32.258Z -   ✓ Excel sauvegardé: 27 places
2026-03-24T18:29:32.258Z - 
🔄 TJ: Traitement...
2026-03-24T18:29:32.259Z -   ✓ Excel chargé: 0 places
2026-03-24T18:29:32.259Z -   ✓ Master JSON: 0 places
2026-03-24T18:29:32.260Z - 
🔄 TL: Traitement...
2026-03-24T18:29:32.260Z -   ✓ Excel chargé: 0 places
2026-03-24T18:29:32.261Z -   ✓ Master JSON: 0 places
2026-03-24T18:29:32.262Z - 
🔄 TM: Traitement...
2026-03-24T18:29:32.266Z -   ✓ Excel chargé: 8 places
2026-03-24T18:29:32.270Z -   ✓ Master JSON: 8 places
2026-03-24T18:29:32.279Z -   ✓ Excel sauvegardé: 8 places
2026-03-24T18:29:32.280Z - 
🔄 TN: Traitement...
2026-03-24T18:29:32.280Z -   ✓ Excel chargé: 0 places
2026-03-24T18:29:32.281Z -   ✓ Master JSON: 0 places
2026-03-24T18:29:32.282Z - 
🔄 TO: Traitement...
2026-03-24T18:29:32.283Z -   ✓ Excel chargé: 0 places
2026-03-24T18:29:32.283Z -   ✓ Master JSON: 0 places
2026-03-24T18:29:32.284Z - 
🔄 TR: Traitement...
2026-03-24T18:29:32.296Z -   ✓ Excel chargé: 58 places
2026-03-24T18:29:32.303Z -   ✓ Master JSON: 59 places
2026-03-24T18:29:32.303Z -   ✓ 1 nouvelles places ajoutées
2026-03-24T18:29:37.767Z -   ✓ Excel sauvegardé: 59 places
2026-03-24T18:29:37.769Z - 
🔄 TT: Traitement...
2026-03-24T18:29:37.770Z -   ✓ Excel chargé: 0 places
2026-03-24T18:29:37.772Z -   ✓ Master JSON: 0 places
2026-03-24T18:29:37.773Z - 
🔄 TV: Traitement...
2026-03-24T18:29:37.775Z -   ✓ Excel chargé: 0 places
2026-03-24T18:29:37.776Z -   ✓ Master JSON: 0 places
2026-03-24T18:29:37.778Z - 
🔄 TZ: Traitement...
2026-03-24T18:29:37.792Z -   ✓ Excel chargé: 18 places
2026-03-24T18:29:37.803Z -   ✓ Master JSON: 17 places
2026-03-24T18:29:37.815Z -   ✓ Excel sauvegardé: 18 places
2026-03-24T18:29:37.816Z - 
🔄 UA: Traitement...
2026-03-24T18:29:37.816Z -   ✓ Excel chargé: 0 places
2026-03-24T18:29:37.816Z -   ✓ Master JSON: 0 places
2026-03-24T18:29:37.817Z - 
🔄 UG: Traitement...
2026-03-24T18:29:37.823Z -   ✓ Excel chargé: 9 places
2026-03-24T18:29:37.824Z -   ✓ Master JSON: 0 places
2026-03-24T18:29:37.833Z -   ✓ Excel sauvegardé: 9 places
2026-03-24T18:29:37.834Z - 
🔄 US: Traitement...
2026-03-24T18:29:37.938Z -   ✓ Excel chargé: 546 places
2026-03-24T18:29:37.994Z -   ✓ Master JSON: 401 places
2026-03-24T18:29:38.188Z -   ✓ Excel sauvegardé: 546 places
2026-03-24T18:29:38.190Z - 
🔄 UY: Traitement...
2026-03-24T18:29:38.191Z -   ✓ Excel chargé: 0 places
2026-03-24T18:29:38.192Z -   ✓ Master JSON: 0 places
2026-03-24T18:29:38.194Z - 
🔄 UZ: Traitement...
2026-03-24T18:29:38.211Z -   ✓ Excel chargé: 6 places
2026-03-24T18:29:38.220Z -   ✓ Master JSON: 6 places
2026-03-24T18:29:38.233Z -   ✓ Excel sauvegardé: 6 places
2026-03-24T18:29:38.234Z - 
🔄 VA: Traitement...
2026-03-24T18:29:38.235Z -   ✓ Excel chargé: 0 places
2026-03-24T18:29:38.236Z -   ✓ Master JSON: 0 places
2026-03-24T18:29:38.237Z - 
🔄 VC: Traitement...
2026-03-24T18:29:38.238Z -   ✓ Excel chargé: 0 places
2026-03-24T18:29:38.239Z -   ✓ Master JSON: 0 places
2026-03-24T18:29:38.241Z - 
🔄 VE: Traitement...
2026-03-24T18:29:38.242Z -   ✓ Excel chargé: 0 places
2026-03-24T18:29:38.243Z -   ✓ Master JSON: 0 places
2026-03-24T18:29:38.244Z - 
🔄 VN: Traitement...
2026-03-24T18:29:38.255Z -   ✓ Excel chargé: 32 places
2026-03-24T18:29:38.270Z -   ✓ Master JSON: 25 places
2026-03-24T18:29:38.288Z -   ✓ Excel sauvegardé: 32 places
2026-03-24T18:29:38.289Z - 
🔄 VU: Traitement...
2026-03-24T18:29:38.290Z -   ✓ Excel chargé: 0 places
2026-03-24T18:29:38.290Z -   ✓ Master JSON: 0 places
2026-03-24T18:29:38.291Z - 
🔄 WF: Traitement...
2026-03-24T18:29:38.292Z -   ✓ Excel chargé: 0 places
2026-03-24T18:29:38.292Z -   ✓ Master JSON: 0 places
2026-03-24T18:29:38.294Z - 
🔄 WS: Traitement...
2026-03-24T18:29:38.295Z -   ✓ Excel chargé: 0 places
2026-03-24T18:29:38.295Z -   ✓ Master JSON: 0 places
2026-03-24T18:29:38.296Z - 
🔄 XX: Traitement...
2026-03-24T18:29:38.297Z -   ✓ Excel chargé: 0 places
2026-03-24T18:29:38.297Z -   ✓ Master JSON: 0 places
2026-03-24T18:29:38.298Z - 
🔄 YE: Traitement...
2026-03-24T18:29:38.298Z -   ✓ Excel chargé: 0 places
2026-03-24T18:29:38.299Z -   ✓ Master JSON: 0 places
2026-03-24T18:29:38.299Z - 
🔄 YT: Traitement...
2026-03-24T18:29:38.303Z -   ✓ Excel chargé: 5 places
2026-03-24T18:29:38.307Z -   ✓ Master JSON: 5 places
2026-03-24T18:29:38.315Z -   ✓ Excel sauvegardé: 5 places
2026-03-24T18:29:38.316Z - 
🔄 ZA: Traitement...
2026-03-24T18:29:38.326Z -   ✓ Excel chargé: 118 places
2026-03-24T18:29:38.339Z -   ✓ Master JSON: 85 places
2026-03-24T18:29:38.369Z -   ✓ Excel sauvegardé: 118 places
2026-03-24T18:29:38.369Z - 
🔄 ZM: Traitement...
2026-03-24T18:29:38.370Z -   ✓ Excel chargé: 0 places
2026-03-24T18:29:38.370Z -   ✓ Master JSON: 0 places
2026-03-24T18:29:38.371Z - 
🔄 ZW: Traitement...
2026-03-24T18:29:38.371Z -   ✓ Excel chargé: 0 places
2026-03-24T18:29:38.372Z -   ✓ Master JSON: 0 places
2026-03-24T18:29:38.373Z - 
🔄 _BACKUPS: Traitement...
2026-03-24T18:29:38.373Z -   ✓ Excel chargé: 0 places
2026-03-24T18:29:38.373Z -   ✓ Master JSON: 0 places
2026-03-24T18:29:38.374Z - 
🔄 _TR_CACHE: Traitement...
2026-03-24T18:29:38.380Z -   ✓ Excel chargé: 0 places
2026-03-24T18:29:38.381Z -   ✓ Master JSON: 0 places
