2026-03-25T09:29:58.667Z - 
============================================================
2026-03-25T09:29:58.691Z - 🔄 MODE UPDATE - 25/03/2026 10:29:58
2026-03-25T09:29:58.691Z - ============================================================
2026-03-25T09:29:58.833Z - 
🔄 .RATINGS_BACKUPS: Traitement...
2026-03-25T09:29:58.834Z -   ✓ Excel chargé: 0 places
2026-03-25T09:29:58.836Z -   ✓ Master JSON: 0 places
2026-03-25T09:29:58.837Z - 
🔄 AD: Traitement...
2026-03-25T09:29:58.879Z -   ✓ Excel chargé: 0 places
2026-03-25T09:29:58.880Z -   ✓ Master JSON: 0 places
2026-03-25T09:29:58.881Z - 
🔄 AE: Traitement...
2026-03-25T09:29:58.895Z -   ✓ Excel chargé: 9 places
2026-03-25T09:29:58.903Z -   ✓ Master JSON: 8 places
2026-03-25T09:29:58.952Z -   ✓ Excel sauvegardé: 9 places
2026-03-25T09:29:58.953Z - 
🔄 AF: Traitement...
2026-03-25T09:29:58.961Z -   ✓ Excel chargé: 0 places
2026-03-25T09:29:58.962Z -   ✓ Master JSON: 0 places
2026-03-25T09:29:58.963Z - 
🔄 AG: Traitement...
2026-03-25T09:29:58.971Z -   ✓ Excel chargé: 0 places
2026-03-25T09:29:58.972Z -   ✓ Master JSON: 0 places
2026-03-25T09:29:58.973Z - 
🔄 AI: Traitement...
2026-03-25T09:29:58.973Z -   ✓ Excel chargé: 0 places
2026-03-25T09:29:58.974Z -   ✓ Master JSON: 0 places
2026-03-25T09:29:58.974Z - 
🔄 AL: Traitement...
2026-03-25T09:29:58.984Z -   ✓ Excel chargé: 12 places
2026-03-25T09:29:58.988Z -   ✓ Master JSON: 12 places
2026-03-25T09:29:59.004Z -   ✓ Excel sauvegardé: 12 places
2026-03-25T09:29:59.004Z - 
🔄 AM: Traitement...
2026-03-25T09:29:59.013Z -   ✓ Excel chargé: 8 places
2026-03-25T09:29:59.018Z -   ✓ Master JSON: 8 places
2026-03-25T09:29:59.029Z -   ✓ Excel sauvegardé: 8 places
2026-03-25T09:29:59.030Z - 
🔄 AO: Traitement...
2026-03-25T09:29:59.037Z -   ✓ Excel chargé: 0 places
2026-03-25T09:29:59.037Z -   ✓ Master JSON: 0 places
2026-03-25T09:29:59.038Z - 
🔄 AR: Traitement...
2026-03-25T09:29:59.068Z -   ✓ Excel chargé: 46 places
2026-03-25T09:29:59.081Z -   ✓ Master JSON: 23 places
2026-03-25T09:29:59.105Z -   ✓ Excel sauvegardé: 46 places
2026-03-25T09:29:59.106Z - 
🔄 AS: Traitement...
2026-03-25T09:29:59.107Z -   ✓ Excel chargé: 0 places
2026-03-25T09:29:59.107Z -   ✓ Master JSON: 0 places
2026-03-25T09:29:59.108Z - 
🔄 AT: Traitement...
2026-03-25T09:29:59.127Z -   ✓ Excel chargé: 48 places
2026-03-25T09:29:59.136Z -   ✓ Master JSON: 43 places
2026-03-25T09:29:59.160Z -   ✓ Excel sauvegardé: 48 places
2026-03-25T09:29:59.161Z - 
🔄 AU: Traitement...
2026-03-25T09:29:59.182Z -   ✓ Excel chargé: 79 places
2026-03-25T09:29:59.193Z -   ✓ Master JSON: 42 places
2026-03-25T09:29:59.220Z -   ✓ Excel sauvegardé: 79 places
2026-03-25T09:29:59.220Z - 
🔄 AW: Traitement...
2026-03-25T09:29:59.225Z -   ✓ Excel chargé: 0 places
2026-03-25T09:29:59.226Z -   ✓ Master JSON: 0 places
2026-03-25T09:29:59.227Z - 
🔄 AZ: Traitement...
2026-03-25T09:29:59.234Z -   ✓ Excel chargé: 0 places
2026-03-25T09:29:59.235Z -   ✓ Master JSON: 0 places
2026-03-25T09:29:59.236Z - 
🔄 BA: Traitement...
2026-03-25T09:29:59.245Z -   ✓ Excel chargé: 15 places
2026-03-25T09:29:59.253Z -   ✓ Master JSON: 15 places
2026-03-25T09:29:59.268Z -   ✓ Excel sauvegardé: 15 places
2026-03-25T09:29:59.269Z - 
🔄 BB: Traitement...
2026-03-25T09:29:59.280Z -   ✓ Excel chargé: 6 places
2026-03-25T09:29:59.287Z -   ✓ Master JSON: 5 places
2026-03-25T09:29:59.302Z -   ✓ Excel sauvegardé: 6 places
2026-03-25T09:29:59.303Z - 
🔄 BD: Traitement...
2026-03-25T09:29:59.324Z -   ✓ Excel chargé: 16 places
2026-03-25T09:29:59.339Z -   ✓ Master JSON: 13 places
2026-03-25T09:29:59.358Z -   ✓ Excel sauvegardé: 16 places
2026-03-25T09:29:59.359Z - 
🔄 BE: Traitement...
2026-03-25T09:29:59.372Z -   ✓ Excel chargé: 24 places
2026-03-25T09:29:59.383Z -   ✓ Master JSON: 23 places
2026-03-25T09:29:59.402Z -   ✓ Excel sauvegardé: 24 places
2026-03-25T09:29:59.403Z - 
🔄 BF: Traitement...
2026-03-25T09:29:59.410Z -   ✓ Excel chargé: 0 places
2026-03-25T09:29:59.410Z -   ✓ Master JSON: 0 places
2026-03-25T09:29:59.412Z - 
🔄 BG: Traitement...
2026-03-25T09:29:59.419Z -   ✓ Excel chargé: 29 places
2026-03-25T09:29:59.425Z -   ✓ Master JSON: 21 places
2026-03-25T09:29:59.438Z -   ✓ Excel sauvegardé: 29 places
2026-03-25T09:29:59.438Z - 
🔄 BH: Traitement...
2026-03-25T09:29:59.443Z -   ✓ Excel chargé: 0 places
2026-03-25T09:29:59.443Z -   ✓ Master JSON: 0 places
2026-03-25T09:29:59.444Z - 
🔄 BI: Traitement...
2026-03-25T09:29:59.451Z -   ✓ Excel chargé: 0 places
2026-03-25T09:29:59.451Z -   ✓ Master JSON: 0 places
2026-03-25T09:29:59.452Z - 
🔄 BJ: Traitement...
2026-03-25T09:29:59.457Z -   ✓ Excel chargé: 0 places
2026-03-25T09:29:59.457Z -   ✓ Master JSON: 0 places
2026-03-25T09:29:59.458Z - 
🔄 BL: Traitement...
2026-03-25T09:29:59.465Z -   ✓ Excel chargé: 8 places
2026-03-25T09:29:59.467Z -   ✓ Master JSON: 8 places
2026-03-25T09:29:59.474Z -   ✓ Excel sauvegardé: 8 places
2026-03-25T09:29:59.474Z - 
🔄 BM: Traitement...
2026-03-25T09:29:59.482Z -   ✓ Excel chargé: 0 places
2026-03-25T09:29:59.482Z -   ✓ Master JSON: 0 places
2026-03-25T09:29:59.483Z - 
🔄 BN: Traitement...
2026-03-25T09:29:59.488Z -   ✓ Excel chargé: 0 places
2026-03-25T09:29:59.489Z -   ✓ Master JSON: 0 places
2026-03-25T09:29:59.489Z - 
🔄 BO: Traitement...
2026-03-25T09:29:59.495Z -   ✓ Excel chargé: 19 places
2026-03-25T09:29:59.500Z -   ✓ Master JSON: 17 places
2026-03-25T09:29:59.510Z -   ✓ Excel sauvegardé: 19 places
2026-03-25T09:29:59.511Z - 
🔄 BQ: Traitement...
2026-03-25T09:29:59.512Z -   ✓ Excel chargé: 0 places
2026-03-25T09:29:59.513Z -   ✓ Master JSON: 0 places
2026-03-25T09:29:59.514Z - 
🔄 BR: Traitement...
2026-03-25T09:29:59.521Z -   ✓ Excel chargé: 55 places
2026-03-25T09:29:59.531Z -   ✓ Master JSON: 49 places
2026-03-25T09:29:59.551Z -   ✓ Excel sauvegardé: 55 places
2026-03-25T09:29:59.552Z - 
🔄 BS: Traitement...
2026-03-25T09:29:59.557Z -   ✓ Excel chargé: 10 places
2026-03-25T09:29:59.561Z -   ✓ Master JSON: 9 places
2026-03-25T09:29:59.569Z -   ✓ Excel sauvegardé: 10 places
2026-03-25T09:29:59.570Z - 
🔄 BT: Traitement...
2026-03-25T09:29:59.574Z -   ✓ Excel chargé: 0 places
2026-03-25T09:29:59.575Z -   ✓ Master JSON: 0 places
2026-03-25T09:29:59.575Z - 
🔄 BW: Traitement...
2026-03-25T09:29:59.582Z -   ✓ Excel chargé: 17 places
2026-03-25T09:29:59.587Z -   ✓ Master JSON: 15 places
2026-03-25T09:29:59.599Z -   ✓ Excel sauvegardé: 17 places
2026-03-25T09:29:59.600Z - 
🔄 BY: Traitement...
2026-03-25T09:29:59.605Z -   ✓ Excel chargé: 0 places
2026-03-25T09:29:59.605Z -   ✓ Master JSON: 0 places
2026-03-25T09:29:59.606Z - 
🔄 BZ: Traitement...
2026-03-25T09:29:59.611Z -   ✓ Excel chargé: 6 places
2026-03-25T09:29:59.616Z -   ✓ Master JSON: 6 places
2026-03-25T09:29:59.624Z -   ✓ Excel sauvegardé: 6 places
2026-03-25T09:29:59.624Z - 
🔄 CA: Traitement...
2026-03-25T09:29:59.635Z -   ✓ Excel chargé: 64 places
2026-03-25T09:29:59.647Z -   ✓ Master JSON: 54 places
2026-03-25T09:29:59.668Z -   ✓ Excel sauvegardé: 64 places
2026-03-25T09:29:59.668Z - 
🔄 CD: Traitement...
2026-03-25T09:29:59.673Z -   ✓ Excel chargé: 0 places
2026-03-25T09:29:59.673Z -   ✓ Master JSON: 0 places
2026-03-25T09:29:59.674Z - 
🔄 CF: Traitement...
2026-03-25T09:29:59.681Z -   ✓ Excel chargé: 0 places
2026-03-25T09:29:59.682Z -   ✓ Master JSON: 0 places
2026-03-25T09:29:59.682Z - 
🔄 CG: Traitement...
2026-03-25T09:29:59.687Z -   ✓ Excel chargé: 0 places
2026-03-25T09:29:59.688Z -   ✓ Master JSON: 0 places
2026-03-25T09:29:59.688Z - 
🔄 CH: Traitement...
2026-03-25T09:29:59.697Z -   ✓ Excel chargé: 57 places
2026-03-25T09:29:59.706Z -   ✓ Master JSON: 56 places
2026-03-25T09:29:59.725Z -   ✓ Excel sauvegardé: 57 places
2026-03-25T09:29:59.726Z - 
🔄 CI: Traitement...
2026-03-25T09:29:59.732Z -   ✓ Excel chargé: 0 places
2026-03-25T09:29:59.732Z -   ✓ Master JSON: 0 places
2026-03-25T09:29:59.733Z - 
🔄 CK: Traitement...
2026-03-25T09:29:59.733Z -   ✓ Excel chargé: 0 places
2026-03-25T09:29:59.734Z -   ✓ Master JSON: 0 places
2026-03-25T09:29:59.734Z - 
🔄 CL: Traitement...
2026-03-25T09:29:59.739Z -   ✓ Excel chargé: 7 places
2026-03-25T09:29:59.744Z -   ✓ Master JSON: 7 places
2026-03-25T09:29:59.751Z -   ✓ Excel sauvegardé: 7 places
2026-03-25T09:29:59.752Z - 
🔄 CM: Traitement...
2026-03-25T09:29:59.756Z -   ✓ Excel chargé: 0 places
2026-03-25T09:29:59.757Z -   ✓ Master JSON: 0 places
2026-03-25T09:29:59.758Z - 
🔄 CN: Traitement...
2026-03-25T09:29:59.766Z -   ✓ Excel chargé: 60 places
2026-03-25T09:29:59.778Z -   ✓ Master JSON: 56 places
2026-03-25T09:29:59.799Z -   ✓ Excel sauvegardé: 60 places
2026-03-25T09:29:59.799Z - 
🔄 CO: Traitement...
2026-03-25T09:29:59.804Z -   ✓ Excel chargé: 16 places
2026-03-25T09:29:59.810Z -   ✓ Master JSON: 13 places
2026-03-25T09:29:59.820Z -   ✓ Excel sauvegardé: 16 places
2026-03-25T09:29:59.821Z - 
🔄 CR: Traitement...
2026-03-25T09:29:59.825Z -   ✓ Excel chargé: 9 places
2026-03-25T09:29:59.831Z -   ✓ Master JSON: 8 places
2026-03-25T09:29:59.838Z -   ✓ Excel sauvegardé: 9 places
2026-03-25T09:29:59.839Z - 
🔄 CU: Traitement...
2026-03-25T09:29:59.844Z -   ✓ Excel chargé: 17 places
2026-03-25T09:29:59.850Z -   ✓ Master JSON: 17 places
2026-03-25T09:29:59.858Z -   ✓ Excel sauvegardé: 17 places
2026-03-25T09:29:59.859Z - 
🔄 CV: Traitement...
2026-03-25T09:29:59.864Z -   ✓ Excel chargé: 0 places
2026-03-25T09:29:59.865Z -   ✓ Master JSON: 0 places
2026-03-25T09:29:59.865Z - 
🔄 CY: Traitement...
2026-03-25T09:29:59.869Z -   ✓ Excel chargé: 0 places
2026-03-25T09:29:59.870Z -   ✓ Master JSON: 0 places
2026-03-25T09:29:59.870Z - 
🔄 CZ: Traitement...
2026-03-25T09:29:59.876Z -   ✓ Excel chargé: 26 places
2026-03-25T09:29:59.881Z -   ✓ Master JSON: 14 places
2026-03-25T09:29:59.891Z -   ✓ Excel sauvegardé: 26 places
2026-03-25T09:29:59.892Z - 
🔄 DE: Traitement...
2026-03-25T09:29:59.908Z -   ✓ Excel chargé: 125 places
2026-03-25T09:29:59.926Z -   ✓ Master JSON: 119 places
2026-03-25T09:29:59.963Z -   ✓ Excel sauvegardé: 125 places
2026-03-25T09:29:59.964Z - 
🔄 DJ: Traitement...
2026-03-25T09:29:59.965Z -   ✓ Excel chargé: 0 places
2026-03-25T09:29:59.965Z -   ✓ Master JSON: 0 places
2026-03-25T09:29:59.966Z - 
🔄 DK: Traitement...
2026-03-25T09:29:59.971Z -   ✓ Excel chargé: 23 places
2026-03-25T09:29:59.975Z -   ✓ Master JSON: 16 places
2026-03-25T09:29:59.986Z -   ✓ Excel sauvegardé: 23 places
2026-03-25T09:29:59.987Z - 
🔄 DM: Traitement...
2026-03-25T09:29:59.988Z -   ✓ Excel chargé: 0 places
2026-03-25T09:29:59.988Z -   ✓ Master JSON: 0 places
2026-03-25T09:29:59.989Z - 
🔄 DO: Traitement...
2026-03-25T09:29:59.994Z -   ✓ Excel chargé: 18 places
2026-03-25T09:29:59.999Z -   ✓ Master JSON: 16 places
2026-03-25T09:30:00.010Z -   ✓ Excel sauvegardé: 18 places
2026-03-25T09:30:00.011Z - 
🔄 DZ: Traitement...
2026-03-25T09:30:00.011Z -   ✓ Excel chargé: 0 places
2026-03-25T09:30:00.012Z -   ✓ Master JSON: 0 places
2026-03-25T09:30:00.013Z - 
🔄 EA: Traitement...
2026-03-25T09:30:00.019Z -   ✓ Excel chargé: 24 places
2026-03-25T09:30:00.023Z -   ✓ Master JSON: 22 places
2026-03-25T09:30:00.035Z -   ✓ Excel sauvegardé: 24 places
2026-03-25T09:30:00.036Z - 
🔄 EC: Traitement...
2026-03-25T09:30:00.043Z -   ✓ Excel chargé: 18 places
2026-03-25T09:30:00.050Z -   ✓ Master JSON: 14 places
2026-03-25T09:30:00.059Z -   ✓ Excel sauvegardé: 18 places
2026-03-25T09:30:00.059Z - 
🔄 EE: Traitement...
2026-03-25T09:30:00.060Z -   ✓ Excel chargé: 0 places
2026-03-25T09:30:00.061Z -   ✓ Master JSON: 0 places
2026-03-25T09:30:00.061Z - 
🔄 EG: Traitement...
2026-03-25T09:30:00.067Z -   ✓ Excel chargé: 19 places
2026-03-25T09:30:00.072Z -   ✓ Master JSON: 9 places
2026-03-25T09:30:00.082Z -   ✓ Excel sauvegardé: 19 places
2026-03-25T09:30:00.082Z - 
🔄 ER: Traitement...
2026-03-25T09:30:00.083Z -   ✓ Excel chargé: 0 places
2026-03-25T09:30:00.083Z -   ✓ Master JSON: 0 places
2026-03-25T09:30:00.084Z - 
🔄 ES: Traitement...
2026-03-25T09:30:00.109Z -   ✓ Excel chargé: 251 places
2026-03-25T09:30:00.140Z -   ✓ Master JSON: 220 places
2026-03-25T09:30:00.219Z -   ✓ Excel sauvegardé: 251 places
2026-03-25T09:30:00.219Z - 
🔄 ET: Traitement...
2026-03-25T09:30:00.220Z -   ✓ Excel chargé: 0 places
2026-03-25T09:30:00.220Z -   ✓ Master JSON: 0 places
2026-03-25T09:30:00.221Z - 
🔄 FI: Traitement...
2026-03-25T09:30:00.226Z -   ✓ Excel chargé: 23 places
2026-03-25T09:30:00.232Z -   ✓ Master JSON: 19 places
2026-03-25T09:30:00.242Z -   ✓ Excel sauvegardé: 23 places
2026-03-25T09:30:00.243Z - 
🔄 FJ: Traitement...
2026-03-25T09:30:00.243Z -   ✓ Excel chargé: 0 places
2026-03-25T09:30:00.243Z -   ✓ Master JSON: 0 places
2026-03-25T09:30:00.244Z - 
🔄 FM: Traitement...
2026-03-25T09:30:00.245Z -   ✓ Excel chargé: 0 places
2026-03-25T09:30:00.245Z -   ✓ Master JSON: 0 places
2026-03-25T09:30:00.246Z - 
🔄 FR: Traitement...
2026-03-25T09:30:00.347Z -   ✓ Excel chargé: 1304 places
2026-03-25T09:30:00.467Z -   ✓ Master JSON: 1177 places
2026-03-25T09:30:00.468Z -   ✓ 3 nouvelles places ajoutées
2026-03-25T09:30:18.608Z -   ✓ Excel sauvegardé: 1307 places
2026-03-25T09:30:18.610Z - 
🔄 GA: Traitement...
2026-03-25T09:30:18.610Z -   ✓ Excel chargé: 0 places
2026-03-25T09:30:18.611Z -   ✓ Master JSON: 0 places
2026-03-25T09:30:18.612Z - 
🔄 GB: Traitement...
2026-03-25T09:30:18.668Z -   ✓ Excel chargé: 209 places
2026-03-25T09:30:18.703Z -   ✓ Master JSON: 196 places
2026-03-25T09:30:18.761Z -   ✓ Excel sauvegardé: 209 places
2026-03-25T09:30:18.762Z - 
🔄 GD: Traitement...
2026-03-25T09:30:18.762Z -   ✓ Excel chargé: 0 places
2026-03-25T09:30:18.762Z -   ✓ Master JSON: 0 places
2026-03-25T09:30:18.763Z - 
🔄 GE: Traitement...
2026-03-25T09:30:18.770Z -   ✓ Excel chargé: 19 places
2026-03-25T09:30:18.775Z -   ✓ Master JSON: 19 places
2026-03-25T09:30:18.784Z -   ✓ Excel sauvegardé: 19 places
2026-03-25T09:30:18.785Z - 
🔄 GF: Traitement...
2026-03-25T09:30:18.790Z -   ✓ Excel chargé: 5 places
2026-03-25T09:30:18.795Z -   ✓ Master JSON: 5 places
2026-03-25T09:30:18.802Z -   ✓ Excel sauvegardé: 5 places
2026-03-25T09:30:18.802Z - 
🔄 GH: Traitement...
2026-03-25T09:30:18.803Z -   ✓ Excel chargé: 0 places
2026-03-25T09:30:18.803Z -   ✓ Master JSON: 0 places
2026-03-25T09:30:18.804Z - 
🔄 GM: Traitement...
2026-03-25T09:30:18.804Z -   ✓ Excel chargé: 0 places
2026-03-25T09:30:18.805Z -   ✓ Master JSON: 0 places
2026-03-25T09:30:18.805Z - 
🔄 GN: Traitement...
2026-03-25T09:30:18.806Z -   ✓ Excel chargé: 0 places
2026-03-25T09:30:18.806Z -   ✓ Master JSON: 0 places
2026-03-25T09:30:18.807Z - 
🔄 GP: Traitement...
2026-03-25T09:30:18.812Z -   ✓ Excel chargé: 8 places
2026-03-25T09:30:18.816Z -   ✓ Master JSON: 8 places
2026-03-25T09:30:18.823Z -   ✓ Excel sauvegardé: 8 places
2026-03-25T09:30:18.823Z - 
🔄 GQ: Traitement...
2026-03-25T09:30:18.824Z -   ✓ Excel chargé: 0 places
2026-03-25T09:30:18.825Z -   ✓ Master JSON: 0 places
2026-03-25T09:30:18.826Z - 
🔄 GR: Traitement...
2026-03-25T09:30:18.838Z -   ✓ Excel chargé: 129 places
2026-03-25T09:30:18.870Z -   ✓ Master JSON: 123 places
2026-03-25T09:30:18.912Z -   ✓ Excel sauvegardé: 129 places
2026-03-25T09:30:18.912Z - 
🔄 GT: Traitement...
2026-03-25T09:30:18.919Z -   ✓ Excel chargé: 9 places
2026-03-25T09:30:18.923Z -   ✓ Master JSON: 8 places
2026-03-25T09:30:18.932Z -   ✓ Excel sauvegardé: 9 places
2026-03-25T09:30:18.933Z - 
🔄 GW: Traitement...
2026-03-25T09:30:18.933Z -   ✓ Excel chargé: 0 places
2026-03-25T09:30:18.934Z -   ✓ Master JSON: 0 places
2026-03-25T09:30:18.935Z - 
🔄 GY: Traitement...
2026-03-25T09:30:18.935Z -   ✓ Excel chargé: 0 places
2026-03-25T09:30:18.935Z -   ✓ Master JSON: 0 places
2026-03-25T09:30:18.936Z - 
🔄 HN: Traitement...
2026-03-25T09:30:18.936Z -   ✓ Excel chargé: 0 places
2026-03-25T09:30:18.937Z -   ✓ Master JSON: 0 places
2026-03-25T09:30:18.937Z - 
🔄 HR: Traitement...
2026-03-25T09:30:18.951Z -   ✓ Excel chargé: 88 places
2026-03-25T09:30:18.964Z -   ✓ Master JSON: 71 places
2026-03-25T09:30:18.990Z -   ✓ Excel sauvegardé: 88 places
2026-03-25T09:30:18.991Z - 
🔄 HT: Traitement...
2026-03-25T09:30:18.992Z -   ✓ Excel chargé: 0 places
2026-03-25T09:30:18.993Z -   ✓ Master JSON: 0 places
2026-03-25T09:30:18.994Z - 
🔄 HU: Traitement...
2026-03-25T09:30:19.001Z -   ✓ Excel chargé: 34 places
2026-03-25T09:30:19.012Z -   ✓ Master JSON: 34 places
2026-03-25T09:30:19.025Z -   ✓ Excel sauvegardé: 34 places
2026-03-25T09:30:19.026Z - 
🔄 ID: Traitement...
2026-03-25T09:30:19.037Z -   ✓ Excel chargé: 102 places
2026-03-25T09:30:19.051Z -   ✓ Master JSON: 74 places
2026-03-25T09:30:19.078Z -   ✓ Excel sauvegardé: 102 places
2026-03-25T09:30:19.079Z - 
🔄 IE: Traitement...
2026-03-25T09:30:19.085Z -   ✓ Excel chargé: 32 places
2026-03-25T09:30:19.091Z -   ✓ Master JSON: 23 places
2026-03-25T09:30:19.107Z -   ✓ Excel sauvegardé: 32 places
2026-03-25T09:30:19.108Z - 
🔄 IL: Traitement...
2026-03-25T09:30:19.113Z -   ✓ Excel chargé: 12 places
2026-03-25T09:30:19.117Z -   ✓ Master JSON: 12 places
2026-03-25T09:30:19.126Z -   ✓ Excel sauvegardé: 12 places
2026-03-25T09:30:19.127Z - 
🔄 IN: Traitement...
2026-03-25T09:30:19.135Z -   ✓ Excel chargé: 81 places
2026-03-25T09:30:19.146Z -   ✓ Master JSON: 56 places
2026-03-25T09:30:19.169Z -   ✓ Excel sauvegardé: 81 places
2026-03-25T09:30:19.170Z - 
🔄 IQ: Traitement...
2026-03-25T09:30:19.171Z -   ✓ Excel chargé: 0 places
2026-03-25T09:30:19.171Z -   ✓ Master JSON: 0 places
2026-03-25T09:30:19.172Z - 
🔄 IR: Traitement...
2026-03-25T09:30:19.172Z -   ✓ Excel chargé: 0 places
2026-03-25T09:30:19.172Z -   ✓ Master JSON: 0 places
2026-03-25T09:30:19.173Z - 
🔄 IS: Traitement...
2026-03-25T09:30:19.181Z -   ✓ Excel chargé: 21 places
2026-03-25T09:30:19.183Z -   ✓ Master JSON: 18 places
2026-03-25T09:30:20.620Z -   ✓ Excel sauvegardé: 21 places
2026-03-25T09:30:20.622Z - 
🔄 IT: Traitement...
2026-03-25T09:30:20.686Z -   ✓ Excel chargé: 627 places
2026-03-25T09:30:20.750Z -   ✓ Master JSON: 532 places
2026-03-25T09:30:20.901Z -   ✓ Excel sauvegardé: 627 places
2026-03-25T09:30:20.902Z - 
🔄 JM: Traitement...
2026-03-25T09:30:20.902Z -   ✓ Excel chargé: 0 places
2026-03-25T09:30:20.903Z -   ✓ Master JSON: 0 places
2026-03-25T09:30:20.903Z - 
🔄 JO: Traitement...
2026-03-25T09:30:20.908Z -   ✓ Excel chargé: 8 places
2026-03-25T09:30:20.910Z -   ✓ Master JSON: 6 places
2026-03-25T09:30:20.918Z -   ✓ Excel sauvegardé: 8 places
2026-03-25T09:30:20.918Z - 
🔄 JP: Traitement...
2026-03-25T09:30:20.928Z -   ✓ Excel chargé: 116 places
2026-03-25T09:30:20.940Z -   ✓ Master JSON: 113 places
2026-03-25T09:30:23.537Z -   ✓ Excel sauvegardé: 116 places
2026-03-25T09:30:23.538Z - 
🔄 KE: Traitement...
2026-03-25T09:30:23.543Z -   ✓ Excel chargé: 10 places
2026-03-25T09:30:23.544Z -   ✓ Master JSON: 0 places
2026-03-25T09:30:23.557Z -   ✓ Excel sauvegardé: 10 places
2026-03-25T09:30:23.559Z - 
🔄 KG: Traitement...
2026-03-25T09:30:23.560Z -   ✓ Excel chargé: 0 places
2026-03-25T09:30:23.561Z -   ✓ Master JSON: 0 places
2026-03-25T09:30:23.563Z - 
🔄 KH: Traitement...
2026-03-25T09:30:23.570Z -   ✓ Excel chargé: 10 places
2026-03-25T09:30:23.576Z -   ✓ Master JSON: 8 places
2026-03-25T09:30:23.585Z -   ✓ Excel sauvegardé: 10 places
2026-03-25T09:30:23.586Z - 
🔄 KI: Traitement...
2026-03-25T09:30:23.586Z -   ✓ Excel chargé: 0 places
2026-03-25T09:30:23.587Z -   ✓ Master JSON: 0 places
2026-03-25T09:30:23.588Z - 
🔄 KM: Traitement...
2026-03-25T09:30:23.589Z -   ✓ Excel chargé: 0 places
2026-03-25T09:30:23.590Z -   ✓ Master JSON: 0 places
2026-03-25T09:30:23.591Z - 
🔄 KN: Traitement...
2026-03-25T09:30:23.591Z -   ✓ Excel chargé: 0 places
2026-03-25T09:30:23.591Z -   ✓ Master JSON: 0 places
2026-03-25T09:30:23.592Z - 
🔄 KP: Traitement...
2026-03-25T09:30:23.592Z -   ✓ Excel chargé: 0 places
2026-03-25T09:30:23.593Z -   ✓ Master JSON: 0 places
2026-03-25T09:30:23.594Z - 
🔄 KR: Traitement...
2026-03-25T09:30:23.599Z -   ✓ Excel chargé: 6 places
2026-03-25T09:30:23.604Z -   ✓ Master JSON: 5 places
2026-03-25T09:30:23.610Z -   ✓ Excel sauvegardé: 6 places
2026-03-25T09:30:23.611Z - 
🔄 KW: Traitement...
2026-03-25T09:30:23.612Z -   ✓ Excel chargé: 0 places
2026-03-25T09:30:23.613Z -   ✓ Master JSON: 0 places
2026-03-25T09:30:23.613Z - 
🔄 KZ: Traitement...
2026-03-25T09:30:23.621Z -   ✓ Excel chargé: 19 places
2026-03-25T09:30:23.628Z -   ✓ Master JSON: 19 places
2026-03-25T09:30:23.639Z -   ✓ Excel sauvegardé: 19 places
2026-03-25T09:30:23.639Z - 
🔄 LA: Traitement...
2026-03-25T09:30:23.646Z -   ✓ Excel chargé: 44 places
2026-03-25T09:30:23.653Z -   ✓ Master JSON: 20 places
2026-03-25T09:30:23.667Z -   ✓ Excel sauvegardé: 44 places
2026-03-25T09:30:23.668Z - 
🔄 LB: Traitement...
2026-03-25T09:30:23.668Z -   ✓ Excel chargé: 0 places
2026-03-25T09:30:23.668Z -   ✓ Master JSON: 0 places
2026-03-25T09:30:23.669Z - 
🔄 LC: Traitement...
2026-03-25T09:30:23.670Z -   ✓ Excel chargé: 0 places
2026-03-25T09:30:23.670Z -   ✓ Master JSON: 0 places
2026-03-25T09:30:23.671Z - 
🔄 LI: Traitement...
2026-03-25T09:30:23.671Z -   ✓ Excel chargé: 0 places
2026-03-25T09:30:23.672Z -   ✓ Master JSON: 0 places
2026-03-25T09:30:23.672Z - 
🔄 LK: Traitement...
2026-03-25T09:30:23.678Z -   ✓ Excel chargé: 35 places
2026-03-25T09:30:23.684Z -   ✓ Master JSON: 34 places
2026-03-25T09:30:23.698Z -   ✓ Excel sauvegardé: 35 places
2026-03-25T09:30:23.698Z - 
🔄 LR: Traitement...
2026-03-25T09:30:23.699Z -   ✓ Excel chargé: 0 places
2026-03-25T09:30:23.699Z -   ✓ Master JSON: 0 places
2026-03-25T09:30:23.700Z - 
🔄 LS: Traitement...
2026-03-25T09:30:23.700Z -   ✓ Excel chargé: 0 places
2026-03-25T09:30:23.701Z -   ✓ Master JSON: 0 places
2026-03-25T09:30:23.701Z - 
🔄 LT: Traitement...
2026-03-25T09:30:23.705Z -   ✓ Excel chargé: 4 places
2026-03-25T09:30:23.708Z -   ✓ Master JSON: 4 places
2026-03-25T09:30:23.715Z -   ✓ Excel sauvegardé: 4 places
2026-03-25T09:30:23.716Z - 
🔄 LU: Traitement...
2026-03-25T09:30:23.716Z -   ✓ Excel chargé: 0 places
2026-03-25T09:30:23.716Z -   ✓ Master JSON: 0 places
2026-03-25T09:30:23.717Z - 
🔄 LV: Traitement...
2026-03-25T09:30:23.721Z -   ✓ Excel chargé: 11 places
2026-03-25T09:30:23.725Z -   ✓ Master JSON: 11 places
2026-03-25T09:30:23.733Z -   ✓ Excel sauvegardé: 11 places
2026-03-25T09:30:23.733Z - 
🔄 LY: Traitement...
2026-03-25T09:30:23.734Z -   ✓ Excel chargé: 0 places
2026-03-25T09:30:23.734Z -   ✓ Master JSON: 0 places
2026-03-25T09:30:23.735Z - 
🔄 MA: Traitement...
2026-03-25T09:30:23.738Z -   ✓ Excel chargé: 5 places
2026-03-25T09:30:23.742Z -   ✓ Master JSON: 5 places
2026-03-25T09:30:23.749Z -   ✓ Excel sauvegardé: 5 places
2026-03-25T09:30:23.749Z - 
🔄 MC: Traitement...
2026-03-25T09:30:23.750Z -   ✓ Excel chargé: 0 places
2026-03-25T09:30:23.750Z -   ✓ Master JSON: 0 places
2026-03-25T09:30:23.751Z - 
🔄 MD: Traitement...
2026-03-25T09:30:23.755Z -   ✓ Excel chargé: 6 places
2026-03-25T09:30:23.758Z -   ✓ Master JSON: 6 places
2026-03-25T09:30:23.766Z -   ✓ Excel sauvegardé: 6 places
2026-03-25T09:30:23.767Z - 
🔄 ME: Traitement...
2026-03-25T09:30:23.771Z -   ✓ Excel chargé: 12 places
2026-03-25T09:30:23.775Z -   ✓ Master JSON: 12 places
2026-03-25T09:30:23.783Z -   ✓ Excel sauvegardé: 12 places
2026-03-25T09:30:23.784Z - 
🔄 MF: Traitement...
2026-03-25T09:30:23.788Z -   ✓ Excel chargé: 5 places
2026-03-25T09:30:23.792Z -   ✓ Master JSON: 4 places
2026-03-25T09:30:23.799Z -   ✓ Excel sauvegardé: 5 places
2026-03-25T09:30:23.799Z - 
🔄 MG: Traitement...
2026-03-25T09:30:23.807Z -   ✓ Excel chargé: 20 places
2026-03-25T09:30:23.811Z -   ✓ Master JSON: 19 places
2026-03-25T09:30:23.821Z -   ✓ Excel sauvegardé: 20 places
2026-03-25T09:30:23.822Z - 
🔄 MH: Traitement...
2026-03-25T09:30:23.822Z -   ✓ Excel chargé: 0 places
2026-03-25T09:30:23.823Z -   ✓ Master JSON: 0 places
2026-03-25T09:30:23.823Z - 
🔄 MK: Traitement...
2026-03-25T09:30:23.824Z -   ✓ Excel chargé: 0 places
2026-03-25T09:30:23.824Z -   ✓ Master JSON: 0 places
2026-03-25T09:30:23.825Z - 
🔄 ML: Traitement...
2026-03-25T09:30:23.825Z -   ✓ Excel chargé: 0 places
2026-03-25T09:30:23.825Z -   ✓ Master JSON: 0 places
2026-03-25T09:30:23.826Z - 
🔄 MM: Traitement...
2026-03-25T09:30:23.826Z -   ✓ Excel chargé: 0 places
2026-03-25T09:30:23.827Z -   ✓ Master JSON: 0 places
2026-03-25T09:30:23.827Z - 
🔄 MN: Traitement...
2026-03-25T09:30:23.833Z -   ✓ Excel chargé: 25 places
2026-03-25T09:30:23.838Z -   ✓ Master JSON: 24 places
2026-03-25T09:30:23.849Z -   ✓ Excel sauvegardé: 25 places
2026-03-25T09:30:23.849Z - 
🔄 MQ: Traitement...
2026-03-25T09:30:23.854Z -   ✓ Excel chargé: 5 places
2026-03-25T09:30:23.858Z -   ✓ Master JSON: 5 places
2026-03-25T09:30:23.865Z -   ✓ Excel sauvegardé: 5 places
2026-03-25T09:30:23.865Z - 
🔄 MR: Traitement...
2026-03-25T09:30:23.866Z -   ✓ Excel chargé: 0 places
2026-03-25T09:30:23.866Z -   ✓ Master JSON: 0 places
2026-03-25T09:30:23.867Z - 
🔄 MT: Traitement...
2026-03-25T09:30:23.867Z -   ✓ Excel chargé: 0 places
2026-03-25T09:30:23.868Z -   ✓ Master JSON: 0 places
2026-03-25T09:30:23.868Z - 
🔄 MU: Traitement...
2026-03-25T09:30:23.873Z -   ✓ Excel chargé: 13 places
2026-03-25T09:30:23.877Z -   ✓ Master JSON: 14 places
2026-03-25T09:30:23.877Z -   ✓ 2 nouvelles places ajoutées
2026-03-25T09:30:37.571Z -   ✓ Excel sauvegardé: 15 places
2026-03-25T09:30:37.574Z - 
🔄 MV: Traitement...
2026-03-25T09:30:37.575Z -   ✓ Excel chargé: 0 places
2026-03-25T09:30:37.576Z -   ✓ Master JSON: 0 places
2026-03-25T09:30:37.578Z - 
🔄 MW: Traitement...
2026-03-25T09:30:37.580Z -   ✓ Excel chargé: 0 places
2026-03-25T09:30:37.581Z -   ✓ Master JSON: 0 places
2026-03-25T09:30:37.583Z - 
🔄 MX: Traitement...
2026-03-25T09:30:37.596Z -   ✓ Excel chargé: 28 places
2026-03-25T09:30:37.606Z -   ✓ Master JSON: 27 places
2026-03-25T09:30:37.620Z -   ✓ Excel sauvegardé: 28 places
2026-03-25T09:30:37.620Z - 
🔄 MY: Traitement...
2026-03-25T09:30:37.626Z -   ✓ Excel chargé: 10 places
2026-03-25T09:30:37.630Z -   ✓ Master JSON: 10 places
2026-03-25T09:30:37.639Z -   ✓ Excel sauvegardé: 10 places
2026-03-25T09:30:37.640Z - 
🔄 MZ: Traitement...
2026-03-25T09:30:37.640Z -   ✓ Excel chargé: 0 places
2026-03-25T09:30:37.641Z -   ✓ Master JSON: 0 places
2026-03-25T09:30:37.641Z - 
🔄 NA: Traitement...
2026-03-25T09:30:37.648Z -   ✓ Excel chargé: 50 places
2026-03-25T09:30:37.660Z -   ✓ Master JSON: 27 places
2026-03-25T09:30:37.688Z -   ✓ Excel sauvegardé: 50 places
2026-03-25T09:30:37.689Z - 
🔄 NC: Traitement...
2026-03-25T09:30:37.695Z -   ✓ Excel chargé: 6 places
2026-03-25T09:30:37.699Z -   ✓ Master JSON: 5 places
2026-03-25T09:30:37.705Z -   ✓ Excel sauvegardé: 6 places
2026-03-25T09:30:37.706Z - 
🔄 NE: Traitement...
2026-03-25T09:30:37.706Z -   ✓ Excel chargé: 0 places
2026-03-25T09:30:37.707Z -   ✓ Master JSON: 0 places
2026-03-25T09:30:37.707Z - 
🔄 NG: Traitement...
2026-03-25T09:30:37.707Z -   ✓ Excel chargé: 0 places
2026-03-25T09:30:37.708Z -   ✓ Master JSON: 0 places
2026-03-25T09:30:37.708Z - 
🔄 NI: Traitement...
2026-03-25T09:30:37.716Z -   ✓ Excel chargé: 44 places
2026-03-25T09:30:37.723Z -   ✓ Master JSON: 17 places
2026-03-25T09:30:37.736Z -   ✓ Excel sauvegardé: 44 places
2026-03-25T09:30:37.736Z - 
🔄 NL: Traitement...
2026-03-25T09:30:37.743Z -   ✓ Excel chargé: 29 places
2026-03-25T09:30:37.748Z -   ✓ Master JSON: 28 places
2026-03-25T09:30:37.761Z -   ✓ Excel sauvegardé: 29 places
2026-03-25T09:30:37.761Z - 
🔄 NO: Traitement...
2026-03-25T09:30:37.766Z -   ✓ Excel chargé: 16 places
2026-03-25T09:30:37.769Z -   ✓ Master JSON: 4 places
2026-03-25T09:30:37.777Z -   ✓ Excel sauvegardé: 16 places
2026-03-25T09:30:37.778Z - 
🔄 NP: Traitement...
2026-03-25T09:30:37.778Z -   ✓ Excel chargé: 0 places
2026-03-25T09:30:37.779Z -   ✓ Master JSON: 0 places
2026-03-25T09:30:37.779Z - 
🔄 NR: Traitement...
2026-03-25T09:30:37.780Z -   ✓ Excel chargé: 0 places
2026-03-25T09:30:37.780Z -   ✓ Master JSON: 0 places
2026-03-25T09:30:37.781Z - 
🔄 NZ: Traitement...
2026-03-25T09:30:37.788Z -   ✓ Excel chargé: 46 places
2026-03-25T09:30:37.795Z -   ✓ Master JSON: 33 places
2026-03-25T09:30:37.810Z -   ✓ Excel sauvegardé: 46 places
2026-03-25T09:30:37.810Z - 
🔄 OM: Traitement...
2026-03-25T09:30:37.814Z -   ✓ Excel chargé: 5 places
2026-03-25T09:30:37.818Z -   ✓ Master JSON: 5 places
2026-03-25T09:30:37.824Z -   ✓ Excel sauvegardé: 5 places
2026-03-25T09:30:37.824Z - 
🔄 PA: Traitement...
2026-03-25T09:30:37.833Z -   ✓ Excel chargé: 9 places
2026-03-25T09:30:37.843Z -   ✓ Master JSON: 8 places
2026-03-25T09:30:37.850Z -   ✓ Excel sauvegardé: 9 places
2026-03-25T09:30:37.850Z - 
🔄 PE: Traitement...
2026-03-25T09:30:37.856Z -   ✓ Excel chargé: 18 places
2026-03-25T09:30:37.860Z -   ✓ Master JSON: 18 places
2026-03-25T09:30:37.869Z -   ✓ Excel sauvegardé: 18 places
2026-03-25T09:30:37.870Z - 
🔄 PF: Traitement...
2026-03-25T09:30:37.877Z -   ✓ Excel chargé: 33 places
2026-03-25T09:30:37.883Z -   ✓ Master JSON: 31 places
2026-03-25T09:30:37.899Z -   ✓ Excel sauvegardé: 33 places
2026-03-25T09:30:37.900Z - 
🔄 PG: Traitement...
2026-03-25T09:30:37.900Z -   ✓ Excel chargé: 0 places
2026-03-25T09:30:37.901Z -   ✓ Master JSON: 0 places
2026-03-25T09:30:37.901Z - 
🔄 PH: Traitement...
2026-03-25T09:30:37.907Z -   ✓ Excel chargé: 11 places
2026-03-25T09:30:37.911Z -   ✓ Master JSON: 11 places
2026-03-25T09:30:37.917Z -   ✓ Excel sauvegardé: 11 places
2026-03-25T09:30:37.918Z - 
🔄 PK: Traitement...
2026-03-25T09:30:37.918Z -   ✓ Excel chargé: 0 places
2026-03-25T09:30:37.919Z -   ✓ Master JSON: 0 places
2026-03-25T09:30:37.919Z - 
🔄 PL: Traitement...
2026-03-25T09:30:37.926Z -   ✓ Excel chargé: 35 places
2026-03-25T09:30:37.933Z -   ✓ Master JSON: 35 places
2026-03-25T09:30:37.946Z -   ✓ Excel sauvegardé: 35 places
2026-03-25T09:30:37.947Z - 
🔄 PM: Traitement...
2026-03-25T09:30:37.947Z -   ✓ Excel chargé: 0 places
2026-03-25T09:30:37.947Z -   ✓ Master JSON: 0 places
2026-03-25T09:30:37.948Z - 
🔄 PT: Traitement...
2026-03-25T09:30:37.955Z -   ✓ Excel chargé: 68 places
2026-03-25T09:30:37.965Z -   ✓ Master JSON: 49 places
2026-03-25T09:30:37.983Z -   ✓ Excel sauvegardé: 68 places
2026-03-25T09:30:37.983Z - 
🔄 PW: Traitement...
2026-03-25T09:30:37.984Z -   ✓ Excel chargé: 0 places
2026-03-25T09:30:37.984Z -   ✓ Master JSON: 0 places
2026-03-25T09:30:37.985Z - 
🔄 PY: Traitement...
2026-03-25T09:30:37.989Z -   ✓ Excel chargé: 4 places
2026-03-25T09:30:37.992Z -   ✓ Master JSON: 4 places
2026-03-25T09:30:37.998Z -   ✓ Excel sauvegardé: 4 places
2026-03-25T09:30:37.998Z - 
🔄 QA: Traitement...
2026-03-25T09:30:37.998Z -   ✓ Excel chargé: 0 places
2026-03-25T09:30:37.999Z -   ✓ Master JSON: 0 places
2026-03-25T09:30:37.999Z - 
🔄 RE: Traitement...
2026-03-25T09:30:38.009Z -   ✓ Excel chargé: 7 places
2026-03-25T09:30:38.014Z -   ✓ Master JSON: 7 places
2026-03-25T09:30:38.020Z -   ✓ Excel sauvegardé: 7 places
2026-03-25T09:30:38.020Z - 
🔄 RO: Traitement...
2026-03-25T09:30:38.026Z -   ✓ Excel chargé: 15 places
2026-03-25T09:30:38.030Z -   ✓ Master JSON: 13 places
2026-03-25T09:30:38.041Z -   ✓ Excel sauvegardé: 15 places
2026-03-25T09:30:38.042Z - 
🔄 RS: Traitement...
2026-03-25T09:30:38.046Z -   ✓ Excel chargé: 14 places
2026-03-25T09:30:38.049Z -   ✓ Master JSON: 14 places
2026-03-25T09:30:38.058Z -   ✓ Excel sauvegardé: 14 places
2026-03-25T09:30:38.059Z - 
🔄 RT IMPORTES: Traitement...
2026-03-25T09:30:38.059Z -   ✓ Excel chargé: 0 places
2026-03-25T09:30:38.060Z -   ✓ Master JSON: 0 places
2026-03-25T09:30:38.060Z - 
🔄 RU: Traitement...
2026-03-25T09:30:38.060Z -   ✓ Excel chargé: 0 places
2026-03-25T09:30:38.061Z -   ✓ Master JSON: 0 places
2026-03-25T09:30:38.061Z - 
🔄 RW: Traitement...
2026-03-25T09:30:38.066Z -   ✓ Excel chargé: 4 places
2026-03-25T09:30:38.066Z -   ✓ Master JSON: 0 places
2026-03-25T09:30:38.071Z -   ✓ Excel sauvegardé: 4 places
2026-03-25T09:30:38.072Z - 
🔄 SA: Traitement...
2026-03-25T09:30:38.073Z -   ✓ Excel chargé: 0 places
2026-03-25T09:30:38.073Z -   ✓ Master JSON: 0 places
2026-03-25T09:30:38.074Z - 
🔄 SB: Traitement...
2026-03-25T09:30:38.074Z -   ✓ Excel chargé: 0 places
2026-03-25T09:30:38.075Z -   ✓ Master JSON: 0 places
2026-03-25T09:30:38.075Z - 
🔄 SC: Traitement...
2026-03-25T09:30:38.075Z -   ✓ Excel chargé: 0 places
2026-03-25T09:30:38.076Z -   ✓ Master JSON: 0 places
2026-03-25T09:30:38.076Z - 
🔄 SD: Traitement...
2026-03-25T09:30:38.077Z -   ✓ Excel chargé: 0 places
2026-03-25T09:30:38.077Z -   ✓ Master JSON: 0 places
2026-03-25T09:30:38.078Z - 
🔄 SE: Traitement...
2026-03-25T09:30:38.084Z -   ✓ Excel chargé: 41 places
2026-03-25T09:30:38.091Z -   ✓ Master JSON: 41 places
2026-03-25T09:30:38.103Z -   ✓ Excel sauvegardé: 41 places
2026-03-25T09:30:38.104Z - 
🔄 SG: Traitement...
2026-03-25T09:30:38.105Z -   ✓ Excel chargé: 0 places
2026-03-25T09:30:38.106Z -   ✓ Master JSON: 0 places
2026-03-25T09:30:38.106Z - 
🔄 SI: Traitement...
2026-03-25T09:30:38.111Z -   ✓ Excel chargé: 9 places
2026-03-25T09:30:38.114Z -   ✓ Master JSON: 9 places
2026-03-25T09:30:38.121Z -   ✓ Excel sauvegardé: 9 places
2026-03-25T09:30:38.121Z - 
🔄 SK: Traitement...
2026-03-25T09:30:38.126Z -   ✓ Excel chargé: 11 places
2026-03-25T09:30:38.130Z -   ✓ Master JSON: 11 places
2026-03-25T09:30:38.136Z -   ✓ Excel sauvegardé: 11 places
2026-03-25T09:30:38.137Z - 
🔄 SL: Traitement...
2026-03-25T09:30:38.138Z -   ✓ Excel chargé: 0 places
2026-03-25T09:30:38.139Z -   ✓ Master JSON: 0 places
2026-03-25T09:30:38.140Z - 
🔄 SM: Traitement...
2026-03-25T09:30:38.140Z -   ✓ Excel chargé: 0 places
2026-03-25T09:30:38.141Z -   ✓ Master JSON: 0 places
2026-03-25T09:30:38.141Z - 
🔄 SN: Traitement...
2026-03-25T09:30:38.145Z -   ✓ Excel chargé: 8 places
2026-03-25T09:30:38.148Z -   ✓ Master JSON: 8 places
2026-03-25T09:30:38.156Z -   ✓ Excel sauvegardé: 8 places
2026-03-25T09:30:38.157Z - 
🔄 SO: Traitement...
2026-03-25T09:30:38.157Z -   ✓ Excel chargé: 0 places
2026-03-25T09:30:38.158Z -   ✓ Master JSON: 0 places
2026-03-25T09:30:38.158Z - 
🔄 SR: Traitement...
2026-03-25T09:30:38.163Z -   ✓ Excel chargé: 10 places
2026-03-25T09:30:38.163Z -   ✓ Master JSON: 0 places
2026-03-25T09:30:38.169Z -   ✓ Excel sauvegardé: 10 places
2026-03-25T09:30:38.170Z - 
🔄 SS: Traitement...
2026-03-25T09:30:38.171Z -   ✓ Excel chargé: 0 places
2026-03-25T09:30:38.171Z -   ✓ Master JSON: 0 places
2026-03-25T09:30:38.172Z - 
🔄 ST: Traitement...
2026-03-25T09:30:38.173Z -   ✓ Excel chargé: 0 places
2026-03-25T09:30:38.173Z -   ✓ Master JSON: 0 places
2026-03-25T09:30:38.174Z - 
🔄 SV: Traitement...
2026-03-25T09:30:38.178Z -   ✓ Excel chargé: 10 places
2026-03-25T09:30:38.182Z -   ✓ Master JSON: 9 places
2026-03-25T09:30:38.188Z -   ✓ Excel sauvegardé: 10 places
2026-03-25T09:30:38.188Z - 
🔄 SY: Traitement...
2026-03-25T09:30:38.189Z -   ✓ Excel chargé: 0 places
2026-03-25T09:30:38.190Z -   ✓ Master JSON: 0 places
2026-03-25T09:30:38.190Z - 
🔄 SZ: Traitement...
2026-03-25T09:30:38.191Z -   ✓ Excel chargé: 0 places
2026-03-25T09:30:38.191Z -   ✓ Master JSON: 0 places
2026-03-25T09:30:38.192Z - 
🔄 TD: Traitement...
2026-03-25T09:30:38.192Z -   ✓ Excel chargé: 0 places
2026-03-25T09:30:38.193Z -   ✓ Master JSON: 0 places
2026-03-25T09:30:38.193Z - 
🔄 TG: Traitement...
2026-03-25T09:30:38.193Z -   ✓ Excel chargé: 0 places
2026-03-25T09:30:38.194Z -   ✓ Master JSON: 0 places
2026-03-25T09:30:38.194Z - 
🔄 TH: Traitement...
2026-03-25T09:30:38.199Z -   ✓ Excel chargé: 27 places
2026-03-25T09:30:38.204Z -   ✓ Master JSON: 23 places
2026-03-25T09:30:38.215Z -   ✓ Excel sauvegardé: 27 places
2026-03-25T09:30:38.215Z - 
🔄 TJ: Traitement...
2026-03-25T09:30:38.216Z -   ✓ Excel chargé: 0 places
2026-03-25T09:30:38.216Z -   ✓ Master JSON: 0 places
2026-03-25T09:30:38.217Z - 
🔄 TL: Traitement...
2026-03-25T09:30:38.217Z -   ✓ Excel chargé: 0 places
2026-03-25T09:30:38.217Z -   ✓ Master JSON: 0 places
2026-03-25T09:30:38.218Z - 
🔄 TM: Traitement...
2026-03-25T09:30:38.222Z -   ✓ Excel chargé: 8 places
2026-03-25T09:30:38.226Z -   ✓ Master JSON: 8 places
2026-03-25T09:30:38.231Z -   ✓ Excel sauvegardé: 8 places
2026-03-25T09:30:38.232Z - 
🔄 TN: Traitement...
2026-03-25T09:30:38.232Z -   ✓ Excel chargé: 0 places
2026-03-25T09:30:38.232Z -   ✓ Master JSON: 0 places
2026-03-25T09:30:38.233Z - 
🔄 TO: Traitement...
2026-03-25T09:30:38.233Z -   ✓ Excel chargé: 0 places
2026-03-25T09:30:38.234Z -   ✓ Master JSON: 0 places
2026-03-25T09:30:38.234Z - 
🔄 TR: Traitement...
2026-03-25T09:30:38.241Z -   ✓ Excel chargé: 58 places
2026-03-25T09:30:38.248Z -   ✓ Master JSON: 59 places
2026-03-25T09:30:38.248Z -   ✓ 1 nouvelles places ajoutées
2026-03-25T09:30:43.971Z -   ✓ Excel sauvegardé: 59 places
2026-03-25T09:30:43.973Z - 
🔄 TT: Traitement...
2026-03-25T09:30:43.975Z -   ✓ Excel chargé: 0 places
2026-03-25T09:30:43.977Z -   ✓ Master JSON: 0 places
2026-03-25T09:30:43.980Z - 
🔄 TV: Traitement...
2026-03-25T09:30:43.982Z -   ✓ Excel chargé: 0 places
2026-03-25T09:30:43.983Z -   ✓ Master JSON: 0 places
2026-03-25T09:30:43.985Z - 
🔄 TZ: Traitement...
2026-03-25T09:30:43.999Z -   ✓ Excel chargé: 18 places
2026-03-25T09:30:44.012Z -   ✓ Master JSON: 17 places
2026-03-25T09:30:44.028Z -   ✓ Excel sauvegardé: 18 places
2026-03-25T09:30:44.029Z - 
🔄 UA: Traitement...
2026-03-25T09:30:44.029Z -   ✓ Excel chargé: 0 places
2026-03-25T09:30:44.030Z -   ✓ Master JSON: 0 places
2026-03-25T09:30:44.031Z - 
🔄 UG: Traitement...
2026-03-25T09:30:44.035Z -   ✓ Excel chargé: 9 places
2026-03-25T09:30:44.035Z -   ✓ Master JSON: 0 places
2026-03-25T09:30:44.044Z -   ✓ Excel sauvegardé: 9 places
2026-03-25T09:30:44.044Z - 
🔄 US: Traitement...
2026-03-25T09:30:44.100Z -   ✓ Excel chargé: 546 places
2026-03-25T09:30:44.154Z -   ✓ Master JSON: 401 places
2026-03-25T09:30:44.284Z -   ✓ Excel sauvegardé: 546 places
2026-03-25T09:30:44.285Z - 
🔄 UY: Traitement...
2026-03-25T09:30:44.285Z -   ✓ Excel chargé: 0 places
2026-03-25T09:30:44.286Z -   ✓ Master JSON: 0 places
2026-03-25T09:30:44.286Z - 
🔄 UZ: Traitement...
2026-03-25T09:30:44.291Z -   ✓ Excel chargé: 6 places
2026-03-25T09:30:44.300Z -   ✓ Master JSON: 6 places
2026-03-25T09:30:44.311Z -   ✓ Excel sauvegardé: 6 places
2026-03-25T09:30:44.312Z - 
🔄 VA: Traitement...
2026-03-25T09:30:44.312Z -   ✓ Excel chargé: 0 places
2026-03-25T09:30:44.313Z -   ✓ Master JSON: 0 places
2026-03-25T09:30:44.313Z - 
🔄 VC: Traitement...
2026-03-25T09:30:44.314Z -   ✓ Excel chargé: 0 places
2026-03-25T09:30:44.314Z -   ✓ Master JSON: 0 places
2026-03-25T09:30:44.315Z - 
🔄 VE: Traitement...
2026-03-25T09:30:44.315Z -   ✓ Excel chargé: 0 places
2026-03-25T09:30:44.315Z -   ✓ Master JSON: 0 places
2026-03-25T09:30:44.316Z - 
🔄 VN: Traitement...
2026-03-25T09:30:44.322Z -   ✓ Excel chargé: 32 places
2026-03-25T09:30:44.329Z -   ✓ Master JSON: 25 places
2026-03-25T09:30:44.339Z -   ✓ Excel sauvegardé: 32 places
2026-03-25T09:30:44.340Z - 
🔄 VU: Traitement...
2026-03-25T09:30:44.340Z -   ✓ Excel chargé: 0 places
2026-03-25T09:30:44.340Z -   ✓ Master JSON: 0 places
2026-03-25T09:30:44.341Z - 
🔄 WF: Traitement...
2026-03-25T09:30:44.341Z -   ✓ Excel chargé: 0 places
2026-03-25T09:30:44.342Z -   ✓ Master JSON: 0 places
2026-03-25T09:30:44.343Z - 
🔄 WS: Traitement...
2026-03-25T09:30:44.343Z -   ✓ Excel chargé: 0 places
2026-03-25T09:30:44.344Z -   ✓ Master JSON: 0 places
2026-03-25T09:30:44.345Z - 
🔄 XX: Traitement...
2026-03-25T09:30:44.345Z -   ✓ Excel chargé: 0 places
2026-03-25T09:30:44.346Z -   ✓ Master JSON: 0 places
2026-03-25T09:30:44.346Z - 
🔄 YE: Traitement...
2026-03-25T09:30:44.347Z -   ✓ Excel chargé: 0 places
2026-03-25T09:30:44.347Z -   ✓ Master JSON: 0 places
2026-03-25T09:30:44.347Z - 
🔄 YT: Traitement...
2026-03-25T09:30:44.351Z -   ✓ Excel chargé: 5 places
2026-03-25T09:30:44.355Z -   ✓ Master JSON: 5 places
2026-03-25T09:30:44.362Z -   ✓ Excel sauvegardé: 5 places
2026-03-25T09:30:44.362Z - 
🔄 ZA: Traitement...
2026-03-25T09:30:44.372Z -   ✓ Excel chargé: 118 places
2026-03-25T09:30:44.385Z -   ✓ Master JSON: 85 places
2026-03-25T09:30:44.413Z -   ✓ Excel sauvegardé: 118 places
2026-03-25T09:30:44.414Z - 
🔄 ZM: Traitement...
2026-03-25T09:30:44.415Z -   ✓ Excel chargé: 0 places
2026-03-25T09:30:44.415Z -   ✓ Master JSON: 0 places
2026-03-25T09:30:44.415Z - 
🔄 ZW: Traitement...
2026-03-25T09:30:44.416Z -   ✓ Excel chargé: 0 places
2026-03-25T09:30:44.416Z -   ✓ Master JSON: 0 places
2026-03-25T09:30:44.417Z - 
🔄 _BACKUPS: Traitement...
2026-03-25T09:30:44.417Z -   ✓ Excel chargé: 0 places
2026-03-25T09:30:44.418Z -   ✓ Master JSON: 0 places
2026-03-25T09:30:44.419Z - 
🔄 _TR_CACHE: Traitement...
2026-03-25T09:30:44.423Z -   ✓ Excel chargé: 0 places
2026-03-25T09:30:44.424Z -   ✓ Master JSON: 0 places
2026-03-25T15:22:54.884Z - 
============================================================
2026-03-25T15:22:54.907Z - 🔄 MODE UPDATE - 25/03/2026 16:22:54
2026-03-25T15:22:54.907Z - ============================================================
2026-03-25T15:22:55.057Z - 
🔄 .RATINGS_BACKUPS: Traitement...
2026-03-25T15:22:55.059Z -   ✓ Excel chargé: 0 places
2026-03-25T15:22:55.060Z -   ✓ Master JSON: 0 places
2026-03-25T15:22:55.061Z - 
🔄 AD: Traitement...
2026-03-25T15:22:55.111Z -   ✓ Excel chargé: 0 places
2026-03-25T15:22:55.112Z -   ✓ Master JSON: 0 places
2026-03-25T15:22:55.113Z - 
🔄 AE: Traitement...
2026-03-25T15:22:55.130Z -   ✓ Excel chargé: 9 places
2026-03-25T15:22:55.134Z -   ✓ Master JSON: 8 places
2026-03-25T15:22:55.193Z -   ✓ Excel sauvegardé: 9 places
2026-03-25T15:22:55.194Z - 
🔄 AF: Traitement...
2026-03-25T15:22:55.202Z -   ✓ Excel chargé: 0 places
2026-03-25T15:22:55.202Z -   ✓ Master JSON: 0 places
2026-03-25T15:22:55.204Z - 
🔄 AG: Traitement...
2026-03-25T15:22:55.215Z -   ✓ Excel chargé: 0 places
2026-03-25T15:22:55.216Z -   ✓ Master JSON: 0 places
2026-03-25T15:22:55.217Z - 
🔄 AI: Traitement...
2026-03-25T15:22:55.217Z -   ✓ Excel chargé: 0 places
2026-03-25T15:22:55.218Z -   ✓ Master JSON: 0 places
2026-03-25T15:22:55.219Z - 
🔄 AL: Traitement...
2026-03-25T15:22:55.230Z -   ✓ Excel chargé: 12 places
2026-03-25T15:22:55.234Z -   ✓ Master JSON: 12 places
2026-03-25T15:22:55.250Z -   ✓ Excel sauvegardé: 12 places
2026-03-25T15:22:55.251Z - 
🔄 AM: Traitement...
2026-03-25T15:22:55.263Z -   ✓ Excel chargé: 8 places
2026-03-25T15:22:55.268Z -   ✓ Master JSON: 8 places
2026-03-25T15:22:55.282Z -   ✓ Excel sauvegardé: 8 places
2026-03-25T15:22:55.283Z - 
🔄 AO: Traitement...
2026-03-25T15:22:55.291Z -   ✓ Excel chargé: 0 places
2026-03-25T15:22:55.292Z -   ✓ Master JSON: 0 places
2026-03-25T15:22:55.293Z - 
🔄 AR: Traitement...
2026-03-25T15:22:55.328Z -   ✓ Excel chargé: 46 places
2026-03-25T15:22:55.341Z -   ✓ Master JSON: 23 places
2026-03-25T15:22:55.368Z -   ✓ Excel sauvegardé: 46 places
2026-03-25T15:22:55.368Z - 
🔄 AS: Traitement...
2026-03-25T15:22:55.369Z -   ✓ Excel chargé: 0 places
2026-03-25T15:22:55.370Z -   ✓ Master JSON: 0 places
2026-03-25T15:22:55.372Z - 
🔄 AT: Traitement...
2026-03-25T15:22:55.392Z -   ✓ Excel chargé: 48 places
2026-03-25T15:22:55.400Z -   ✓ Master JSON: 43 places
2026-03-25T15:22:55.426Z -   ✓ Excel sauvegardé: 48 places
2026-03-25T15:22:55.427Z - 
🔄 AU: Traitement...
2026-03-25T15:22:55.458Z -   ✓ Excel chargé: 79 places
2026-03-25T15:22:55.471Z -   ✓ Master JSON: 42 places
2026-03-25T15:22:55.500Z -   ✓ Excel sauvegardé: 79 places
2026-03-25T15:22:55.500Z - 
🔄 AW: Traitement...
2026-03-25T15:22:55.508Z -   ✓ Excel chargé: 0 places
2026-03-25T15:22:55.509Z -   ✓ Master JSON: 0 places
2026-03-25T15:22:55.511Z - 
🔄 AZ: Traitement...
2026-03-25T15:22:55.518Z -   ✓ Excel chargé: 0 places
2026-03-25T15:22:55.518Z -   ✓ Master JSON: 0 places
2026-03-25T15:22:55.519Z - 
🔄 BA: Traitement...
2026-03-25T15:22:55.532Z -   ✓ Excel chargé: 15 places
2026-03-25T15:22:55.542Z -   ✓ Master JSON: 15 places
2026-03-25T15:22:55.564Z -   ✓ Excel sauvegardé: 15 places
2026-03-25T15:22:55.565Z - 
🔄 BB: Traitement...
2026-03-25T15:22:55.580Z -   ✓ Excel chargé: 6 places
2026-03-25T15:22:55.592Z -   ✓ Master JSON: 5 places
2026-03-25T15:22:55.619Z -   ✓ Excel sauvegardé: 6 places
2026-03-25T15:22:55.623Z - 
🔄 BD: Traitement...
2026-03-25T15:22:55.641Z -   ✓ Excel chargé: 16 places
2026-03-25T15:22:55.648Z -   ✓ Master JSON: 13 places
2026-03-25T15:22:55.661Z -   ✓ Excel sauvegardé: 16 places
2026-03-25T15:22:55.662Z - 
🔄 BE: Traitement...
2026-03-25T15:22:55.668Z -   ✓ Excel chargé: 24 places
2026-03-25T15:22:55.679Z -   ✓ Master JSON: 23 places
2026-03-25T15:22:55.706Z -   ✓ Excel sauvegardé: 24 places
2026-03-25T15:22:55.707Z - 
🔄 BF: Traitement...
2026-03-25T15:22:55.716Z -   ✓ Excel chargé: 0 places
2026-03-25T15:22:55.717Z -   ✓ Master JSON: 0 places
2026-03-25T15:22:55.719Z - 
🔄 BG: Traitement...
2026-03-25T15:22:55.735Z -   ✓ Excel chargé: 29 places
2026-03-25T15:22:55.752Z -   ✓ Master JSON: 21 places
2026-03-25T15:22:55.773Z -   ✓ Excel sauvegardé: 29 places
2026-03-25T15:22:55.773Z - 
🔄 BH: Traitement...
2026-03-25T15:22:55.785Z -   ✓ Excel chargé: 0 places
2026-03-25T15:22:55.789Z -   ✓ Master JSON: 0 places
2026-03-25T15:22:55.792Z - 
🔄 BI: Traitement...
2026-03-25T15:22:55.805Z -   ✓ Excel chargé: 0 places
2026-03-25T15:22:55.807Z -   ✓ Master JSON: 0 places
2026-03-25T15:22:55.809Z - 
🔄 BJ: Traitement...
2026-03-25T15:22:55.821Z -   ✓ Excel chargé: 0 places
2026-03-25T15:22:55.823Z -   ✓ Master JSON: 0 places
2026-03-25T15:22:55.826Z - 
🔄 BL: Traitement...
2026-03-25T15:22:55.837Z -   ✓ Excel chargé: 8 places
2026-03-25T15:22:55.843Z -   ✓ Master JSON: 8 places
2026-03-25T15:22:55.857Z -   ✓ Excel sauvegardé: 8 places
2026-03-25T15:22:55.859Z - 
🔄 BM: Traitement...
2026-03-25T15:22:55.868Z -   ✓ Excel chargé: 0 places
2026-03-25T15:22:55.869Z -   ✓ Master JSON: 0 places
2026-03-25T15:22:55.871Z - 
🔄 BN: Traitement...
2026-03-25T15:22:55.880Z -   ✓ Excel chargé: 0 places
2026-03-25T15:22:55.881Z -   ✓ Master JSON: 0 places
2026-03-25T15:22:55.882Z - 
🔄 BO: Traitement...
2026-03-25T15:22:55.891Z -   ✓ Excel chargé: 19 places
2026-03-25T15:22:55.898Z -   ✓ Master JSON: 17 places
2026-03-25T15:22:55.912Z -   ✓ Excel sauvegardé: 19 places
2026-03-25T15:22:55.912Z - 
🔄 BQ: Traitement...
2026-03-25T15:22:55.913Z -   ✓ Excel chargé: 0 places
2026-03-25T15:22:55.913Z -   ✓ Master JSON: 0 places
2026-03-25T15:22:55.914Z - 
🔄 BR: Traitement...
2026-03-25T15:22:55.922Z -   ✓ Excel chargé: 55 places
2026-03-25T15:22:55.931Z -   ✓ Master JSON: 49 places
2026-03-25T15:22:55.951Z -   ✓ Excel sauvegardé: 55 places
2026-03-25T15:22:55.952Z - 
🔄 BS: Traitement...
2026-03-25T15:22:55.958Z -   ✓ Excel chargé: 10 places
2026-03-25T15:22:55.962Z -   ✓ Master JSON: 9 places
2026-03-25T15:22:55.971Z -   ✓ Excel sauvegardé: 10 places
2026-03-25T15:22:55.972Z - 
🔄 BT: Traitement...
2026-03-25T15:22:55.978Z -   ✓ Excel chargé: 0 places
2026-03-25T15:22:55.979Z -   ✓ Master JSON: 0 places
2026-03-25T15:22:55.979Z - 
🔄 BW: Traitement...
2026-03-25T15:22:55.986Z -   ✓ Excel chargé: 17 places
2026-03-25T15:22:55.993Z -   ✓ Master JSON: 15 places
2026-03-25T15:22:56.002Z -   ✓ Excel sauvegardé: 17 places
2026-03-25T15:22:56.003Z - 
🔄 BY: Traitement...
2026-03-25T15:22:56.009Z -   ✓ Excel chargé: 0 places
2026-03-25T15:22:56.010Z -   ✓ Master JSON: 0 places
2026-03-25T15:22:56.010Z - 
🔄 BZ: Traitement...
2026-03-25T15:22:56.016Z -   ✓ Excel chargé: 6 places
2026-03-25T15:22:56.019Z -   ✓ Master JSON: 6 places
2026-03-25T15:22:56.028Z -   ✓ Excel sauvegardé: 6 places
2026-03-25T15:22:56.028Z - 
🔄 CA: Traitement...
2026-03-25T15:22:56.041Z -   ✓ Excel chargé: 64 places
2026-03-25T15:22:56.053Z -   ✓ Master JSON: 54 places
2026-03-25T15:22:56.076Z -   ✓ Excel sauvegardé: 64 places
2026-03-25T15:22:56.078Z - 
🔄 CD: Traitement...
2026-03-25T15:22:56.083Z -   ✓ Excel chargé: 0 places
2026-03-25T15:22:56.083Z -   ✓ Master JSON: 0 places
2026-03-25T15:22:56.084Z - 
🔄 CF: Traitement...
2026-03-25T15:22:56.090Z -   ✓ Excel chargé: 0 places
2026-03-25T15:22:56.091Z -   ✓ Master JSON: 0 places
2026-03-25T15:22:56.092Z - 
🔄 CG: Traitement...
2026-03-25T15:22:56.097Z -   ✓ Excel chargé: 0 places
2026-03-25T15:22:56.098Z -   ✓ Master JSON: 0 places
2026-03-25T15:22:56.099Z - 
🔄 CH: Traitement...
2026-03-25T15:22:56.110Z -   ✓ Excel chargé: 57 places
2026-03-25T15:22:56.122Z -   ✓ Master JSON: 56 places
2026-03-25T15:22:56.147Z -   ✓ Excel sauvegardé: 57 places
2026-03-25T15:22:56.148Z - 
🔄 CI: Traitement...
2026-03-25T15:22:56.157Z -   ✓ Excel chargé: 0 places
2026-03-25T15:22:56.158Z -   ✓ Master JSON: 0 places
2026-03-25T15:22:56.159Z - 
🔄 CK: Traitement...
2026-03-25T15:22:56.159Z -   ✓ Excel chargé: 0 places
2026-03-25T15:22:56.160Z -   ✓ Master JSON: 0 places
2026-03-25T15:22:56.161Z - 
🔄 CL: Traitement...
2026-03-25T15:22:56.166Z -   ✓ Excel chargé: 7 places
2026-03-25T15:22:56.170Z -   ✓ Master JSON: 7 places
2026-03-25T15:22:56.181Z -   ✓ Excel sauvegardé: 7 places
2026-03-25T15:22:56.181Z - 
🔄 CM: Traitement...
2026-03-25T15:22:56.187Z -   ✓ Excel chargé: 0 places
2026-03-25T15:22:56.189Z -   ✓ Master JSON: 0 places
2026-03-25T15:22:56.190Z - 
🔄 CN: Traitement...
2026-03-25T15:22:56.198Z -   ✓ Excel chargé: 60 places
2026-03-25T15:22:56.212Z -   ✓ Master JSON: 56 places
2026-03-25T15:22:56.232Z -   ✓ Excel sauvegardé: 60 places
2026-03-25T15:22:56.232Z - 
🔄 CO: Traitement...
2026-03-25T15:22:56.239Z -   ✓ Excel chargé: 16 places
2026-03-25T15:22:56.244Z -   ✓ Master JSON: 13 places
2026-03-25T15:22:56.256Z -   ✓ Excel sauvegardé: 16 places
2026-03-25T15:22:56.257Z - 
🔄 CR: Traitement...
2026-03-25T15:22:56.262Z -   ✓ Excel chargé: 9 places
2026-03-25T15:22:56.268Z -   ✓ Master JSON: 8 places
2026-03-25T15:22:56.277Z -   ✓ Excel sauvegardé: 9 places
2026-03-25T15:22:56.278Z - 
🔄 CU: Traitement...
2026-03-25T15:22:56.283Z -   ✓ Excel chargé: 17 places
2026-03-25T15:22:56.288Z -   ✓ Master JSON: 17 places
2026-03-25T15:22:56.298Z -   ✓ Excel sauvegardé: 17 places
2026-03-25T15:22:56.298Z - 
🔄 CV: Traitement...
2026-03-25T15:22:56.302Z -   ✓ Excel chargé: 0 places
2026-03-25T15:22:56.303Z -   ✓ Master JSON: 0 places
2026-03-25T15:22:56.304Z - 
🔄 CY: Traitement...
2026-03-25T15:22:56.309Z -   ✓ Excel chargé: 0 places
2026-03-25T15:22:56.310Z -   ✓ Master JSON: 0 places
2026-03-25T15:22:56.311Z - 
🔄 CZ: Traitement...
2026-03-25T15:22:56.316Z -   ✓ Excel chargé: 26 places
2026-03-25T15:22:56.322Z -   ✓ Master JSON: 14 places
2026-03-25T15:22:56.333Z -   ✓ Excel sauvegardé: 26 places
2026-03-25T15:22:56.334Z - 
🔄 DE: Traitement...
2026-03-25T15:22:56.352Z -   ✓ Excel chargé: 125 places
2026-03-25T15:22:56.373Z -   ✓ Master JSON: 119 places
2026-03-25T15:22:56.413Z -   ✓ Excel sauvegardé: 125 places
2026-03-25T15:22:56.414Z - 
🔄 DJ: Traitement...
2026-03-25T15:22:56.414Z -   ✓ Excel chargé: 0 places
2026-03-25T15:22:56.415Z -   ✓ Master JSON: 0 places
2026-03-25T15:22:56.415Z - 
🔄 DK: Traitement...
2026-03-25T15:22:56.421Z -   ✓ Excel chargé: 23 places
2026-03-25T15:22:56.429Z -   ✓ Master JSON: 16 places
2026-03-25T15:22:56.442Z -   ✓ Excel sauvegardé: 23 places
2026-03-25T15:22:56.443Z - 
🔄 DM: Traitement...
2026-03-25T15:22:56.444Z -   ✓ Excel chargé: 0 places
2026-03-25T15:22:56.444Z -   ✓ Master JSON: 0 places
2026-03-25T15:22:56.445Z - 
🔄 DO: Traitement...
2026-03-25T15:22:56.449Z -   ✓ Excel chargé: 18 places
2026-03-25T15:22:56.455Z -   ✓ Master JSON: 16 places
2026-03-25T15:22:56.465Z -   ✓ Excel sauvegardé: 18 places
2026-03-25T15:22:56.466Z - 
🔄 DZ: Traitement...
2026-03-25T15:22:56.466Z -   ✓ Excel chargé: 0 places
2026-03-25T15:22:56.466Z -   ✓ Master JSON: 0 places
2026-03-25T15:22:56.467Z - 
🔄 EA: Traitement...
2026-03-25T15:22:56.474Z -   ✓ Excel chargé: 24 places
2026-03-25T15:22:56.479Z -   ✓ Master JSON: 22 places
2026-03-25T15:22:56.490Z -   ✓ Excel sauvegardé: 24 places
2026-03-25T15:22:56.491Z - 
🔄 EC: Traitement...
2026-03-25T15:22:56.496Z -   ✓ Excel chargé: 18 places
2026-03-25T15:22:56.502Z -   ✓ Master JSON: 14 places
2026-03-25T15:22:56.514Z -   ✓ Excel sauvegardé: 18 places
2026-03-25T15:22:56.514Z - 
🔄 EE: Traitement...
2026-03-25T15:22:56.515Z -   ✓ Excel chargé: 0 places
2026-03-25T15:22:56.515Z -   ✓ Master JSON: 0 places
2026-03-25T15:22:56.516Z - 
🔄 EG: Traitement...
2026-03-25T15:22:56.522Z -   ✓ Excel chargé: 19 places
2026-03-25T15:22:56.527Z -   ✓ Master JSON: 9 places
2026-03-25T15:22:56.538Z -   ✓ Excel sauvegardé: 19 places
2026-03-25T15:22:56.538Z - 
🔄 ER: Traitement...
2026-03-25T15:22:56.539Z -   ✓ Excel chargé: 0 places
2026-03-25T15:22:56.540Z -   ✓ Master JSON: 0 places
2026-03-25T15:22:56.541Z - 
🔄 ES: Traitement...
2026-03-25T15:22:56.566Z -   ✓ Excel chargé: 251 places
2026-03-25T15:22:56.599Z -   ✓ Master JSON: 220 places
2026-03-25T15:22:56.677Z -   ✓ Excel sauvegardé: 251 places
2026-03-25T15:22:56.678Z - 
🔄 ET: Traitement...
2026-03-25T15:22:56.679Z -   ✓ Excel chargé: 0 places
2026-03-25T15:22:56.680Z -   ✓ Master JSON: 0 places
2026-03-25T15:22:56.680Z - 
🔄 FI: Traitement...
2026-03-25T15:22:56.685Z -   ✓ Excel chargé: 23 places
2026-03-25T15:22:56.693Z -   ✓ Master JSON: 19 places
2026-03-25T15:22:56.703Z -   ✓ Excel sauvegardé: 23 places
2026-03-25T15:22:56.705Z - 
🔄 FJ: Traitement...
2026-03-25T15:22:56.706Z -   ✓ Excel chargé: 0 places
2026-03-25T15:22:56.707Z -   ✓ Master JSON: 0 places
2026-03-25T15:22:56.707Z - 
🔄 FM: Traitement...
2026-03-25T15:22:56.708Z -   ✓ Excel chargé: 0 places
2026-03-25T15:22:56.709Z -   ✓ Master JSON: 0 places
2026-03-25T15:22:56.709Z - 
🔄 FR: Traitement...
2026-03-25T15:22:56.841Z -   ✓ Excel chargé: 1307 places
2026-03-25T15:22:56.976Z -   ✓ Master JSON: 1214 places
2026-03-25T15:22:56.976Z -   ✓ 37 nouvelles places ajoutées
2026-03-25T15:27:23.797Z -   ✓ Excel sauvegardé: 1344 places
2026-03-25T15:27:23.798Z - 
🔄 GA: Traitement...
2026-03-25T15:27:23.799Z -   ✓ Excel chargé: 0 places
2026-03-25T15:27:23.800Z -   ✓ Master JSON: 0 places
2026-03-25T15:27:23.800Z - 
🔄 GB: Traitement...
2026-03-25T15:27:23.862Z -   ✓ Excel chargé: 209 places
2026-03-25T15:27:23.897Z -   ✓ Master JSON: 196 places
2026-03-25T15:27:23.967Z -   ✓ Excel sauvegardé: 209 places
2026-03-25T15:27:23.968Z - 
🔄 GD: Traitement...
2026-03-25T15:27:23.969Z -   ✓ Excel chargé: 0 places
2026-03-25T15:27:23.970Z -   ✓ Master JSON: 0 places
2026-03-25T15:27:23.971Z - 
🔄 GE: Traitement...
2026-03-25T15:27:23.990Z -   ✓ Excel chargé: 19 places
2026-03-25T15:27:24.002Z -   ✓ Master JSON: 19 places
2026-03-25T15:27:24.030Z -   ✓ Excel sauvegardé: 19 places
2026-03-25T15:27:24.032Z - 
🔄 GF: Traitement...
2026-03-25T15:27:24.049Z -   ✓ Excel chargé: 5 places
2026-03-25T15:27:24.060Z -   ✓ Master JSON: 5 places
2026-03-25T15:27:24.079Z -   ✓ Excel sauvegardé: 5 places
2026-03-25T15:27:24.080Z - 
🔄 GH: Traitement...
2026-03-25T15:27:24.081Z -   ✓ Excel chargé: 0 places
2026-03-25T15:27:24.083Z -   ✓ Master JSON: 0 places
2026-03-25T15:27:24.084Z - 
🔄 GM: Traitement...
2026-03-25T15:27:24.085Z -   ✓ Excel chargé: 0 places
2026-03-25T15:27:24.086Z -   ✓ Master JSON: 0 places
2026-03-25T15:27:24.088Z - 
🔄 GN: Traitement...
2026-03-25T15:27:24.091Z -   ✓ Excel chargé: 0 places
2026-03-25T15:27:24.092Z -   ✓ Master JSON: 0 places
2026-03-25T15:27:24.094Z - 
🔄 GP: Traitement...
2026-03-25T15:27:24.106Z -   ✓ Excel chargé: 8 places
2026-03-25T15:27:24.116Z -   ✓ Master JSON: 8 places
2026-03-25T15:27:24.133Z -   ✓ Excel sauvegardé: 8 places
2026-03-25T15:27:24.134Z - 
🔄 GQ: Traitement...
2026-03-25T15:27:24.135Z -   ✓ Excel chargé: 0 places
2026-03-25T15:27:24.136Z -   ✓ Master JSON: 0 places
2026-03-25T15:27:24.139Z - 
🔄 GR: Traitement...
2026-03-25T15:27:24.174Z -   ✓ Excel chargé: 129 places
2026-03-25T15:27:24.236Z -   ✓ Master JSON: 123 places
2026-03-25T15:27:24.298Z -   ✓ Excel sauvegardé: 129 places
2026-03-25T15:27:24.299Z - 
🔄 GT: Traitement...
2026-03-25T15:27:24.311Z -   ✓ Excel chargé: 9 places
2026-03-25T15:27:24.318Z -   ✓ Master JSON: 8 places
2026-03-25T15:27:24.331Z -   ✓ Excel sauvegardé: 9 places
2026-03-25T15:27:24.332Z - 
🔄 GW: Traitement...
2026-03-25T15:27:24.332Z -   ✓ Excel chargé: 0 places
2026-03-25T15:27:24.333Z -   ✓ Master JSON: 0 places
2026-03-25T15:27:24.334Z - 
🔄 GY: Traitement...
2026-03-25T15:27:24.335Z -   ✓ Excel chargé: 0 places
2026-03-25T15:27:24.335Z -   ✓ Master JSON: 0 places
2026-03-25T15:27:24.337Z - 
🔄 HN: Traitement...
2026-03-25T15:27:24.338Z -   ✓ Excel chargé: 0 places
2026-03-25T15:27:24.339Z -   ✓ Master JSON: 0 places
2026-03-25T15:27:24.340Z - 
🔄 HR: Traitement...
2026-03-25T15:27:24.354Z -   ✓ Excel chargé: 88 places
2026-03-25T15:27:24.379Z -   ✓ Master JSON: 71 places
2026-03-25T15:27:24.415Z -   ✓ Excel sauvegardé: 88 places
2026-03-25T15:27:24.416Z - 
🔄 HT: Traitement...
2026-03-25T15:27:24.418Z -   ✓ Excel chargé: 0 places
2026-03-25T15:27:24.419Z -   ✓ Master JSON: 0 places
2026-03-25T15:27:24.420Z - 
🔄 HU: Traitement...
2026-03-25T15:27:24.442Z -   ✓ Excel chargé: 34 places
2026-03-25T15:27:24.462Z -   ✓ Master JSON: 34 places
2026-03-25T15:27:24.481Z -   ✓ Excel sauvegardé: 34 places
2026-03-25T15:27:24.482Z - 
🔄 ID: Traitement...
2026-03-25T15:27:24.499Z -   ✓ Excel chargé: 102 places
2026-03-25T15:27:24.534Z -   ✓ Master JSON: 74 places
2026-03-25T15:27:24.587Z -   ✓ Excel sauvegardé: 102 places
2026-03-25T15:27:24.589Z - 
🔄 IE: Traitement...
2026-03-25T15:27:24.607Z -   ✓ Excel chargé: 32 places
2026-03-25T15:27:24.624Z -   ✓ Master JSON: 23 places
2026-03-25T15:27:24.647Z -   ✓ Excel sauvegardé: 32 places
2026-03-25T15:27:24.647Z - 
🔄 IL: Traitement...
2026-03-25T15:27:24.660Z -   ✓ Excel chargé: 12 places
2026-03-25T15:27:24.670Z -   ✓ Master JSON: 12 places
2026-03-25T15:27:24.693Z -   ✓ Excel sauvegardé: 12 places
2026-03-25T15:27:24.694Z - 
🔄 IN: Traitement...
2026-03-25T15:27:24.721Z -   ✓ Excel chargé: 81 places
2026-03-25T15:27:24.767Z -   ✓ Master JSON: 56 places
2026-03-25T15:27:24.801Z -   ✓ Excel sauvegardé: 81 places
2026-03-25T15:27:24.802Z - 
🔄 IQ: Traitement...
2026-03-25T15:27:24.802Z -   ✓ Excel chargé: 0 places
2026-03-25T15:27:24.803Z -   ✓ Master JSON: 0 places
2026-03-25T15:27:24.804Z - 
🔄 IR: Traitement...
2026-03-25T15:27:24.804Z -   ✓ Excel chargé: 0 places
2026-03-25T15:27:24.805Z -   ✓ Master JSON: 0 places
2026-03-25T15:27:24.806Z - 
🔄 IS: Traitement...
2026-03-25T15:27:24.815Z -   ✓ Excel chargé: 21 places
2026-03-25T15:27:24.817Z -   ✓ Master JSON: 18 places
2026-03-25T15:27:24.828Z -   ✓ Excel sauvegardé: 21 places
2026-03-25T15:27:24.828Z - 
🔄 IT: Traitement...
2026-03-25T15:27:24.927Z -   ✓ Excel chargé: 627 places
2026-03-25T15:27:24.996Z -   ✓ Master JSON: 532 places
2026-03-25T15:27:25.158Z -   ✓ Excel sauvegardé: 627 places
2026-03-25T15:27:25.159Z - 
🔄 JM: Traitement...
2026-03-25T15:27:25.159Z -   ✓ Excel chargé: 0 places
2026-03-25T15:27:25.160Z -   ✓ Master JSON: 0 places
2026-03-25T15:27:25.161Z - 
🔄 JO: Traitement...
2026-03-25T15:27:25.168Z -   ✓ Excel chargé: 8 places
2026-03-25T15:27:25.169Z -   ✓ Master JSON: 6 places
2026-03-25T15:27:25.177Z -   ✓ Excel sauvegardé: 8 places
2026-03-25T15:27:25.178Z - 
🔄 JP: Traitement...
2026-03-25T15:27:25.188Z -   ✓ Excel chargé: 116 places
2026-03-25T15:27:25.201Z -   ✓ Master JSON: 113 places
2026-03-25T15:27:25.231Z -   ✓ Excel sauvegardé: 116 places
2026-03-25T15:27:25.232Z - 
🔄 KE: Traitement...
2026-03-25T15:27:25.237Z -   ✓ Excel chargé: 10 places
2026-03-25T15:27:25.237Z -   ✓ Master JSON: 0 places
2026-03-25T15:27:25.245Z -   ✓ Excel sauvegardé: 10 places
2026-03-25T15:27:25.246Z - 
🔄 KG: Traitement...
2026-03-25T15:27:25.246Z -   ✓ Excel chargé: 0 places
2026-03-25T15:27:25.247Z -   ✓ Master JSON: 0 places
2026-03-25T15:27:25.247Z - 
🔄 KH: Traitement...
2026-03-25T15:27:25.252Z -   ✓ Excel chargé: 10 places
2026-03-25T15:27:25.257Z -   ✓ Master JSON: 8 places
2026-03-25T15:27:25.263Z -   ✓ Excel sauvegardé: 10 places
2026-03-25T15:27:25.264Z - 
🔄 KI: Traitement...
2026-03-25T15:27:25.264Z -   ✓ Excel chargé: 0 places
2026-03-25T15:27:25.265Z -   ✓ Master JSON: 0 places
2026-03-25T15:27:25.266Z - 
🔄 KM: Traitement...
2026-03-25T15:27:25.267Z -   ✓ Excel chargé: 0 places
2026-03-25T15:27:25.267Z -   ✓ Master JSON: 0 places
2026-03-25T15:27:25.268Z - 
🔄 KN: Traitement...
2026-03-25T15:27:25.269Z -   ✓ Excel chargé: 0 places
2026-03-25T15:27:25.270Z -   ✓ Master JSON: 0 places
2026-03-25T15:27:25.271Z - 
🔄 KP: Traitement...
2026-03-25T15:27:25.271Z -   ✓ Excel chargé: 0 places
2026-03-25T15:27:25.273Z -   ✓ Master JSON: 0 places
2026-03-25T15:27:25.275Z - 
🔄 KR: Traitement...
2026-03-25T15:27:25.286Z -   ✓ Excel chargé: 6 places
2026-03-25T15:27:25.291Z -   ✓ Master JSON: 5 places
2026-03-25T15:27:25.299Z -   ✓ Excel sauvegardé: 6 places
2026-03-25T15:27:25.300Z - 
🔄 KW: Traitement...
2026-03-25T15:27:25.300Z -   ✓ Excel chargé: 0 places
2026-03-25T15:27:25.301Z -   ✓ Master JSON: 0 places
2026-03-25T15:27:25.302Z - 
🔄 KZ: Traitement...
2026-03-25T15:27:25.310Z -   ✓ Excel chargé: 19 places
2026-03-25T15:27:25.315Z -   ✓ Master JSON: 19 places
2026-03-25T15:27:25.326Z -   ✓ Excel sauvegardé: 19 places
2026-03-25T15:27:25.327Z - 
🔄 LA: Traitement...
2026-03-25T15:27:25.334Z -   ✓ Excel chargé: 44 places
2026-03-25T15:27:25.345Z -   ✓ Master JSON: 20 places
2026-03-25T15:27:25.369Z -   ✓ Excel sauvegardé: 44 places
2026-03-25T15:27:25.369Z - 
🔄 LB: Traitement...
2026-03-25T15:27:25.370Z -   ✓ Excel chargé: 0 places
2026-03-25T15:27:25.370Z -   ✓ Master JSON: 0 places
2026-03-25T15:27:25.371Z - 
🔄 LC: Traitement...
2026-03-25T15:27:25.372Z -   ✓ Excel chargé: 0 places
2026-03-25T15:27:25.373Z -   ✓ Master JSON: 0 places
2026-03-25T15:27:25.374Z - 
🔄 LI: Traitement...
2026-03-25T15:27:25.375Z -   ✓ Excel chargé: 0 places
2026-03-25T15:27:25.375Z -   ✓ Master JSON: 0 places
2026-03-25T15:27:25.376Z - 
🔄 LK: Traitement...
2026-03-25T15:27:25.385Z -   ✓ Excel chargé: 35 places
2026-03-25T15:27:25.392Z -   ✓ Master JSON: 34 places
2026-03-25T15:27:25.403Z -   ✓ Excel sauvegardé: 35 places
2026-03-25T15:27:25.404Z - 
🔄 LR: Traitement...
2026-03-25T15:27:25.404Z -   ✓ Excel chargé: 0 places
2026-03-25T15:27:25.405Z -   ✓ Master JSON: 0 places
2026-03-25T15:27:25.406Z - 
🔄 LS: Traitement...
2026-03-25T15:27:25.406Z -   ✓ Excel chargé: 0 places
2026-03-25T15:27:25.407Z -   ✓ Master JSON: 0 places
2026-03-25T15:27:25.408Z - 
🔄 LT: Traitement...
2026-03-25T15:27:25.413Z -   ✓ Excel chargé: 4 places
2026-03-25T15:27:25.416Z -   ✓ Master JSON: 4 places
2026-03-25T15:27:25.424Z -   ✓ Excel sauvegardé: 4 places
2026-03-25T15:27:25.424Z - 
🔄 LU: Traitement...
2026-03-25T15:27:25.425Z -   ✓ Excel chargé: 0 places
2026-03-25T15:27:25.426Z -   ✓ Master JSON: 0 places
2026-03-25T15:27:25.427Z - 
🔄 LV: Traitement...
2026-03-25T15:27:25.431Z -   ✓ Excel chargé: 11 places
2026-03-25T15:27:25.435Z -   ✓ Master JSON: 11 places
2026-03-25T15:27:25.446Z -   ✓ Excel sauvegardé: 11 places
2026-03-25T15:27:25.447Z - 
🔄 LY: Traitement...
2026-03-25T15:27:25.447Z -   ✓ Excel chargé: 0 places
2026-03-25T15:27:25.448Z -   ✓ Master JSON: 0 places
2026-03-25T15:27:25.449Z - 
🔄 MA: Traitement...
2026-03-25T15:27:25.460Z -   ✓ Excel chargé: 5 places
2026-03-25T15:27:25.464Z -   ✓ Master JSON: 5 places
2026-03-25T15:27:25.469Z -   ✓ Excel sauvegardé: 5 places
2026-03-25T15:27:25.470Z - 
🔄 MC: Traitement...
2026-03-25T15:27:25.470Z -   ✓ Excel chargé: 0 places
2026-03-25T15:27:25.471Z -   ✓ Master JSON: 0 places
2026-03-25T15:27:25.471Z - 
🔄 MD: Traitement...
2026-03-25T15:27:25.478Z -   ✓ Excel chargé: 6 places
2026-03-25T15:27:25.482Z -   ✓ Master JSON: 6 places
2026-03-25T15:27:25.487Z -   ✓ Excel sauvegardé: 6 places
2026-03-25T15:27:25.487Z - 
🔄 ME: Traitement...
2026-03-25T15:27:25.496Z -   ✓ Excel chargé: 12 places
2026-03-25T15:27:25.504Z -   ✓ Master JSON: 12 places
2026-03-25T15:27:25.527Z -   ✓ Excel sauvegardé: 12 places
2026-03-25T15:27:25.527Z - 
🔄 MF: Traitement...
2026-03-25T15:27:25.535Z -   ✓ Excel chargé: 5 places
2026-03-25T15:27:25.543Z -   ✓ Master JSON: 4 places
2026-03-25T15:27:25.553Z -   ✓ Excel sauvegardé: 5 places
2026-03-25T15:27:25.554Z - 
🔄 MG: Traitement...
2026-03-25T15:27:25.562Z -   ✓ Excel chargé: 20 places
2026-03-25T15:27:25.566Z -   ✓ Master JSON: 19 places
2026-03-25T15:27:25.578Z -   ✓ Excel sauvegardé: 20 places
2026-03-25T15:27:25.579Z - 
🔄 MH: Traitement...
2026-03-25T15:27:25.579Z -   ✓ Excel chargé: 0 places
2026-03-25T15:27:25.579Z -   ✓ Master JSON: 0 places
2026-03-25T15:27:25.580Z - 
🔄 MK: Traitement...
2026-03-25T15:27:25.581Z -   ✓ Excel chargé: 0 places
2026-03-25T15:27:25.581Z -   ✓ Master JSON: 0 places
2026-03-25T15:27:25.581Z - 
🔄 ML: Traitement...
2026-03-25T15:27:25.582Z -   ✓ Excel chargé: 0 places
2026-03-25T15:27:25.582Z -   ✓ Master JSON: 0 places
2026-03-25T15:27:25.583Z - 
🔄 MM: Traitement...
2026-03-25T15:27:25.584Z -   ✓ Excel chargé: 0 places
2026-03-25T15:27:25.585Z -   ✓ Master JSON: 0 places
2026-03-25T15:27:25.586Z - 
🔄 MN: Traitement...
2026-03-25T15:27:25.600Z -   ✓ Excel chargé: 25 places
2026-03-25T15:27:25.606Z -   ✓ Master JSON: 24 places
2026-03-25T15:27:25.616Z -   ✓ Excel sauvegardé: 25 places
2026-03-25T15:27:25.617Z - 
🔄 MQ: Traitement...
2026-03-25T15:27:25.621Z -   ✓ Excel chargé: 5 places
2026-03-25T15:27:25.627Z -   ✓ Master JSON: 5 places
2026-03-25T15:27:25.632Z -   ✓ Excel sauvegardé: 5 places
2026-03-25T15:27:25.633Z - 
🔄 MR: Traitement...
2026-03-25T15:27:25.634Z -   ✓ Excel chargé: 0 places
2026-03-25T15:27:25.634Z -   ✓ Master JSON: 0 places
2026-03-25T15:27:25.635Z - 
🔄 MT: Traitement...
2026-03-25T15:27:25.636Z -   ✓ Excel chargé: 0 places
2026-03-25T15:27:25.636Z -   ✓ Master JSON: 0 places
2026-03-25T15:27:25.637Z - 
🔄 MU: Traitement...
2026-03-25T15:27:25.644Z -   ✓ Excel chargé: 13 places
2026-03-25T15:27:25.648Z -   ✓ Master JSON: 14 places
2026-03-25T15:27:25.648Z -   ✓ 2 nouvelles places ajoutées
2026-03-25T15:27:32.001Z -   ✓ Excel sauvegardé: 15 places
2026-03-25T15:27:32.003Z - 
🔄 MV: Traitement...
2026-03-25T15:27:32.004Z -   ✓ Excel chargé: 0 places
2026-03-25T15:27:32.005Z -   ✓ Master JSON: 0 places
2026-03-25T15:27:32.007Z - 
🔄 MW: Traitement...
2026-03-25T15:27:32.008Z -   ✓ Excel chargé: 0 places
2026-03-25T15:27:32.009Z -   ✓ Master JSON: 0 places
2026-03-25T15:27:32.011Z - 
🔄 MX: Traitement...
2026-03-25T15:27:32.027Z -   ✓ Excel chargé: 28 places
2026-03-25T15:27:32.035Z -   ✓ Master JSON: 27 places
2026-03-25T15:27:32.048Z -   ✓ Excel sauvegardé: 28 places
2026-03-25T15:27:32.049Z - 
🔄 MY: Traitement...
2026-03-25T15:27:32.054Z -   ✓ Excel chargé: 10 places
2026-03-25T15:27:32.057Z -   ✓ Master JSON: 10 places
2026-03-25T15:27:32.066Z -   ✓ Excel sauvegardé: 10 places
2026-03-25T15:27:32.067Z - 
🔄 MZ: Traitement...
2026-03-25T15:27:32.067Z -   ✓ Excel chargé: 0 places
2026-03-25T15:27:32.067Z -   ✓ Master JSON: 0 places
2026-03-25T15:27:32.068Z - 
🔄 NA: Traitement...
2026-03-25T15:27:32.076Z -   ✓ Excel chargé: 50 places
2026-03-25T15:27:32.092Z -   ✓ Master JSON: 27 places
2026-03-25T15:27:32.113Z -   ✓ Excel sauvegardé: 50 places
2026-03-25T15:27:32.114Z - 
🔄 NC: Traitement...
2026-03-25T15:27:32.120Z -   ✓ Excel chargé: 6 places
2026-03-25T15:27:32.124Z -   ✓ Master JSON: 5 places
2026-03-25T15:27:32.132Z -   ✓ Excel sauvegardé: 6 places
2026-03-25T15:27:32.133Z - 
🔄 NE: Traitement...
2026-03-25T15:27:32.133Z -   ✓ Excel chargé: 0 places
2026-03-25T15:27:32.134Z -   ✓ Master JSON: 0 places
2026-03-25T15:27:32.134Z - 
🔄 NG: Traitement...
2026-03-25T15:27:32.135Z -   ✓ Excel chargé: 0 places
2026-03-25T15:27:32.135Z -   ✓ Master JSON: 0 places
2026-03-25T15:27:32.136Z - 
🔄 NI: Traitement...
2026-03-25T15:27:32.143Z -   ✓ Excel chargé: 44 places
2026-03-25T15:27:32.155Z -   ✓ Master JSON: 17 places
2026-03-25T15:27:32.177Z -   ✓ Excel sauvegardé: 44 places
2026-03-25T15:27:32.178Z - 
🔄 NL: Traitement...
2026-03-25T15:27:32.188Z -   ✓ Excel chargé: 29 places
2026-03-25T15:27:32.193Z -   ✓ Master JSON: 28 places
2026-03-25T15:27:32.204Z -   ✓ Excel sauvegardé: 29 places
2026-03-25T15:27:32.205Z - 
🔄 NO: Traitement...
2026-03-25T15:27:32.210Z -   ✓ Excel chargé: 16 places
2026-03-25T15:27:32.215Z -   ✓ Master JSON: 4 places
2026-03-25T15:27:32.225Z -   ✓ Excel sauvegardé: 16 places
2026-03-25T15:27:32.225Z - 
🔄 NP: Traitement...
2026-03-25T15:27:32.229Z -   ✓ Excel chargé: 0 places
2026-03-25T15:27:32.230Z -   ✓ Master JSON: 0 places
2026-03-25T15:27:32.237Z - 
🔄 NR: Traitement...
2026-03-25T15:27:32.238Z -   ✓ Excel chargé: 0 places
2026-03-25T15:27:32.239Z -   ✓ Master JSON: 0 places
2026-03-25T15:27:32.240Z - 
🔄 NZ: Traitement...
2026-03-25T15:27:32.258Z -   ✓ Excel chargé: 46 places
2026-03-25T15:27:32.269Z -   ✓ Master JSON: 33 places
2026-03-25T15:27:32.288Z -   ✓ Excel sauvegardé: 46 places
2026-03-25T15:27:32.289Z - 
🔄 OM: Traitement...
2026-03-25T15:27:32.295Z -   ✓ Excel chargé: 5 places
2026-03-25T15:27:32.303Z -   ✓ Master JSON: 5 places
2026-03-25T15:27:32.317Z -   ✓ Excel sauvegardé: 5 places
2026-03-25T15:27:32.318Z - 
🔄 PA: Traitement...
2026-03-25T15:27:32.347Z -   ✓ Excel chargé: 9 places
2026-03-25T15:27:32.364Z -   ✓ Master JSON: 8 places
2026-03-25T15:27:32.376Z -   ✓ Excel sauvegardé: 9 places
2026-03-25T15:27:32.378Z - 
🔄 PE: Traitement...
2026-03-25T15:27:32.391Z -   ✓ Excel chargé: 18 places
2026-03-25T15:27:32.403Z -   ✓ Master JSON: 18 places
2026-03-25T15:27:32.416Z -   ✓ Excel sauvegardé: 18 places
2026-03-25T15:27:32.417Z - 
🔄 PF: Traitement...
2026-03-25T15:27:32.423Z -   ✓ Excel chargé: 33 places
2026-03-25T15:27:32.444Z -   ✓ Master JSON: 31 places
2026-03-25T15:27:32.475Z -   ✓ Excel sauvegardé: 33 places
2026-03-25T15:27:32.476Z - 
🔄 PG: Traitement...
2026-03-25T15:27:32.477Z -   ✓ Excel chargé: 0 places
2026-03-25T15:27:32.479Z -   ✓ Master JSON: 0 places
2026-03-25T15:27:32.480Z - 
🔄 PH: Traitement...
2026-03-25T15:27:32.491Z -   ✓ Excel chargé: 11 places
2026-03-25T15:27:32.500Z -   ✓ Master JSON: 11 places
2026-03-25T15:27:32.509Z -   ✓ Excel sauvegardé: 11 places
2026-03-25T15:27:32.511Z - 
🔄 PK: Traitement...
2026-03-25T15:27:32.511Z -   ✓ Excel chargé: 0 places
2026-03-25T15:27:32.512Z -   ✓ Master JSON: 0 places
2026-03-25T15:27:32.513Z - 
🔄 PL: Traitement...
2026-03-25T15:27:32.526Z -   ✓ Excel chargé: 35 places
2026-03-25T15:27:32.566Z -   ✓ Master JSON: 35 places
2026-03-25T15:27:32.585Z -   ✓ Excel sauvegardé: 35 places
2026-03-25T15:27:32.586Z - 
🔄 PM: Traitement...
2026-03-25T15:27:32.587Z -   ✓ Excel chargé: 0 places
2026-03-25T15:27:32.587Z -   ✓ Master JSON: 0 places
2026-03-25T15:27:32.588Z - 
🔄 PT: Traitement...
2026-03-25T15:27:32.602Z -   ✓ Excel chargé: 68 places
2026-03-25T15:27:32.622Z -   ✓ Master JSON: 49 places
2026-03-25T15:27:32.646Z -   ✓ Excel sauvegardé: 68 places
2026-03-25T15:27:32.646Z - 
🔄 PW: Traitement...
2026-03-25T15:27:32.647Z -   ✓ Excel chargé: 0 places
2026-03-25T15:27:32.647Z -   ✓ Master JSON: 0 places
2026-03-25T15:27:32.648Z - 
🔄 PY: Traitement...
2026-03-25T15:27:32.653Z -   ✓ Excel chargé: 4 places
2026-03-25T15:27:32.659Z -   ✓ Master JSON: 4 places
2026-03-25T15:27:32.690Z -   ✓ Excel sauvegardé: 4 places
2026-03-25T15:27:32.691Z - 
🔄 QA: Traitement...
2026-03-25T15:27:32.692Z -   ✓ Excel chargé: 0 places
2026-03-25T15:27:32.694Z -   ✓ Master JSON: 0 places
2026-03-25T15:27:32.695Z - 
🔄 RE: Traitement...
2026-03-25T15:27:32.706Z -   ✓ Excel chargé: 7 places
2026-03-25T15:27:32.708Z -   ✓ Master JSON: 7 places
2026-03-25T15:27:32.717Z -   ✓ Excel sauvegardé: 7 places
2026-03-25T15:27:32.717Z - 
🔄 RO: Traitement...
2026-03-25T15:27:32.723Z -   ✓ Excel chargé: 15 places
2026-03-25T15:27:32.734Z -   ✓ Master JSON: 13 places
2026-03-25T15:27:32.749Z -   ✓ Excel sauvegardé: 15 places
2026-03-25T15:27:32.750Z - 
🔄 RS: Traitement...
2026-03-25T15:27:32.757Z -   ✓ Excel chargé: 14 places
2026-03-25T15:27:32.761Z -   ✓ Master JSON: 14 places
2026-03-25T15:27:32.769Z -   ✓ Excel sauvegardé: 14 places
2026-03-25T15:27:32.770Z - 
🔄 RT IMPORTES: Traitement...
2026-03-25T15:27:32.770Z -   ✓ Excel chargé: 0 places
2026-03-25T15:27:32.770Z -   ✓ Master JSON: 0 places
2026-03-25T15:27:32.771Z - 
🔄 RU: Traitement...
2026-03-25T15:27:32.771Z -   ✓ Excel chargé: 0 places
2026-03-25T15:27:32.772Z -   ✓ Master JSON: 0 places
2026-03-25T15:27:32.772Z - 
🔄 RW: Traitement...
2026-03-25T15:27:32.777Z -   ✓ Excel chargé: 4 places
2026-03-25T15:27:32.778Z -   ✓ Master JSON: 0 places
2026-03-25T15:27:32.786Z -   ✓ Excel sauvegardé: 4 places
2026-03-25T15:27:32.787Z - 
🔄 SA: Traitement...
2026-03-25T15:27:32.788Z -   ✓ Excel chargé: 0 places
2026-03-25T15:27:32.789Z -   ✓ Master JSON: 0 places
2026-03-25T15:27:32.790Z - 
🔄 SB: Traitement...
2026-03-25T15:27:32.790Z -   ✓ Excel chargé: 0 places
2026-03-25T15:27:32.795Z -   ✓ Master JSON: 0 places
2026-03-25T15:27:32.796Z - 
🔄 SC: Traitement...
2026-03-25T15:27:32.797Z -   ✓ Excel chargé: 0 places
2026-03-25T15:27:32.798Z -   ✓ Master JSON: 0 places
2026-03-25T15:27:32.799Z - 
🔄 SD: Traitement...
2026-03-25T15:27:32.800Z -   ✓ Excel chargé: 0 places
2026-03-25T15:27:32.800Z -   ✓ Master JSON: 0 places
2026-03-25T15:27:32.802Z - 
🔄 SE: Traitement...
2026-03-25T15:27:32.813Z -   ✓ Excel chargé: 41 places
2026-03-25T15:27:32.821Z -   ✓ Master JSON: 41 places
2026-03-25T15:27:32.837Z -   ✓ Excel sauvegardé: 41 places
2026-03-25T15:27:32.838Z - 
🔄 SG: Traitement...
2026-03-25T15:27:32.838Z -   ✓ Excel chargé: 0 places
2026-03-25T15:27:32.839Z -   ✓ Master JSON: 0 places
2026-03-25T15:27:32.839Z - 
🔄 SI: Traitement...
2026-03-25T15:27:32.844Z -   ✓ Excel chargé: 9 places
2026-03-25T15:27:32.849Z -   ✓ Master JSON: 9 places
2026-03-25T15:27:32.855Z -   ✓ Excel sauvegardé: 9 places
2026-03-25T15:27:32.855Z - 
🔄 SK: Traitement...
2026-03-25T15:27:32.860Z -   ✓ Excel chargé: 11 places
2026-03-25T15:27:32.866Z -   ✓ Master JSON: 11 places
2026-03-25T15:27:32.873Z -   ✓ Excel sauvegardé: 11 places
2026-03-25T15:27:32.874Z - 
🔄 SL: Traitement...
2026-03-25T15:27:32.874Z -   ✓ Excel chargé: 0 places
2026-03-25T15:27:32.875Z -   ✓ Master JSON: 0 places
2026-03-25T15:27:32.875Z - 
🔄 SM: Traitement...
2026-03-25T15:27:32.875Z -   ✓ Excel chargé: 0 places
2026-03-25T15:27:32.876Z -   ✓ Master JSON: 0 places
2026-03-25T15:27:32.877Z - 
🔄 SN: Traitement...
2026-03-25T15:27:32.882Z -   ✓ Excel chargé: 8 places
2026-03-25T15:27:32.888Z -   ✓ Master JSON: 8 places
2026-03-25T15:27:32.896Z -   ✓ Excel sauvegardé: 8 places
2026-03-25T15:27:32.897Z - 
🔄 SO: Traitement...
2026-03-25T15:27:32.897Z -   ✓ Excel chargé: 0 places
2026-03-25T15:27:32.898Z -   ✓ Master JSON: 0 places
2026-03-25T15:27:32.899Z - 
🔄 SR: Traitement...
2026-03-25T15:27:32.914Z -   ✓ Excel chargé: 10 places
2026-03-25T15:27:32.916Z -   ✓ Master JSON: 0 places
2026-03-25T15:27:32.944Z -   ✓ Excel sauvegardé: 10 places
2026-03-25T15:27:32.946Z - 
🔄 SS: Traitement...
2026-03-25T15:27:32.948Z -   ✓ Excel chargé: 0 places
2026-03-25T15:27:32.949Z -   ✓ Master JSON: 0 places
2026-03-25T15:27:32.951Z - 
🔄 ST: Traitement...
2026-03-25T15:27:32.952Z -   ✓ Excel chargé: 0 places
2026-03-25T15:27:32.953Z -   ✓ Master JSON: 0 places
2026-03-25T15:27:32.955Z - 
🔄 SV: Traitement...
2026-03-25T15:27:32.972Z -   ✓ Excel chargé: 10 places
2026-03-25T15:27:32.984Z -   ✓ Master JSON: 9 places
2026-03-25T15:27:32.996Z -   ✓ Excel sauvegardé: 10 places
2026-03-25T15:27:32.997Z - 
🔄 SY: Traitement...
2026-03-25T15:27:32.998Z -   ✓ Excel chargé: 0 places
2026-03-25T15:27:32.999Z -   ✓ Master JSON: 0 places
2026-03-25T15:27:33.001Z - 
🔄 SZ: Traitement...
2026-03-25T15:27:33.002Z -   ✓ Excel chargé: 0 places
2026-03-25T15:27:33.003Z -   ✓ Master JSON: 0 places
2026-03-25T15:27:33.004Z - 
🔄 TD: Traitement...
2026-03-25T15:27:33.005Z -   ✓ Excel chargé: 0 places
2026-03-25T15:27:33.006Z -   ✓ Master JSON: 0 places
2026-03-25T15:27:33.008Z - 
🔄 TG: Traitement...
2026-03-25T15:27:33.009Z -   ✓ Excel chargé: 0 places
2026-03-25T15:27:33.010Z -   ✓ Master JSON: 0 places
2026-03-25T15:27:33.011Z - 
🔄 TH: Traitement...
2026-03-25T15:27:33.019Z -   ✓ Excel chargé: 27 places
2026-03-25T15:27:33.033Z -   ✓ Master JSON: 23 places
2026-03-25T15:27:33.053Z -   ✓ Excel sauvegardé: 27 places
2026-03-25T15:27:33.054Z - 
🔄 TJ: Traitement...
2026-03-25T15:27:33.054Z -   ✓ Excel chargé: 0 places
2026-03-25T15:27:33.055Z -   ✓ Master JSON: 0 places
2026-03-25T15:27:33.057Z - 
🔄 TL: Traitement...
2026-03-25T15:27:33.057Z -   ✓ Excel chargé: 0 places
2026-03-25T15:27:33.058Z -   ✓ Master JSON: 0 places
2026-03-25T15:27:33.059Z - 
🔄 TM: Traitement...
2026-03-25T15:27:33.075Z -   ✓ Excel chargé: 8 places
2026-03-25T15:27:33.080Z -   ✓ Master JSON: 8 places
2026-03-25T15:27:33.089Z -   ✓ Excel sauvegardé: 8 places
2026-03-25T15:27:33.089Z - 
🔄 TN: Traitement...
2026-03-25T15:27:33.090Z -   ✓ Excel chargé: 0 places
2026-03-25T15:27:33.090Z -   ✓ Master JSON: 0 places
2026-03-25T15:27:33.091Z - 
🔄 TO: Traitement...
2026-03-25T15:27:33.091Z -   ✓ Excel chargé: 0 places
2026-03-25T15:27:33.091Z -   ✓ Master JSON: 0 places
2026-03-25T15:27:33.092Z - 
🔄 TR: Traitement...
2026-03-25T15:27:33.105Z -   ✓ Excel chargé: 58 places
2026-03-25T15:27:33.114Z -   ✓ Master JSON: 59 places
2026-03-25T15:27:33.114Z -   ✓ 1 nouvelles places ajoutées
2026-03-25T15:27:35.793Z -   ✓ Excel sauvegardé: 59 places
2026-03-25T15:27:35.794Z - 
🔄 TT: Traitement...
2026-03-25T15:27:35.795Z -   ✓ Excel chargé: 0 places
2026-03-25T15:27:35.796Z -   ✓ Master JSON: 0 places
2026-03-25T15:27:35.797Z - 
🔄 TV: Traitement...
2026-03-25T15:27:35.798Z -   ✓ Excel chargé: 0 places
2026-03-25T15:27:35.799Z -   ✓ Master JSON: 0 places
2026-03-25T15:27:35.800Z - 
🔄 TZ: Traitement...
2026-03-25T15:27:35.806Z -   ✓ Excel chargé: 18 places
2026-03-25T15:27:35.810Z -   ✓ Master JSON: 17 places
2026-03-25T15:27:35.820Z -   ✓ Excel sauvegardé: 18 places
2026-03-25T15:27:35.820Z - 
🔄 UA: Traitement...
2026-03-25T15:27:35.821Z -   ✓ Excel chargé: 0 places
2026-03-25T15:27:35.821Z -   ✓ Master JSON: 0 places
2026-03-25T15:27:35.822Z - 
🔄 UG: Traitement...
2026-03-25T15:27:35.832Z -   ✓ Excel chargé: 9 places
2026-03-25T15:27:35.833Z -   ✓ Master JSON: 0 places
2026-03-25T15:27:35.845Z -   ✓ Excel sauvegardé: 9 places
2026-03-25T15:27:35.847Z - 
🔄 US: Traitement...
2026-03-25T15:27:35.883Z -   ✓ Excel chargé: 546 places
2026-03-25T15:27:35.933Z -   ✓ Master JSON: 401 places
2026-03-25T15:27:36.061Z -   ✓ Excel sauvegardé: 546 places
2026-03-25T15:27:36.061Z - 
🔄 UY: Traitement...
2026-03-25T15:27:36.062Z -   ✓ Excel chargé: 0 places
2026-03-25T15:27:36.063Z -   ✓ Master JSON: 0 places
2026-03-25T15:27:36.064Z - 
🔄 UZ: Traitement...
2026-03-25T15:27:36.069Z -   ✓ Excel chargé: 6 places
2026-03-25T15:27:36.072Z -   ✓ Master JSON: 6 places
2026-03-25T15:27:36.077Z -   ✓ Excel sauvegardé: 6 places
2026-03-25T15:27:36.077Z - 
🔄 VA: Traitement...
2026-03-25T15:27:36.078Z -   ✓ Excel chargé: 0 places
2026-03-25T15:27:36.078Z -   ✓ Master JSON: 0 places
2026-03-25T15:27:36.079Z - 
🔄 VC: Traitement...
2026-03-25T15:27:36.080Z -   ✓ Excel chargé: 0 places
2026-03-25T15:27:36.081Z -   ✓ Master JSON: 0 places
2026-03-25T15:27:36.081Z - 
🔄 VE: Traitement...
2026-03-25T15:27:36.082Z -   ✓ Excel chargé: 0 places
2026-03-25T15:27:36.083Z -   ✓ Master JSON: 0 places
2026-03-25T15:27:36.083Z - 
🔄 VN: Traitement...
2026-03-25T15:27:36.093Z -   ✓ Excel chargé: 32 places
2026-03-25T15:27:36.107Z -   ✓ Master JSON: 25 places
2026-03-25T15:27:36.119Z -   ✓ Excel sauvegardé: 32 places
2026-03-25T15:27:36.120Z - 
🔄 VU: Traitement...
2026-03-25T15:27:36.120Z -   ✓ Excel chargé: 0 places
2026-03-25T15:27:36.120Z -   ✓ Master JSON: 0 places
2026-03-25T15:27:36.121Z - 
🔄 WF: Traitement...
2026-03-25T15:27:36.121Z -   ✓ Excel chargé: 0 places
2026-03-25T15:27:36.122Z -   ✓ Master JSON: 0 places
2026-03-25T15:27:36.122Z - 
🔄 WS: Traitement...
2026-03-25T15:27:36.123Z -   ✓ Excel chargé: 0 places
2026-03-25T15:27:36.123Z -   ✓ Master JSON: 0 places
2026-03-25T15:27:36.124Z - 
🔄 XX: Traitement...
2026-03-25T15:27:36.124Z -   ✓ Excel chargé: 0 places
2026-03-25T15:27:36.125Z -   ✓ Master JSON: 0 places
2026-03-25T15:27:36.125Z - 
🔄 YE: Traitement...
2026-03-25T15:27:36.126Z -   ✓ Excel chargé: 0 places
2026-03-25T15:27:36.126Z -   ✓ Master JSON: 0 places
2026-03-25T15:27:36.127Z - 
🔄 YT: Traitement...
2026-03-25T15:27:36.133Z -   ✓ Excel chargé: 5 places
2026-03-25T15:27:36.138Z -   ✓ Master JSON: 5 places
2026-03-25T15:27:36.143Z -   ✓ Excel sauvegardé: 5 places
2026-03-25T15:27:36.143Z - 
🔄 ZA: Traitement...
2026-03-25T15:27:36.156Z -   ✓ Excel chargé: 118 places
2026-03-25T15:27:36.170Z -   ✓ Master JSON: 85 places
2026-03-25T15:27:36.210Z -   ✓ Excel sauvegardé: 118 places
2026-03-25T15:27:36.210Z - 
🔄 ZM: Traitement...
2026-03-25T15:27:36.211Z -   ✓ Excel chargé: 0 places
2026-03-25T15:27:36.212Z -   ✓ Master JSON: 0 places
2026-03-25T15:27:36.213Z - 
🔄 ZW: Traitement...
2026-03-25T15:27:36.213Z -   ✓ Excel chargé: 0 places
2026-03-25T15:27:36.214Z -   ✓ Master JSON: 0 places
2026-03-25T15:27:36.215Z - 
🔄 _BACKUPS: Traitement...
2026-03-25T15:27:36.216Z -   ✓ Excel chargé: 0 places
2026-03-25T15:27:36.217Z -   ✓ Master JSON: 0 places
2026-03-25T15:27:36.218Z - 
🔄 _TR_CACHE: Traitement...
2026-03-25T15:27:36.225Z -   ✓ Excel chargé: 0 places
2026-03-25T15:27:36.225Z -   ✓ Master JSON: 0 places
