2026-03-10T07:57:49.992Z - 
============================================================
2026-03-10T07:57:50.016Z - 🔄 MODE UPDATE - 10/03/2026 08:57:49
2026-03-10T07:57:50.016Z - ============================================================
2026-03-10T07:57:50.239Z - 
🔄 .RATINGS_BACKUPS: Traitement...
2026-03-10T07:57:50.242Z -   ✓ Excel chargé: 0 places
2026-03-10T07:57:50.244Z -   ✓ Master JSON: 0 places
2026-03-10T07:57:50.246Z - 
🔄 AD: Traitement...
2026-03-10T07:57:50.324Z -   ✓ Excel chargé: 0 places
2026-03-10T07:57:50.325Z -   ✓ Master JSON: 0 places
2026-03-10T07:57:50.327Z - 
🔄 AE: Traitement...
2026-03-10T07:57:50.348Z -   ✓ Excel chargé: 8 places
2026-03-10T07:57:50.360Z -   ✓ Master JSON: 8 places
2026-03-10T07:57:50.436Z -   ✓ Excel sauvegardé: 8 places
2026-03-10T07:57:50.437Z - 
🔄 AF: Traitement...
2026-03-10T07:57:50.459Z -   ✓ Excel chargé: 0 places
2026-03-10T07:57:50.460Z -   ✓ Master JSON: 0 places
2026-03-10T07:57:50.462Z - 
🔄 AG: Traitement...
2026-03-10T07:57:50.475Z -   ✓ Excel chargé: 0 places
2026-03-10T07:57:50.476Z -   ✓ Master JSON: 0 places
2026-03-10T07:57:50.478Z - 
🔄 AI: Traitement...
2026-03-10T07:57:50.479Z -   ✓ Excel chargé: 0 places
2026-03-10T07:57:50.480Z -   ✓ Master JSON: 0 places
2026-03-10T07:57:50.482Z - 
🔄 AL: Traitement...
2026-03-10T07:57:50.502Z -   ✓ Excel chargé: 12 places
2026-03-10T07:57:50.516Z -   ✓ Master JSON: 12 places
2026-03-10T07:57:50.544Z -   ✓ Excel sauvegardé: 12 places
2026-03-10T07:57:50.546Z - 
🔄 AM: Traitement...
2026-03-10T07:57:50.567Z -   ✓ Excel chargé: 8 places
2026-03-10T07:57:50.585Z -   ✓ Master JSON: 8 places
2026-03-10T07:57:50.615Z -   ✓ Excel sauvegardé: 8 places
2026-03-10T07:57:50.617Z - 
🔄 AO: Traitement...
2026-03-10T07:57:50.634Z -   ✓ Excel chargé: 0 places
2026-03-10T07:57:50.636Z -   ✓ Master JSON: 0 places
2026-03-10T07:57:50.639Z - 
🔄 AR: Traitement...
2026-03-10T07:57:50.676Z -   ✓ Excel chargé: 46 places
2026-03-10T07:57:50.702Z -   ✓ Master JSON: 23 places
2026-03-10T07:57:50.754Z -   ✓ Excel sauvegardé: 46 places
2026-03-10T07:57:50.756Z - 
🔄 AS: Traitement...
2026-03-10T07:57:50.758Z -   ✓ Excel chargé: 0 places
2026-03-10T07:57:50.759Z -   ✓ Master JSON: 0 places
2026-03-10T07:57:50.761Z - 
🔄 AT: Traitement...
2026-03-10T07:57:50.793Z -   ✓ Excel chargé: 45 places
2026-03-10T07:57:50.822Z -   ✓ Master JSON: 43 places
2026-03-10T07:57:50.881Z -   ✓ Excel sauvegardé: 45 places
2026-03-10T07:57:50.883Z - 
🔄 AU: Traitement...
2026-03-10T07:57:50.912Z -   ✓ Excel chargé: 74 places
2026-03-10T07:57:50.948Z -   ✓ Master JSON: 42 places
2026-03-10T07:57:51.030Z -   ✓ Excel sauvegardé: 74 places
2026-03-10T07:57:51.033Z - 
🔄 AW: Traitement...
2026-03-10T07:57:51.055Z -   ✓ Excel chargé: 0 places
2026-03-10T07:57:51.057Z -   ✓ Master JSON: 0 places
2026-03-10T07:57:51.060Z - 
🔄 AZ: Traitement...
2026-03-10T07:57:51.085Z -   ✓ Excel chargé: 0 places
2026-03-10T07:57:51.087Z -   ✓ Master JSON: 0 places
2026-03-10T07:57:51.089Z - 
🔄 BA: Traitement...
2026-03-10T07:57:51.115Z -   ✓ Excel chargé: 15 places
2026-03-10T07:57:51.185Z -   ✓ Master JSON: 15 places
2026-03-10T07:57:51.212Z -   ✓ Excel sauvegardé: 15 places
2026-03-10T07:57:51.220Z - 
🔄 BB: Traitement...
2026-03-10T07:57:51.237Z -   ✓ Excel chargé: 6 places
2026-03-10T07:57:51.308Z -   ✓ Master JSON: 6 places
2026-03-10T07:57:51.328Z -   ✓ Excel sauvegardé: 6 places
2026-03-10T07:57:51.331Z - 
🔄 BD: Traitement...
2026-03-10T07:57:51.374Z -   ✓ Excel chargé: 17 places
2026-03-10T07:57:51.432Z -   ✓ Master JSON: 14 places
2026-03-10T07:57:51.473Z -   ✓ Excel sauvegardé: 17 places
2026-03-10T07:57:51.476Z - 
🔄 BE: Traitement...
2026-03-10T07:57:51.507Z -   ✓ Excel chargé: 24 places
2026-03-10T07:57:51.531Z -   ✓ Master JSON: 23 places
2026-03-10T07:57:51.578Z -   ✓ Excel sauvegardé: 24 places
2026-03-10T07:57:51.580Z - 
🔄 BF: Traitement...
2026-03-10T07:57:51.595Z -   ✓ Excel chargé: 0 places
2026-03-10T07:57:51.596Z -   ✓ Master JSON: 0 places
2026-03-10T07:57:51.597Z - 
🔄 BG: Traitement...
2026-03-10T07:57:51.613Z -   ✓ Excel chargé: 29 places
2026-03-10T07:57:51.634Z -   ✓ Master JSON: 21 places
2026-03-10T07:57:51.676Z -   ✓ Excel sauvegardé: 29 places
2026-03-10T07:57:51.678Z - 
🔄 BH: Traitement...
2026-03-10T07:57:51.693Z -   ✓ Excel chargé: 0 places
2026-03-10T07:57:51.694Z -   ✓ Master JSON: 0 places
2026-03-10T07:57:51.696Z - 
🔄 BI: Traitement...
2026-03-10T07:57:51.723Z -   ✓ Excel chargé: 0 places
2026-03-10T07:57:51.725Z -   ✓ Master JSON: 0 places
2026-03-10T07:57:51.727Z - 
🔄 BJ: Traitement...
2026-03-10T07:57:51.742Z -   ✓ Excel chargé: 0 places
2026-03-10T07:57:51.743Z -   ✓ Master JSON: 0 places
2026-03-10T07:57:51.745Z - 
🔄 BL: Traitement...
2026-03-10T07:57:51.761Z -   ✓ Excel chargé: 8 places
2026-03-10T07:57:51.767Z -   ✓ Master JSON: 8 places
2026-03-10T07:57:51.794Z -   ✓ Excel sauvegardé: 8 places
2026-03-10T07:57:51.796Z - 
🔄 BM: Traitement...
2026-03-10T07:57:51.812Z -   ✓ Excel chargé: 0 places
2026-03-10T07:57:51.814Z -   ✓ Master JSON: 0 places
2026-03-10T07:57:51.816Z - 
🔄 BN: Traitement...
2026-03-10T07:57:51.828Z -   ✓ Excel chargé: 0 places
2026-03-10T07:57:51.829Z -   ✓ Master JSON: 0 places
2026-03-10T07:57:51.831Z - 
🔄 BO: Traitement...
2026-03-10T07:57:51.859Z -   ✓ Excel chargé: 17 places
2026-03-10T07:57:51.880Z -   ✓ Master JSON: 17 places
2026-03-10T07:57:51.915Z -   ✓ Excel sauvegardé: 17 places
2026-03-10T07:57:51.918Z - 
🔄 BQ: Traitement...
2026-03-10T07:57:51.920Z -   ✓ Excel chargé: 0 places
2026-03-10T07:57:51.922Z -   ✓ Master JSON: 0 places
2026-03-10T07:57:51.924Z - 
🔄 BR: Traitement...
2026-03-10T07:57:51.942Z -   ✓ Excel chargé: 55 places
2026-03-10T07:57:51.971Z -   ✓ Master JSON: 50 places
2026-03-10T07:57:52.044Z -   ✓ Excel sauvegardé: 55 places
2026-03-10T07:57:52.046Z - 
🔄 BS: Traitement...
2026-03-10T07:57:52.059Z -   ✓ Excel chargé: 9 places
2026-03-10T07:57:52.074Z -   ✓ Master JSON: 9 places
2026-03-10T07:57:52.094Z -   ✓ Excel sauvegardé: 9 places
2026-03-10T07:57:52.096Z - 
🔄 BT: Traitement...
2026-03-10T07:57:52.110Z -   ✓ Excel chargé: 0 places
2026-03-10T07:57:52.112Z -   ✓ Master JSON: 0 places
2026-03-10T07:57:52.113Z - 
🔄 BW: Traitement...
2026-03-10T07:57:52.140Z -   ✓ Excel chargé: 16 places
2026-03-10T07:57:52.157Z -   ✓ Master JSON: 15 places
2026-03-10T07:57:52.181Z -   ✓ Excel sauvegardé: 16 places
2026-03-10T07:57:52.183Z - 
🔄 BY: Traitement...
2026-03-10T07:57:52.194Z -   ✓ Excel chargé: 0 places
2026-03-10T07:57:52.195Z -   ✓ Master JSON: 0 places
2026-03-10T07:57:52.197Z - 
🔄 BZ: Traitement...
2026-03-10T07:57:52.211Z -   ✓ Excel chargé: 6 places
2026-03-10T07:57:52.226Z -   ✓ Master JSON: 6 places
2026-03-10T07:57:52.246Z -   ✓ Excel sauvegardé: 6 places
2026-03-10T07:57:52.249Z - 
🔄 CA: Traitement...
2026-03-10T07:57:52.276Z -   ✓ Excel chargé: 60 places
2026-03-10T07:57:52.322Z -   ✓ Master JSON: 54 places
2026-03-10T07:58:13.352Z -   ✓ Excel sauvegardé: 60 places
2026-03-10T07:58:13.355Z - 
🔄 CD: Traitement...
2026-03-10T07:58:13.386Z -   ✓ Excel chargé: 0 places
2026-03-10T07:58:13.388Z -   ✓ Master JSON: 0 places
2026-03-10T07:58:13.390Z - 
🔄 CF: Traitement...
2026-03-10T07:58:13.418Z -   ✓ Excel chargé: 0 places
2026-03-10T07:58:13.420Z -   ✓ Master JSON: 0 places
2026-03-10T07:58:13.424Z - 
🔄 CG: Traitement...
2026-03-10T07:58:13.447Z -   ✓ Excel chargé: 0 places
2026-03-10T07:58:13.449Z -   ✓ Master JSON: 0 places
2026-03-10T07:58:13.452Z - 
🔄 CH: Traitement...
2026-03-10T07:58:13.487Z -   ✓ Excel chargé: 56 places
2026-03-10T07:58:13.535Z -   ✓ Master JSON: 56 places
2026-03-10T07:58:13.638Z -   ✓ Excel sauvegardé: 56 places
2026-03-10T07:58:13.642Z - 
🔄 CI: Traitement...
2026-03-10T07:58:13.666Z -   ✓ Excel chargé: 0 places
2026-03-10T07:58:13.668Z -   ✓ Master JSON: 0 places
2026-03-10T07:58:13.671Z - 
🔄 CK: Traitement...
2026-03-10T07:58:13.673Z -   ✓ Excel chargé: 0 places
2026-03-10T07:58:13.675Z -   ✓ Master JSON: 0 places
2026-03-10T07:58:13.679Z - 
🔄 CL: Traitement...
2026-03-10T07:58:13.700Z -   ✓ Excel chargé: 8 places
2026-03-10T07:58:13.721Z -   ✓ Master JSON: 7 places
2026-03-10T07:58:13.753Z -   ✓ Excel sauvegardé: 8 places
2026-03-10T07:58:13.756Z - 
🔄 CM: Traitement...
2026-03-10T07:58:13.777Z -   ✓ Excel chargé: 0 places
2026-03-10T07:58:13.780Z -   ✓ Master JSON: 0 places
2026-03-10T07:58:13.784Z - 
🔄 CN: Traitement...
2026-03-10T07:58:13.819Z -   ✓ Excel chargé: 60 places
2026-03-10T07:58:13.873Z -   ✓ Master JSON: 56 places
2026-03-10T07:58:13.873Z -   ✓ 1 nouvelles places ajoutées
2026-03-10T07:58:45.140Z -   ✓ Excel sauvegardé: 61 places
2026-03-10T07:58:45.141Z - 
🔄 CO: Traitement...
2026-03-10T07:58:45.156Z -   ✓ Excel chargé: 12 places
2026-03-10T07:58:45.169Z -   ✓ Master JSON: 12 places
2026-03-10T07:58:45.195Z -   ✓ Excel sauvegardé: 12 places
2026-03-10T07:58:45.197Z - 
🔄 CR: Traitement...
2026-03-10T07:58:45.216Z -   ✓ Excel chargé: 8 places
2026-03-10T07:58:45.234Z -   ✓ Master JSON: 8 places
2026-03-10T07:58:45.256Z -   ✓ Excel sauvegardé: 8 places
2026-03-10T07:58:45.257Z - 
🔄 CU: Traitement...
2026-03-10T07:58:45.266Z -   ✓ Excel chargé: 12 places
2026-03-10T07:58:45.272Z -   ✓ Master JSON: 12 places
2026-03-10T07:58:45.282Z -   ✓ Excel sauvegardé: 12 places
2026-03-10T07:58:45.283Z - 
🔄 CV: Traitement...
2026-03-10T07:58:45.289Z -   ✓ Excel chargé: 0 places
2026-03-10T07:58:45.290Z -   ✓ Master JSON: 0 places
2026-03-10T07:58:45.291Z - 
🔄 CY: Traitement...
2026-03-10T07:58:45.297Z -   ✓ Excel chargé: 0 places
2026-03-10T07:58:45.298Z -   ✓ Master JSON: 0 places
2026-03-10T07:58:45.298Z - 
🔄 CZ: Traitement...
2026-03-10T07:58:45.305Z -   ✓ Excel chargé: 19 places
2026-03-10T07:58:45.312Z -   ✓ Master JSON: 19 places
2026-03-10T07:58:45.322Z -   ✓ Excel sauvegardé: 19 places
2026-03-10T07:58:45.323Z - 
🔄 DE: Traitement...
2026-03-10T07:58:45.336Z -   ✓ Excel chargé: 112 places
2026-03-10T07:58:45.352Z -   ✓ Master JSON: 111 places
2026-03-10T07:58:45.385Z -   ✓ Excel sauvegardé: 112 places
2026-03-10T07:58:45.386Z - 
🔄 DJ: Traitement...
2026-03-10T07:58:45.386Z -   ✓ Excel chargé: 0 places
2026-03-10T07:58:45.387Z -   ✓ Master JSON: 0 places
2026-03-10T07:58:45.387Z - 
🔄 DK: Traitement...
2026-03-10T07:58:45.394Z -   ✓ Excel chargé: 14 places
2026-03-10T07:58:45.398Z -   ✓ Master JSON: 14 places
2026-03-10T07:58:45.406Z -   ✓ Excel sauvegardé: 14 places
2026-03-10T07:58:45.407Z - 
🔄 DM: Traitement...
2026-03-10T07:58:45.408Z -   ✓ Excel chargé: 0 places
2026-03-10T07:58:45.409Z -   ✓ Master JSON: 0 places
2026-03-10T07:58:45.409Z - 
🔄 DO: Traitement...
2026-03-10T07:58:45.415Z -   ✓ Excel chargé: 15 places
2026-03-10T07:58:45.419Z -   ✓ Master JSON: 15 places
2026-03-10T07:58:45.428Z -   ✓ Excel sauvegardé: 15 places
2026-03-10T07:58:45.429Z - 
🔄 DZ: Traitement...
2026-03-10T07:58:45.429Z -   ✓ Excel chargé: 0 places
2026-03-10T07:58:45.430Z -   ✓ Master JSON: 0 places
2026-03-10T07:58:45.430Z - 
🔄 EA: Traitement...
2026-03-10T07:58:45.438Z -   ✓ Excel chargé: 23 places
2026-03-10T07:58:45.443Z -   ✓ Master JSON: 23 places
2026-03-10T07:58:45.453Z -   ✓ Excel sauvegardé: 23 places
2026-03-10T07:58:45.453Z - 
🔄 EC: Traitement...
2026-03-10T07:58:45.460Z -   ✓ Excel chargé: 13 places
2026-03-10T07:58:45.463Z -   ✓ Master JSON: 13 places
2026-03-10T07:58:45.471Z -   ✓ Excel sauvegardé: 13 places
2026-03-10T07:58:45.472Z - 
🔄 EE: Traitement...
2026-03-10T07:58:45.472Z -   ✓ Excel chargé: 0 places
2026-03-10T07:58:45.473Z -   ✓ Master JSON: 0 places
2026-03-10T07:58:45.474Z - 
🔄 EG: Traitement...
2026-03-10T07:58:45.480Z -   ✓ Excel chargé: 17 places
2026-03-10T07:58:45.484Z -   ✓ Master JSON: 17 places
2026-03-10T07:58:45.494Z -   ✓ Excel sauvegardé: 17 places
2026-03-10T07:58:45.495Z - 
🔄 ER: Traitement...
2026-03-10T07:58:45.495Z -   ✓ Excel chargé: 0 places
2026-03-10T07:58:45.496Z -   ✓ Master JSON: 0 places
2026-03-10T07:58:45.496Z - 
🔄 ES: Traitement...
2026-03-10T07:58:45.518Z -   ✓ Excel chargé: 202 places
2026-03-10T07:58:45.539Z -   ✓ Master JSON: 182 places
2026-03-10T07:58:45.600Z -   ✓ Excel sauvegardé: 202 places
2026-03-10T07:58:45.601Z - 
🔄 ET: Traitement...
2026-03-10T07:58:45.602Z -   ✓ Excel chargé: 0 places
2026-03-10T07:58:45.602Z -   ✓ Master JSON: 0 places
2026-03-10T07:58:45.603Z - 
🔄 FI: Traitement...
2026-03-10T07:58:45.609Z -   ✓ Excel chargé: 9 places
2026-03-10T07:58:45.612Z -   ✓ Master JSON: 9 places
2026-03-10T07:58:45.619Z -   ✓ Excel sauvegardé: 9 places
2026-03-10T07:58:45.620Z - 
🔄 FJ: Traitement...
2026-03-10T07:58:45.620Z -   ✓ Excel chargé: 0 places
2026-03-10T07:58:45.620Z -   ✓ Master JSON: 0 places
2026-03-10T07:58:45.621Z - 
🔄 FM: Traitement...
2026-03-10T07:58:45.621Z -   ✓ Excel chargé: 0 places
2026-03-10T07:58:45.621Z -   ✓ Master JSON: 0 places
2026-03-10T07:58:45.622Z - 
🔄 FR: Traitement...
2026-03-10T07:58:45.704Z -   ✓ Excel chargé: 1279 places
2026-03-10T07:58:45.849Z -   ✓ Master JSON: 1178 places
2026-03-10T07:58:46.175Z -   ✓ Excel sauvegardé: 1279 places
2026-03-10T07:58:46.177Z - 
🔄 GA: Traitement...
2026-03-10T07:58:46.177Z -   ✓ Excel chargé: 0 places
2026-03-10T07:58:46.178Z -   ✓ Master JSON: 0 places
2026-03-10T07:58:46.178Z - 
🔄 GB: Traitement...
2026-03-10T07:58:46.193Z -   ✓ Excel chargé: 175 places
2026-03-10T07:58:46.213Z -   ✓ Master JSON: 171 places
2026-03-10T07:58:46.258Z -   ✓ Excel sauvegardé: 175 places
2026-03-10T07:58:46.259Z - 
🔄 GD: Traitement...
2026-03-10T07:58:46.259Z -   ✓ Excel chargé: 0 places
2026-03-10T07:58:46.260Z -   ✓ Master JSON: 0 places
2026-03-10T07:58:46.260Z - 
🔄 GE: Traitement...
2026-03-10T07:58:46.268Z -   ✓ Excel chargé: 19 places
2026-03-10T07:58:46.271Z -   ✓ Master JSON: 19 places
2026-03-10T07:58:46.281Z -   ✓ Excel sauvegardé: 19 places
2026-03-10T07:58:46.281Z - 
🔄 GF: Traitement...
2026-03-10T07:58:46.286Z -   ✓ Excel chargé: 5 places
2026-03-10T07:58:46.289Z -   ✓ Master JSON: 5 places
2026-03-10T07:58:46.296Z -   ✓ Excel sauvegardé: 5 places
2026-03-10T07:58:46.296Z - 
🔄 GH: Traitement...
2026-03-10T07:58:46.297Z -   ✓ Excel chargé: 0 places
2026-03-10T07:58:46.297Z -   ✓ Master JSON: 0 places
2026-03-10T07:58:46.298Z - 
🔄 GM: Traitement...
2026-03-10T07:58:46.298Z -   ✓ Excel chargé: 0 places
2026-03-10T07:58:46.298Z -   ✓ Master JSON: 0 places
2026-03-10T07:58:46.299Z - 
🔄 GN: Traitement...
2026-03-10T07:58:46.299Z -   ✓ Excel chargé: 0 places
2026-03-10T07:58:46.300Z -   ✓ Master JSON: 0 places
2026-03-10T07:58:46.300Z - 
🔄 GP: Traitement...
2026-03-10T07:58:46.305Z -   ✓ Excel chargé: 8 places
2026-03-10T07:58:46.309Z -   ✓ Master JSON: 8 places
2026-03-10T07:58:46.315Z -   ✓ Excel sauvegardé: 8 places
2026-03-10T07:58:46.316Z - 
🔄 GQ: Traitement...
2026-03-10T07:58:46.316Z -   ✓ Excel chargé: 0 places
2026-03-10T07:58:46.317Z -   ✓ Master JSON: 0 places
2026-03-10T07:58:46.317Z - 
🔄 GR: Traitement...
2026-03-10T07:58:46.329Z -   ✓ Excel chargé: 106 places
2026-03-10T07:58:46.344Z -   ✓ Master JSON: 105 places
2026-03-10T07:58:46.370Z -   ✓ Excel sauvegardé: 106 places
2026-03-10T07:58:46.371Z - 
🔄 GT: Traitement...
2026-03-10T07:58:46.379Z -   ✓ Excel chargé: 6 places
2026-03-10T07:58:46.382Z -   ✓ Master JSON: 6 places
2026-03-10T07:58:46.388Z -   ✓ Excel sauvegardé: 6 places
2026-03-10T07:58:46.389Z - 
🔄 GW: Traitement...
2026-03-10T07:58:46.389Z -   ✓ Excel chargé: 0 places
2026-03-10T07:58:46.390Z -   ✓ Master JSON: 0 places
2026-03-10T07:58:46.390Z - 
🔄 GY: Traitement...
2026-03-10T07:58:46.391Z -   ✓ Excel chargé: 0 places
2026-03-10T07:58:46.392Z -   ✓ Master JSON: 0 places
2026-03-10T07:58:46.392Z - 
🔄 HN: Traitement...
2026-03-10T07:58:46.393Z -   ✓ Excel chargé: 0 places
2026-03-10T07:58:46.393Z -   ✓ Master JSON: 0 places
2026-03-10T07:58:46.393Z - 
🔄 HR: Traitement...
2026-03-10T07:58:46.404Z -   ✓ Excel chargé: 88 places
2026-03-10T07:58:46.419Z -   ✓ Master JSON: 71 places
2026-03-10T07:58:46.443Z -   ✓ Excel sauvegardé: 88 places
2026-03-10T07:58:46.444Z - 
🔄 HT: Traitement...
2026-03-10T07:58:46.444Z -   ✓ Excel chargé: 0 places
2026-03-10T07:58:46.445Z -   ✓ Master JSON: 0 places
2026-03-10T07:58:46.445Z - 
🔄 HU: Traitement...
2026-03-10T07:58:46.454Z -   ✓ Excel chargé: 34 places
2026-03-10T07:58:46.459Z -   ✓ Master JSON: 34 places
2026-03-10T07:58:46.473Z -   ✓ Excel sauvegardé: 34 places
2026-03-10T07:58:46.474Z - 
🔄 ID: Traitement...
2026-03-10T07:58:46.482Z -   ✓ Excel chargé: 72 places
2026-03-10T07:58:46.491Z -   ✓ Master JSON: 72 places
2026-03-10T07:58:46.511Z -   ✓ Excel sauvegardé: 72 places
2026-03-10T07:58:46.511Z - 
🔄 IE: Traitement...
2026-03-10T07:58:46.517Z -   ✓ Excel chargé: 31 places
2026-03-10T07:58:46.522Z -   ✓ Master JSON: 31 places
2026-03-10T07:58:46.535Z -   ✓ Excel sauvegardé: 31 places
2026-03-10T07:58:46.535Z - 
🔄 IL: Traitement...
2026-03-10T07:58:46.543Z -   ✓ Excel chargé: 12 places
2026-03-10T07:58:46.547Z -   ✓ Master JSON: 12 places
2026-03-10T07:58:46.555Z -   ✓ Excel sauvegardé: 12 places
2026-03-10T07:58:46.556Z - 
🔄 IN: Traitement...
2026-03-10T07:58:46.564Z -   ✓ Excel chargé: 56 places
2026-03-10T07:58:46.571Z -   ✓ Master JSON: 56 places
2026-03-10T07:58:46.589Z -   ✓ Excel sauvegardé: 56 places
2026-03-10T07:58:46.590Z - 
🔄 IQ: Traitement...
2026-03-10T07:58:46.590Z -   ✓ Excel chargé: 0 places
2026-03-10T07:58:46.591Z -   ✓ Master JSON: 0 places
2026-03-10T07:58:46.592Z - 
🔄 IR: Traitement...
2026-03-10T07:58:46.592Z -   ✓ Excel chargé: 0 places
2026-03-10T07:58:46.593Z -   ✓ Master JSON: 0 places
2026-03-10T07:58:46.593Z - 
🔄 IS: Traitement...
2026-03-10T07:58:46.599Z -   ✓ Excel chargé: 11 places
2026-03-10T07:58:46.602Z -   ✓ Master JSON: 11 places
2026-03-10T07:58:46.611Z -   ✓ Excel sauvegardé: 11 places
2026-03-10T07:58:46.612Z - 
🔄 IT: Traitement...
2026-03-10T07:58:46.646Z -   ✓ Excel chargé: 503 places
2026-03-10T07:58:46.689Z -   ✓ Master JSON: 447 places
2026-03-10T07:58:46.809Z -   ✓ Excel sauvegardé: 503 places
2026-03-10T07:58:46.810Z - 
🔄 JM: Traitement...
2026-03-10T07:58:46.810Z -   ✓ Excel chargé: 0 places
2026-03-10T07:58:46.811Z -   ✓ Master JSON: 0 places
2026-03-10T07:58:46.811Z - 
🔄 JO: Traitement...
2026-03-10T07:58:46.824Z -   ✓ Excel chargé: 7 places
2026-03-10T07:58:46.828Z -   ✓ Master JSON: 7 places
2026-03-10T07:58:46.834Z -   ✓ Excel sauvegardé: 7 places
2026-03-10T07:58:46.835Z - 
🔄 JP: Traitement...
2026-03-10T07:58:46.845Z -   ✓ Excel chargé: 113 places
2026-03-10T07:58:46.860Z -   ✓ Master JSON: 113 places
2026-03-10T07:58:46.888Z -   ✓ Excel sauvegardé: 113 places
2026-03-10T07:58:46.889Z - 
🔄 KE: Traitement...
2026-03-10T07:58:46.890Z -   ✓ Excel chargé: 0 places
2026-03-10T07:58:46.890Z -   ✓ Master JSON: 0 places
2026-03-10T07:58:46.891Z - 
🔄 KG: Traitement...
2026-03-10T07:58:46.892Z -   ✓ Excel chargé: 0 places
2026-03-10T07:58:46.892Z -   ✓ Master JSON: 0 places
2026-03-10T07:58:46.893Z - 
🔄 KH: Traitement...
2026-03-10T07:58:46.900Z -   ✓ Excel chargé: 9 places
2026-03-10T07:58:46.903Z -   ✓ Master JSON: 8 places
2026-03-10T07:58:46.911Z -   ✓ Excel sauvegardé: 9 places
2026-03-10T07:58:46.912Z - 
🔄 KI: Traitement...
2026-03-10T07:58:46.912Z -   ✓ Excel chargé: 0 places
2026-03-10T07:58:46.913Z -   ✓ Master JSON: 0 places
2026-03-10T07:58:46.913Z - 
🔄 KM: Traitement...
2026-03-10T07:58:46.914Z -   ✓ Excel chargé: 0 places
2026-03-10T07:58:46.914Z -   ✓ Master JSON: 0 places
2026-03-10T07:58:46.914Z - 
🔄 KN: Traitement...
2026-03-10T07:58:46.915Z -   ✓ Excel chargé: 0 places
2026-03-10T07:58:46.915Z -   ✓ Master JSON: 0 places
2026-03-10T07:58:46.916Z - 
🔄 KP: Traitement...
2026-03-10T07:58:46.917Z -   ✓ Excel chargé: 0 places
2026-03-10T07:58:46.917Z -   ✓ Master JSON: 0 places
2026-03-10T07:58:46.918Z - 
🔄 KR: Traitement...
2026-03-10T07:58:46.922Z -   ✓ Excel chargé: 5 places
2026-03-10T07:58:46.927Z -   ✓ Master JSON: 5 places
2026-03-10T07:58:46.933Z -   ✓ Excel sauvegardé: 5 places
2026-03-10T07:58:46.934Z - 
🔄 KW: Traitement...
2026-03-10T07:58:46.934Z -   ✓ Excel chargé: 0 places
2026-03-10T07:58:46.935Z -   ✓ Master JSON: 0 places
2026-03-10T07:58:46.936Z - 
🔄 KZ: Traitement...
2026-03-10T07:58:46.941Z -   ✓ Excel chargé: 19 places
2026-03-10T07:58:46.945Z -   ✓ Master JSON: 19 places
2026-03-10T07:58:46.953Z -   ✓ Excel sauvegardé: 19 places
2026-03-10T07:58:46.953Z - 
🔄 LA: Traitement...
2026-03-10T07:58:46.960Z -   ✓ Excel chargé: 43 places
2026-03-10T07:58:46.967Z -   ✓ Master JSON: 21 places
2026-03-10T07:58:46.982Z -   ✓ Excel sauvegardé: 43 places
2026-03-10T07:58:46.982Z - 
🔄 LB: Traitement...
2026-03-10T07:58:46.983Z -   ✓ Excel chargé: 0 places
2026-03-10T07:58:46.983Z -   ✓ Master JSON: 0 places
2026-03-10T07:58:46.984Z - 
🔄 LC: Traitement...
2026-03-10T07:58:46.984Z -   ✓ Excel chargé: 0 places
2026-03-10T07:58:46.984Z -   ✓ Master JSON: 0 places
2026-03-10T07:58:46.985Z - 
🔄 LI: Traitement...
2026-03-10T07:58:46.985Z -   ✓ Excel chargé: 0 places
2026-03-10T07:58:46.985Z -   ✓ Master JSON: 0 places
2026-03-10T07:58:46.986Z - 
🔄 LK: Traitement...
2026-03-10T07:58:47.002Z -   ✓ Excel chargé: 34 places
2026-03-10T07:58:47.021Z -   ✓ Master JSON: 34 places
2026-03-10T07:58:47.034Z -   ✓ Excel sauvegardé: 34 places
2026-03-10T07:58:47.035Z - 
🔄 LR: Traitement...
2026-03-10T07:58:47.035Z -   ✓ Excel chargé: 0 places
2026-03-10T07:58:47.036Z -   ✓ Master JSON: 0 places
2026-03-10T07:58:47.036Z - 
🔄 LS: Traitement...
2026-03-10T07:58:47.037Z -   ✓ Excel chargé: 0 places
2026-03-10T07:58:47.037Z -   ✓ Master JSON: 0 places
2026-03-10T07:58:47.037Z - 
🔄 LT: Traitement...
2026-03-10T07:58:47.042Z -   ✓ Excel chargé: 4 places
2026-03-10T07:58:47.046Z -   ✓ Master JSON: 4 places
2026-03-10T07:58:47.052Z -   ✓ Excel sauvegardé: 4 places
2026-03-10T07:58:47.052Z - 
🔄 LU: Traitement...
2026-03-10T07:58:47.053Z -   ✓ Excel chargé: 0 places
2026-03-10T07:58:47.053Z -   ✓ Master JSON: 0 places
2026-03-10T07:58:47.053Z - 
🔄 LV: Traitement...
2026-03-10T07:58:47.059Z -   ✓ Excel chargé: 11 places
2026-03-10T07:58:47.063Z -   ✓ Master JSON: 11 places
2026-03-10T07:58:47.070Z -   ✓ Excel sauvegardé: 11 places
2026-03-10T07:58:47.071Z - 
🔄 LY: Traitement...
2026-03-10T07:58:47.071Z -   ✓ Excel chargé: 0 places
2026-03-10T07:58:47.072Z -   ✓ Master JSON: 0 places
2026-03-10T07:58:47.072Z - 
🔄 MA: Traitement...
2026-03-10T07:58:47.077Z -   ✓ Excel chargé: 5 places
2026-03-10T07:58:47.080Z -   ✓ Master JSON: 5 places
2026-03-10T07:58:47.087Z -   ✓ Excel sauvegardé: 5 places
2026-03-10T07:58:47.087Z - 
🔄 MC: Traitement...
2026-03-10T07:58:47.088Z -   ✓ Excel chargé: 0 places
2026-03-10T07:58:47.088Z -   ✓ Master JSON: 0 places
2026-03-10T07:58:47.088Z - 
🔄 MD: Traitement...
2026-03-10T07:58:47.094Z -   ✓ Excel chargé: 6 places
2026-03-10T07:58:47.098Z -   ✓ Master JSON: 6 places
2026-03-10T07:58:47.104Z -   ✓ Excel sauvegardé: 6 places
2026-03-10T07:58:47.105Z - 
🔄 ME: Traitement...
2026-03-10T07:58:47.111Z -   ✓ Excel chargé: 12 places
2026-03-10T07:58:47.115Z -   ✓ Master JSON: 12 places
2026-03-10T07:58:47.125Z -   ✓ Excel sauvegardé: 12 places
2026-03-10T07:58:47.126Z - 
🔄 MF: Traitement...
2026-03-10T07:58:47.134Z -   ✓ Excel chargé: 4 places
2026-03-10T07:58:47.138Z -   ✓ Master JSON: 4 places
2026-03-10T07:58:47.145Z -   ✓ Excel sauvegardé: 4 places
2026-03-10T07:58:47.145Z - 
🔄 MG: Traitement...
2026-03-10T07:58:47.151Z -   ✓ Excel chargé: 19 places
2026-03-10T07:58:47.155Z -   ✓ Master JSON: 19 places
2026-03-10T07:58:47.165Z -   ✓ Excel sauvegardé: 19 places
2026-03-10T07:58:47.165Z - 
🔄 MH: Traitement...
2026-03-10T07:58:47.166Z -   ✓ Excel chargé: 0 places
2026-03-10T07:58:47.166Z -   ✓ Master JSON: 0 places
2026-03-10T07:58:47.167Z - 
🔄 MK: Traitement...
2026-03-10T07:58:47.167Z -   ✓ Excel chargé: 0 places
2026-03-10T07:58:47.168Z -   ✓ Master JSON: 0 places
2026-03-10T07:58:47.168Z - 
🔄 ML: Traitement...
2026-03-10T07:58:47.169Z -   ✓ Excel chargé: 0 places
2026-03-10T07:58:47.169Z -   ✓ Master JSON: 0 places
2026-03-10T07:58:47.170Z - 
🔄 MM: Traitement...
2026-03-10T07:58:47.170Z -   ✓ Excel chargé: 0 places
2026-03-10T07:58:47.170Z -   ✓ Master JSON: 0 places
2026-03-10T07:58:47.171Z - 
🔄 MN: Traitement...
2026-03-10T07:58:47.178Z -   ✓ Excel chargé: 24 places
2026-03-10T07:58:47.182Z -   ✓ Master JSON: 24 places
2026-03-10T07:58:47.193Z -   ✓ Excel sauvegardé: 24 places
2026-03-10T07:58:47.194Z - 
🔄 MQ: Traitement...
2026-03-10T07:58:47.198Z -   ✓ Excel chargé: 5 places
2026-03-10T07:58:47.203Z -   ✓ Master JSON: 5 places
2026-03-10T07:58:47.209Z -   ✓ Excel sauvegardé: 5 places
2026-03-10T07:58:47.210Z - 
🔄 MR: Traitement...
2026-03-10T07:58:47.210Z -   ✓ Excel chargé: 0 places
2026-03-10T07:58:47.211Z -   ✓ Master JSON: 0 places
2026-03-10T07:58:47.211Z - 
🔄 MT: Traitement...
2026-03-10T07:58:47.212Z -   ✓ Excel chargé: 0 places
2026-03-10T07:58:47.212Z -   ✓ Master JSON: 0 places
2026-03-10T07:58:47.212Z - 
🔄 MU: Traitement...
2026-03-10T07:58:47.217Z -   ✓ Excel chargé: 14 places
2026-03-10T07:58:47.221Z -   ✓ Master JSON: 14 places
2026-03-10T07:58:47.229Z -   ✓ Excel sauvegardé: 14 places
2026-03-10T07:58:47.229Z - 
🔄 MV: Traitement...
2026-03-10T07:58:47.230Z -   ✓ Excel chargé: 0 places
2026-03-10T07:58:47.230Z -   ✓ Master JSON: 0 places
2026-03-10T07:58:47.231Z - 
🔄 MW: Traitement...
2026-03-10T07:58:47.231Z -   ✓ Excel chargé: 0 places
2026-03-10T07:58:47.231Z -   ✓ Master JSON: 0 places
2026-03-10T07:58:47.232Z - 
🔄 MX: Traitement...
2026-03-10T07:58:47.237Z -   ✓ Excel chargé: 27 places
2026-03-10T07:58:47.243Z -   ✓ Master JSON: 27 places
2026-03-10T07:58:47.252Z -   ✓ Excel sauvegardé: 27 places
2026-03-10T07:58:47.253Z - 
🔄 MY: Traitement...
2026-03-10T07:58:47.287Z -   ✓ Excel chargé: 6 places
2026-03-10T07:58:47.295Z -   ✓ Master JSON: 6 places
2026-03-10T07:58:47.309Z -   ✓ Excel sauvegardé: 6 places
2026-03-10T07:58:47.310Z - 
🔄 MZ: Traitement...
2026-03-10T07:58:47.312Z -   ✓ Excel chargé: 0 places
2026-03-10T07:58:47.312Z -   ✓ Master JSON: 0 places
2026-03-10T07:58:47.314Z - 
🔄 NA: Traitement...
2026-03-10T07:58:47.329Z -   ✓ Excel chargé: 49 places
2026-03-10T07:58:47.337Z -   ✓ Master JSON: 27 places
2026-03-10T07:58:47.352Z -   ✓ Excel sauvegardé: 49 places
2026-03-10T07:58:47.352Z - 
🔄 NC: Traitement...
2026-03-10T07:58:47.360Z -   ✓ Excel chargé: 5 places
2026-03-10T07:58:47.363Z -   ✓ Master JSON: 5 places
2026-03-10T07:58:47.369Z -   ✓ Excel sauvegardé: 5 places
2026-03-10T07:58:47.369Z - 
🔄 NE: Traitement...
2026-03-10T07:58:47.370Z -   ✓ Excel chargé: 0 places
2026-03-10T07:58:47.370Z -   ✓ Master JSON: 0 places
2026-03-10T07:58:47.371Z - 
🔄 NG: Traitement...
2026-03-10T07:58:47.371Z -   ✓ Excel chargé: 0 places
2026-03-10T07:58:47.371Z -   ✓ Master JSON: 0 places
2026-03-10T07:58:47.372Z - 
🔄 NI: Traitement...
2026-03-10T07:58:47.379Z -   ✓ Excel chargé: 45 places
2026-03-10T07:58:47.385Z -   ✓ Master JSON: 19 places
2026-03-10T07:58:47.399Z -   ✓ Excel sauvegardé: 45 places
2026-03-10T07:58:47.399Z - 
🔄 NL: Traitement...
2026-03-10T07:58:47.405Z -   ✓ Excel chargé: 28 places
2026-03-10T07:58:47.410Z -   ✓ Master JSON: 28 places
2026-03-10T07:58:47.421Z -   ✓ Excel sauvegardé: 28 places
2026-03-10T07:58:47.421Z - 
🔄 NO: Traitement...
2026-03-10T07:58:47.428Z -   ✓ Excel chargé: 16 places
2026-03-10T07:58:47.431Z -   ✓ Master JSON: 4 places
2026-03-10T07:58:47.439Z -   ✓ Excel sauvegardé: 16 places
2026-03-10T07:58:47.440Z - 
🔄 NP: Traitement...
2026-03-10T07:58:47.440Z -   ✓ Excel chargé: 0 places
2026-03-10T07:58:47.441Z -   ✓ Master JSON: 0 places
2026-03-10T07:58:47.441Z - 
🔄 NR: Traitement...
2026-03-10T07:58:47.442Z -   ✓ Excel chargé: 0 places
2026-03-10T07:58:47.442Z -   ✓ Master JSON: 0 places
2026-03-10T07:58:47.443Z - 
🔄 NZ: Traitement...
2026-03-10T07:58:47.449Z -   ✓ Excel chargé: 44 places
2026-03-10T07:58:47.454Z -   ✓ Master JSON: 33 places
2026-03-10T07:58:47.468Z -   ✓ Excel sauvegardé: 44 places
2026-03-10T07:58:47.469Z - 
🔄 OM: Traitement...
2026-03-10T07:58:47.476Z -   ✓ Excel chargé: 5 places
2026-03-10T07:58:47.479Z -   ✓ Master JSON: 5 places
2026-03-10T07:58:47.485Z -   ✓ Excel sauvegardé: 5 places
2026-03-10T07:58:47.485Z - 
🔄 PA: Traitement...
2026-03-10T07:58:47.490Z -   ✓ Excel chargé: 9 places
2026-03-10T07:58:47.494Z -   ✓ Master JSON: 8 places
2026-03-10T07:58:47.501Z -   ✓ Excel sauvegardé: 9 places
2026-03-10T07:58:47.501Z - 
🔄 PE: Traitement...
2026-03-10T07:58:47.508Z -   ✓ Excel chargé: 19 places
2026-03-10T07:58:47.512Z -   ✓ Master JSON: 19 places
2026-03-10T07:58:47.520Z -   ✓ Excel sauvegardé: 19 places
2026-03-10T07:58:47.520Z - 
🔄 PF: Traitement...
2026-03-10T07:58:47.526Z -   ✓ Excel chargé: 32 places
2026-03-10T07:58:47.532Z -   ✓ Master JSON: 31 places
2026-03-10T07:58:47.541Z -   ✓ Excel sauvegardé: 32 places
2026-03-10T07:58:47.542Z - 
🔄 PG: Traitement...
2026-03-10T07:58:47.543Z -   ✓ Excel chargé: 0 places
2026-03-10T07:58:47.543Z -   ✓ Master JSON: 0 places
2026-03-10T07:58:47.544Z - 
🔄 PH: Traitement...
2026-03-10T07:58:47.549Z -   ✓ Excel chargé: 11 places
2026-03-10T07:58:47.552Z -   ✓ Master JSON: 11 places
2026-03-10T07:58:47.558Z -   ✓ Excel sauvegardé: 11 places
2026-03-10T07:58:47.559Z - 
🔄 PK: Traitement...
2026-03-10T07:58:47.560Z -   ✓ Excel chargé: 0 places
2026-03-10T07:58:47.560Z -   ✓ Master JSON: 0 places
2026-03-10T07:58:47.561Z - 
🔄 PL: Traitement...
2026-03-10T07:58:47.566Z -   ✓ Excel chargé: 35 places
2026-03-10T07:58:47.574Z -   ✓ Master JSON: 35 places
2026-03-10T07:58:47.589Z -   ✓ Excel sauvegardé: 35 places
2026-03-10T07:58:47.590Z - 
🔄 PM: Traitement...
2026-03-10T07:58:47.590Z -   ✓ Excel chargé: 0 places
2026-03-10T07:58:47.591Z -   ✓ Master JSON: 0 places
2026-03-10T07:58:47.591Z - 
🔄 PT: Traitement...
2026-03-10T07:58:47.599Z -   ✓ Excel chargé: 66 places
2026-03-10T07:58:47.608Z -   ✓ Master JSON: 49 places
2026-03-10T07:58:47.626Z -   ✓ Excel sauvegardé: 66 places
2026-03-10T07:58:47.626Z - 
🔄 PW: Traitement...
2026-03-10T07:58:47.627Z -   ✓ Excel chargé: 0 places
2026-03-10T07:58:47.627Z -   ✓ Master JSON: 0 places
2026-03-10T07:58:47.627Z - 
🔄 PY: Traitement...
2026-03-10T07:58:47.633Z -   ✓ Excel chargé: 4 places
2026-03-10T07:58:47.636Z -   ✓ Master JSON: 4 places
2026-03-10T07:58:47.642Z -   ✓ Excel sauvegardé: 4 places
2026-03-10T07:58:47.643Z - 
🔄 QA: Traitement...
2026-03-10T07:58:47.643Z -   ✓ Excel chargé: 0 places
2026-03-10T07:58:47.644Z -   ✓ Master JSON: 0 places
2026-03-10T07:58:47.644Z - 
🔄 RE: Traitement...
2026-03-10T07:58:47.644Z -   ✓ Excel chargé: 0 places
2026-03-10T07:58:47.645Z -   ✓ Master JSON: 0 places
2026-03-10T07:58:47.645Z - 
🔄 RO: Traitement...
2026-03-10T07:58:47.650Z -   ✓ Excel chargé: 15 places
2026-03-10T07:58:47.654Z -   ✓ Master JSON: 13 places
2026-03-10T07:58:47.662Z -   ✓ Excel sauvegardé: 15 places
2026-03-10T07:58:47.663Z - 
🔄 RS: Traitement...
2026-03-10T07:58:47.670Z -   ✓ Excel chargé: 14 places
2026-03-10T07:58:47.673Z -   ✓ Master JSON: 14 places
2026-03-10T07:58:47.682Z -   ✓ Excel sauvegardé: 14 places
2026-03-10T07:58:47.682Z - 
🔄 RT IMPORTÉS: Traitement...
2026-03-10T07:58:47.683Z -   ✓ Excel chargé: 0 places
2026-03-10T07:58:47.683Z -   ✓ Master JSON: 0 places
2026-03-10T07:58:47.683Z - 
🔄 RU: Traitement...
2026-03-10T07:58:47.684Z -   ✓ Excel chargé: 0 places
2026-03-10T07:58:47.684Z -   ✓ Master JSON: 0 places
2026-03-10T07:58:47.684Z - 
🔄 RW: Traitement...
2026-03-10T07:58:47.685Z -   ✓ Excel chargé: 0 places
2026-03-10T07:58:47.685Z -   ✓ Master JSON: 0 places
2026-03-10T07:58:47.686Z - 
🔄 SA: Traitement...
2026-03-10T07:58:47.686Z -   ✓ Excel chargé: 0 places
2026-03-10T07:58:47.686Z -   ✓ Master JSON: 0 places
2026-03-10T07:58:47.687Z - 
🔄 SB: Traitement...
2026-03-10T07:58:47.687Z -   ✓ Excel chargé: 0 places
2026-03-10T07:58:47.687Z -   ✓ Master JSON: 0 places
2026-03-10T07:58:47.688Z - 
🔄 SC: Traitement...
2026-03-10T07:58:47.688Z -   ✓ Excel chargé: 0 places
2026-03-10T07:58:47.688Z -   ✓ Master JSON: 0 places
2026-03-10T07:58:47.689Z - 
🔄 SD: Traitement...
2026-03-10T07:58:47.689Z -   ✓ Excel chargé: 0 places
2026-03-10T07:58:47.689Z -   ✓ Master JSON: 0 places
2026-03-10T07:58:47.690Z - 
🔄 SE: Traitement...
2026-03-10T07:58:47.696Z -   ✓ Excel chargé: 42 places
2026-03-10T07:58:47.702Z -   ✓ Master JSON: 42 places
2026-03-10T07:58:47.716Z -   ✓ Excel sauvegardé: 42 places
2026-03-10T07:58:47.716Z - 
🔄 SG: Traitement...
2026-03-10T07:58:47.717Z -   ✓ Excel chargé: 0 places
2026-03-10T07:58:47.717Z -   ✓ Master JSON: 0 places
2026-03-10T07:58:47.718Z - 
🔄 SI: Traitement...
2026-03-10T07:58:47.723Z -   ✓ Excel chargé: 9 places
2026-03-10T07:58:47.727Z -   ✓ Master JSON: 9 places
2026-03-10T07:58:47.734Z -   ✓ Excel sauvegardé: 9 places
2026-03-10T07:58:47.734Z - 
🔄 SK: Traitement...
2026-03-10T07:58:47.739Z -   ✓ Excel chargé: 11 places
2026-03-10T07:58:47.743Z -   ✓ Master JSON: 11 places
2026-03-10T07:58:47.750Z -   ✓ Excel sauvegardé: 11 places
2026-03-10T07:58:47.751Z - 
🔄 SL: Traitement...
2026-03-10T07:58:47.751Z -   ✓ Excel chargé: 0 places
2026-03-10T07:58:47.751Z -   ✓ Master JSON: 0 places
2026-03-10T07:58:47.752Z - 
🔄 SM: Traitement...
2026-03-10T07:58:47.752Z -   ✓ Excel chargé: 0 places
2026-03-10T07:58:47.753Z -   ✓ Master JSON: 0 places
2026-03-10T07:58:47.753Z - 
🔄 SN: Traitement...
2026-03-10T07:58:47.759Z -   ✓ Excel chargé: 8 places
2026-03-10T07:58:47.762Z -   ✓ Master JSON: 8 places
2026-03-10T07:58:47.767Z -   ✓ Excel sauvegardé: 8 places
2026-03-10T07:58:47.768Z - 
🔄 SO: Traitement...
2026-03-10T07:58:47.768Z -   ✓ Excel chargé: 0 places
2026-03-10T07:58:47.769Z -   ✓ Master JSON: 0 places
2026-03-10T07:58:47.769Z - 
🔄 SR: Traitement...
2026-03-10T07:58:47.773Z -   ✓ Excel chargé: 10 places
2026-03-10T07:58:47.774Z -   ✓ Master JSON: 0 places
2026-03-10T07:58:47.780Z -   ✓ Excel sauvegardé: 10 places
2026-03-10T07:58:47.781Z - 
🔄 SS: Traitement...
2026-03-10T07:58:47.781Z -   ✓ Excel chargé: 0 places
2026-03-10T07:58:47.781Z -   ✓ Master JSON: 0 places
2026-03-10T07:58:47.782Z - 
🔄 ST: Traitement...
2026-03-10T07:58:47.782Z -   ✓ Excel chargé: 0 places
2026-03-10T07:58:47.783Z -   ✓ Master JSON: 0 places
2026-03-10T07:58:47.783Z - 
🔄 SV: Traitement...
2026-03-10T07:58:47.787Z -   ✓ Excel chargé: 9 places
2026-03-10T07:58:47.791Z -   ✓ Master JSON: 9 places
2026-03-10T07:58:47.797Z -   ✓ Excel sauvegardé: 9 places
2026-03-10T07:58:47.797Z - 
🔄 SY: Traitement...
2026-03-10T07:58:47.798Z -   ✓ Excel chargé: 0 places
2026-03-10T07:58:47.798Z -   ✓ Master JSON: 0 places
2026-03-10T07:58:47.798Z - 
🔄 SZ: Traitement...
2026-03-10T07:58:47.799Z -   ✓ Excel chargé: 0 places
2026-03-10T07:58:47.799Z -   ✓ Master JSON: 0 places
2026-03-10T07:58:47.799Z - 
🔄 TD: Traitement...
2026-03-10T07:58:47.800Z -   ✓ Excel chargé: 0 places
2026-03-10T07:58:47.800Z -   ✓ Master JSON: 0 places
2026-03-10T07:58:47.801Z - 
🔄 TG: Traitement...
2026-03-10T07:58:47.801Z -   ✓ Excel chargé: 0 places
2026-03-10T07:58:47.802Z -   ✓ Master JSON: 0 places
2026-03-10T07:58:47.802Z - 
🔄 TH: Traitement...
2026-03-10T07:58:47.807Z -   ✓ Excel chargé: 24 places
2026-03-10T07:58:47.812Z -   ✓ Master JSON: 24 places
2026-03-10T07:58:47.821Z -   ✓ Excel sauvegardé: 24 places
2026-03-10T07:58:47.821Z - 
🔄 TJ: Traitement...
2026-03-10T07:58:47.822Z -   ✓ Excel chargé: 0 places
2026-03-10T07:58:47.822Z -   ✓ Master JSON: 0 places
2026-03-10T07:58:47.822Z - 
🔄 TL: Traitement...
2026-03-10T07:58:47.823Z -   ✓ Excel chargé: 0 places
2026-03-10T07:58:47.823Z -   ✓ Master JSON: 0 places
2026-03-10T07:58:47.824Z - 
🔄 TM: Traitement...
2026-03-10T07:58:47.829Z -   ✓ Excel chargé: 8 places
2026-03-10T07:58:47.831Z -   ✓ Master JSON: 8 places
2026-03-10T07:58:47.838Z -   ✓ Excel sauvegardé: 8 places
2026-03-10T07:58:47.838Z - 
🔄 TN: Traitement...
2026-03-10T07:58:47.839Z -   ✓ Excel chargé: 0 places
2026-03-10T07:58:47.839Z -   ✓ Master JSON: 0 places
2026-03-10T07:58:47.840Z - 
🔄 TO: Traitement...
2026-03-10T07:58:47.840Z -   ✓ Excel chargé: 0 places
2026-03-10T07:58:47.840Z -   ✓ Master JSON: 0 places
2026-03-10T07:58:47.841Z - 
🔄 TR: Traitement...
2026-03-10T07:58:47.850Z -   ✓ Excel chargé: 61 places
2026-03-10T07:58:47.856Z -   ✓ Master JSON: 60 places
2026-03-10T07:58:47.875Z -   ✓ Excel sauvegardé: 61 places
2026-03-10T07:58:47.876Z - 
🔄 TT: Traitement...
2026-03-10T07:58:47.876Z -   ✓ Excel chargé: 0 places
2026-03-10T07:58:47.877Z -   ✓ Master JSON: 0 places
2026-03-10T07:58:47.877Z - 
🔄 TV: Traitement...
2026-03-10T07:58:47.878Z -   ✓ Excel chargé: 0 places
2026-03-10T07:58:47.878Z -   ✓ Master JSON: 0 places
2026-03-10T07:58:47.878Z - 
🔄 TZ: Traitement...
2026-03-10T07:58:47.884Z -   ✓ Excel chargé: 17 places
2026-03-10T07:58:47.888Z -   ✓ Master JSON: 17 places
2026-03-10T07:58:47.896Z -   ✓ Excel sauvegardé: 17 places
2026-03-10T07:58:47.897Z - 
🔄 UA: Traitement...
2026-03-10T07:58:47.897Z -   ✓ Excel chargé: 0 places
2026-03-10T07:58:47.898Z -   ✓ Master JSON: 0 places
2026-03-10T07:58:47.898Z - 
🔄 UG: Traitement...
2026-03-10T07:58:47.898Z -   ✓ Excel chargé: 0 places
2026-03-10T07:58:47.899Z -   ✓ Master JSON: 0 places
2026-03-10T07:58:47.899Z - 
🔄 US: Traitement...
2026-03-10T07:58:47.929Z -   ✓ Excel chargé: 540 places
2026-03-10T07:58:47.979Z -   ✓ Master JSON: 412 places
2026-03-10T07:58:48.095Z -   ✓ Excel sauvegardé: 540 places
2026-03-10T07:58:48.096Z - 
🔄 UY: Traitement...
2026-03-10T07:58:48.097Z -   ✓ Excel chargé: 0 places
2026-03-10T07:58:48.097Z -   ✓ Master JSON: 0 places
2026-03-10T07:58:48.098Z - 
🔄 UZ: Traitement...
2026-03-10T07:58:48.104Z -   ✓ Excel chargé: 6 places
2026-03-10T07:58:48.109Z -   ✓ Master JSON: 6 places
2026-03-10T07:58:48.115Z -   ✓ Excel sauvegardé: 6 places
2026-03-10T07:58:48.115Z - 
🔄 VA: Traitement...
2026-03-10T07:58:48.116Z -   ✓ Excel chargé: 0 places
2026-03-10T07:58:48.116Z -   ✓ Master JSON: 0 places
2026-03-10T07:58:48.117Z - 
🔄 VC: Traitement...
2026-03-10T07:58:48.117Z -   ✓ Excel chargé: 0 places
2026-03-10T07:58:48.118Z -   ✓ Master JSON: 0 places
2026-03-10T07:58:48.118Z - 
🔄 VE: Traitement...
2026-03-10T07:58:48.118Z -   ✓ Excel chargé: 0 places
2026-03-10T07:58:48.119Z -   ✓ Master JSON: 0 places
2026-03-10T07:58:48.119Z - 
🔄 VN: Traitement...
2026-03-10T07:58:48.125Z -   ✓ Excel chargé: 27 places
2026-03-10T07:58:48.133Z -   ✓ Master JSON: 26 places
2026-03-10T07:58:48.142Z -   ✓ Excel sauvegardé: 27 places
2026-03-10T07:58:48.143Z - 
🔄 VU: Traitement...
2026-03-10T07:58:48.143Z -   ✓ Excel chargé: 0 places
2026-03-10T07:58:48.144Z -   ✓ Master JSON: 0 places
2026-03-10T07:58:48.144Z - 
🔄 WF: Traitement...
2026-03-10T07:58:48.144Z -   ✓ Excel chargé: 0 places
2026-03-10T07:58:48.145Z -   ✓ Master JSON: 0 places
2026-03-10T07:58:48.145Z - 
🔄 WS: Traitement...
2026-03-10T07:58:48.146Z -   ✓ Excel chargé: 0 places
2026-03-10T07:58:48.146Z -   ✓ Master JSON: 0 places
2026-03-10T07:58:48.146Z - 
🔄 XX: Traitement...
2026-03-10T07:58:48.147Z -   ✓ Excel chargé: 0 places
2026-03-10T07:58:48.147Z -   ✓ Master JSON: 0 places
2026-03-10T07:58:48.148Z - 
🔄 YE: Traitement...
2026-03-10T07:58:48.148Z -   ✓ Excel chargé: 0 places
2026-03-10T07:58:48.148Z -   ✓ Master JSON: 0 places
2026-03-10T07:58:48.149Z - 
🔄 YT: Traitement...
2026-03-10T07:58:48.153Z -   ✓ Excel chargé: 5 places
2026-03-10T07:58:48.157Z -   ✓ Master JSON: 5 places
2026-03-10T07:58:48.162Z -   ✓ Excel sauvegardé: 5 places
2026-03-10T07:58:48.162Z - 
🔄 ZA: Traitement...
2026-03-10T07:58:48.172Z -   ✓ Excel chargé: 114 places
2026-03-10T07:58:48.182Z -   ✓ Master JSON: 85 places
2026-03-10T07:58:48.209Z -   ✓ Excel sauvegardé: 114 places
2026-03-10T07:58:48.209Z - 
🔄 ZM: Traitement...
2026-03-10T07:58:48.210Z -   ✓ Excel chargé: 0 places
2026-03-10T07:58:48.210Z -   ✓ Master JSON: 0 places
2026-03-10T07:58:48.211Z - 
🔄 ZW: Traitement...
2026-03-10T07:58:48.211Z -   ✓ Excel chargé: 0 places
2026-03-10T07:58:48.211Z -   ✓ Master JSON: 0 places
2026-03-10T07:58:48.212Z - 
🔄 _BACKUPS: Traitement...
2026-03-10T07:58:48.212Z -   ✓ Excel chargé: 0 places
2026-03-10T07:58:48.213Z -   ✓ Master JSON: 0 places
2026-03-10T07:58:48.213Z - 
🔄 _TR_CACHE: Traitement...
2026-03-10T07:58:48.220Z -   ✓ Excel chargé: 0 places
2026-03-10T07:58:48.220Z -   ✓ Master JSON: 0 places
